[ 50%] Built target tag_detector
[100%] Built target AprilTagNode
-- Install configuration: ""
-- Up-to-date: /home/4_fri/bwi_ros2/install/apriltag_ros/share/apriltag_ros/environment/library_path.sh
-- Up-to-date: /home/4_fri/bwi_ros2/install/apriltag_ros/share/apriltag_ros/environment/library_path.dsv
-- Up-to-date: /home/4_fri/bwi_ros2/install/apriltag_ros/lib/libAprilTagNode.so
-- Up-to-date: /home/4_fri/bwi_ros2/install/apriltag_ros/bin/tag_detector
-- Up-to-date: /home/4_fri/bwi_ros2/install/apriltag_ros/share/apriltag_ros/cfg
-- Up-to-date: /home/4_fri/bwi_ros2/install/apriltag_ros/share/apriltag_ros/cfg/tags_36h11_all.yaml
-- Up-to-date: /home/4_fri/bwi_ros2/install/apriltag_ros/share/apriltag_ros/cfg/tags_25h9_all.yaml
-- Up-to-date: /home/4_fri/bwi_ros2/install/apriltag_ros/share/apriltag_ros/cfg/tags_36h11_filter.yaml
-- Up-to-date: /home/4_fri/bwi_ros2/install/apriltag_ros/share/apriltag_ros/cfg/tags_16h5_filtered.yaml
-- Up-to-date: /home/4_fri/bwi_ros2/install/apriltag_ros/share/apriltag_ros/cfg/tags_16h5_all.yaml
-- Up-to-date: /home/4_fri/bwi_ros2/install/apriltag_ros/share/apriltag_ros/launch
-- Up-to-date: /home/4_fri/bwi_ros2/install/apriltag_ros/share/apriltag_ros/launch/tag_kinect.launch.py
-- Up-to-date: /home/4_fri/bwi_ros2/install/apriltag_ros/share/apriltag_ros/launch/tag_realsense.launch.py
-- Up-to-date: /home/4_fri/bwi_ros2/install/apriltag_ros/share/apriltag_ros/launch/tag_gazebo.launch.py
-- Up-to-date: /home/4_fri/bwi_ros2/install/apriltag_ros/share/ament_index/resource_index/package_run_dependencies/apriltag_ros
-- Up-to-date: /home/4_fri/bwi_ros2/install/apriltag_ros/share/ament_index/resource_index/parent_prefix_path/apriltag_ros
-- Up-to-date: /home/4_fri/bwi_ros2/install/apriltag_ros/share/apriltag_ros/environment/ament_prefix_path.sh
-- Up-to-date: /home/4_fri/bwi_ros2/install/apriltag_ros/share/apriltag_ros/environment/ament_prefix_path.dsv
-- Up-to-date: /home/4_fri/bwi_ros2/install/apriltag_ros/share/apriltag_ros/environment/path.sh
-- Up-to-date: /home/4_fri/bwi_ros2/install/apriltag_ros/share/apriltag_ros/environment/path.dsv
-- Up-to-date: /home/4_fri/bwi_ros2/install/apriltag_ros/share/apriltag_ros/local_setup.bash
-- Up-to-date: /home/4_fri/bwi_ros2/install/apriltag_ros/share/apriltag_ros/local_setup.sh
-- Up-to-date: /home/4_fri/bwi_ros2/install/apriltag_ros/share/apriltag_ros/local_setup.zsh
-- Up-to-date: /home/4_fri/bwi_ros2/install/apriltag_ros/share/apriltag_ros/local_setup.dsv
-- Installing: /home/4_fri/bwi_ros2/install/apriltag_ros/share/apriltag_ros/package.dsv
-- Up-to-date: /home/4_fri/bwi_ros2/install/apriltag_ros/share/ament_index/resource_index/packages/apriltag_ros
-- Up-to-date: /home/4_fri/bwi_ros2/install/apriltag_ros/share/ament_index/resource_index/rclcpp_components/apriltag_ros
-- Up-to-date: /home/4_fri/bwi_ros2/install/apriltag_ros/share/apriltag_ros/cmake/ament_cmake_export_dependencies-extras.cmake
-- Up-to-date: /home/4_fri/bwi_ros2/install/apriltag_ros/share/apriltag_ros/cmake/apriltag_rosConfig.cmake
-- Up-to-date: /home/4_fri/bwi_ros2/install/apriltag_ros/share/apriltag_ros/cmake/apriltag_rosConfig-version.cmake
-- Up-to-date: /home/4_fri/bwi_ros2/install/apriltag_ros/share/apriltag_ros/package.xml
