[0.038s] Invoking command in '/home/4_fri/bwi_ros2/build/apriltag_ros': CMAKE_PREFIX_PATH=/home/4_fri/bwi_ros2/install/apriltag_msgs:/home/4_fri/bwi_ros2/install/spatial_transforms:/home/4_fri/bwi_ros2/install/spatial_utils:/home/4_fri/bwi_ros2/install/nav_goals:/home/4_fri/bwi_ros2/install/velodyne:/home/4_fri/bwi_ros2/install/velodyne_pointcloud:/home/4_fri/bwi_ros2/install/velodyne_driver:/home/4_fri/bwi_ros2/install/velodyne_msgs:/home/4_fri/bwi_ros2/install/velodyne_laserscan:/home/4_fri/bwi_ros2/install/urg_node2:/home/4_fri/bwi_ros2/install/segway_rmp_ros2:/home/4_fri/bwi_ros2/install/segbot_description:/home/4_fri/bwi_ros2/install/ros2_laser_scan_merger:/home/4_fri/bwi_ros2/install/nav2_bringup:/home/4_fri/bwi_ros2/install/libsegwayrmp:/home/4_fri/bwi_ros2/install/bwi_launch:/home/4_fri/bwi_ros2/install/azure_kinect_ros_driver:/home/4_fri/bwi_ros2/install/apriltag_ros:/home/4_fri/bwi_ros2/install/scan_prox_filter:/home/4_fri/bwi_ros2/install/scan_filter:/opt/ros/humble LD_LIBRARY_PATH=/home/4_fri/bwi_ros2/install/apriltag_msgs/lib:/home/4_fri/bwi_ros2/install/spatial_utils/lib:/home/4_fri/bwi_ros2/install/velodyne_pointcloud/lib:/home/4_fri/bwi_ros2/install/velodyne_driver/lib:/home/4_fri/bwi_ros2/install/velodyne_msgs/lib:/home/4_fri/bwi_ros2/install/velodyne_laserscan/lib:/home/4_fri/bwi_ros2/install/urg_node2/lib:/home/4_fri/bwi_ros2/install/segway_rmp_ros2/lib:/home/4_fri/bwi_ros2/install/libsegwayrmp/lib:/home/4_fri/bwi_ros2/install/apriltag_ros/lib:/usr/lib/x86_64-linux-gnu/gazebo-11/plugins:/opt/ros/humble/opt/rviz_ogre_vendor/lib:/opt/ros/humble/lib/x86_64-linux-gnu:/opt/ros/humble/lib /usr/bin/cmake --build /home/4_fri/bwi_ros2/build/apriltag_ros -- -j12 -l12
[0.132s] [ 50%] Built target AprilTagNode
[0.150s] [100%] Built target tag_detector
[0.173s] Invoked command in '/home/4_fri/bwi_ros2/build/apriltag_ros' returned '0': CMAKE_PREFIX_PATH=/home/4_fri/bwi_ros2/install/apriltag_msgs:/home/4_fri/bwi_ros2/install/spatial_transforms:/home/4_fri/bwi_ros2/install/spatial_utils:/home/4_fri/bwi_ros2/install/nav_goals:/home/4_fri/bwi_ros2/install/velodyne:/home/4_fri/bwi_ros2/install/velodyne_pointcloud:/home/4_fri/bwi_ros2/install/velodyne_driver:/home/4_fri/bwi_ros2/install/velodyne_msgs:/home/4_fri/bwi_ros2/install/velodyne_laserscan:/home/4_fri/bwi_ros2/install/urg_node2:/home/4_fri/bwi_ros2/install/segway_rmp_ros2:/home/4_fri/bwi_ros2/install/segbot_description:/home/4_fri/bwi_ros2/install/ros2_laser_scan_merger:/home/4_fri/bwi_ros2/install/nav2_bringup:/home/4_fri/bwi_ros2/install/libsegwayrmp:/home/4_fri/bwi_ros2/install/bwi_launch:/home/4_fri/bwi_ros2/install/azure_kinect_ros_driver:/home/4_fri/bwi_ros2/install/apriltag_ros:/home/4_fri/bwi_ros2/install/scan_prox_filter:/home/4_fri/bwi_ros2/install/scan_filter:/opt/ros/humble LD_LIBRARY_PATH=/home/4_fri/bwi_ros2/install/apriltag_msgs/lib:/home/4_fri/bwi_ros2/install/spatial_utils/lib:/home/4_fri/bwi_ros2/install/velodyne_pointcloud/lib:/home/4_fri/bwi_ros2/install/velodyne_driver/lib:/home/4_fri/bwi_ros2/install/velodyne_msgs/lib:/home/4_fri/bwi_ros2/install/velodyne_laserscan/lib:/home/4_fri/bwi_ros2/install/urg_node2/lib:/home/4_fri/bwi_ros2/install/segway_rmp_ros2/lib:/home/4_fri/bwi_ros2/install/libsegwayrmp/lib:/home/4_fri/bwi_ros2/install/apriltag_ros/lib:/usr/lib/x86_64-linux-gnu/gazebo-11/plugins:/opt/ros/humble/opt/rviz_ogre_vendor/lib:/opt/ros/humble/lib/x86_64-linux-gnu:/opt/ros/humble/lib /usr/bin/cmake --build /home/4_fri/bwi_ros2/build/apriltag_ros -- -j12 -l12
[0.175s] Invoking command in '/home/4_fri/bwi_ros2/build/apriltag_ros': CMAKE_PREFIX_PATH=/home/4_fri/bwi_ros2/install/apriltag_msgs:/home/4_fri/bwi_ros2/install/spatial_transforms:/home/4_fri/bwi_ros2/install/spatial_utils:/home/4_fri/bwi_ros2/install/nav_goals:/home/4_fri/bwi_ros2/install/velodyne:/home/4_fri/bwi_ros2/install/velodyne_pointcloud:/home/4_fri/bwi_ros2/install/velodyne_driver:/home/4_fri/bwi_ros2/install/velodyne_msgs:/home/4_fri/bwi_ros2/install/velodyne_laserscan:/home/4_fri/bwi_ros2/install/urg_node2:/home/4_fri/bwi_ros2/install/segway_rmp_ros2:/home/4_fri/bwi_ros2/install/segbot_description:/home/4_fri/bwi_ros2/install/ros2_laser_scan_merger:/home/4_fri/bwi_ros2/install/nav2_bringup:/home/4_fri/bwi_ros2/install/libsegwayrmp:/home/4_fri/bwi_ros2/install/bwi_launch:/home/4_fri/bwi_ros2/install/azure_kinect_ros_driver:/home/4_fri/bwi_ros2/install/apriltag_ros:/home/4_fri/bwi_ros2/install/scan_prox_filter:/home/4_fri/bwi_ros2/install/scan_filter:/opt/ros/humble LD_LIBRARY_PATH=/home/4_fri/bwi_ros2/install/apriltag_msgs/lib:/home/4_fri/bwi_ros2/install/spatial_utils/lib:/home/4_fri/bwi_ros2/install/velodyne_pointcloud/lib:/home/4_fri/bwi_ros2/install/velodyne_driver/lib:/home/4_fri/bwi_ros2/install/velodyne_msgs/lib:/home/4_fri/bwi_ros2/install/velodyne_laserscan/lib:/home/4_fri/bwi_ros2/install/urg_node2/lib:/home/4_fri/bwi_ros2/install/segway_rmp_ros2/lib:/home/4_fri/bwi_ros2/install/libsegwayrmp/lib:/home/4_fri/bwi_ros2/install/apriltag_ros/lib:/usr/lib/x86_64-linux-gnu/gazebo-11/plugins:/opt/ros/humble/opt/rviz_ogre_vendor/lib:/opt/ros/humble/lib/x86_64-linux-gnu:/opt/ros/humble/lib /usr/bin/cmake --install /home/4_fri/bwi_ros2/build/apriltag_ros
[0.187s] -- Install configuration: ""
[0.188s] -- Up-to-date: /home/4_fri/bwi_ros2/install/apriltag_ros/share/apriltag_ros/environment/library_path.sh
[0.188s] -- Up-to-date: /home/4_fri/bwi_ros2/install/apriltag_ros/share/apriltag_ros/environment/library_path.dsv
[0.188s] -- Up-to-date: /home/4_fri/bwi_ros2/install/apriltag_ros/lib/libAprilTagNode.so
[0.188s] -- Up-to-date: /home/4_fri/bwi_ros2/install/apriltag_ros/bin/tag_detector
[0.188s] -- Up-to-date: /home/4_fri/bwi_ros2/install/apriltag_ros/share/apriltag_ros/cfg
[0.188s] -- Up-to-date: /home/4_fri/bwi_ros2/install/apriltag_ros/share/apriltag_ros/cfg/tags_36h11_all.yaml
[0.188s] -- Up-to-date: /home/4_fri/bwi_ros2/install/apriltag_ros/share/apriltag_ros/cfg/tags_25h9_all.yaml
[0.188s] -- Up-to-date: /home/4_fri/bwi_ros2/install/apriltag_ros/share/apriltag_ros/cfg/tags_36h11_filter.yaml
[0.188s] -- Up-to-date: /home/4_fri/bwi_ros2/install/apriltag_ros/share/apriltag_ros/cfg/tags_16h5_filtered.yaml
[0.188s] -- Up-to-date: /home/4_fri/bwi_ros2/install/apriltag_ros/share/apriltag_ros/cfg/tags_16h5_all.yaml
[0.188s] -- Up-to-date: /home/4_fri/bwi_ros2/install/apriltag_ros/share/apriltag_ros/launch
[0.189s] -- Up-to-date: /home/4_fri/bwi_ros2/install/apriltag_ros/share/apriltag_ros/launch/tag_kinect.launch.py
[0.189s] -- Up-to-date: /home/4_fri/bwi_ros2/install/apriltag_ros/share/apriltag_ros/launch/tag_realsense.launch.py
[0.189s] -- Up-to-date: /home/4_fri/bwi_ros2/install/apriltag_ros/share/apriltag_ros/launch/tag_gazebo.launch.py
[0.189s] -- Up-to-date: /home/4_fri/bwi_ros2/install/apriltag_ros/share/ament_index/resource_index/package_run_dependencies/apriltag_ros
[0.189s] -- Up-to-date: /home/4_fri/bwi_ros2/install/apriltag_ros/share/ament_index/resource_index/parent_prefix_path/apriltag_ros
[0.189s] -- Up-to-date: /home/4_fri/bwi_ros2/install/apriltag_ros/share/apriltag_ros/environment/ament_prefix_path.sh
[0.189s] -- Up-to-date: /home/4_fri/bwi_ros2/install/apriltag_ros/share/apriltag_ros/environment/ament_prefix_path.dsv
[0.189s] -- Up-to-date: /home/4_fri/bwi_ros2/install/apriltag_ros/share/apriltag_ros/environment/path.sh
[0.189s] -- Up-to-date: /home/4_fri/bwi_ros2/install/apriltag_ros/share/apriltag_ros/environment/path.dsv
[0.189s] -- Up-to-date: /home/4_fri/bwi_ros2/install/apriltag_ros/share/apriltag_ros/local_setup.bash
[0.189s] -- Up-to-date: /home/4_fri/bwi_ros2/install/apriltag_ros/share/apriltag_ros/local_setup.sh
[0.189s] -- Up-to-date: /home/4_fri/bwi_ros2/install/apriltag_ros/share/apriltag_ros/local_setup.zsh
[0.190s] -- Up-to-date: /home/4_fri/bwi_ros2/install/apriltag_ros/share/apriltag_ros/local_setup.dsv
[0.190s] -- Installing: /home/4_fri/bwi_ros2/install/apriltag_ros/share/apriltag_ros/package.dsv
[0.190s] -- Up-to-date: /home/4_fri/bwi_ros2/install/apriltag_ros/share/ament_index/resource_index/packages/apriltag_ros
[0.190s] -- Up-to-date: /home/4_fri/bwi_ros2/install/apriltag_ros/share/ament_index/resource_index/rclcpp_components/apriltag_ros
[0.190s] -- Up-to-date: /home/4_fri/bwi_ros2/install/apriltag_ros/share/apriltag_ros/cmake/ament_cmake_export_dependencies-extras.cmake
[0.190s] -- Up-to-date: /home/4_fri/bwi_ros2/install/apriltag_ros/share/apriltag_ros/cmake/apriltag_rosConfig.cmake
[0.190s] -- Up-to-date: /home/4_fri/bwi_ros2/install/apriltag_ros/share/apriltag_ros/cmake/apriltag_rosConfig-version.cmake
[0.190s] -- Up-to-date: /home/4_fri/bwi_ros2/install/apriltag_ros/share/apriltag_ros/package.xml
[0.212s] Invoked command in '/home/4_fri/bwi_ros2/build/apriltag_ros' returned '0': CMAKE_PREFIX_PATH=/home/4_fri/bwi_ros2/install/apriltag_msgs:/home/4_fri/bwi_ros2/install/spatial_transforms:/home/4_fri/bwi_ros2/install/spatial_utils:/home/4_fri/bwi_ros2/install/nav_goals:/home/4_fri/bwi_ros2/install/velodyne:/home/4_fri/bwi_ros2/install/velodyne_pointcloud:/home/4_fri/bwi_ros2/install/velodyne_driver:/home/4_fri/bwi_ros2/install/velodyne_msgs:/home/4_fri/bwi_ros2/install/velodyne_laserscan:/home/4_fri/bwi_ros2/install/urg_node2:/home/4_fri/bwi_ros2/install/segway_rmp_ros2:/home/4_fri/bwi_ros2/install/segbot_description:/home/4_fri/bwi_ros2/install/ros2_laser_scan_merger:/home/4_fri/bwi_ros2/install/nav2_bringup:/home/4_fri/bwi_ros2/install/libsegwayrmp:/home/4_fri/bwi_ros2/install/bwi_launch:/home/4_fri/bwi_ros2/install/azure_kinect_ros_driver:/home/4_fri/bwi_ros2/install/apriltag_ros:/home/4_fri/bwi_ros2/install/scan_prox_filter:/home/4_fri/bwi_ros2/install/scan_filter:/opt/ros/humble LD_LIBRARY_PATH=/home/4_fri/bwi_ros2/install/apriltag_msgs/lib:/home/4_fri/bwi_ros2/install/spatial_utils/lib:/home/4_fri/bwi_ros2/install/velodyne_pointcloud/lib:/home/4_fri/bwi_ros2/install/velodyne_driver/lib:/home/4_fri/bwi_ros2/install/velodyne_msgs/lib:/home/4_fri/bwi_ros2/install/velodyne_laserscan/lib:/home/4_fri/bwi_ros2/install/urg_node2/lib:/home/4_fri/bwi_ros2/install/segway_rmp_ros2/lib:/home/4_fri/bwi_ros2/install/libsegwayrmp/lib:/home/4_fri/bwi_ros2/install/apriltag_ros/lib:/usr/lib/x86_64-linux-gnu/gazebo-11/plugins:/opt/ros/humble/opt/rviz_ogre_vendor/lib:/opt/ros/humble/lib/x86_64-linux-gnu:/opt/ros/humble/lib /usr/bin/cmake --install /home/4_fri/bwi_ros2/build/apriltag_ros
