[0.020s] Invoking command in '/home/4_fri/bwi_ros2/build/velodyne': AMENT_PREFIX_PATH=/home/4_fri/bwi_ros2/install/velodyne_pointcloud:/home/4_fri/bwi_ros2/install/velodyne_driver:/home/4_fri/bwi_ros2/install/velodyne_msgs:/home/4_fri/bwi_ros2/install/velodyne_laserscan:${AMENT_PREFIX_PATH} CMAKE_PREFIX_PATH=/home/4_fri/bwi_ros2/install/velodyne_pointcloud:/home/4_fri/bwi_ros2/install/velodyne_driver:/home/4_fri/bwi_ros2/install/velodyne_msgs:/home/4_fri/bwi_ros2/install/velodyne_laserscan:/opt/ros/humble LD_LIBRARY_PATH=/home/4_fri/bwi_ros2/install/velodyne_pointcloud/lib:/home/4_fri/bwi_ros2/install/velodyne_driver/lib:/home/4_fri/bwi_ros2/install/velodyne_msgs/lib:/home/4_fri/bwi_ros2/install/velodyne_laserscan/lib:${LD_LIBRARY_PATH} PYTHONPATH=/home/4_fri/bwi_ros2/install/velodyne_msgs/local/lib/python3.10/dist-packages:${PYTHONPATH} /usr/bin/cmake /home/4_fri/bwi_ros2/src/lidar/velodyne/velodyne -DCMAKE_INSTALL_PREFIX=/home/4_fri/bwi_ros2/install/velodyne
[0.081s] -- The C compiler identification is GNU 11.4.0
[0.129s] -- The CXX compiler identification is GNU 11.4.0
[0.138s] -- Detecting C compiler ABI info
[0.211s] -- Detecting C compiler ABI info - done
[0.221s] -- Check for working C compiler: /usr/bin/cc - skipped
[0.221s] -- Detecting C compile features
[0.222s] -- Detecting C compile features - done
[0.226s] -- Detecting CXX compiler ABI info
[0.291s] -- Detecting CXX compiler ABI info - done
[0.300s] -- Check for working CXX compiler: /usr/bin/c++ - skipped
[0.301s] -- Detecting CXX compile features
[0.301s] -- Detecting CXX compile features - done
[0.304s] -- Found ament_cmake: 1.3.12 (/opt/ros/humble/share/ament_cmake/cmake)
[0.475s] -- Found Python3: /usr/bin/python3 (found version "3.10.12") found components: Interpreter 
[0.664s] -- Configuring done
[0.667s] -- Generating done
[0.669s] -- Build files have been written to: /home/4_fri/bwi_ros2/build/velodyne
[0.676s] Invoked command in '/home/4_fri/bwi_ros2/build/velodyne' returned '0': AMENT_PREFIX_PATH=/home/4_fri/bwi_ros2/install/velodyne_pointcloud:/home/4_fri/bwi_ros2/install/velodyne_driver:/home/4_fri/bwi_ros2/install/velodyne_msgs:/home/4_fri/bwi_ros2/install/velodyne_laserscan:${AMENT_PREFIX_PATH} CMAKE_PREFIX_PATH=/home/4_fri/bwi_ros2/install/velodyne_pointcloud:/home/4_fri/bwi_ros2/install/velodyne_driver:/home/4_fri/bwi_ros2/install/velodyne_msgs:/home/4_fri/bwi_ros2/install/velodyne_laserscan:/opt/ros/humble LD_LIBRARY_PATH=/home/4_fri/bwi_ros2/install/velodyne_pointcloud/lib:/home/4_fri/bwi_ros2/install/velodyne_driver/lib:/home/4_fri/bwi_ros2/install/velodyne_msgs/lib:/home/4_fri/bwi_ros2/install/velodyne_laserscan/lib:${LD_LIBRARY_PATH} PYTHONPATH=/home/4_fri/bwi_ros2/install/velodyne_msgs/local/lib/python3.10/dist-packages:${PYTHONPATH} /usr/bin/cmake /home/4_fri/bwi_ros2/src/lidar/velodyne/velodyne -DCMAKE_INSTALL_PREFIX=/home/4_fri/bwi_ros2/install/velodyne
[0.676s] Invoking command in '/home/4_fri/bwi_ros2/build/velodyne': AMENT_PREFIX_PATH=/home/4_fri/bwi_ros2/install/velodyne_pointcloud:/home/4_fri/bwi_ros2/install/velodyne_driver:/home/4_fri/bwi_ros2/install/velodyne_msgs:/home/4_fri/bwi_ros2/install/velodyne_laserscan:${AMENT_PREFIX_PATH} CMAKE_PREFIX_PATH=/home/4_fri/bwi_ros2/install/velodyne_pointcloud:/home/4_fri/bwi_ros2/install/velodyne_driver:/home/4_fri/bwi_ros2/install/velodyne_msgs:/home/4_fri/bwi_ros2/install/velodyne_laserscan:/opt/ros/humble LD_LIBRARY_PATH=/home/4_fri/bwi_ros2/install/velodyne_pointcloud/lib:/home/4_fri/bwi_ros2/install/velodyne_driver/lib:/home/4_fri/bwi_ros2/install/velodyne_msgs/lib:/home/4_fri/bwi_ros2/install/velodyne_laserscan/lib:${LD_LIBRARY_PATH} PYTHONPATH=/home/4_fri/bwi_ros2/install/velodyne_msgs/local/lib/python3.10/dist-packages:${PYTHONPATH} /usr/bin/cmake --build /home/4_fri/bwi_ros2/build/velodyne -- -j12 -l12
[0.725s] Invoked command in '/home/4_fri/bwi_ros2/build/velodyne' returned '0': AMENT_PREFIX_PATH=/home/4_fri/bwi_ros2/install/velodyne_pointcloud:/home/4_fri/bwi_ros2/install/velodyne_driver:/home/4_fri/bwi_ros2/install/velodyne_msgs:/home/4_fri/bwi_ros2/install/velodyne_laserscan:${AMENT_PREFIX_PATH} CMAKE_PREFIX_PATH=/home/4_fri/bwi_ros2/install/velodyne_pointcloud:/home/4_fri/bwi_ros2/install/velodyne_driver:/home/4_fri/bwi_ros2/install/velodyne_msgs:/home/4_fri/bwi_ros2/install/velodyne_laserscan:/opt/ros/humble LD_LIBRARY_PATH=/home/4_fri/bwi_ros2/install/velodyne_pointcloud/lib:/home/4_fri/bwi_ros2/install/velodyne_driver/lib:/home/4_fri/bwi_ros2/install/velodyne_msgs/lib:/home/4_fri/bwi_ros2/install/velodyne_laserscan/lib:${LD_LIBRARY_PATH} PYTHONPATH=/home/4_fri/bwi_ros2/install/velodyne_msgs/local/lib/python3.10/dist-packages:${PYTHONPATH} /usr/bin/cmake --build /home/4_fri/bwi_ros2/build/velodyne -- -j12 -l12
[0.726s] Invoking command in '/home/4_fri/bwi_ros2/build/velodyne': AMENT_PREFIX_PATH=/home/4_fri/bwi_ros2/install/velodyne_pointcloud:/home/4_fri/bwi_ros2/install/velodyne_driver:/home/4_fri/bwi_ros2/install/velodyne_msgs:/home/4_fri/bwi_ros2/install/velodyne_laserscan:${AMENT_PREFIX_PATH} CMAKE_PREFIX_PATH=/home/4_fri/bwi_ros2/install/velodyne_pointcloud:/home/4_fri/bwi_ros2/install/velodyne_driver:/home/4_fri/bwi_ros2/install/velodyne_msgs:/home/4_fri/bwi_ros2/install/velodyne_laserscan:/opt/ros/humble LD_LIBRARY_PATH=/home/4_fri/bwi_ros2/install/velodyne_pointcloud/lib:/home/4_fri/bwi_ros2/install/velodyne_driver/lib:/home/4_fri/bwi_ros2/install/velodyne_msgs/lib:/home/4_fri/bwi_ros2/install/velodyne_laserscan/lib:${LD_LIBRARY_PATH} PYTHONPATH=/home/4_fri/bwi_ros2/install/velodyne_msgs/local/lib/python3.10/dist-packages:${PYTHONPATH} /usr/bin/cmake --install /home/4_fri/bwi_ros2/build/velodyne
[0.734s] -- Install configuration: ""
[0.734s] -- Installing: /home/4_fri/bwi_ros2/install/velodyne/share/velodyne/launch
[0.734s] -- Installing: /home/4_fri/bwi_ros2/install/velodyne/share/velodyne/launch/velodyne-all-nodes-VLS128-launch.py
[0.734s] -- Installing: /home/4_fri/bwi_ros2/install/velodyne/share/velodyne/launch/velodyne-all-nodes-VLP16-composed-launch.py
[0.734s] -- Installing: /home/4_fri/bwi_ros2/install/velodyne/share/velodyne/launch/velodyne-all-nodes-VLP32C-launch.py
[0.739s] -- Installing: /home/4_fri/bwi_ros2/install/velodyne/share/velodyne/launch/velodyne-all-nodes-VLS128-composed-launch.py
[0.739s] -- Installing: /home/4_fri/bwi_ros2/install/velodyne/share/velodyne/launch/velodyne-all-nodes-VLP16-launch.py
[0.739s] -- Installing: /home/4_fri/bwi_ros2/install/velodyne/share/velodyne/launch/velodyne-all-nodes-VLP32C-composed-launch.py
[0.739s] -- Installing: /home/4_fri/bwi_ros2/install/velodyne/share/ament_index/resource_index/package_run_dependencies/velodyne
[0.739s] -- Installing: /home/4_fri/bwi_ros2/install/velodyne/share/ament_index/resource_index/parent_prefix_path/velodyne
[0.739s] -- Installing: /home/4_fri/bwi_ros2/install/velodyne/share/velodyne/environment/ament_prefix_path.sh
[0.739s] -- Installing: /home/4_fri/bwi_ros2/install/velodyne/share/velodyne/environment/ament_prefix_path.dsv
[0.739s] -- Installing: /home/4_fri/bwi_ros2/install/velodyne/share/velodyne/environment/path.sh
[0.739s] -- Installing: /home/4_fri/bwi_ros2/install/velodyne/share/velodyne/environment/path.dsv
[0.739s] -- Installing: /home/4_fri/bwi_ros2/install/velodyne/share/velodyne/local_setup.bash
[0.740s] -- Installing: /home/4_fri/bwi_ros2/install/velodyne/share/velodyne/local_setup.sh
[0.740s] -- Installing: /home/4_fri/bwi_ros2/install/velodyne/share/velodyne/local_setup.zsh
[0.740s] -- Installing: /home/4_fri/bwi_ros2/install/velodyne/share/velodyne/local_setup.dsv
[0.740s] -- Installing: /home/4_fri/bwi_ros2/install/velodyne/share/velodyne/package.dsv
[0.740s] -- Installing: /home/4_fri/bwi_ros2/install/velodyne/share/ament_index/resource_index/packages/velodyne
[0.740s] -- Installing: /home/4_fri/bwi_ros2/install/velodyne/share/velodyne/cmake/velodyneConfig.cmake
[0.740s] -- Installing: /home/4_fri/bwi_ros2/install/velodyne/share/velodyne/cmake/velodyneConfig-version.cmake
[0.740s] -- Installing: /home/4_fri/bwi_ros2/install/velodyne/share/velodyne/package.xml
[0.742s] Invoked command in '/home/4_fri/bwi_ros2/build/velodyne' returned '0': AMENT_PREFIX_PATH=/home/4_fri/bwi_ros2/install/velodyne_pointcloud:/home/4_fri/bwi_ros2/install/velodyne_driver:/home/4_fri/bwi_ros2/install/velodyne_msgs:/home/4_fri/bwi_ros2/install/velodyne_laserscan:${AMENT_PREFIX_PATH} CMAKE_PREFIX_PATH=/home/4_fri/bwi_ros2/install/velodyne_pointcloud:/home/4_fri/bwi_ros2/install/velodyne_driver:/home/4_fri/bwi_ros2/install/velodyne_msgs:/home/4_fri/bwi_ros2/install/velodyne_laserscan:/opt/ros/humble LD_LIBRARY_PATH=/home/4_fri/bwi_ros2/install/velodyne_pointcloud/lib:/home/4_fri/bwi_ros2/install/velodyne_driver/lib:/home/4_fri/bwi_ros2/install/velodyne_msgs/lib:/home/4_fri/bwi_ros2/install/velodyne_laserscan/lib:${LD_LIBRARY_PATH} PYTHONPATH=/home/4_fri/bwi_ros2/install/velodyne_msgs/local/lib/python3.10/dist-packages:${PYTHONPATH} /usr/bin/cmake --install /home/4_fri/bwi_ros2/build/velodyne
