[0.049s] Invoking command in '/home/4_fri/bwi_ros2/build/nav_goals': CMAKE_PREFIX_PATH=${CMAKE_PREFIX_PATH}:/home/4_fri/bwi_ros2/install/scan_prox_filter:/home/4_fri/bwi_ros2/install/scan_filter:/opt/ros/humble /usr/bin/cmake --build /home/4_fri/bwi_ros2/build/nav_goals -- -j12 -l12
[0.701s] [100%] Built target send_goal
[0.718s] Invoked command in '/home/4_fri/bwi_ros2/build/nav_goals' returned '0': CMAKE_PREFIX_PATH=${CMAKE_PREFIX_PATH}:/home/4_fri/bwi_ros2/install/scan_prox_filter:/home/4_fri/bwi_ros2/install/scan_filter:/opt/ros/humble /usr/bin/cmake --build /home/4_fri/bwi_ros2/build/nav_goals -- -j12 -l12
[0.719s] Invoking command in '/home/4_fri/bwi_ros2/build/nav_goals': CMAKE_PREFIX_PATH=${CMAKE_PREFIX_PATH}:/home/4_fri/bwi_ros2/install/scan_prox_filter:/home/4_fri/bwi_ros2/install/scan_filter:/opt/ros/humble /usr/bin/cmake --install /home/4_fri/bwi_ros2/build/nav_goals
[0.747s] -- Install configuration: ""
[0.747s] -- Up-to-date: /home/4_fri/bwi_ros2/install/nav_goals/lib/nav_goals/send_goal
[0.747s] -- Up-to-date: /home/4_fri/bwi_ros2/install/nav_goals/share/ament_index/resource_index/package_run_dependencies/nav_goals
[0.747s] -- Up-to-date: /home/4_fri/bwi_ros2/install/nav_goals/share/ament_index/resource_index/parent_prefix_path/nav_goals
[0.747s] -- Up-to-date: /home/4_fri/bwi_ros2/install/nav_goals/share/nav_goals/environment/ament_prefix_path.sh
[0.747s] -- Up-to-date: /home/4_fri/bwi_ros2/install/nav_goals/share/nav_goals/environment/ament_prefix_path.dsv
[0.747s] -- Up-to-date: /home/4_fri/bwi_ros2/install/nav_goals/share/nav_goals/environment/path.sh
[0.747s] -- Up-to-date: /home/4_fri/bwi_ros2/install/nav_goals/share/nav_goals/environment/path.dsv
[0.747s] -- Up-to-date: /home/4_fri/bwi_ros2/install/nav_goals/share/nav_goals/local_setup.bash
[0.747s] -- Up-to-date: /home/4_fri/bwi_ros2/install/nav_goals/share/nav_goals/local_setup.sh
[0.747s] -- Up-to-date: /home/4_fri/bwi_ros2/install/nav_goals/share/nav_goals/local_setup.zsh
[0.747s] -- Up-to-date: /home/4_fri/bwi_ros2/install/nav_goals/share/nav_goals/local_setup.dsv
[0.747s] -- Installing: /home/4_fri/bwi_ros2/install/nav_goals/share/nav_goals/package.dsv
[0.747s] -- Up-to-date: /home/4_fri/bwi_ros2/install/nav_goals/share/ament_index/resource_index/packages/nav_goals
[0.748s] -- Up-to-date: /home/4_fri/bwi_ros2/install/nav_goals/share/nav_goals/cmake/nav_goalsConfig.cmake
[0.748s] -- Up-to-date: /home/4_fri/bwi_ros2/install/nav_goals/share/nav_goals/cmake/nav_goalsConfig-version.cmake
[0.748s] -- Up-to-date: /home/4_fri/bwi_ros2/install/nav_goals/share/nav_goals/package.xml
[0.877s] Invoked command in '/home/4_fri/bwi_ros2/build/nav_goals' returned '0': CMAKE_PREFIX_PATH=${CMAKE_PREFIX_PATH}:/home/4_fri/bwi_ros2/install/scan_prox_filter:/home/4_fri/bwi_ros2/install/scan_filter:/opt/ros/humble /usr/bin/cmake --install /home/4_fri/bwi_ros2/build/nav_goals
