[0.031s] Invoking command in '/home/4_fri/bwi_ros2/build/velodyne_driver': AMENT_PREFIX_PATH=/home/4_fri/bwi_ros2/install/velodyne_msgs:${AMENT_PREFIX_PATH} CMAKE_PREFIX_PATH=/home/4_fri/bwi_ros2/install/velodyne_msgs:/opt/ros/humble LD_LIBRARY_PATH=/home/4_fri/bwi_ros2/install/velodyne_msgs/lib:${LD_LIBRARY_PATH} PYTHONPATH=/home/4_fri/bwi_ros2/install/velodyne_msgs/local/lib/python3.10/dist-packages:${PYTHONPATH} /usr/bin/cmake /home/4_fri/bwi_ros2/src/lidar/velodyne/velodyne_driver -DCMAKE_INSTALL_PREFIX=/home/4_fri/bwi_ros2/install/velodyne_driver
[0.183s] -- The C compiler identification is GNU 11.4.0
[0.329s] -- The CXX compiler identification is GNU 11.4.0
[0.339s] -- Detecting C compiler ABI info
[0.474s] -- Detecting C compiler ABI info - done
[0.491s] -- Check for working C compiler: /usr/bin/cc - skipped
[0.492s] -- Detecting C compile features
[0.493s] -- Detecting C compile features - done
[0.497s] -- Detecting CXX compiler ABI info
[0.644s] -- Detecting CXX compiler ABI info - done
[0.665s] -- Check for working CXX compiler: /usr/bin/c++ - skipped
[0.667s] -- Detecting CXX compile features
[0.668s] -- Detecting CXX compile features - done
[0.673s] -- Found ament_cmake_ros: 0.10.0 (/opt/ros/humble/share/ament_cmake_ros/cmake)
[1.041s] -- Found Python3: /usr/bin/python3 (found version "3.10.12") found components: Interpreter 
[1.283s] -- Found diagnostic_msgs: 4.9.0 (/opt/ros/humble/share/diagnostic_msgs/cmake)
[1.390s] -- Found rosidl_generator_c: 3.1.7 (/opt/ros/humble/share/rosidl_generator_c/cmake)
[1.394s] -- Found rosidl_adapter: 3.1.7 (/opt/ros/humble/share/rosidl_adapter/cmake)
[1.407s] -- Found rosidl_generator_cpp: 3.1.7 (/opt/ros/humble/share/rosidl_generator_cpp/cmake)
[1.419s] -- Using all available rosidl_typesupport_c: rosidl_typesupport_fastrtps_c;rosidl_typesupport_introspection_c
[1.444s] -- Using all available rosidl_typesupport_cpp: rosidl_typesupport_fastrtps_cpp;rosidl_typesupport_introspection_cpp
[1.503s] -- Found diagnostic_updater: 4.0.6 (/opt/ros/humble/share/diagnostic_updater/cmake)
[1.576s] -- Found rmw_implementation_cmake: 6.1.2 (/opt/ros/humble/share/rmw_implementation_cmake/cmake)
[1.583s] -- Found rmw_fastrtps_cpp: 6.2.8 (/opt/ros/humble/share/rmw_fastrtps_cpp/cmake)
[1.774s] -- Found OpenSSL: /usr/lib/x86_64-linux-gnu/libcrypto.so (found version "3.0.2")  
[1.843s] -- Found FastRTPS: /opt/ros/humble/include  
[1.923s] -- Using RMW implementation 'rmw_fastrtps_cpp' as default
[1.945s] -- Looking for pthread.h
[2.096s] -- Looking for pthread.h - found
[2.096s] -- Performing Test CMAKE_HAVE_LIBC_PTHREAD
[2.275s] -- Performing Test CMAKE_HAVE_LIBC_PTHREAD - Success
[2.276s] -- Found Threads: TRUE  
[2.395s] -- Found rclcpp_components: 16.0.14 (/opt/ros/humble/share/rclcpp_components/cmake)
[2.455s] -- Found tf2_ros: 0.25.16 (/opt/ros/humble/share/tf2_ros/cmake)
[2.652s] -- Found velodyne_msgs: 2.4.0 (/home/4_fri/bwi_ros2/install/velodyne_msgs/share/velodyne_msgs/cmake)
[2.716s] -- Found ament_lint_auto: 0.12.14 (/opt/ros/humble/share/ament_lint_auto/cmake)
[2.933s] -- Found gtest sources under '/opt/ros/humble/src/gtest_vendor': C++ tests using 'Google Test' will be built
[2.943s] -- Added test 'copyright' to check source files copyright and LICENSE
[2.947s] -- Added test 'cppcheck' to perform static code analysis on C / C++ code
[2.951s] -- Configured cppcheck include dirs: /home/4_fri/bwi_ros2/src/lidar/velodyne/velodyne_driver/include
[2.951s] -- Configured cppcheck exclude dirs and/or files: 
[2.951s] -- Added test 'cpplint' to check C / C++ code against the Google style
[2.951s] -- Configured cpplint exclude dirs and/or files: 
[2.953s] -- Added test 'flake8' to check Python code syntax and style conventions
[2.955s] -- Added test 'lint_cmake' to check CMake code style
[2.958s] -- Added test 'pep257' to check Python code against some of the docstring style conventions in PEP 257
[2.961s] -- Added test 'uncrustify' to check C / C++ code style
[2.962s] -- Configured uncrustify additional arguments: 
[2.964s] -- Added test 'xmllint' to check XML markup files
[2.969s] -- Configuring done
[3.024s] -- Generating done
[3.041s] -- Build files have been written to: /home/4_fri/bwi_ros2/build/velodyne_driver
[3.076s] Invoked command in '/home/4_fri/bwi_ros2/build/velodyne_driver' returned '0': AMENT_PREFIX_PATH=/home/4_fri/bwi_ros2/install/velodyne_msgs:${AMENT_PREFIX_PATH} CMAKE_PREFIX_PATH=/home/4_fri/bwi_ros2/install/velodyne_msgs:/opt/ros/humble LD_LIBRARY_PATH=/home/4_fri/bwi_ros2/install/velodyne_msgs/lib:${LD_LIBRARY_PATH} PYTHONPATH=/home/4_fri/bwi_ros2/install/velodyne_msgs/local/lib/python3.10/dist-packages:${PYTHONPATH} /usr/bin/cmake /home/4_fri/bwi_ros2/src/lidar/velodyne/velodyne_driver -DCMAKE_INSTALL_PREFIX=/home/4_fri/bwi_ros2/install/velodyne_driver
[3.077s] Invoking command in '/home/4_fri/bwi_ros2/build/velodyne_driver': AMENT_PREFIX_PATH=/home/4_fri/bwi_ros2/install/velodyne_msgs:${AMENT_PREFIX_PATH} CMAKE_PREFIX_PATH=/home/4_fri/bwi_ros2/install/velodyne_msgs:/opt/ros/humble LD_LIBRARY_PATH=/home/4_fri/bwi_ros2/install/velodyne_msgs/lib:${LD_LIBRARY_PATH} PYTHONPATH=/home/4_fri/bwi_ros2/install/velodyne_msgs/local/lib/python3.10/dist-packages:${PYTHONPATH} /usr/bin/cmake --build /home/4_fri/bwi_ros2/build/velodyne_driver -- -j12 -l12
[3.171s] [  8%] [32mBuilding CXX object gtest/CMakeFiles/gtest_main.dir/src/gtest_main.cc.o[0m
[3.180s] [ 16%] [32mBuilding CXX object src/lib/CMakeFiles/velodyne_input.dir/input.cpp.o[0m
[3.184s] [ 25%] [32mBuilding CXX object gtest/CMakeFiles/gtest.dir/src/gtest-all.cc.o[0m
[4.945s] [ 33%] [32m[1mLinking CXX static library libgtest_main.a[0m
[5.029s] [ 33%] Built target gtest_main
[9.212s] [ 41%] [32m[1mLinking CXX static library libgtest.a[0m
[9.448s] [ 41%] Built target gtest
[10.532s] [ 50%] [32m[1mLinking CXX shared library libvelodyne_input.so[0m
[10.853s] [ 50%] Built target velodyne_input
[10.899s] [ 58%] [32mBuilding CXX object CMakeFiles/velodyne_driver.dir/src/driver/driver.cpp.o[0m
[10.908s] [ 66%] [32mBuilding CXX object CMakeFiles/time_test.dir/tests/timeconversiontest.cpp.o[0m
[17.040s] [ 75%] [32m[1mLinking CXX executable time_test[0m
[17.325s] [ 75%] Built target time_test
[21.158s] [ 83%] [32m[1mLinking CXX shared library libvelodyne_driver.so[0m
[21.435s] [ 83%] Built target velodyne_driver
[21.455s] [ 91%] [32mBuilding CXX object CMakeFiles/velodyne_driver_node.dir/src/driver/velodyne_node.cpp.o[0m
[24.876s] [100%] [32m[1mLinking CXX executable velodyne_driver_node[0m
[25.057s] [100%] Built target velodyne_driver_node
