[0.048s] Invoking command in '/home/4_fri/bwi_ros2/build/follower_robot': AMENT_PREFIX_PATH=/home/4_fri/bwi_ros2/install/apriltag_msgs:${AMENT_PREFIX_PATH} CMAKE_PREFIX_PATH=/home/4_fri/bwi_ros2/install/apriltag_msgs:/opt/ros/humble LD_LIBRARY_PATH=/home/4_fri/bwi_ros2/install/apriltag_msgs/lib:${LD_LIBRARY_PATH} PYTHONPATH=/home/4_fri/bwi_ros2/install/apriltag_msgs/local/lib/python3.10/dist-packages:${PYTHONPATH} /usr/bin/cmake --build /home/4_fri/bwi_ros2/build/follower_robot -- -j12 -l12
[0.134s] [35m[1mConsolidate compiler generated dependencies of target follower_robot[0m
[0.198s] [ 25%] [32mBuilding CXX object CMakeFiles/follower_robot.dir/src/FollowerRobotNode.cpp.o[0m
[3.327s] [01m[K/home/4_fri/bwi_ros2/src/fri_autonomous_template/follower_robot/src/FollowerRobotNode.cpp:[m[K In constructor ‘[01m[KFollowerRobotNode::FollowerRobotNode(double, double)[m[K’:
[3.327s] [01m[K/home/4_fri/bwi_ros2/src/fri_autonomous_template/follower_robot/src/FollowerRobotNode.cpp:18:12:[m[K [01;35m[Kwarning: [m[Kunused parameter ‘[01m[Kfollow_distance[m[K’ [[01;35m[K]8;;https://gcc.gnu.org/onlinedocs/gcc/Warning-Options.html#index-Wunused-parameter-Wunused-parameter]8;;[m[K]
[3.327s]    18 |     [01;35m[Kdouble follow_distance[m[K,
[3.327s]       |     [01;35m[K~~~~~~~^~~~~~~~~~~~~~~[m[K
[3.327s] [01m[K/home/4_fri/bwi_ros2/src/fri_autonomous_template/follower_robot/src/FollowerRobotNode.cpp:19:12:[m[K [01;35m[Kwarning: [m[Kunused parameter ‘[01m[Ktag_motion_threshold[m[K’ [[01;35m[K]8;;https://gcc.gnu.org/onlinedocs/gcc/Warning-Options.html#index-Wunused-parameter-Wunused-parameter]8;;[m[K]
[3.327s]    19 |     [01;35m[Kdouble tag_motion_threshold[m[K):
[3.327s]       |     [01;35m[K~~~~~~~^~~~~~~~~~~~~~~~~~~~[m[K
[5.155s] [ 50%] [32m[1mLinking CXX executable follower_robot[0m
[5.429s] [100%] Built target follower_robot
[5.438s] Invoked command in '/home/4_fri/bwi_ros2/build/follower_robot' returned '0': AMENT_PREFIX_PATH=/home/4_fri/bwi_ros2/install/apriltag_msgs:${AMENT_PREFIX_PATH} CMAKE_PREFIX_PATH=/home/4_fri/bwi_ros2/install/apriltag_msgs:/opt/ros/humble LD_LIBRARY_PATH=/home/4_fri/bwi_ros2/install/apriltag_msgs/lib:${LD_LIBRARY_PATH} PYTHONPATH=/home/4_fri/bwi_ros2/install/apriltag_msgs/local/lib/python3.10/dist-packages:${PYTHONPATH} /usr/bin/cmake --build /home/4_fri/bwi_ros2/build/follower_robot -- -j12 -l12
[5.439s] Invoking command in '/home/4_fri/bwi_ros2/build/follower_robot': AMENT_PREFIX_PATH=/home/4_fri/bwi_ros2/install/apriltag_msgs:${AMENT_PREFIX_PATH} CMAKE_PREFIX_PATH=/home/4_fri/bwi_ros2/install/apriltag_msgs:/opt/ros/humble LD_LIBRARY_PATH=/home/4_fri/bwi_ros2/install/apriltag_msgs/lib:${LD_LIBRARY_PATH} PYTHONPATH=/home/4_fri/bwi_ros2/install/apriltag_msgs/local/lib/python3.10/dist-packages:${PYTHONPATH} /usr/bin/cmake --install /home/4_fri/bwi_ros2/build/follower_robot
[5.444s] -- Install configuration: ""
[5.445s] -- Installing: /home/4_fri/bwi_ros2/install/follower_robot/lib/follower_robot/follower_robot
[5.446s] -- Set runtime path of "/home/4_fri/bwi_ros2/install/follower_robot/lib/follower_robot/follower_robot" to ""
[5.446s] -- Up-to-date: /home/4_fri/bwi_ros2/install/follower_robot/share/ament_index/resource_index/package_run_dependencies/follower_robot
[5.446s] -- Up-to-date: /home/4_fri/bwi_ros2/install/follower_robot/share/ament_index/resource_index/parent_prefix_path/follower_robot
[5.446s] -- Up-to-date: /home/4_fri/bwi_ros2/install/follower_robot/share/follower_robot/environment/ament_prefix_path.sh
[5.446s] -- Up-to-date: /home/4_fri/bwi_ros2/install/follower_robot/share/follower_robot/environment/ament_prefix_path.dsv
[5.446s] -- Up-to-date: /home/4_fri/bwi_ros2/install/follower_robot/share/follower_robot/environment/path.sh
[5.446s] -- Up-to-date: /home/4_fri/bwi_ros2/install/follower_robot/share/follower_robot/environment/path.dsv
[5.446s] -- Up-to-date: /home/4_fri/bwi_ros2/install/follower_robot/share/follower_robot/local_setup.bash
[5.446s] -- Up-to-date: /home/4_fri/bwi_ros2/install/follower_robot/share/follower_robot/local_setup.sh
[5.446s] -- Up-to-date: /home/4_fri/bwi_ros2/install/follower_robot/share/follower_robot/local_setup.zsh
[5.446s] -- Up-to-date: /home/4_fri/bwi_ros2/install/follower_robot/share/follower_robot/local_setup.dsv
[5.446s] -- Installing: /home/4_fri/bwi_ros2/install/follower_robot/share/follower_robot/package.dsv
[5.446s] -- Up-to-date: /home/4_fri/bwi_ros2/install/follower_robot/share/ament_index/resource_index/packages/follower_robot
[5.446s] -- Up-to-date: /home/4_fri/bwi_ros2/install/follower_robot/share/follower_robot/cmake/follower_robotConfig.cmake
[5.446s] -- Up-to-date: /home/4_fri/bwi_ros2/install/follower_robot/share/follower_robot/cmake/follower_robotConfig-version.cmake
[5.447s] -- Up-to-date: /home/4_fri/bwi_ros2/install/follower_robot/share/follower_robot/package.xml
[5.448s] Invoked command in '/home/4_fri/bwi_ros2/build/follower_robot' returned '0': AMENT_PREFIX_PATH=/home/4_fri/bwi_ros2/install/apriltag_msgs:${AMENT_PREFIX_PATH} CMAKE_PREFIX_PATH=/home/4_fri/bwi_ros2/install/apriltag_msgs:/opt/ros/humble LD_LIBRARY_PATH=/home/4_fri/bwi_ros2/install/apriltag_msgs/lib:${LD_LIBRARY_PATH} PYTHONPATH=/home/4_fri/bwi_ros2/install/apriltag_msgs/local/lib/python3.10/dist-packages:${PYTHONPATH} /usr/bin/cmake --install /home/4_fri/bwi_ros2/build/follower_robot
