[0.039s] Invoking command in '/home/4_fri/bwi_ros2/build/apriltag_msgs': CMAKE_PREFIX_PATH=/opt/ros/humble /usr/bin/cmake /home/4_fri/bwi_ros2/src/apriltag_ros/apriltag_msgs -DCMAKE_INSTALL_PREFIX=/home/4_fri/bwi_ros2/install/apriltag_msgs
[0.948s] -- The C compiler identification is GNU 11.4.0
[0.948s] -- The CXX compiler identification is GNU 11.4.0
[0.948s] -- Detecting C compiler ABI info
[0.949s] -- Detecting C compiler ABI info - done
[0.949s] -- Check for working C compiler: /usr/bin/cc - skipped
[0.949s] -- Detecting C compile features
[0.949s] -- Detecting C compile features - done
[0.949s] -- Detecting CXX compiler ABI info
[0.949s] -- Detecting CXX compiler ABI info - done
[0.949s] -- Check for working CXX compiler: /usr/bin/c++ - skipped
[0.949s] -- Detecting CXX compile features
[0.949s] -- Detecting CXX compile features - done
[0.949s] -- Found std_msgs: 4.9.0 (/opt/ros/humble/share/std_msgs/cmake)
[0.949s] -- Found Python3: /usr/bin/python3 (found version "3.10.12") found components: Interpreter 
[0.949s] -- Found rosidl_generator_c: 3.1.7 (/opt/ros/humble/share/rosidl_generator_c/cmake)
[0.950s] -- Found rosidl_adapter: 3.1.7 (/opt/ros/humble/share/rosidl_adapter/cmake)
[0.950s] -- Found rosidl_generator_cpp: 3.1.7 (/opt/ros/humble/share/rosidl_generator_cpp/cmake)
[0.950s] -- Using all available rosidl_typesupport_c: rosidl_typesupport_fastrtps_c;rosidl_typesupport_introspection_c
[0.950s] -- Using all available rosidl_typesupport_cpp: rosidl_typesupport_fastrtps_cpp;rosidl_typesupport_introspection_cpp
[0.950s] -- Found rosidl_default_generators: 1.2.0 (/opt/ros/humble/share/rosidl_default_generators/cmake)
[0.950s] -- Found geometry_msgs: 4.9.0 (/opt/ros/humble/share/geometry_msgs/cmake)
[1.455s] -- Found ament_cmake_cppcheck: 0.12.14 (/opt/ros/humble/share/ament_cmake_cppcheck/cmake)
[1.458s] -- Found ament_cmake_cpplint: 0.12.14 (/opt/ros/humble/share/ament_cmake_cpplint/cmake)
[1.465s] -- Found ament_cmake_uncrustify: 0.12.14 (/opt/ros/humble/share/ament_cmake_uncrustify/cmake)
[1.465s] -- Found ament_cmake_ros: 0.10.0 (/opt/ros/humble/share/ament_cmake_ros/cmake)
[2.309s] -- Using all available rosidl_typesupport_c: rosidl_typesupport_fastrtps_c;rosidl_typesupport_introspection_c
[2.579s] -- Using all available rosidl_typesupport_cpp: rosidl_typesupport_fastrtps_cpp;rosidl_typesupport_introspection_cpp
[2.619s] -- Found PythonInterp: /usr/bin/python3 (found suitable version "3.10.12", minimum required is "3.6") 
[2.625s] -- Found python_cmake_module: 0.10.0 (/opt/ros/humble/share/python_cmake_module/cmake)
[2.663s] -- Found PythonLibs: /usr/lib/x86_64-linux-gnu/libpython3.10.so (found suitable version "3.10.12", minimum required is "3.5") 
[2.663s] -- Using PYTHON_EXECUTABLE: /usr/bin/python3
[2.663s] -- Using PYTHON_INCLUDE_DIRS: /usr/include/python3.10
[2.663s] -- Using PYTHON_LIBRARIES: /usr/lib/x86_64-linux-gnu/libpython3.10.so
[2.695s] -- Found PythonExtra: .so  
[2.823s] -- Found ament_cmake_flake8: 0.12.14 (/opt/ros/humble/share/ament_cmake_flake8/cmake)
[2.830s] -- Found ament_cmake_pep257: 0.12.14 (/opt/ros/humble/share/ament_cmake_pep257/cmake)
[2.832s] -- Found ament_lint_auto: 0.12.14 (/opt/ros/humble/share/ament_lint_auto/cmake)
[2.856s] -- Added test 'copyright' to check source files copyright and LICENSE
[2.857s] -- Added test 'lint_cmake' to check CMake code style
[2.858s] -- Added test 'xmllint' to check XML markup files
[2.864s] -- Configuring done
[2.972s] -- Generating done
[3.018s] -- Build files have been written to: /home/4_fri/bwi_ros2/build/apriltag_msgs
[3.055s] Invoked command in '/home/4_fri/bwi_ros2/build/apriltag_msgs' returned '0': CMAKE_PREFIX_PATH=/opt/ros/humble /usr/bin/cmake /home/4_fri/bwi_ros2/src/apriltag_ros/apriltag_msgs -DCMAKE_INSTALL_PREFIX=/home/4_fri/bwi_ros2/install/apriltag_msgs
[3.056s] Invoking command in '/home/4_fri/bwi_ros2/build/apriltag_msgs': CMAKE_PREFIX_PATH=/opt/ros/humble /usr/bin/cmake --build /home/4_fri/bwi_ros2/build/apriltag_msgs -- -j12 -l12
[3.167s] [  2%] [34m[1mGenerating C code for ROS interfaces[0m
[3.197s] [  5%] [34m[1mGenerating C++ code for ROS interfaces[0m
[3.218s] [  5%] Built target ament_cmake_python_copy_apriltag_msgs
[4.113s] [  7%] [32mBuilding C object CMakeFiles/apriltag_msgs__rosidl_generator_c.dir/rosidl_generator_c/apriltag_msgs/msg/detail/april_tag_detection_array__functions.c.o[0m
[4.115s] [ 10%] [32mBuilding C object CMakeFiles/apriltag_msgs__rosidl_generator_c.dir/rosidl_generator_c/apriltag_msgs/msg/detail/april_tag_detection__functions.c.o[0m
[4.330s] running egg_info
[4.334s] creating apriltag_msgs.egg-info
[4.334s] writing apriltag_msgs.egg-info/PKG-INFO
[4.334s] writing dependency_links to apriltag_msgs.egg-info/dependency_links.txt
[4.342s] writing top-level names to apriltag_msgs.egg-info/top_level.txt
[4.343s] writing manifest file 'apriltag_msgs.egg-info/SOURCES.txt'
[4.348s] [ 12%] [32m[1mLinking C shared library libapriltag_msgs__rosidl_generator_c.so[0m
[4.349s] reading manifest file 'apriltag_msgs.egg-info/SOURCES.txt'
[4.350s] writing manifest file 'apriltag_msgs.egg-info/SOURCES.txt'
[4.486s] [ 12%] Built target apriltag_msgs__rosidl_generator_c
[4.521s] [ 15%] [34m[1mGenerating C type support for eProsima Fast-RTPS[0m
[4.523s] [ 17%] [34m[1mGenerating C introspection for ROS interfaces[0m
[4.527s] [ 20%] [34m[1mGenerating C type support dispatch for ROS interfaces[0m
[4.532s] [ 20%] Built target ament_cmake_python_build_apriltag_msgs_egg
[4.699s] [ 20%] Built target apriltag_msgs__cpp
[4.727s] [ 23%] [34m[1mGenerating C++ type support dispatch for ROS interfaces[0m
[4.740s] [ 25%] [34m[1mGenerating C++ type support for eProsima Fast-RTPS[0m
[4.740s] [ 28%] [34m[1mGenerating C++ introspection for ROS interfaces[0m
[5.275s] [ 30%] [32mBuilding CXX object CMakeFiles/apriltag_msgs__rosidl_typesupport_c.dir/rosidl_typesupport_c/apriltag_msgs/msg/april_tag_detection_array__type_support.cpp.o[0m
[5.285s] [ 33%] [32mBuilding CXX object CMakeFiles/apriltag_msgs__rosidl_typesupport_c.dir/rosidl_typesupport_c/apriltag_msgs/msg/april_tag_detection__type_support.cpp.o[0m
[5.427s] [ 35%] [32m[1mLinking CXX shared library libapriltag_msgs__rosidl_typesupport_c.so[0m
[5.641s] [ 38%] [32mBuilding CXX object CMakeFiles/apriltag_msgs__rosidl_typesupport_introspection_cpp.dir/rosidl_typesupport_introspection_cpp/apriltag_msgs/msg/detail/april_tag_detection__type_support.cpp.o[0m
[5.656s] [ 38%] Built target apriltag_msgs__rosidl_typesupport_c
[5.662s] [ 41%] [32mBuilding CXX object CMakeFiles/apriltag_msgs__rosidl_typesupport_introspection_cpp.dir/rosidl_typesupport_introspection_cpp/apriltag_msgs/msg/detail/april_tag_detection_array__type_support.cpp.o[0m
[5.850s] [ 43%] [32mBuilding CXX object CMakeFiles/apriltag_msgs__rosidl_typesupport_cpp.dir/rosidl_typesupport_cpp/apriltag_msgs/msg/april_tag_detection__type_support.cpp.o[0m
[5.896s] [ 46%] [32mBuilding CXX object CMakeFiles/apriltag_msgs__rosidl_typesupport_cpp.dir/rosidl_typesupport_cpp/apriltag_msgs/msg/april_tag_detection_array__type_support.cpp.o[0m
[6.242s] [ 48%] [32mBuilding C object CMakeFiles/apriltag_msgs__rosidl_typesupport_introspection_c.dir/rosidl_typesupport_introspection_c/apriltag_msgs/msg/detail/april_tag_detection__type_support.c.o[0m
[6.256s] [ 51%] [32mBuilding C object CMakeFiles/apriltag_msgs__rosidl_typesupport_introspection_c.dir/rosidl_typesupport_introspection_c/apriltag_msgs/msg/detail/april_tag_detection_array__type_support.c.o[0m
[6.380s] [ 53%] [32m[1mLinking C shared library libapriltag_msgs__rosidl_typesupport_introspection_c.so[0m
[6.469s] [ 53%] Built target apriltag_msgs__rosidl_typesupport_introspection_c
[6.508s] [ 56%] [32mBuilding CXX object CMakeFiles/apriltag_msgs__rosidl_typesupport_fastrtps_c.dir/rosidl_typesupport_fastrtps_c/apriltag_msgs/msg/detail/april_tag_detection__type_support_c.cpp.o[0m
[6.523s] [ 58%] [32mBuilding CXX object CMakeFiles/apriltag_msgs__rosidl_typesupport_fastrtps_c.dir/rosidl_typesupport_fastrtps_c/apriltag_msgs/msg/detail/april_tag_detection_array__type_support_c.cpp.o[0m
[6.801s] [ 61%] [32mBuilding CXX object CMakeFiles/apriltag_msgs__rosidl_typesupport_fastrtps_cpp.dir/rosidl_typesupport_fastrtps_cpp/apriltag_msgs/msg/detail/dds_fastrtps/april_tag_detection_array__type_support.cpp.o[0m
[6.809s] [ 64%] [32mBuilding CXX object CMakeFiles/apriltag_msgs__rosidl_typesupport_fastrtps_cpp.dir/rosidl_typesupport_fastrtps_cpp/apriltag_msgs/msg/detail/dds_fastrtps/april_tag_detection__type_support.cpp.o[0m
[7.379s] [ 66%] [32m[1mLinking CXX shared library libapriltag_msgs__rosidl_typesupport_fastrtps_c.so[0m
[7.557s] [ 69%] [32m[1mLinking CXX shared library libapriltag_msgs__rosidl_typesupport_cpp.so[0m
[7.663s] [ 71%] [32m[1mLinking CXX shared library libapriltag_msgs__rosidl_typesupport_introspection_cpp.so[0m
[7.695s] [ 71%] Built target apriltag_msgs__rosidl_typesupport_cpp
[7.745s] [ 71%] Built target apriltag_msgs__rosidl_typesupport_fastrtps_c
[7.921s] [ 71%] Built target apriltag_msgs__rosidl_typesupport_introspection_cpp
[8.403s] [ 74%] [32m[1mLinking CXX shared library libapriltag_msgs__rosidl_typesupport_fastrtps_cpp.so[0m
[8.531s] [ 74%] Built target apriltag_msgs__rosidl_typesupport_fastrtps_cpp
[8.558s] [ 74%] Built target apriltag_msgs
[8.585s] [ 76%] [34m[1mGenerating Python code for ROS interfaces[0m
[9.767s] [ 76%] Built target apriltag_msgs__py
[9.826s] [ 79%] [32mBuilding C object CMakeFiles/apriltag_msgs__rosidl_generator_py.dir/rosidl_generator_py/apriltag_msgs/msg/_april_tag_detection_s.c.o[0m
[9.827s] [ 82%] [32mBuilding C object CMakeFiles/apriltag_msgs__rosidl_generator_py.dir/rosidl_generator_py/apriltag_msgs/msg/_april_tag_detection_array_s.c.o[0m
[10.131s] [ 84%] [32m[1mLinking C shared library rosidl_generator_py/apriltag_msgs/libapriltag_msgs__rosidl_generator_py.so[0m
[10.311s] [ 84%] Built target apriltag_msgs__rosidl_generator_py
[10.366s] [ 87%] [32mBuilding C object CMakeFiles/apriltag_msgs__rosidl_typesupport_fastrtps_c__pyext.dir/rosidl_generator_py/apriltag_msgs/_apriltag_msgs_s.ep.rosidl_typesupport_fastrtps_c.c.o[0m
[10.372s] [ 89%] [32mBuilding C object CMakeFiles/apriltag_msgs__rosidl_typesupport_c__pyext.dir/rosidl_generator_py/apriltag_msgs/_apriltag_msgs_s.ep.rosidl_typesupport_c.c.o[0m
[10.377s] [ 92%] [32mBuilding C object CMakeFiles/apriltag_msgs__rosidl_typesupport_introspection_c__pyext.dir/rosidl_generator_py/apriltag_msgs/_apriltag_msgs_s.ep.rosidl_typesupport_introspection_c.c.o[0m
[10.607s] [ 94%] [32m[1mLinking C shared library rosidl_generator_py/apriltag_msgs/apriltag_msgs_s__rosidl_typesupport_fastrtps_c.cpython-310-x86_64-linux-gnu.so[0m
[10.637s] [ 97%] [32m[1mLinking C shared library rosidl_generator_py/apriltag_msgs/apriltag_msgs_s__rosidl_typesupport_c.cpython-310-x86_64-linux-gnu.so[0m
[10.644s] [100%] [32m[1mLinking C shared library rosidl_generator_py/apriltag_msgs/apriltag_msgs_s__rosidl_typesupport_introspection_c.cpython-310-x86_64-linux-gnu.so[0m
[10.725s] [100%] Built target apriltag_msgs__rosidl_typesupport_fastrtps_c__pyext
[10.740s] [100%] Built target apriltag_msgs__rosidl_typesupport_introspection_c__pyext
[10.755s] [100%] Built target apriltag_msgs__rosidl_typesupport_c__pyext
[10.786s] Invoked command in '/home/4_fri/bwi_ros2/build/apriltag_msgs' returned '0': CMAKE_PREFIX_PATH=/opt/ros/humble /usr/bin/cmake --build /home/4_fri/bwi_ros2/build/apriltag_msgs -- -j12 -l12
[10.793s] Invoking command in '/home/4_fri/bwi_ros2/build/apriltag_msgs': CMAKE_PREFIX_PATH=/opt/ros/humble /usr/bin/cmake --install /home/4_fri/bwi_ros2/build/apriltag_msgs
[10.820s] -- Install configuration: ""
[10.820s] -- Installing: /home/4_fri/bwi_ros2/install/apriltag_msgs/share/ament_index/resource_index/rosidl_interfaces/apriltag_msgs
[10.820s] -- Installing: /home/4_fri/bwi_ros2/install/apriltag_msgs/include/apriltag_msgs/apriltag_msgs
[10.821s] -- Installing: /home/4_fri/bwi_ros2/install/apriltag_msgs/include/apriltag_msgs/apriltag_msgs/msg
[10.821s] -- Installing: /home/4_fri/bwi_ros2/install/apriltag_msgs/include/apriltag_msgs/apriltag_msgs/msg/april_tag_detection_array.h
[10.821s] -- Installing: /home/4_fri/bwi_ros2/install/apriltag_msgs/include/apriltag_msgs/apriltag_msgs/msg/april_tag_detection.h
[10.821s] -- Installing: /home/4_fri/bwi_ros2/install/apriltag_msgs/include/apriltag_msgs/apriltag_msgs/msg/detail
[10.821s] -- Installing: /home/4_fri/bwi_ros2/install/apriltag_msgs/include/apriltag_msgs/apriltag_msgs/msg/detail/april_tag_detection__struct.h
[10.821s] -- Installing: /home/4_fri/bwi_ros2/install/apriltag_msgs/include/apriltag_msgs/apriltag_msgs/msg/detail/april_tag_detection_array__type_support.h
[10.821s] -- Installing: /home/4_fri/bwi_ros2/install/apriltag_msgs/include/apriltag_msgs/apriltag_msgs/msg/detail/april_tag_detection_array__struct.h
[10.821s] -- Installing: /home/4_fri/bwi_ros2/install/apriltag_msgs/include/apriltag_msgs/apriltag_msgs/msg/detail/april_tag_detection_array__functions.h
[10.821s] -- Installing: /home/4_fri/bwi_ros2/install/apriltag_msgs/include/apriltag_msgs/apriltag_msgs/msg/detail/april_tag_detection__type_support.h
[10.824s] -- Installing: /home/4_fri/bwi_ros2/install/apriltag_msgs/include/apriltag_msgs/apriltag_msgs/msg/detail/april_tag_detection__functions.c
[10.824s] -- Installing: /home/4_fri/bwi_ros2/install/apriltag_msgs/include/apriltag_msgs/apriltag_msgs/msg/detail/april_tag_detection_array__functions.c
[10.825s] -- Installing: /home/4_fri/bwi_ros2/install/apriltag_msgs/include/apriltag_msgs/apriltag_msgs/msg/detail/april_tag_detection__functions.h
[10.825s] -- Installing: /home/4_fri/bwi_ros2/install/apriltag_msgs/include/apriltag_msgs/apriltag_msgs/msg/rosidl_generator_c__visibility_control.h
[10.825s] -- Installing: /home/4_fri/bwi_ros2/install/apriltag_msgs/share/apriltag_msgs/environment/library_path.sh
[10.825s] -- Installing: /home/4_fri/bwi_ros2/install/apriltag_msgs/share/apriltag_msgs/environment/library_path.dsv
[10.825s] -- Installing: /home/4_fri/bwi_ros2/install/apriltag_msgs/lib/libapriltag_msgs__rosidl_generator_c.so
[10.825s] -- Set runtime path of "/home/4_fri/bwi_ros2/install/apriltag_msgs/lib/libapriltag_msgs__rosidl_generator_c.so" to ""
[10.825s] -- Up-to-date: /home/4_fri/bwi_ros2/install/apriltag_msgs/include/apriltag_msgs/apriltag_msgs
[10.825s] -- Up-to-date: /home/4_fri/bwi_ros2/install/apriltag_msgs/include/apriltag_msgs/apriltag_msgs/msg
[10.825s] -- Up-to-date: /home/4_fri/bwi_ros2/install/apriltag_msgs/include/apriltag_msgs/apriltag_msgs/msg/detail
[10.825s] -- Installing: /home/4_fri/bwi_ros2/install/apriltag_msgs/include/apriltag_msgs/apriltag_msgs/msg/detail/april_tag_detection_array__rosidl_typesupport_fastrtps_c.h
[10.825s] -- Installing: /home/4_fri/bwi_ros2/install/apriltag_msgs/include/apriltag_msgs/apriltag_msgs/msg/detail/april_tag_detection__rosidl_typesupport_fastrtps_c.h
[10.826s] -- Installing: /home/4_fri/bwi_ros2/install/apriltag_msgs/include/apriltag_msgs/apriltag_msgs/msg/rosidl_typesupport_fastrtps_c__visibility_control.h
[10.826s] -- Installing: /home/4_fri/bwi_ros2/install/apriltag_msgs/lib/libapriltag_msgs__rosidl_typesupport_fastrtps_c.so
[10.826s] -- Set runtime path of "/home/4_fri/bwi_ros2/install/apriltag_msgs/lib/libapriltag_msgs__rosidl_typesupport_fastrtps_c.so" to ""
[10.826s] -- Up-to-date: /home/4_fri/bwi_ros2/install/apriltag_msgs/include/apriltag_msgs/apriltag_msgs
[10.826s] -- Up-to-date: /home/4_fri/bwi_ros2/install/apriltag_msgs/include/apriltag_msgs/apriltag_msgs/msg
[10.826s] -- Installing: /home/4_fri/bwi_ros2/install/apriltag_msgs/include/apriltag_msgs/apriltag_msgs/msg/rosidl_generator_cpp__visibility_control.hpp
[10.827s] -- Installing: /home/4_fri/bwi_ros2/install/apriltag_msgs/include/apriltag_msgs/apriltag_msgs/msg/april_tag_detection_array.hpp
[10.827s] -- Installing: /home/4_fri/bwi_ros2/install/apriltag_msgs/include/apriltag_msgs/apriltag_msgs/msg/april_tag_detection.hpp
[10.827s] -- Up-to-date: /home/4_fri/bwi_ros2/install/apriltag_msgs/include/apriltag_msgs/apriltag_msgs/msg/detail
[10.830s] -- Installing: /home/4_fri/bwi_ros2/install/apriltag_msgs/include/apriltag_msgs/apriltag_msgs/msg/detail/april_tag_detection_array__builder.hpp
[10.830s] -- Installing: /home/4_fri/bwi_ros2/install/apriltag_msgs/include/apriltag_msgs/apriltag_msgs/msg/detail/april_tag_detection__traits.hpp
[10.830s] -- Installing: /home/4_fri/bwi_ros2/install/apriltag_msgs/include/apriltag_msgs/apriltag_msgs/msg/detail/april_tag_detection__struct.hpp
[10.830s] -- Installing: /home/4_fri/bwi_ros2/install/apriltag_msgs/include/apriltag_msgs/apriltag_msgs/msg/detail/april_tag_detection_array__type_support.hpp
[10.830s] -- Installing: /home/4_fri/bwi_ros2/install/apriltag_msgs/include/apriltag_msgs/apriltag_msgs/msg/detail/april_tag_detection_array__struct.hpp
[10.830s] -- Installing: /home/4_fri/bwi_ros2/install/apriltag_msgs/include/apriltag_msgs/apriltag_msgs/msg/detail/april_tag_detection__builder.hpp
[10.830s] -- Installing: /home/4_fri/bwi_ros2/install/apriltag_msgs/include/apriltag_msgs/apriltag_msgs/msg/detail/april_tag_detection__type_support.hpp
[10.831s] -- Installing: /home/4_fri/bwi_ros2/install/apriltag_msgs/include/apriltag_msgs/apriltag_msgs/msg/detail/april_tag_detection_array__traits.hpp
[10.831s] -- Up-to-date: /home/4_fri/bwi_ros2/install/apriltag_msgs/include/apriltag_msgs/apriltag_msgs
[10.831s] -- Up-to-date: /home/4_fri/bwi_ros2/install/apriltag_msgs/include/apriltag_msgs/apriltag_msgs/msg
[10.831s] -- Up-to-date: /home/4_fri/bwi_ros2/install/apriltag_msgs/include/apriltag_msgs/apriltag_msgs/msg/detail
[10.831s] -- Installing: /home/4_fri/bwi_ros2/install/apriltag_msgs/include/apriltag_msgs/apriltag_msgs/msg/detail/april_tag_detection_array__rosidl_typesupport_fastrtps_cpp.hpp
[10.831s] -- Installing: /home/4_fri/bwi_ros2/install/apriltag_msgs/include/apriltag_msgs/apriltag_msgs/msg/detail/april_tag_detection__rosidl_typesupport_fastrtps_cpp.hpp
[10.831s] -- Installing: /home/4_fri/bwi_ros2/install/apriltag_msgs/include/apriltag_msgs/apriltag_msgs/msg/detail/dds_fastrtps
[10.831s] -- Installing: /home/4_fri/bwi_ros2/install/apriltag_msgs/include/apriltag_msgs/apriltag_msgs/msg/rosidl_typesupport_fastrtps_cpp__visibility_control.h
[10.831s] -- Installing: /home/4_fri/bwi_ros2/install/apriltag_msgs/lib/libapriltag_msgs__rosidl_typesupport_fastrtps_cpp.so
[10.831s] -- Set runtime path of "/home/4_fri/bwi_ros2/install/apriltag_msgs/lib/libapriltag_msgs__rosidl_typesupport_fastrtps_cpp.so" to ""
[10.832s] -- Up-to-date: /home/4_fri/bwi_ros2/install/apriltag_msgs/include/apriltag_msgs/apriltag_msgs
[10.832s] -- Up-to-date: /home/4_fri/bwi_ros2/install/apriltag_msgs/include/apriltag_msgs/apriltag_msgs/msg
[10.832s] -- Installing: /home/4_fri/bwi_ros2/install/apriltag_msgs/include/apriltag_msgs/apriltag_msgs/msg/rosidl_typesupport_introspection_c__visibility_control.h
[10.832s] -- Up-to-date: /home/4_fri/bwi_ros2/install/apriltag_msgs/include/apriltag_msgs/apriltag_msgs/msg/detail
[10.832s] -- Installing: /home/4_fri/bwi_ros2/install/apriltag_msgs/include/apriltag_msgs/apriltag_msgs/msg/detail/april_tag_detection__rosidl_typesupport_introspection_c.h
[10.832s] -- Installing: /home/4_fri/bwi_ros2/install/apriltag_msgs/include/apriltag_msgs/apriltag_msgs/msg/detail/april_tag_detection__type_support.c
[10.833s] -- Installing: /home/4_fri/bwi_ros2/install/apriltag_msgs/include/apriltag_msgs/apriltag_msgs/msg/detail/april_tag_detection_array__type_support.c
[10.833s] -- Installing: /home/4_fri/bwi_ros2/install/apriltag_msgs/include/apriltag_msgs/apriltag_msgs/msg/detail/april_tag_detection_array__rosidl_typesupport_introspection_c.h
[10.833s] -- Installing: /home/4_fri/bwi_ros2/install/apriltag_msgs/lib/libapriltag_msgs__rosidl_typesupport_introspection_c.so
[10.837s] -- Set runtime path of "/home/4_fri/bwi_ros2/install/apriltag_msgs/lib/libapriltag_msgs__rosidl_typesupport_introspection_c.so" to ""
[10.837s] -- Installing: /home/4_fri/bwi_ros2/install/apriltag_msgs/lib/libapriltag_msgs__rosidl_typesupport_c.so
[10.837s] -- Set runtime path of "/home/4_fri/bwi_ros2/install/apriltag_msgs/lib/libapriltag_msgs__rosidl_typesupport_c.so" to ""
[10.837s] -- Up-to-date: /home/4_fri/bwi_ros2/install/apriltag_msgs/include/apriltag_msgs/apriltag_msgs
[10.837s] -- Up-to-date: /home/4_fri/bwi_ros2/install/apriltag_msgs/include/apriltag_msgs/apriltag_msgs/msg
[10.837s] -- Up-to-date: /home/4_fri/bwi_ros2/install/apriltag_msgs/include/apriltag_msgs/apriltag_msgs/msg/detail
[10.837s] -- Installing: /home/4_fri/bwi_ros2/install/apriltag_msgs/include/apriltag_msgs/apriltag_msgs/msg/detail/april_tag_detection_array__type_support.cpp
[10.838s] -- Installing: /home/4_fri/bwi_ros2/install/apriltag_msgs/include/apriltag_msgs/apriltag_msgs/msg/detail/april_tag_detection__type_support.cpp
[10.838s] -- Installing: /home/4_fri/bwi_ros2/install/apriltag_msgs/include/apriltag_msgs/apriltag_msgs/msg/detail/april_tag_detection__rosidl_typesupport_introspection_cpp.hpp
[10.838s] -- Installing: /home/4_fri/bwi_ros2/install/apriltag_msgs/include/apriltag_msgs/apriltag_msgs/msg/detail/april_tag_detection_array__rosidl_typesupport_introspection_cpp.hpp
[10.838s] -- Installing: /home/4_fri/bwi_ros2/install/apriltag_msgs/lib/libapriltag_msgs__rosidl_typesupport_introspection_cpp.so
[10.838s] -- Set runtime path of "/home/4_fri/bwi_ros2/install/apriltag_msgs/lib/libapriltag_msgs__rosidl_typesupport_introspection_cpp.so" to ""
[10.838s] -- Installing: /home/4_fri/bwi_ros2/install/apriltag_msgs/lib/libapriltag_msgs__rosidl_typesupport_cpp.so
[10.838s] -- Set runtime path of "/home/4_fri/bwi_ros2/install/apriltag_msgs/lib/libapriltag_msgs__rosidl_typesupport_cpp.so" to ""
[10.838s] -- Installing: /home/4_fri/bwi_ros2/install/apriltag_msgs/share/apriltag_msgs/environment/pythonpath.sh
[10.838s] -- Installing: /home/4_fri/bwi_ros2/install/apriltag_msgs/share/apriltag_msgs/environment/pythonpath.dsv
[10.838s] -- Installing: /home/4_fri/bwi_ros2/install/apriltag_msgs/local/lib/python3.10/dist-packages/apriltag_msgs-0.0.0-py3.10.egg-info
[10.838s] -- Installing: /home/4_fri/bwi_ros2/install/apriltag_msgs/local/lib/python3.10/dist-packages/apriltag_msgs-0.0.0-py3.10.egg-info/SOURCES.txt
[10.839s] -- Installing: /home/4_fri/bwi_ros2/install/apriltag_msgs/local/lib/python3.10/dist-packages/apriltag_msgs-0.0.0-py3.10.egg-info/top_level.txt
[10.839s] -- Installing: /home/4_fri/bwi_ros2/install/apriltag_msgs/local/lib/python3.10/dist-packages/apriltag_msgs-0.0.0-py3.10.egg-info/PKG-INFO
[10.839s] -- Installing: /home/4_fri/bwi_ros2/install/apriltag_msgs/local/lib/python3.10/dist-packages/apriltag_msgs-0.0.0-py3.10.egg-info/dependency_links.txt
[10.839s] -- Installing: /home/4_fri/bwi_ros2/install/apriltag_msgs/local/lib/python3.10/dist-packages/apriltag_msgs
[10.839s] -- Installing: /home/4_fri/bwi_ros2/install/apriltag_msgs/local/lib/python3.10/dist-packages/apriltag_msgs/msg
[10.839s] -- Installing: /home/4_fri/bwi_ros2/install/apriltag_msgs/local/lib/python3.10/dist-packages/apriltag_msgs/msg/_april_tag_detection.py
[10.839s] -- Installing: /home/4_fri/bwi_ros2/install/apriltag_msgs/local/lib/python3.10/dist-packages/apriltag_msgs/msg/_april_tag_detection_s.c
[10.839s] -- Installing: /home/4_fri/bwi_ros2/install/apriltag_msgs/local/lib/python3.10/dist-packages/apriltag_msgs/msg/__init__.py
[10.839s] -- Installing: /home/4_fri/bwi_ros2/install/apriltag_msgs/local/lib/python3.10/dist-packages/apriltag_msgs/msg/_april_tag_detection_array.py
[10.839s] -- Installing: /home/4_fri/bwi_ros2/install/apriltag_msgs/local/lib/python3.10/dist-packages/apriltag_msgs/msg/_april_tag_detection_array_s.c
[10.841s] -- Installing: /home/4_fri/bwi_ros2/install/apriltag_msgs/local/lib/python3.10/dist-packages/apriltag_msgs/_apriltag_msgs_s.ep.rosidl_typesupport_c.c
[10.841s] -- Installing: /home/4_fri/bwi_ros2/install/apriltag_msgs/local/lib/python3.10/dist-packages/apriltag_msgs/apriltag_msgs_s__rosidl_typesupport_introspection_c.cpython-310-x86_64-linux-gnu.so
[10.841s] -- Installing: /home/4_fri/bwi_ros2/install/apriltag_msgs/local/lib/python3.10/dist-packages/apriltag_msgs/__init__.py
[10.841s] -- Installing: /home/4_fri/bwi_ros2/install/apriltag_msgs/local/lib/python3.10/dist-packages/apriltag_msgs/_apriltag_msgs_s.ep.rosidl_typesupport_fastrtps_c.c
[10.841s] -- Installing: /home/4_fri/bwi_ros2/install/apriltag_msgs/local/lib/python3.10/dist-packages/apriltag_msgs/libapriltag_msgs__rosidl_generator_py.so
[10.841s] -- Installing: /home/4_fri/bwi_ros2/install/apriltag_msgs/local/lib/python3.10/dist-packages/apriltag_msgs/_apriltag_msgs_s.ep.rosidl_typesupport_introspection_c.c
[10.842s] -- Installing: /home/4_fri/bwi_ros2/install/apriltag_msgs/local/lib/python3.10/dist-packages/apriltag_msgs/apriltag_msgs_s__rosidl_typesupport_fastrtps_c.cpython-310-x86_64-linux-gnu.so
[10.842s] -- Installing: /home/4_fri/bwi_ros2/install/apriltag_msgs/local/lib/python3.10/dist-packages/apriltag_msgs/apriltag_msgs_s__rosidl_typesupport_c.cpython-310-x86_64-linux-gnu.so
[10.973s] Listing '/home/4_fri/bwi_ros2/install/apriltag_msgs/local/lib/python3.10/dist-packages/apriltag_msgs'...
[10.973s] Compiling '/home/4_fri/bwi_ros2/install/apriltag_msgs/local/lib/python3.10/dist-packages/apriltag_msgs/__init__.py'...
[10.973s] Listing '/home/4_fri/bwi_ros2/install/apriltag_msgs/local/lib/python3.10/dist-packages/apriltag_msgs/msg'...
[10.974s] Compiling '/home/4_fri/bwi_ros2/install/apriltag_msgs/local/lib/python3.10/dist-packages/apriltag_msgs/msg/__init__.py'...
[10.974s] Compiling '/home/4_fri/bwi_ros2/install/apriltag_msgs/local/lib/python3.10/dist-packages/apriltag_msgs/msg/_april_tag_detection.py'...
[10.974s] Compiling '/home/4_fri/bwi_ros2/install/apriltag_msgs/local/lib/python3.10/dist-packages/apriltag_msgs/msg/_april_tag_detection_array.py'...
[10.995s] -- Installing: /home/4_fri/bwi_ros2/install/apriltag_msgs/local/lib/python3.10/dist-packages/apriltag_msgs/apriltag_msgs_s__rosidl_typesupport_fastrtps_c.cpython-310-x86_64-linux-gnu.so
[10.996s] -- Set runtime path of "/home/4_fri/bwi_ros2/install/apriltag_msgs/local/lib/python3.10/dist-packages/apriltag_msgs/apriltag_msgs_s__rosidl_typesupport_fastrtps_c.cpython-310-x86_64-linux-gnu.so" to ""
[10.996s] -- Installing: /home/4_fri/bwi_ros2/install/apriltag_msgs/local/lib/python3.10/dist-packages/apriltag_msgs/apriltag_msgs_s__rosidl_typesupport_introspection_c.cpython-310-x86_64-linux-gnu.so
[10.996s] -- Set runtime path of "/home/4_fri/bwi_ros2/install/apriltag_msgs/local/lib/python3.10/dist-packages/apriltag_msgs/apriltag_msgs_s__rosidl_typesupport_introspection_c.cpython-310-x86_64-linux-gnu.so" to ""
[11.000s] -- Installing: /home/4_fri/bwi_ros2/install/apriltag_msgs/local/lib/python3.10/dist-packages/apriltag_msgs/apriltag_msgs_s__rosidl_typesupport_c.cpython-310-x86_64-linux-gnu.so
[11.004s] -- Set runtime path of "/home/4_fri/bwi_ros2/install/apriltag_msgs/local/lib/python3.10/dist-packages/apriltag_msgs/apriltag_msgs_s__rosidl_typesupport_c.cpython-310-x86_64-linux-gnu.so" to ""
[11.005s] -- Installing: /home/4_fri/bwi_ros2/install/apriltag_msgs/lib/libapriltag_msgs__rosidl_generator_py.so
[11.005s] -- Set runtime path of "/home/4_fri/bwi_ros2/install/apriltag_msgs/lib/libapriltag_msgs__rosidl_generator_py.so" to ""
[11.005s] -- Installing: /home/4_fri/bwi_ros2/install/apriltag_msgs/share/apriltag_msgs/msg/AprilTagDetectionArray.idl
[11.005s] -- Installing: /home/4_fri/bwi_ros2/install/apriltag_msgs/share/apriltag_msgs/msg/AprilTagDetection.idl
[11.005s] -- Installing: /home/4_fri/bwi_ros2/install/apriltag_msgs/share/apriltag_msgs/msg/AprilTagDetectionArray.msg
[11.005s] -- Installing: /home/4_fri/bwi_ros2/install/apriltag_msgs/share/apriltag_msgs/msg/AprilTagDetection.msg
[11.006s] -- Installing: /home/4_fri/bwi_ros2/install/apriltag_msgs/share/ament_index/resource_index/package_run_dependencies/apriltag_msgs
[11.006s] -- Installing: /home/4_fri/bwi_ros2/install/apriltag_msgs/share/ament_index/resource_index/parent_prefix_path/apriltag_msgs
[11.006s] -- Installing: /home/4_fri/bwi_ros2/install/apriltag_msgs/share/apriltag_msgs/environment/ament_prefix_path.sh
[11.006s] -- Installing: /home/4_fri/bwi_ros2/install/apriltag_msgs/share/apriltag_msgs/environment/ament_prefix_path.dsv
[11.006s] -- Installing: /home/4_fri/bwi_ros2/install/apriltag_msgs/share/apriltag_msgs/environment/path.sh
[11.006s] -- Installing: /home/4_fri/bwi_ros2/install/apriltag_msgs/share/apriltag_msgs/environment/path.dsv
[11.006s] -- Installing: /home/4_fri/bwi_ros2/install/apriltag_msgs/share/apriltag_msgs/local_setup.bash
[11.006s] -- Installing: /home/4_fri/bwi_ros2/install/apriltag_msgs/share/apriltag_msgs/local_setup.sh
[11.006s] -- Installing: /home/4_fri/bwi_ros2/install/apriltag_msgs/share/apriltag_msgs/local_setup.zsh
[11.006s] -- Installing: /home/4_fri/bwi_ros2/install/apriltag_msgs/share/apriltag_msgs/local_setup.dsv
[11.006s] -- Installing: /home/4_fri/bwi_ros2/install/apriltag_msgs/share/apriltag_msgs/package.dsv
[11.007s] -- Installing: /home/4_fri/bwi_ros2/install/apriltag_msgs/share/ament_index/resource_index/packages/apriltag_msgs
[11.012s] -- Installing: /home/4_fri/bwi_ros2/install/apriltag_msgs/share/apriltag_msgs/cmake/export_apriltag_msgs__rosidl_generator_cExport.cmake
[11.012s] -- Installing: /home/4_fri/bwi_ros2/install/apriltag_msgs/share/apriltag_msgs/cmake/export_apriltag_msgs__rosidl_generator_cExport-noconfig.cmake
[11.012s] -- Installing: /home/4_fri/bwi_ros2/install/apriltag_msgs/share/apriltag_msgs/cmake/export_apriltag_msgs__rosidl_typesupport_fastrtps_cExport.cmake
[11.012s] -- Installing: /home/4_fri/bwi_ros2/install/apriltag_msgs/share/apriltag_msgs/cmake/export_apriltag_msgs__rosidl_typesupport_fastrtps_cExport-noconfig.cmake
[11.012s] -- Installing: /home/4_fri/bwi_ros2/install/apriltag_msgs/share/apriltag_msgs/cmake/export_apriltag_msgs__rosidl_generator_cppExport.cmake
[11.012s] -- Installing: /home/4_fri/bwi_ros2/install/apriltag_msgs/share/apriltag_msgs/cmake/export_apriltag_msgs__rosidl_typesupport_fastrtps_cppExport.cmake
[11.012s] -- Installing: /home/4_fri/bwi_ros2/install/apriltag_msgs/share/apriltag_msgs/cmake/export_apriltag_msgs__rosidl_typesupport_fastrtps_cppExport-noconfig.cmake
[11.012s] -- Installing: /home/4_fri/bwi_ros2/install/apriltag_msgs/share/apriltag_msgs/cmake/apriltag_msgs__rosidl_typesupport_introspection_cExport.cmake
[11.012s] -- Installing: /home/4_fri/bwi_ros2/install/apriltag_msgs/share/apriltag_msgs/cmake/apriltag_msgs__rosidl_typesupport_introspection_cExport-noconfig.cmake
[11.014s] -- Installing: /home/4_fri/bwi_ros2/install/apriltag_msgs/share/apriltag_msgs/cmake/apriltag_msgs__rosidl_typesupport_cExport.cmake
[11.014s] -- Installing: /home/4_fri/bwi_ros2/install/apriltag_msgs/share/apriltag_msgs/cmake/apriltag_msgs__rosidl_typesupport_cExport-noconfig.cmake
[11.014s] -- Installing: /home/4_fri/bwi_ros2/install/apriltag_msgs/share/apriltag_msgs/cmake/apriltag_msgs__rosidl_typesupport_introspection_cppExport.cmake
[11.014s] -- Installing: /home/4_fri/bwi_ros2/install/apriltag_msgs/share/apriltag_msgs/cmake/apriltag_msgs__rosidl_typesupport_introspection_cppExport-noconfig.cmake
[11.014s] -- Installing: /home/4_fri/bwi_ros2/install/apriltag_msgs/share/apriltag_msgs/cmake/apriltag_msgs__rosidl_typesupport_cppExport.cmake
[11.015s] -- Installing: /home/4_fri/bwi_ros2/install/apriltag_msgs/share/apriltag_msgs/cmake/apriltag_msgs__rosidl_typesupport_cppExport-noconfig.cmake
[11.015s] -- Installing: /home/4_fri/bwi_ros2/install/apriltag_msgs/share/apriltag_msgs/cmake/export_apriltag_msgs__rosidl_generator_pyExport.cmake
[11.015s] -- Installing: /home/4_fri/bwi_ros2/install/apriltag_msgs/share/apriltag_msgs/cmake/export_apriltag_msgs__rosidl_generator_pyExport-noconfig.cmake
[11.016s] -- Installing: /home/4_fri/bwi_ros2/install/apriltag_msgs/share/apriltag_msgs/cmake/rosidl_cmake-extras.cmake
[11.016s] -- Installing: /home/4_fri/bwi_ros2/install/apriltag_msgs/share/apriltag_msgs/cmake/ament_cmake_export_dependencies-extras.cmake
[11.016s] -- Installing: /home/4_fri/bwi_ros2/install/apriltag_msgs/share/apriltag_msgs/cmake/ament_cmake_export_include_directories-extras.cmake
[11.017s] -- Installing: /home/4_fri/bwi_ros2/install/apriltag_msgs/share/apriltag_msgs/cmake/ament_cmake_export_libraries-extras.cmake
[11.017s] -- Installing: /home/4_fri/bwi_ros2/install/apriltag_msgs/share/apriltag_msgs/cmake/ament_cmake_export_targets-extras.cmake
[11.017s] -- Installing: /home/4_fri/bwi_ros2/install/apriltag_msgs/share/apriltag_msgs/cmake/rosidl_cmake_export_typesupport_targets-extras.cmake
[11.018s] -- Installing: /home/4_fri/bwi_ros2/install/apriltag_msgs/share/apriltag_msgs/cmake/rosidl_cmake_export_typesupport_libraries-extras.cmake
[11.018s] -- Installing: /home/4_fri/bwi_ros2/install/apriltag_msgs/share/apriltag_msgs/cmake/apriltag_msgsConfig.cmake
[11.019s] -- Installing: /home/4_fri/bwi_ros2/install/apriltag_msgs/share/apriltag_msgs/cmake/apriltag_msgsConfig-version.cmake
[11.020s] -- Installing: /home/4_fri/bwi_ros2/install/apriltag_msgs/share/apriltag_msgs/package.xml
[11.036s] Invoked command in '/home/4_fri/bwi_ros2/build/apriltag_msgs' returned '0': CMAKE_PREFIX_PATH=/opt/ros/humble /usr/bin/cmake --install /home/4_fri/bwi_ros2/build/apriltag_msgs
