[0.110s] Invoking command in '/home/4_fri/bwi_ros2/build/urg_node2': CMAKE_PREFIX_PATH=/opt/ros/humble /usr/bin/cmake --build /home/4_fri/bwi_ros2/build/urg_node2 -- -j12 -l12
[0.220s] [ 45%] Built target urg_c
[0.220s] [ 55%] Built target gtest_main
[0.220s] [ 65%] Built target gtest
[0.220s] [ 75%] Built target urg_node2_node
[0.264s] [ 90%] Built target urg_node2_test
[0.264s] [100%] Built target urg_node2
[0.310s] Invoked command in '/home/4_fri/bwi_ros2/build/urg_node2' returned '0': CMAKE_PREFIX_PATH=/opt/ros/humble /usr/bin/cmake --build /home/4_fri/bwi_ros2/build/urg_node2 -- -j12 -l12
[0.312s] Invoking command in '/home/4_fri/bwi_ros2/build/urg_node2': CMAKE_PREFIX_PATH=/opt/ros/humble /usr/bin/cmake --install /home/4_fri/bwi_ros2/build/urg_node2
[0.327s] -- Install configuration: ""
[0.327s] -- Up-to-date: /home/4_fri/bwi_ros2/install/urg_node2/lib/urg_node2/urg_node2_node
[0.329s] -- Up-to-date: /home/4_fri/bwi_ros2/install/urg_node2/lib/liburg_node2.so
[0.330s] -- Up-to-date: /home/4_fri/bwi_ros2/install/urg_node2/lib/liburg_c.so
[0.330s] -- Up-to-date: /home/4_fri/bwi_ros2/install/urg_node2/share/urg_node2/launch
[0.330s] -- Up-to-date: /home/4_fri/bwi_ros2/install/urg_node2/share/urg_node2/launch/urg_node2_2lidar.launch.py
[0.330s] -- Up-to-date: /home/4_fri/bwi_ros2/install/urg_node2/share/urg_node2/launch/urg_node2.launch.py
[0.331s] -- Up-to-date: /home/4_fri/bwi_ros2/install/urg_node2/share/urg_node2/launch/urg_node2_component.launch.py
[0.331s] -- Up-to-date: /home/4_fri/bwi_ros2/install/urg_node2/share/urg_node2/config
[0.331s] -- Up-to-date: /home/4_fri/bwi_ros2/install/urg_node2/share/urg_node2/config/params_serial.yaml
[0.331s] -- Up-to-date: /home/4_fri/bwi_ros2/install/urg_node2/share/urg_node2/config/params_ether.yaml
[0.331s] -- Up-to-date: /home/4_fri/bwi_ros2/install/urg_node2/share/urg_node2/config/params_ether_2nd.yaml
[0.331s] -- Up-to-date: /home/4_fri/bwi_ros2/install/urg_node2/share/ament_index/resource_index/package_run_dependencies/urg_node2
[0.331s] -- Up-to-date: /home/4_fri/bwi_ros2/install/urg_node2/share/ament_index/resource_index/parent_prefix_path/urg_node2
[0.331s] -- Up-to-date: /home/4_fri/bwi_ros2/install/urg_node2/share/urg_node2/environment/ament_prefix_path.sh
[0.332s] -- Up-to-date: /home/4_fri/bwi_ros2/install/urg_node2/share/urg_node2/environment/ament_prefix_path.dsv
[0.333s] -- Up-to-date: /home/4_fri/bwi_ros2/install/urg_node2/share/urg_node2/environment/path.sh
[0.333s] -- Up-to-date: /home/4_fri/bwi_ros2/install/urg_node2/share/urg_node2/environment/path.dsv
[0.334s] -- Up-to-date: /home/4_fri/bwi_ros2/install/urg_node2/share/urg_node2/local_setup.bash
[0.334s] -- Up-to-date: /home/4_fri/bwi_ros2/install/urg_node2/share/urg_node2/local_setup.sh
[0.334s] -- Up-to-date: /home/4_fri/bwi_ros2/install/urg_node2/share/urg_node2/local_setup.zsh
[0.335s] -- Up-to-date: /home/4_fri/bwi_ros2/install/urg_node2/share/urg_node2/local_setup.dsv
[0.335s] -- Installing: /home/4_fri/bwi_ros2/install/urg_node2/share/urg_node2/package.dsv
[0.335s] -- Up-to-date: /home/4_fri/bwi_ros2/install/urg_node2/share/ament_index/resource_index/packages/urg_node2
[0.335s] -- Up-to-date: /home/4_fri/bwi_ros2/install/urg_node2/share/ament_index/resource_index/rclcpp_components/urg_node2
[0.335s] -- Up-to-date: /home/4_fri/bwi_ros2/install/urg_node2/share/urg_node2/cmake/urg_node2Config.cmake
[0.336s] -- Up-to-date: /home/4_fri/bwi_ros2/install/urg_node2/share/urg_node2/cmake/urg_node2Config-version.cmake
[0.336s] -- Up-to-date: /home/4_fri/bwi_ros2/install/urg_node2/share/urg_node2/package.xml
[0.370s] Invoked command in '/home/4_fri/bwi_ros2/build/urg_node2' returned '0': CMAKE_PREFIX_PATH=/opt/ros/humble /usr/bin/cmake --install /home/4_fri/bwi_ros2/build/urg_node2
