[0.129s] Invoking command in '/home/4_fri/bwi_ros2/build/spatial_transforms': AMENT_PREFIX_PATH=/home/4_fri/bwi_ros2/install/spatial_utils:${AMENT_PREFIX_PATH} CMAKE_PREFIX_PATH=/home/4_fri/bwi_ros2/install/spatial_utils:/opt/ros/humble LD_LIBRARY_PATH=/home/4_fri/bwi_ros2/install/spatial_utils/lib:${LD_LIBRARY_PATH} /usr/bin/cmake --build /home/4_fri/bwi_ros2/build/spatial_transforms -- -j12 -l12
[0.255s] [ 50%] Built target tf_listener_node
[0.255s] [100%] Built target spatial_transform_node
[0.284s] Invoked command in '/home/4_fri/bwi_ros2/build/spatial_transforms' returned '0': AMENT_PREFIX_PATH=/home/4_fri/bwi_ros2/install/spatial_utils:${AMENT_PREFIX_PATH} CMAKE_PREFIX_PATH=/home/4_fri/bwi_ros2/install/spatial_utils:/opt/ros/humble LD_LIBRARY_PATH=/home/4_fri/bwi_ros2/install/spatial_utils/lib:${LD_LIBRARY_PATH} /usr/bin/cmake --build /home/4_fri/bwi_ros2/build/spatial_transforms -- -j12 -l12
[0.285s] Invoking command in '/home/4_fri/bwi_ros2/build/spatial_transforms': AMENT_PREFIX_PATH=/home/4_fri/bwi_ros2/install/spatial_utils:${AMENT_PREFIX_PATH} CMAKE_PREFIX_PATH=/home/4_fri/bwi_ros2/install/spatial_utils:/opt/ros/humble LD_LIBRARY_PATH=/home/4_fri/bwi_ros2/install/spatial_utils/lib:${LD_LIBRARY_PATH} /usr/bin/cmake --install /home/4_fri/bwi_ros2/build/spatial_transforms
[0.300s] -- Install configuration: ""
[0.300s] -- Up-to-date: /home/4_fri/bwi_ros2/install/spatial_transforms/lib/spatial_transforms/spatial_transform_node
[0.300s] -- Up-to-date: /home/4_fri/bwi_ros2/install/spatial_transforms/lib/spatial_transforms/tf_listener_node
[0.301s] -- Up-to-date: /home/4_fri/bwi_ros2/install/spatial_transforms/share/ament_index/resource_index/package_run_dependencies/spatial_transforms
[0.304s] -- Up-to-date: /home/4_fri/bwi_ros2/install/spatial_transforms/share/ament_index/resource_index/parent_prefix_path/spatial_transforms
[0.305s] -- Up-to-date: /home/4_fri/bwi_ros2/install/spatial_transforms/share/spatial_transforms/environment/ament_prefix_path.sh
[0.305s] -- Up-to-date: /home/4_fri/bwi_ros2/install/spatial_transforms/share/spatial_transforms/environment/ament_prefix_path.dsv
[0.305s] -- Up-to-date: /home/4_fri/bwi_ros2/install/spatial_transforms/share/spatial_transforms/environment/path.sh
[0.305s] -- Up-to-date: /home/4_fri/bwi_ros2/install/spatial_transforms/share/spatial_transforms/environment/path.dsv
[0.305s] -- Up-to-date: /home/4_fri/bwi_ros2/install/spatial_transforms/share/spatial_transforms/local_setup.bash
[0.305s] -- Up-to-date: /home/4_fri/bwi_ros2/install/spatial_transforms/share/spatial_transforms/local_setup.sh
[0.305s] -- Up-to-date: /home/4_fri/bwi_ros2/install/spatial_transforms/share/spatial_transforms/local_setup.zsh
[0.306s] -- Up-to-date: /home/4_fri/bwi_ros2/install/spatial_transforms/share/spatial_transforms/local_setup.dsv
[0.306s] -- Installing: /home/4_fri/bwi_ros2/install/spatial_transforms/share/spatial_transforms/package.dsv
[0.306s] -- Up-to-date: /home/4_fri/bwi_ros2/install/spatial_transforms/share/ament_index/resource_index/packages/spatial_transforms
[0.306s] -- Up-to-date: /home/4_fri/bwi_ros2/install/spatial_transforms/share/spatial_transforms/cmake/ament_cmake_export_dependencies-extras.cmake
[0.306s] -- Up-to-date: /home/4_fri/bwi_ros2/install/spatial_transforms/share/spatial_transforms/cmake/ament_cmake_export_include_directories-extras.cmake
[0.306s] -- Up-to-date: /home/4_fri/bwi_ros2/install/spatial_transforms/share/spatial_transforms/cmake/spatial_transformsConfig.cmake
[0.306s] -- Up-to-date: /home/4_fri/bwi_ros2/install/spatial_transforms/share/spatial_transforms/cmake/spatial_transformsConfig-version.cmake
[0.306s] -- Up-to-date: /home/4_fri/bwi_ros2/install/spatial_transforms/share/spatial_transforms/package.xml
[0.317s] Invoked command in '/home/4_fri/bwi_ros2/build/spatial_transforms' returned '0': AMENT_PREFIX_PATH=/home/4_fri/bwi_ros2/install/spatial_utils:${AMENT_PREFIX_PATH} CMAKE_PREFIX_PATH=/home/4_fri/bwi_ros2/install/spatial_utils:/opt/ros/humble LD_LIBRARY_PATH=/home/4_fri/bwi_ros2/install/spatial_utils/lib:${LD_LIBRARY_PATH} /usr/bin/cmake --install /home/4_fri/bwi_ros2/build/spatial_transforms
