[0.049s] Invoking command in '/home/4_fri/bwi_ros2/build/apriltag_msgs': CMAKE_PREFIX_PATH=${CMAKE_PREFIX_PATH}:/home/4_fri/bwi_ros2/install/scan_prox_filter:/home/4_fri/bwi_ros2/install/scan_filter:/opt/ros/humble /usr/bin/cmake --build /home/4_fri/bwi_ros2/build/apriltag_msgs -- -j12 -l12
[0.815s] [ 10%] Built target apriltag_msgs__rosidl_generator_c
[0.816s] [ 12%] Built target apriltag_msgs__cpp
[0.816s] [ 12%] Built target ament_cmake_python_copy_apriltag_msgs
[0.816s] [ 23%] Built target apriltag_msgs__rosidl_typesupport_introspection_c
[0.816s] [ 33%] Built target apriltag_msgs__rosidl_typesupport_c
[0.817s] [ 43%] Built target apriltag_msgs__rosidl_typesupport_cpp
[0.817s] [ 53%] Built target apriltag_msgs__rosidl_typesupport_introspection_cpp
[0.817s] [ 64%] Built target apriltag_msgs__rosidl_typesupport_fastrtps_c
[0.817s] [ 74%] Built target apriltag_msgs__rosidl_typesupport_fastrtps_cpp
[0.817s] [ 74%] Built target apriltag_msgs
[0.817s] [ 76%] Built target apriltag_msgs__py
[0.817s] [ 84%] Built target apriltag_msgs__rosidl_generator_py
[0.817s] [ 89%] Built target apriltag_msgs__rosidl_typesupport_introspection_c__pyext
[0.818s] [ 94%] Built target apriltag_msgs__rosidl_typesupport_fastrtps_c__pyext
[0.818s] [100%] Built target apriltag_msgs__rosidl_typesupport_c__pyext
[0.818s] running egg_info
[0.818s] writing apriltag_msgs.egg-info/PKG-INFO
[0.818s] writing dependency_links to apriltag_msgs.egg-info/dependency_links.txt
[0.818s] writing top-level names to apriltag_msgs.egg-info/top_level.txt
[0.818s] reading manifest file 'apriltag_msgs.egg-info/SOURCES.txt'
[0.818s] writing manifest file 'apriltag_msgs.egg-info/SOURCES.txt'
[0.818s] [100%] Built target ament_cmake_python_build_apriltag_msgs_egg
[0.841s] Invoked command in '/home/4_fri/bwi_ros2/build/apriltag_msgs' returned '0': CMAKE_PREFIX_PATH=${CMAKE_PREFIX_PATH}:/home/4_fri/bwi_ros2/install/scan_prox_filter:/home/4_fri/bwi_ros2/install/scan_filter:/opt/ros/humble /usr/bin/cmake --build /home/4_fri/bwi_ros2/build/apriltag_msgs -- -j12 -l12
[0.865s] Invoking command in '/home/4_fri/bwi_ros2/build/apriltag_msgs': CMAKE_PREFIX_PATH=${CMAKE_PREFIX_PATH}:/home/4_fri/bwi_ros2/install/scan_prox_filter:/home/4_fri/bwi_ros2/install/scan_filter:/opt/ros/humble /usr/bin/cmake --install /home/4_fri/bwi_ros2/build/apriltag_msgs
[0.875s] -- Install configuration: ""
[0.875s] -- Up-to-date: /home/4_fri/bwi_ros2/install/apriltag_msgs/share/ament_index/resource_index/rosidl_interfaces/apriltag_msgs
[0.875s] -- Up-to-date: /home/4_fri/bwi_ros2/install/apriltag_msgs/include/apriltag_msgs/apriltag_msgs
[0.875s] -- Up-to-date: /home/4_fri/bwi_ros2/install/apriltag_msgs/include/apriltag_msgs/apriltag_msgs/msg
[0.875s] -- Up-to-date: /home/4_fri/bwi_ros2/install/apriltag_msgs/include/apriltag_msgs/apriltag_msgs/msg/april_tag_detection_array.h
[0.875s] -- Up-to-date: /home/4_fri/bwi_ros2/install/apriltag_msgs/include/apriltag_msgs/apriltag_msgs/msg/april_tag_detection.h
[0.875s] -- Up-to-date: /home/4_fri/bwi_ros2/install/apriltag_msgs/include/apriltag_msgs/apriltag_msgs/msg/detail
[0.875s] -- Up-to-date: /home/4_fri/bwi_ros2/install/apriltag_msgs/include/apriltag_msgs/apriltag_msgs/msg/detail/april_tag_detection__struct.h
[0.875s] -- Up-to-date: /home/4_fri/bwi_ros2/install/apriltag_msgs/include/apriltag_msgs/apriltag_msgs/msg/detail/april_tag_detection_array__type_support.h
[0.875s] -- Up-to-date: /home/4_fri/bwi_ros2/install/apriltag_msgs/include/apriltag_msgs/apriltag_msgs/msg/detail/april_tag_detection_array__struct.h
[0.875s] -- Up-to-date: /home/4_fri/bwi_ros2/install/apriltag_msgs/include/apriltag_msgs/apriltag_msgs/msg/detail/april_tag_detection_array__functions.h
[0.875s] -- Up-to-date: /home/4_fri/bwi_ros2/install/apriltag_msgs/include/apriltag_msgs/apriltag_msgs/msg/detail/april_tag_detection__type_support.h
[0.875s] -- Up-to-date: /home/4_fri/bwi_ros2/install/apriltag_msgs/include/apriltag_msgs/apriltag_msgs/msg/detail/april_tag_detection__functions.c
[0.875s] -- Up-to-date: /home/4_fri/bwi_ros2/install/apriltag_msgs/include/apriltag_msgs/apriltag_msgs/msg/detail/april_tag_detection_array__functions.c
[0.875s] -- Up-to-date: /home/4_fri/bwi_ros2/install/apriltag_msgs/include/apriltag_msgs/apriltag_msgs/msg/detail/april_tag_detection__functions.h
[0.875s] -- Up-to-date: /home/4_fri/bwi_ros2/install/apriltag_msgs/include/apriltag_msgs/apriltag_msgs/msg/rosidl_generator_c__visibility_control.h
[0.876s] -- Up-to-date: /home/4_fri/bwi_ros2/install/apriltag_msgs/share/apriltag_msgs/environment/library_path.sh
[0.876s] -- Up-to-date: /home/4_fri/bwi_ros2/install/apriltag_msgs/share/apriltag_msgs/environment/library_path.dsv
[0.876s] -- Up-to-date: /home/4_fri/bwi_ros2/install/apriltag_msgs/lib/libapriltag_msgs__rosidl_generator_c.so
[0.876s] -- Up-to-date: /home/4_fri/bwi_ros2/install/apriltag_msgs/include/apriltag_msgs/apriltag_msgs
[0.876s] -- Up-to-date: /home/4_fri/bwi_ros2/install/apriltag_msgs/include/apriltag_msgs/apriltag_msgs/msg
[0.876s] -- Up-to-date: /home/4_fri/bwi_ros2/install/apriltag_msgs/include/apriltag_msgs/apriltag_msgs/msg/detail
[0.876s] -- Up-to-date: /home/4_fri/bwi_ros2/install/apriltag_msgs/include/apriltag_msgs/apriltag_msgs/msg/detail/april_tag_detection_array__rosidl_typesupport_fastrtps_c.h
[0.876s] -- Up-to-date: /home/4_fri/bwi_ros2/install/apriltag_msgs/include/apriltag_msgs/apriltag_msgs/msg/detail/april_tag_detection__rosidl_typesupport_fastrtps_c.h
[0.876s] -- Up-to-date: /home/4_fri/bwi_ros2/install/apriltag_msgs/include/apriltag_msgs/apriltag_msgs/msg/rosidl_typesupport_fastrtps_c__visibility_control.h
[0.876s] -- Up-to-date: /home/4_fri/bwi_ros2/install/apriltag_msgs/lib/libapriltag_msgs__rosidl_typesupport_fastrtps_c.so
[0.876s] -- Up-to-date: /home/4_fri/bwi_ros2/install/apriltag_msgs/include/apriltag_msgs/apriltag_msgs
[0.876s] -- Up-to-date: /home/4_fri/bwi_ros2/install/apriltag_msgs/include/apriltag_msgs/apriltag_msgs/msg
[0.877s] -- Up-to-date: /home/4_fri/bwi_ros2/install/apriltag_msgs/include/apriltag_msgs/apriltag_msgs/msg/rosidl_generator_cpp__visibility_control.hpp
[0.877s] -- Up-to-date: /home/4_fri/bwi_ros2/install/apriltag_msgs/include/apriltag_msgs/apriltag_msgs/msg/april_tag_detection_array.hpp
[0.877s] -- Up-to-date: /home/4_fri/bwi_ros2/install/apriltag_msgs/include/apriltag_msgs/apriltag_msgs/msg/april_tag_detection.hpp
[0.877s] -- Up-to-date: /home/4_fri/bwi_ros2/install/apriltag_msgs/include/apriltag_msgs/apriltag_msgs/msg/detail
[0.877s] -- Up-to-date: /home/4_fri/bwi_ros2/install/apriltag_msgs/include/apriltag_msgs/apriltag_msgs/msg/detail/april_tag_detection_array__builder.hpp
[0.877s] -- Up-to-date: /home/4_fri/bwi_ros2/install/apriltag_msgs/include/apriltag_msgs/apriltag_msgs/msg/detail/april_tag_detection__traits.hpp
[0.877s] -- Up-to-date: /home/4_fri/bwi_ros2/install/apriltag_msgs/include/apriltag_msgs/apriltag_msgs/msg/detail/april_tag_detection__struct.hpp
[0.877s] -- Up-to-date: /home/4_fri/bwi_ros2/install/apriltag_msgs/include/apriltag_msgs/apriltag_msgs/msg/detail/april_tag_detection_array__type_support.hpp
[0.877s] -- Up-to-date: /home/4_fri/bwi_ros2/install/apriltag_msgs/include/apriltag_msgs/apriltag_msgs/msg/detail/april_tag_detection_array__struct.hpp
[0.877s] -- Up-to-date: /home/4_fri/bwi_ros2/install/apriltag_msgs/include/apriltag_msgs/apriltag_msgs/msg/detail/april_tag_detection__builder.hpp
[0.877s] -- Up-to-date: /home/4_fri/bwi_ros2/install/apriltag_msgs/include/apriltag_msgs/apriltag_msgs/msg/detail/april_tag_detection__type_support.hpp
[0.877s] -- Up-to-date: /home/4_fri/bwi_ros2/install/apriltag_msgs/include/apriltag_msgs/apriltag_msgs/msg/detail/april_tag_detection_array__traits.hpp
[0.877s] -- Up-to-date: /home/4_fri/bwi_ros2/install/apriltag_msgs/include/apriltag_msgs/apriltag_msgs
[0.877s] -- Up-to-date: /home/4_fri/bwi_ros2/install/apriltag_msgs/include/apriltag_msgs/apriltag_msgs/msg
[0.877s] -- Up-to-date: /home/4_fri/bwi_ros2/install/apriltag_msgs/include/apriltag_msgs/apriltag_msgs/msg/detail
[0.877s] -- Up-to-date: /home/4_fri/bwi_ros2/install/apriltag_msgs/include/apriltag_msgs/apriltag_msgs/msg/detail/april_tag_detection_array__rosidl_typesupport_fastrtps_cpp.hpp
[0.877s] -- Up-to-date: /home/4_fri/bwi_ros2/install/apriltag_msgs/include/apriltag_msgs/apriltag_msgs/msg/detail/april_tag_detection__rosidl_typesupport_fastrtps_cpp.hpp
[0.878s] -- Up-to-date: /home/4_fri/bwi_ros2/install/apriltag_msgs/include/apriltag_msgs/apriltag_msgs/msg/detail/dds_fastrtps
[0.878s] -- Up-to-date: /home/4_fri/bwi_ros2/install/apriltag_msgs/include/apriltag_msgs/apriltag_msgs/msg/rosidl_typesupport_fastrtps_cpp__visibility_control.h
[0.878s] -- Up-to-date: /home/4_fri/bwi_ros2/install/apriltag_msgs/lib/libapriltag_msgs__rosidl_typesupport_fastrtps_cpp.so
[0.878s] -- Up-to-date: /home/4_fri/bwi_ros2/install/apriltag_msgs/include/apriltag_msgs/apriltag_msgs
[0.878s] -- Up-to-date: /home/4_fri/bwi_ros2/install/apriltag_msgs/include/apriltag_msgs/apriltag_msgs/msg
[0.878s] -- Up-to-date: /home/4_fri/bwi_ros2/install/apriltag_msgs/include/apriltag_msgs/apriltag_msgs/msg/rosidl_typesupport_introspection_c__visibility_control.h
[0.878s] -- Up-to-date: /home/4_fri/bwi_ros2/install/apriltag_msgs/include/apriltag_msgs/apriltag_msgs/msg/detail
[0.878s] -- Up-to-date: /home/4_fri/bwi_ros2/install/apriltag_msgs/include/apriltag_msgs/apriltag_msgs/msg/detail/april_tag_detection__rosidl_typesupport_introspection_c.h
[0.878s] -- Up-to-date: /home/4_fri/bwi_ros2/install/apriltag_msgs/include/apriltag_msgs/apriltag_msgs/msg/detail/april_tag_detection__type_support.c
[0.878s] -- Up-to-date: /home/4_fri/bwi_ros2/install/apriltag_msgs/include/apriltag_msgs/apriltag_msgs/msg/detail/april_tag_detection_array__type_support.c
[0.879s] -- Up-to-date: /home/4_fri/bwi_ros2/install/apriltag_msgs/include/apriltag_msgs/apriltag_msgs/msg/detail/april_tag_detection_array__rosidl_typesupport_introspection_c.h
[0.879s] -- Up-to-date: /home/4_fri/bwi_ros2/install/apriltag_msgs/lib/libapriltag_msgs__rosidl_typesupport_introspection_c.so
[0.879s] -- Up-to-date: /home/4_fri/bwi_ros2/install/apriltag_msgs/lib/libapriltag_msgs__rosidl_typesupport_c.so
[0.879s] -- Up-to-date: /home/4_fri/bwi_ros2/install/apriltag_msgs/include/apriltag_msgs/apriltag_msgs
[0.879s] -- Up-to-date: /home/4_fri/bwi_ros2/install/apriltag_msgs/include/apriltag_msgs/apriltag_msgs/msg
[0.879s] -- Up-to-date: /home/4_fri/bwi_ros2/install/apriltag_msgs/include/apriltag_msgs/apriltag_msgs/msg/detail
[0.879s] -- Up-to-date: /home/4_fri/bwi_ros2/install/apriltag_msgs/include/apriltag_msgs/apriltag_msgs/msg/detail/april_tag_detection_array__type_support.cpp
[0.879s] -- Up-to-date: /home/4_fri/bwi_ros2/install/apriltag_msgs/include/apriltag_msgs/apriltag_msgs/msg/detail/april_tag_detection__type_support.cpp
[0.879s] -- Up-to-date: /home/4_fri/bwi_ros2/install/apriltag_msgs/include/apriltag_msgs/apriltag_msgs/msg/detail/april_tag_detection__rosidl_typesupport_introspection_cpp.hpp
[0.879s] -- Up-to-date: /home/4_fri/bwi_ros2/install/apriltag_msgs/include/apriltag_msgs/apriltag_msgs/msg/detail/april_tag_detection_array__rosidl_typesupport_introspection_cpp.hpp
[0.879s] -- Up-to-date: /home/4_fri/bwi_ros2/install/apriltag_msgs/lib/libapriltag_msgs__rosidl_typesupport_introspection_cpp.so
[0.879s] -- Up-to-date: /home/4_fri/bwi_ros2/install/apriltag_msgs/lib/libapriltag_msgs__rosidl_typesupport_cpp.so
[0.879s] -- Up-to-date: /home/4_fri/bwi_ros2/install/apriltag_msgs/share/apriltag_msgs/environment/pythonpath.sh
[0.879s] -- Up-to-date: /home/4_fri/bwi_ros2/install/apriltag_msgs/share/apriltag_msgs/environment/pythonpath.dsv
[0.880s] -- Up-to-date: /home/4_fri/bwi_ros2/install/apriltag_msgs/local/lib/python3.10/dist-packages/apriltag_msgs-0.0.0-py3.10.egg-info
[0.880s] -- Installing: /home/4_fri/bwi_ros2/install/apriltag_msgs/local/lib/python3.10/dist-packages/apriltag_msgs-0.0.0-py3.10.egg-info/SOURCES.txt
[0.880s] -- Installing: /home/4_fri/bwi_ros2/install/apriltag_msgs/local/lib/python3.10/dist-packages/apriltag_msgs-0.0.0-py3.10.egg-info/top_level.txt
[0.880s] -- Installing: /home/4_fri/bwi_ros2/install/apriltag_msgs/local/lib/python3.10/dist-packages/apriltag_msgs-0.0.0-py3.10.egg-info/PKG-INFO
[0.880s] -- Installing: /home/4_fri/bwi_ros2/install/apriltag_msgs/local/lib/python3.10/dist-packages/apriltag_msgs-0.0.0-py3.10.egg-info/dependency_links.txt
[0.880s] -- Up-to-date: /home/4_fri/bwi_ros2/install/apriltag_msgs/local/lib/python3.10/dist-packages/apriltag_msgs
[0.880s] -- Up-to-date: /home/4_fri/bwi_ros2/install/apriltag_msgs/local/lib/python3.10/dist-packages/apriltag_msgs/msg
[0.880s] -- Up-to-date: /home/4_fri/bwi_ros2/install/apriltag_msgs/local/lib/python3.10/dist-packages/apriltag_msgs/msg/_april_tag_detection.py
[0.880s] -- Up-to-date: /home/4_fri/bwi_ros2/install/apriltag_msgs/local/lib/python3.10/dist-packages/apriltag_msgs/msg/_april_tag_detection_s.c
[0.880s] -- Up-to-date: /home/4_fri/bwi_ros2/install/apriltag_msgs/local/lib/python3.10/dist-packages/apriltag_msgs/msg/__init__.py
[0.880s] -- Up-to-date: /home/4_fri/bwi_ros2/install/apriltag_msgs/local/lib/python3.10/dist-packages/apriltag_msgs/msg/_april_tag_detection_array.py
[0.880s] -- Up-to-date: /home/4_fri/bwi_ros2/install/apriltag_msgs/local/lib/python3.10/dist-packages/apriltag_msgs/msg/_april_tag_detection_array_s.c
[0.880s] -- Up-to-date: /home/4_fri/bwi_ros2/install/apriltag_msgs/local/lib/python3.10/dist-packages/apriltag_msgs/_apriltag_msgs_s.ep.rosidl_typesupport_c.c
[0.880s] -- Up-to-date: /home/4_fri/bwi_ros2/install/apriltag_msgs/local/lib/python3.10/dist-packages/apriltag_msgs/apriltag_msgs_s__rosidl_typesupport_introspection_c.cpython-310-x86_64-linux-gnu.so
[0.880s] -- Up-to-date: /home/4_fri/bwi_ros2/install/apriltag_msgs/local/lib/python3.10/dist-packages/apriltag_msgs/__init__.py
[0.881s] -- Up-to-date: /home/4_fri/bwi_ros2/install/apriltag_msgs/local/lib/python3.10/dist-packages/apriltag_msgs/_apriltag_msgs_s.ep.rosidl_typesupport_fastrtps_c.c
[0.881s] -- Up-to-date: /home/4_fri/bwi_ros2/install/apriltag_msgs/local/lib/python3.10/dist-packages/apriltag_msgs/libapriltag_msgs__rosidl_generator_py.so
[0.881s] -- Up-to-date: /home/4_fri/bwi_ros2/install/apriltag_msgs/local/lib/python3.10/dist-packages/apriltag_msgs/_apriltag_msgs_s.ep.rosidl_typesupport_introspection_c.c
[0.881s] -- Up-to-date: /home/4_fri/bwi_ros2/install/apriltag_msgs/local/lib/python3.10/dist-packages/apriltag_msgs/apriltag_msgs_s__rosidl_typesupport_fastrtps_c.cpython-310-x86_64-linux-gnu.so
[0.881s] -- Up-to-date: /home/4_fri/bwi_ros2/install/apriltag_msgs/local/lib/python3.10/dist-packages/apriltag_msgs/apriltag_msgs_s__rosidl_typesupport_c.cpython-310-x86_64-linux-gnu.so
[0.895s] Listing '/home/4_fri/bwi_ros2/install/apriltag_msgs/local/lib/python3.10/dist-packages/apriltag_msgs'...
[0.895s] Listing '/home/4_fri/bwi_ros2/install/apriltag_msgs/local/lib/python3.10/dist-packages/apriltag_msgs/msg'...
[0.897s] -- Up-to-date: /home/4_fri/bwi_ros2/install/apriltag_msgs/local/lib/python3.10/dist-packages/apriltag_msgs/apriltag_msgs_s__rosidl_typesupport_fastrtps_c.cpython-310-x86_64-linux-gnu.so
[0.899s] -- Up-to-date: /home/4_fri/bwi_ros2/install/apriltag_msgs/local/lib/python3.10/dist-packages/apriltag_msgs/apriltag_msgs_s__rosidl_typesupport_introspection_c.cpython-310-x86_64-linux-gnu.so
[0.903s] -- Up-to-date: /home/4_fri/bwi_ros2/install/apriltag_msgs/local/lib/python3.10/dist-packages/apriltag_msgs/apriltag_msgs_s__rosidl_typesupport_c.cpython-310-x86_64-linux-gnu.so
[0.903s] -- Up-to-date: /home/4_fri/bwi_ros2/install/apriltag_msgs/lib/libapriltag_msgs__rosidl_generator_py.so
[0.903s] -- Up-to-date: /home/4_fri/bwi_ros2/install/apriltag_msgs/share/apriltag_msgs/msg/AprilTagDetectionArray.idl
[0.903s] -- Up-to-date: /home/4_fri/bwi_ros2/install/apriltag_msgs/share/apriltag_msgs/msg/AprilTagDetection.idl
[0.903s] -- Up-to-date: /home/4_fri/bwi_ros2/install/apriltag_msgs/share/apriltag_msgs/msg/AprilTagDetectionArray.msg
[0.903s] -- Up-to-date: /home/4_fri/bwi_ros2/install/apriltag_msgs/share/apriltag_msgs/msg/AprilTagDetection.msg
[0.903s] -- Up-to-date: /home/4_fri/bwi_ros2/install/apriltag_msgs/share/ament_index/resource_index/package_run_dependencies/apriltag_msgs
[0.903s] -- Up-to-date: /home/4_fri/bwi_ros2/install/apriltag_msgs/share/ament_index/resource_index/parent_prefix_path/apriltag_msgs
[0.903s] -- Up-to-date: /home/4_fri/bwi_ros2/install/apriltag_msgs/share/apriltag_msgs/environment/ament_prefix_path.sh
[0.903s] -- Up-to-date: /home/4_fri/bwi_ros2/install/apriltag_msgs/share/apriltag_msgs/environment/ament_prefix_path.dsv
[0.903s] -- Up-to-date: /home/4_fri/bwi_ros2/install/apriltag_msgs/share/apriltag_msgs/environment/path.sh
[0.903s] -- Up-to-date: /home/4_fri/bwi_ros2/install/apriltag_msgs/share/apriltag_msgs/environment/path.dsv
[0.903s] -- Up-to-date: /home/4_fri/bwi_ros2/install/apriltag_msgs/share/apriltag_msgs/local_setup.bash
[0.904s] -- Up-to-date: /home/4_fri/bwi_ros2/install/apriltag_msgs/share/apriltag_msgs/local_setup.sh
[0.904s] -- Up-to-date: /home/4_fri/bwi_ros2/install/apriltag_msgs/share/apriltag_msgs/local_setup.zsh
[0.904s] -- Up-to-date: /home/4_fri/bwi_ros2/install/apriltag_msgs/share/apriltag_msgs/local_setup.dsv
[0.904s] -- Installing: /home/4_fri/bwi_ros2/install/apriltag_msgs/share/apriltag_msgs/package.dsv
[0.904s] -- Up-to-date: /home/4_fri/bwi_ros2/install/apriltag_msgs/share/ament_index/resource_index/packages/apriltag_msgs
[0.904s] -- Up-to-date: /home/4_fri/bwi_ros2/install/apriltag_msgs/share/apriltag_msgs/cmake/export_apriltag_msgs__rosidl_generator_cExport.cmake
[0.904s] -- Up-to-date: /home/4_fri/bwi_ros2/install/apriltag_msgs/share/apriltag_msgs/cmake/export_apriltag_msgs__rosidl_generator_cExport-noconfig.cmake
[0.904s] -- Up-to-date: /home/4_fri/bwi_ros2/install/apriltag_msgs/share/apriltag_msgs/cmake/export_apriltag_msgs__rosidl_typesupport_fastrtps_cExport.cmake
[0.904s] -- Up-to-date: /home/4_fri/bwi_ros2/install/apriltag_msgs/share/apriltag_msgs/cmake/export_apriltag_msgs__rosidl_typesupport_fastrtps_cExport-noconfig.cmake
[0.904s] -- Up-to-date: /home/4_fri/bwi_ros2/install/apriltag_msgs/share/apriltag_msgs/cmake/export_apriltag_msgs__rosidl_generator_cppExport.cmake
[0.904s] -- Up-to-date: /home/4_fri/bwi_ros2/install/apriltag_msgs/share/apriltag_msgs/cmake/export_apriltag_msgs__rosidl_typesupport_fastrtps_cppExport.cmake
[0.904s] -- Up-to-date: /home/4_fri/bwi_ros2/install/apriltag_msgs/share/apriltag_msgs/cmake/export_apriltag_msgs__rosidl_typesupport_fastrtps_cppExport-noconfig.cmake
[0.904s] -- Up-to-date: /home/4_fri/bwi_ros2/install/apriltag_msgs/share/apriltag_msgs/cmake/apriltag_msgs__rosidl_typesupport_introspection_cExport.cmake
[0.904s] -- Up-to-date: /home/4_fri/bwi_ros2/install/apriltag_msgs/share/apriltag_msgs/cmake/apriltag_msgs__rosidl_typesupport_introspection_cExport-noconfig.cmake
[0.904s] -- Up-to-date: /home/4_fri/bwi_ros2/install/apriltag_msgs/share/apriltag_msgs/cmake/apriltag_msgs__rosidl_typesupport_cExport.cmake
[0.904s] -- Up-to-date: /home/4_fri/bwi_ros2/install/apriltag_msgs/share/apriltag_msgs/cmake/apriltag_msgs__rosidl_typesupport_cExport-noconfig.cmake
[0.905s] -- Up-to-date: /home/4_fri/bwi_ros2/install/apriltag_msgs/share/apriltag_msgs/cmake/apriltag_msgs__rosidl_typesupport_introspection_cppExport.cmake
[0.905s] -- Up-to-date: /home/4_fri/bwi_ros2/install/apriltag_msgs/share/apriltag_msgs/cmake/apriltag_msgs__rosidl_typesupport_introspection_cppExport-noconfig.cmake
[0.905s] -- Up-to-date: /home/4_fri/bwi_ros2/install/apriltag_msgs/share/apriltag_msgs/cmake/apriltag_msgs__rosidl_typesupport_cppExport.cmake
[0.905s] -- Up-to-date: /home/4_fri/bwi_ros2/install/apriltag_msgs/share/apriltag_msgs/cmake/apriltag_msgs__rosidl_typesupport_cppExport-noconfig.cmake
[0.905s] -- Up-to-date: /home/4_fri/bwi_ros2/install/apriltag_msgs/share/apriltag_msgs/cmake/export_apriltag_msgs__rosidl_generator_pyExport.cmake
[0.905s] -- Up-to-date: /home/4_fri/bwi_ros2/install/apriltag_msgs/share/apriltag_msgs/cmake/export_apriltag_msgs__rosidl_generator_pyExport-noconfig.cmake
[0.905s] -- Up-to-date: /home/4_fri/bwi_ros2/install/apriltag_msgs/share/apriltag_msgs/cmake/rosidl_cmake-extras.cmake
[0.905s] -- Up-to-date: /home/4_fri/bwi_ros2/install/apriltag_msgs/share/apriltag_msgs/cmake/ament_cmake_export_dependencies-extras.cmake
[0.905s] -- Up-to-date: /home/4_fri/bwi_ros2/install/apriltag_msgs/share/apriltag_msgs/cmake/ament_cmake_export_include_directories-extras.cmake
[0.905s] -- Up-to-date: /home/4_fri/bwi_ros2/install/apriltag_msgs/share/apriltag_msgs/cmake/ament_cmake_export_libraries-extras.cmake
[0.905s] -- Up-to-date: /home/4_fri/bwi_ros2/install/apriltag_msgs/share/apriltag_msgs/cmake/ament_cmake_export_targets-extras.cmake
[0.905s] -- Up-to-date: /home/4_fri/bwi_ros2/install/apriltag_msgs/share/apriltag_msgs/cmake/rosidl_cmake_export_typesupport_targets-extras.cmake
[0.905s] -- Up-to-date: /home/4_fri/bwi_ros2/install/apriltag_msgs/share/apriltag_msgs/cmake/rosidl_cmake_export_typesupport_libraries-extras.cmake
[0.905s] -- Up-to-date: /home/4_fri/bwi_ros2/install/apriltag_msgs/share/apriltag_msgs/cmake/apriltag_msgsConfig.cmake
[0.905s] -- Up-to-date: /home/4_fri/bwi_ros2/install/apriltag_msgs/share/apriltag_msgs/cmake/apriltag_msgsConfig-version.cmake
[0.905s] -- Up-to-date: /home/4_fri/bwi_ros2/install/apriltag_msgs/share/apriltag_msgs/package.xml
[1.000s] Invoked command in '/home/4_fri/bwi_ros2/build/apriltag_msgs' returned '0': CMAKE_PREFIX_PATH=${CMAKE_PREFIX_PATH}:/home/4_fri/bwi_ros2/install/scan_prox_filter:/home/4_fri/bwi_ros2/install/scan_filter:/opt/ros/humble /usr/bin/cmake --install /home/4_fri/bwi_ros2/build/apriltag_msgs
