[0.047s] Invoking command in '/home/4_fri/bwi_ros2/build/velodyne_msgs': CMAKE_PREFIX_PATH=/opt/ros/humble /usr/bin/cmake --build /home/4_fri/bwi_ros2/build/velodyne_msgs -- -j12 -l12
[0.772s] [35m[1mConsolidate compiler generated dependencies of target velodyne_msgs__rosidl_generator_c[0m
[0.772s] [  2%] Built target velodyne_msgs__cpp
[0.772s] [ 12%] Built target velodyne_msgs__rosidl_generator_c
[0.772s] [35m[1mConsolidate compiler generated dependencies of target velodyne_msgs__rosidl_typesupport_introspection_cpp[0m
[0.772s] [35m[1mConsolidate compiler generated dependencies of target velodyne_msgs__rosidl_typesupport_fastrtps_cpp[0m
[0.772s] [35m[1mConsolidate compiler generated dependencies of target velodyne_msgs__rosidl_typesupport_cpp[0m
[0.772s] [ 12%] Built target ament_cmake_python_copy_velodyne_msgs
[0.772s] [35m[1mConsolidate compiler generated dependencies of target velodyne_msgs__rosidl_typesupport_c[0m
[0.772s] [35m[1mConsolidate compiler generated dependencies of target velodyne_msgs__rosidl_typesupport_fastrtps_c[0m
[0.773s] [ 23%] Built target velodyne_msgs__rosidl_typesupport_fastrtps_cpp
[0.773s] [ 43%] Built target velodyne_msgs__rosidl_typesupport_introspection_cpp
[0.773s] [35m[1mConsolidate compiler generated dependencies of target velodyne_msgs__rosidl_typesupport_introspection_c[0m
[0.773s] [ 51%] Built target velodyne_msgs__rosidl_typesupport_c
[0.773s] [ 53%] Built target velodyne_msgs__rosidl_typesupport_cpp
[0.773s] [ 64%] Built target velodyne_msgs__rosidl_typesupport_fastrtps_c
[0.773s] [ 74%] Built target velodyne_msgs__rosidl_typesupport_introspection_c
[0.773s] [ 74%] Built target velodyne_msgs
[0.773s] [ 76%] Built target velodyne_msgs__py
[0.773s] [35m[1mConsolidate compiler generated dependencies of target velodyne_msgs__rosidl_generator_py[0m
[0.773s] [ 84%] Built target velodyne_msgs__rosidl_generator_py
[0.774s] [35m[1mConsolidate compiler generated dependencies of target velodyne_msgs__rosidl_typesupport_introspection_c__pyext[0m
[0.774s] [35m[1mConsolidate compiler generated dependencies of target velodyne_msgs__rosidl_typesupport_fastrtps_c__pyext[0m
[0.775s] [35m[1mConsolidate compiler generated dependencies of target velodyne_msgs__rosidl_typesupport_c__pyext[0m
[0.775s] [ 89%] Built target velodyne_msgs__rosidl_typesupport_fastrtps_c__pyext
[0.775s] [ 94%] Built target velodyne_msgs__rosidl_typesupport_introspection_c__pyext
[0.775s] [100%] Built target velodyne_msgs__rosidl_typesupport_c__pyext
[0.776s] running egg_info
[0.776s] writing velodyne_msgs.egg-info/PKG-INFO
[0.776s] writing dependency_links to velodyne_msgs.egg-info/dependency_links.txt
[0.776s] writing top-level names to velodyne_msgs.egg-info/top_level.txt
[0.776s] reading manifest file 'velodyne_msgs.egg-info/SOURCES.txt'
[0.777s] writing manifest file 'velodyne_msgs.egg-info/SOURCES.txt'
[0.777s] [100%] Built target ament_cmake_python_build_velodyne_msgs_egg
[0.806s] Invoked command in '/home/4_fri/bwi_ros2/build/velodyne_msgs' returned '0': CMAKE_PREFIX_PATH=/opt/ros/humble /usr/bin/cmake --build /home/4_fri/bwi_ros2/build/velodyne_msgs -- -j12 -l12
[0.808s] Invoking command in '/home/4_fri/bwi_ros2/build/velodyne_msgs': CMAKE_PREFIX_PATH=/opt/ros/humble /usr/bin/cmake --install /home/4_fri/bwi_ros2/build/velodyne_msgs
[0.838s] -- Install configuration: ""
[0.838s] -- Up-to-date: /home/4_fri/bwi_ros2/install/velodyne_msgs/share/ament_index/resource_index/rosidl_interfaces/velodyne_msgs
[0.838s] -- Up-to-date: /home/4_fri/bwi_ros2/install/velodyne_msgs/include/velodyne_msgs/velodyne_msgs
[0.838s] -- Up-to-date: /home/4_fri/bwi_ros2/install/velodyne_msgs/include/velodyne_msgs/velodyne_msgs/msg
[0.838s] -- Up-to-date: /home/4_fri/bwi_ros2/install/velodyne_msgs/include/velodyne_msgs/velodyne_msgs/msg/detail
[0.838s] -- Up-to-date: /home/4_fri/bwi_ros2/install/velodyne_msgs/include/velodyne_msgs/velodyne_msgs/msg/detail/velodyne_scan__struct.h
[0.838s] -- Up-to-date: /home/4_fri/bwi_ros2/install/velodyne_msgs/include/velodyne_msgs/velodyne_msgs/msg/detail/velodyne_scan__functions.h
[0.838s] -- Up-to-date: /home/4_fri/bwi_ros2/install/velodyne_msgs/include/velodyne_msgs/velodyne_msgs/msg/detail/velodyne_scan__functions.c
[0.838s] -- Up-to-date: /home/4_fri/bwi_ros2/install/velodyne_msgs/include/velodyne_msgs/velodyne_msgs/msg/detail/velodyne_packet__functions.h
[0.838s] -- Up-to-date: /home/4_fri/bwi_ros2/install/velodyne_msgs/include/velodyne_msgs/velodyne_msgs/msg/detail/velodyne_packet__struct.h
[0.838s] -- Up-to-date: /home/4_fri/bwi_ros2/install/velodyne_msgs/include/velodyne_msgs/velodyne_msgs/msg/detail/velodyne_scan__type_support.h
[0.839s] -- Up-to-date: /home/4_fri/bwi_ros2/install/velodyne_msgs/include/velodyne_msgs/velodyne_msgs/msg/detail/velodyne_packet__functions.c
[0.839s] -- Up-to-date: /home/4_fri/bwi_ros2/install/velodyne_msgs/include/velodyne_msgs/velodyne_msgs/msg/detail/velodyne_packet__type_support.h
[0.844s] -- Up-to-date: /home/4_fri/bwi_ros2/install/velodyne_msgs/include/velodyne_msgs/velodyne_msgs/msg/velodyne_packet.h
[0.845s] -- Up-to-date: /home/4_fri/bwi_ros2/install/velodyne_msgs/include/velodyne_msgs/velodyne_msgs/msg/rosidl_generator_c__visibility_control.h
[0.845s] -- Up-to-date: /home/4_fri/bwi_ros2/install/velodyne_msgs/include/velodyne_msgs/velodyne_msgs/msg/velodyne_scan.h
[0.845s] -- Up-to-date: /home/4_fri/bwi_ros2/install/velodyne_msgs/share/velodyne_msgs/environment/library_path.sh
[0.845s] -- Up-to-date: /home/4_fri/bwi_ros2/install/velodyne_msgs/share/velodyne_msgs/environment/library_path.dsv
[0.845s] -- Up-to-date: /home/4_fri/bwi_ros2/install/velodyne_msgs/lib/libvelodyne_msgs__rosidl_generator_c.so
[0.845s] -- Up-to-date: /home/4_fri/bwi_ros2/install/velodyne_msgs/include/velodyne_msgs/velodyne_msgs
[0.845s] -- Up-to-date: /home/4_fri/bwi_ros2/install/velodyne_msgs/include/velodyne_msgs/velodyne_msgs/msg
[0.845s] -- Up-to-date: /home/4_fri/bwi_ros2/install/velodyne_msgs/include/velodyne_msgs/velodyne_msgs/msg/detail
[0.845s] -- Up-to-date: /home/4_fri/bwi_ros2/install/velodyne_msgs/include/velodyne_msgs/velodyne_msgs/msg/detail/velodyne_packet__rosidl_typesupport_fastrtps_c.h
[0.846s] -- Up-to-date: /home/4_fri/bwi_ros2/install/velodyne_msgs/include/velodyne_msgs/velodyne_msgs/msg/detail/velodyne_scan__rosidl_typesupport_fastrtps_c.h
[0.846s] -- Up-to-date: /home/4_fri/bwi_ros2/install/velodyne_msgs/include/velodyne_msgs/velodyne_msgs/msg/rosidl_typesupport_fastrtps_c__visibility_control.h
[0.846s] -- Up-to-date: /home/4_fri/bwi_ros2/install/velodyne_msgs/lib/libvelodyne_msgs__rosidl_typesupport_fastrtps_c.so
[0.846s] -- Up-to-date: /home/4_fri/bwi_ros2/install/velodyne_msgs/include/velodyne_msgs/velodyne_msgs
[0.846s] -- Up-to-date: /home/4_fri/bwi_ros2/install/velodyne_msgs/include/velodyne_msgs/velodyne_msgs/msg
[0.846s] -- Up-to-date: /home/4_fri/bwi_ros2/install/velodyne_msgs/include/velodyne_msgs/velodyne_msgs/msg/rosidl_generator_cpp__visibility_control.hpp
[0.846s] -- Up-to-date: /home/4_fri/bwi_ros2/install/velodyne_msgs/include/velodyne_msgs/velodyne_msgs/msg/detail
[0.846s] -- Up-to-date: /home/4_fri/bwi_ros2/install/velodyne_msgs/include/velodyne_msgs/velodyne_msgs/msg/detail/velodyne_packet__struct.hpp
[0.846s] -- Up-to-date: /home/4_fri/bwi_ros2/install/velodyne_msgs/include/velodyne_msgs/velodyne_msgs/msg/detail/velodyne_scan__struct.hpp
[0.846s] -- Up-to-date: /home/4_fri/bwi_ros2/install/velodyne_msgs/include/velodyne_msgs/velodyne_msgs/msg/detail/velodyne_packet__type_support.hpp
[0.846s] -- Up-to-date: /home/4_fri/bwi_ros2/install/velodyne_msgs/include/velodyne_msgs/velodyne_msgs/msg/detail/velodyne_packet__builder.hpp
[0.847s] -- Up-to-date: /home/4_fri/bwi_ros2/install/velodyne_msgs/include/velodyne_msgs/velodyne_msgs/msg/detail/velodyne_scan__traits.hpp
[0.847s] -- Up-to-date: /home/4_fri/bwi_ros2/install/velodyne_msgs/include/velodyne_msgs/velodyne_msgs/msg/detail/velodyne_scan__builder.hpp
[0.847s] -- Up-to-date: /home/4_fri/bwi_ros2/install/velodyne_msgs/include/velodyne_msgs/velodyne_msgs/msg/detail/velodyne_packet__traits.hpp
[0.847s] -- Up-to-date: /home/4_fri/bwi_ros2/install/velodyne_msgs/include/velodyne_msgs/velodyne_msgs/msg/detail/velodyne_scan__type_support.hpp
[0.847s] -- Up-to-date: /home/4_fri/bwi_ros2/install/velodyne_msgs/include/velodyne_msgs/velodyne_msgs/msg/velodyne_packet.hpp
[0.848s] -- Up-to-date: /home/4_fri/bwi_ros2/install/velodyne_msgs/include/velodyne_msgs/velodyne_msgs/msg/velodyne_scan.hpp
[0.848s] -- Up-to-date: /home/4_fri/bwi_ros2/install/velodyne_msgs/include/velodyne_msgs/velodyne_msgs
[0.848s] -- Up-to-date: /home/4_fri/bwi_ros2/install/velodyne_msgs/include/velodyne_msgs/velodyne_msgs/msg
[0.848s] -- Up-to-date: /home/4_fri/bwi_ros2/install/velodyne_msgs/include/velodyne_msgs/velodyne_msgs/msg/detail
[0.848s] -- Up-to-date: /home/4_fri/bwi_ros2/install/velodyne_msgs/include/velodyne_msgs/velodyne_msgs/msg/detail/dds_fastrtps
[0.848s] -- Up-to-date: /home/4_fri/bwi_ros2/install/velodyne_msgs/include/velodyne_msgs/velodyne_msgs/msg/detail/velodyne_scan__rosidl_typesupport_fastrtps_cpp.hpp
[0.848s] -- Up-to-date: /home/4_fri/bwi_ros2/install/velodyne_msgs/include/velodyne_msgs/velodyne_msgs/msg/detail/velodyne_packet__rosidl_typesupport_fastrtps_cpp.hpp
[0.850s] -- Up-to-date: /home/4_fri/bwi_ros2/install/velodyne_msgs/include/velodyne_msgs/velodyne_msgs/msg/rosidl_typesupport_fastrtps_cpp__visibility_control.h
[0.850s] -- Up-to-date: /home/4_fri/bwi_ros2/install/velodyne_msgs/lib/libvelodyne_msgs__rosidl_typesupport_fastrtps_cpp.so
[0.850s] -- Up-to-date: /home/4_fri/bwi_ros2/install/velodyne_msgs/include/velodyne_msgs/velodyne_msgs
[0.850s] -- Up-to-date: /home/4_fri/bwi_ros2/install/velodyne_msgs/include/velodyne_msgs/velodyne_msgs/msg
[0.850s] -- Up-to-date: /home/4_fri/bwi_ros2/install/velodyne_msgs/include/velodyne_msgs/velodyne_msgs/msg/rosidl_typesupport_introspection_c__visibility_control.h
[0.850s] -- Up-to-date: /home/4_fri/bwi_ros2/install/velodyne_msgs/include/velodyne_msgs/velodyne_msgs/msg/detail
[0.851s] -- Up-to-date: /home/4_fri/bwi_ros2/install/velodyne_msgs/include/velodyne_msgs/velodyne_msgs/msg/detail/velodyne_scan__type_support.c
[0.851s] -- Up-to-date: /home/4_fri/bwi_ros2/install/velodyne_msgs/include/velodyne_msgs/velodyne_msgs/msg/detail/velodyne_scan__rosidl_typesupport_introspection_c.h
[0.851s] -- Up-to-date: /home/4_fri/bwi_ros2/install/velodyne_msgs/include/velodyne_msgs/velodyne_msgs/msg/detail/velodyne_packet__type_support.c
[0.851s] -- Up-to-date: /home/4_fri/bwi_ros2/install/velodyne_msgs/include/velodyne_msgs/velodyne_msgs/msg/detail/velodyne_packet__rosidl_typesupport_introspection_c.h
[0.851s] -- Up-to-date: /home/4_fri/bwi_ros2/install/velodyne_msgs/lib/libvelodyne_msgs__rosidl_typesupport_introspection_c.so
[0.851s] -- Up-to-date: /home/4_fri/bwi_ros2/install/velodyne_msgs/lib/libvelodyne_msgs__rosidl_typesupport_c.so
[0.851s] -- Up-to-date: /home/4_fri/bwi_ros2/install/velodyne_msgs/include/velodyne_msgs/velodyne_msgs
[0.851s] -- Up-to-date: /home/4_fri/bwi_ros2/install/velodyne_msgs/include/velodyne_msgs/velodyne_msgs/msg
[0.851s] -- Up-to-date: /home/4_fri/bwi_ros2/install/velodyne_msgs/include/velodyne_msgs/velodyne_msgs/msg/detail
[0.851s] -- Up-to-date: /home/4_fri/bwi_ros2/install/velodyne_msgs/include/velodyne_msgs/velodyne_msgs/msg/detail/velodyne_scan__rosidl_typesupport_introspection_cpp.hpp
[0.851s] -- Up-to-date: /home/4_fri/bwi_ros2/install/velodyne_msgs/include/velodyne_msgs/velodyne_msgs/msg/detail/velodyne_scan__type_support.cpp
[0.851s] -- Up-to-date: /home/4_fri/bwi_ros2/install/velodyne_msgs/include/velodyne_msgs/velodyne_msgs/msg/detail/velodyne_packet__type_support.cpp
[0.851s] -- Up-to-date: /home/4_fri/bwi_ros2/install/velodyne_msgs/include/velodyne_msgs/velodyne_msgs/msg/detail/velodyne_packet__rosidl_typesupport_introspection_cpp.hpp
[0.851s] -- Up-to-date: /home/4_fri/bwi_ros2/install/velodyne_msgs/lib/libvelodyne_msgs__rosidl_typesupport_introspection_cpp.so
[0.851s] -- Up-to-date: /home/4_fri/bwi_ros2/install/velodyne_msgs/lib/libvelodyne_msgs__rosidl_typesupport_cpp.so
[0.851s] -- Up-to-date: /home/4_fri/bwi_ros2/install/velodyne_msgs/share/velodyne_msgs/environment/pythonpath.sh
[0.851s] -- Up-to-date: /home/4_fri/bwi_ros2/install/velodyne_msgs/share/velodyne_msgs/environment/pythonpath.dsv
[0.851s] -- Up-to-date: /home/4_fri/bwi_ros2/install/velodyne_msgs/local/lib/python3.10/dist-packages/velodyne_msgs-2.4.0-py3.10.egg-info
[0.851s] -- Installing: /home/4_fri/bwi_ros2/install/velodyne_msgs/local/lib/python3.10/dist-packages/velodyne_msgs-2.4.0-py3.10.egg-info/SOURCES.txt
[0.851s] -- Installing: /home/4_fri/bwi_ros2/install/velodyne_msgs/local/lib/python3.10/dist-packages/velodyne_msgs-2.4.0-py3.10.egg-info/top_level.txt
[0.852s] -- Installing: /home/4_fri/bwi_ros2/install/velodyne_msgs/local/lib/python3.10/dist-packages/velodyne_msgs-2.4.0-py3.10.egg-info/PKG-INFO
[0.852s] -- Installing: /home/4_fri/bwi_ros2/install/velodyne_msgs/local/lib/python3.10/dist-packages/velodyne_msgs-2.4.0-py3.10.egg-info/dependency_links.txt
[0.852s] -- Up-to-date: /home/4_fri/bwi_ros2/install/velodyne_msgs/local/lib/python3.10/dist-packages/velodyne_msgs
[0.852s] -- Up-to-date: /home/4_fri/bwi_ros2/install/velodyne_msgs/local/lib/python3.10/dist-packages/velodyne_msgs/_velodyne_msgs_s.ep.rosidl_typesupport_c.c
[0.852s] -- Up-to-date: /home/4_fri/bwi_ros2/install/velodyne_msgs/local/lib/python3.10/dist-packages/velodyne_msgs/_velodyne_msgs_s.ep.rosidl_typesupport_introspection_c.c
[0.852s] -- Up-to-date: /home/4_fri/bwi_ros2/install/velodyne_msgs/local/lib/python3.10/dist-packages/velodyne_msgs/msg
[0.852s] -- Up-to-date: /home/4_fri/bwi_ros2/install/velodyne_msgs/local/lib/python3.10/dist-packages/velodyne_msgs/msg/__init__.py
[0.852s] -- Up-to-date: /home/4_fri/bwi_ros2/install/velodyne_msgs/local/lib/python3.10/dist-packages/velodyne_msgs/msg/_velodyne_scan.py
[0.852s] -- Up-to-date: /home/4_fri/bwi_ros2/install/velodyne_msgs/local/lib/python3.10/dist-packages/velodyne_msgs/msg/_velodyne_packet.py
[0.852s] -- Up-to-date: /home/4_fri/bwi_ros2/install/velodyne_msgs/local/lib/python3.10/dist-packages/velodyne_msgs/msg/_velodyne_packet_s.c
[0.852s] -- Up-to-date: /home/4_fri/bwi_ros2/install/velodyne_msgs/local/lib/python3.10/dist-packages/velodyne_msgs/msg/_velodyne_scan_s.c
[0.852s] -- Up-to-date: /home/4_fri/bwi_ros2/install/velodyne_msgs/local/lib/python3.10/dist-packages/velodyne_msgs/__init__.py
[0.852s] -- Up-to-date: /home/4_fri/bwi_ros2/install/velodyne_msgs/local/lib/python3.10/dist-packages/velodyne_msgs/_velodyne_msgs_s.ep.rosidl_typesupport_fastrtps_c.c
[0.852s] -- Up-to-date: /home/4_fri/bwi_ros2/install/velodyne_msgs/local/lib/python3.10/dist-packages/velodyne_msgs/velodyne_msgs_s__rosidl_typesupport_introspection_c.cpython-310-x86_64-linux-gnu.so
[0.852s] -- Up-to-date: /home/4_fri/bwi_ros2/install/velodyne_msgs/local/lib/python3.10/dist-packages/velodyne_msgs/velodyne_msgs_s__rosidl_typesupport_fastrtps_c.cpython-310-x86_64-linux-gnu.so
[0.852s] -- Up-to-date: /home/4_fri/bwi_ros2/install/velodyne_msgs/local/lib/python3.10/dist-packages/velodyne_msgs/velodyne_msgs_s__rosidl_typesupport_c.cpython-310-x86_64-linux-gnu.so
[0.852s] -- Up-to-date: /home/4_fri/bwi_ros2/install/velodyne_msgs/local/lib/python3.10/dist-packages/velodyne_msgs/libvelodyne_msgs__rosidl_generator_py.so
[0.862s] Listing '/home/4_fri/bwi_ros2/install/velodyne_msgs/local/lib/python3.10/dist-packages/velodyne_msgs'...
[0.863s] Listing '/home/4_fri/bwi_ros2/install/velodyne_msgs/local/lib/python3.10/dist-packages/velodyne_msgs/msg'...
[0.876s] -- Up-to-date: /home/4_fri/bwi_ros2/install/velodyne_msgs/local/lib/python3.10/dist-packages/velodyne_msgs/velodyne_msgs_s__rosidl_typesupport_fastrtps_c.cpython-310-x86_64-linux-gnu.so
[0.876s] -- Up-to-date: /home/4_fri/bwi_ros2/install/velodyne_msgs/local/lib/python3.10/dist-packages/velodyne_msgs/velodyne_msgs_s__rosidl_typesupport_introspection_c.cpython-310-x86_64-linux-gnu.so
[0.876s] -- Up-to-date: /home/4_fri/bwi_ros2/install/velodyne_msgs/local/lib/python3.10/dist-packages/velodyne_msgs/velodyne_msgs_s__rosidl_typesupport_c.cpython-310-x86_64-linux-gnu.so
[0.877s] -- Up-to-date: /home/4_fri/bwi_ros2/install/velodyne_msgs/lib/libvelodyne_msgs__rosidl_generator_py.so
[0.877s] -- Up-to-date: /home/4_fri/bwi_ros2/install/velodyne_msgs/share/velodyne_msgs/msg/VelodynePacket.idl
[0.878s] -- Up-to-date: /home/4_fri/bwi_ros2/install/velodyne_msgs/share/velodyne_msgs/msg/VelodyneScan.idl
[0.878s] -- Up-to-date: /home/4_fri/bwi_ros2/install/velodyne_msgs/share/velodyne_msgs/msg/VelodynePacket.msg
[0.878s] -- Up-to-date: /home/4_fri/bwi_ros2/install/velodyne_msgs/share/velodyne_msgs/msg/VelodyneScan.msg
[0.878s] -- Up-to-date: /home/4_fri/bwi_ros2/install/velodyne_msgs/share/ament_index/resource_index/package_run_dependencies/velodyne_msgs
[0.878s] -- Up-to-date: /home/4_fri/bwi_ros2/install/velodyne_msgs/share/ament_index/resource_index/parent_prefix_path/velodyne_msgs
[0.878s] -- Up-to-date: /home/4_fri/bwi_ros2/install/velodyne_msgs/share/velodyne_msgs/environment/ament_prefix_path.sh
[0.878s] -- Up-to-date: /home/4_fri/bwi_ros2/install/velodyne_msgs/share/velodyne_msgs/environment/ament_prefix_path.dsv
[0.879s] -- Up-to-date: /home/4_fri/bwi_ros2/install/velodyne_msgs/share/velodyne_msgs/environment/path.sh
[0.879s] -- Up-to-date: /home/4_fri/bwi_ros2/install/velodyne_msgs/share/velodyne_msgs/environment/path.dsv
[0.879s] -- Up-to-date: /home/4_fri/bwi_ros2/install/velodyne_msgs/share/velodyne_msgs/local_setup.bash
[0.879s] -- Up-to-date: /home/4_fri/bwi_ros2/install/velodyne_msgs/share/velodyne_msgs/local_setup.sh
[0.879s] -- Up-to-date: /home/4_fri/bwi_ros2/install/velodyne_msgs/share/velodyne_msgs/local_setup.zsh
[0.879s] -- Up-to-date: /home/4_fri/bwi_ros2/install/velodyne_msgs/share/velodyne_msgs/local_setup.dsv
[0.879s] -- Installing: /home/4_fri/bwi_ros2/install/velodyne_msgs/share/velodyne_msgs/package.dsv
[0.879s] -- Up-to-date: /home/4_fri/bwi_ros2/install/velodyne_msgs/share/ament_index/resource_index/packages/velodyne_msgs
[0.879s] -- Up-to-date: /home/4_fri/bwi_ros2/install/velodyne_msgs/share/velodyne_msgs/cmake/export_velodyne_msgs__rosidl_generator_cExport.cmake
[0.879s] -- Up-to-date: /home/4_fri/bwi_ros2/install/velodyne_msgs/share/velodyne_msgs/cmake/export_velodyne_msgs__rosidl_generator_cExport-noconfig.cmake
[0.879s] -- Up-to-date: /home/4_fri/bwi_ros2/install/velodyne_msgs/share/velodyne_msgs/cmake/export_velodyne_msgs__rosidl_typesupport_fastrtps_cExport.cmake
[0.879s] -- Up-to-date: /home/4_fri/bwi_ros2/install/velodyne_msgs/share/velodyne_msgs/cmake/export_velodyne_msgs__rosidl_typesupport_fastrtps_cExport-noconfig.cmake
[0.879s] -- Up-to-date: /home/4_fri/bwi_ros2/install/velodyne_msgs/share/velodyne_msgs/cmake/export_velodyne_msgs__rosidl_generator_cppExport.cmake
[0.879s] -- Up-to-date: /home/4_fri/bwi_ros2/install/velodyne_msgs/share/velodyne_msgs/cmake/export_velodyne_msgs__rosidl_typesupport_fastrtps_cppExport.cmake
[0.879s] -- Up-to-date: /home/4_fri/bwi_ros2/install/velodyne_msgs/share/velodyne_msgs/cmake/export_velodyne_msgs__rosidl_typesupport_fastrtps_cppExport-noconfig.cmake
[0.879s] -- Up-to-date: /home/4_fri/bwi_ros2/install/velodyne_msgs/share/velodyne_msgs/cmake/velodyne_msgs__rosidl_typesupport_introspection_cExport.cmake
[0.879s] -- Up-to-date: /home/4_fri/bwi_ros2/install/velodyne_msgs/share/velodyne_msgs/cmake/velodyne_msgs__rosidl_typesupport_introspection_cExport-noconfig.cmake
[0.879s] -- Up-to-date: /home/4_fri/bwi_ros2/install/velodyne_msgs/share/velodyne_msgs/cmake/velodyne_msgs__rosidl_typesupport_cExport.cmake
[0.879s] -- Up-to-date: /home/4_fri/bwi_ros2/install/velodyne_msgs/share/velodyne_msgs/cmake/velodyne_msgs__rosidl_typesupport_cExport-noconfig.cmake
[0.879s] -- Up-to-date: /home/4_fri/bwi_ros2/install/velodyne_msgs/share/velodyne_msgs/cmake/velodyne_msgs__rosidl_typesupport_introspection_cppExport.cmake
[0.879s] -- Up-to-date: /home/4_fri/bwi_ros2/install/velodyne_msgs/share/velodyne_msgs/cmake/velodyne_msgs__rosidl_typesupport_introspection_cppExport-noconfig.cmake
[0.879s] -- Up-to-date: /home/4_fri/bwi_ros2/install/velodyne_msgs/share/velodyne_msgs/cmake/velodyne_msgs__rosidl_typesupport_cppExport.cmake
[0.880s] -- Up-to-date: /home/4_fri/bwi_ros2/install/velodyne_msgs/share/velodyne_msgs/cmake/velodyne_msgs__rosidl_typesupport_cppExport-noconfig.cmake
[0.880s] -- Up-to-date: /home/4_fri/bwi_ros2/install/velodyne_msgs/share/velodyne_msgs/cmake/export_velodyne_msgs__rosidl_generator_pyExport.cmake
[0.880s] -- Up-to-date: /home/4_fri/bwi_ros2/install/velodyne_msgs/share/velodyne_msgs/cmake/export_velodyne_msgs__rosidl_generator_pyExport-noconfig.cmake
[0.880s] -- Up-to-date: /home/4_fri/bwi_ros2/install/velodyne_msgs/share/velodyne_msgs/cmake/rosidl_cmake-extras.cmake
[0.880s] -- Up-to-date: /home/4_fri/bwi_ros2/install/velodyne_msgs/share/velodyne_msgs/cmake/ament_cmake_export_dependencies-extras.cmake
[0.880s] -- Up-to-date: /home/4_fri/bwi_ros2/install/velodyne_msgs/share/velodyne_msgs/cmake/ament_cmake_export_include_directories-extras.cmake
[0.880s] -- Up-to-date: /home/4_fri/bwi_ros2/install/velodyne_msgs/share/velodyne_msgs/cmake/ament_cmake_export_libraries-extras.cmake
[0.880s] -- Up-to-date: /home/4_fri/bwi_ros2/install/velodyne_msgs/share/velodyne_msgs/cmake/ament_cmake_export_targets-extras.cmake
[0.880s] -- Up-to-date: /home/4_fri/bwi_ros2/install/velodyne_msgs/share/velodyne_msgs/cmake/rosidl_cmake_export_typesupport_targets-extras.cmake
[0.880s] -- Up-to-date: /home/4_fri/bwi_ros2/install/velodyne_msgs/share/velodyne_msgs/cmake/rosidl_cmake_export_typesupport_libraries-extras.cmake
[0.880s] -- Up-to-date: /home/4_fri/bwi_ros2/install/velodyne_msgs/share/velodyne_msgs/cmake/velodyne_msgsConfig.cmake
[0.881s] -- Up-to-date: /home/4_fri/bwi_ros2/install/velodyne_msgs/share/velodyne_msgs/cmake/velodyne_msgsConfig-version.cmake
[0.881s] -- Up-to-date: /home/4_fri/bwi_ros2/install/velodyne_msgs/share/velodyne_msgs/package.xml
[0.997s] Invoked command in '/home/4_fri/bwi_ros2/build/velodyne_msgs' returned '0': CMAKE_PREFIX_PATH=/opt/ros/humble /usr/bin/cmake --install /home/4_fri/bwi_ros2/build/velodyne_msgs
