[0.047s] Invoking command in '/home/4_fri/bwi_ros2/build/velodyne_laserscan': CMAKE_PREFIX_PATH=${CMAKE_PREFIX_PATH}:/home/4_fri/bwi_ros2/install/scan_prox_filter:/home/4_fri/bwi_ros2/install/scan_filter:/opt/ros/humble /usr/bin/cmake --build /home/4_fri/bwi_ros2/build/velodyne_laserscan -- -j12 -l12
[0.673s] [ 50%] Built target velodyne_laserscan
[0.673s] [100%] Built target velodyne_laserscan_node
[0.695s] Invoked command in '/home/4_fri/bwi_ros2/build/velodyne_laserscan' returned '0': CMAKE_PREFIX_PATH=${CMAKE_PREFIX_PATH}:/home/4_fri/bwi_ros2/install/scan_prox_filter:/home/4_fri/bwi_ros2/install/scan_filter:/opt/ros/humble /usr/bin/cmake --build /home/4_fri/bwi_ros2/build/velodyne_laserscan -- -j12 -l12
[0.696s] Invoking command in '/home/4_fri/bwi_ros2/build/velodyne_laserscan': CMAKE_PREFIX_PATH=${CMAKE_PREFIX_PATH}:/home/4_fri/bwi_ros2/install/scan_prox_filter:/home/4_fri/bwi_ros2/install/scan_filter:/opt/ros/humble /usr/bin/cmake --install /home/4_fri/bwi_ros2/build/velodyne_laserscan
[0.726s] -- Install configuration: ""
[0.726s] -- Up-to-date: /home/4_fri/bwi_ros2/install/velodyne_laserscan/lib/libvelodyne_laserscan.so
[0.726s] -- Up-to-date: /home/4_fri/bwi_ros2/install/velodyne_laserscan/lib/velodyne_laserscan/velodyne_laserscan_node
[0.726s] -- Up-to-date: /home/4_fri/bwi_ros2/install/velodyne_laserscan/include/velodyne_laserscan
[0.726s] -- Up-to-date: /home/4_fri/bwi_ros2/install/velodyne_laserscan/include/velodyne_laserscan/velodyne_laserscan.hpp
[0.726s] -- Up-to-date: /home/4_fri/bwi_ros2/install/velodyne_laserscan/share/velodyne_laserscan/config
[0.727s] -- Up-to-date: /home/4_fri/bwi_ros2/install/velodyne_laserscan/share/velodyne_laserscan/config/default-velodyne_laserscan_node-params.yaml
[0.727s] -- Up-to-date: /home/4_fri/bwi_ros2/install/velodyne_laserscan/share/velodyne_laserscan/launch
[0.727s] -- Up-to-date: /home/4_fri/bwi_ros2/install/velodyne_laserscan/share/velodyne_laserscan/launch/velodyne_laserscan_node-launch.py
[0.727s] -- Up-to-date: /home/4_fri/bwi_ros2/install/velodyne_laserscan/share/velodyne_laserscan/launch/velodyne_laserscan_node-composed-launch.py
[0.727s] -- Up-to-date: /home/4_fri/bwi_ros2/install/velodyne_laserscan/share/ament_index/resource_index/package_run_dependencies/velodyne_laserscan
[0.727s] -- Up-to-date: /home/4_fri/bwi_ros2/install/velodyne_laserscan/share/ament_index/resource_index/parent_prefix_path/velodyne_laserscan
[0.727s] -- Up-to-date: /home/4_fri/bwi_ros2/install/velodyne_laserscan/share/velodyne_laserscan/environment/ament_prefix_path.sh
[0.727s] -- Up-to-date: /home/4_fri/bwi_ros2/install/velodyne_laserscan/share/velodyne_laserscan/environment/ament_prefix_path.dsv
[0.727s] -- Up-to-date: /home/4_fri/bwi_ros2/install/velodyne_laserscan/share/velodyne_laserscan/environment/path.sh
[0.727s] -- Up-to-date: /home/4_fri/bwi_ros2/install/velodyne_laserscan/share/velodyne_laserscan/environment/path.dsv
[0.727s] -- Up-to-date: /home/4_fri/bwi_ros2/install/velodyne_laserscan/share/velodyne_laserscan/local_setup.bash
[0.727s] -- Up-to-date: /home/4_fri/bwi_ros2/install/velodyne_laserscan/share/velodyne_laserscan/local_setup.sh
[0.727s] -- Up-to-date: /home/4_fri/bwi_ros2/install/velodyne_laserscan/share/velodyne_laserscan/local_setup.zsh
[0.727s] -- Up-to-date: /home/4_fri/bwi_ros2/install/velodyne_laserscan/share/velodyne_laserscan/local_setup.dsv
[0.727s] -- Installing: /home/4_fri/bwi_ros2/install/velodyne_laserscan/share/velodyne_laserscan/package.dsv
[0.727s] -- Up-to-date: /home/4_fri/bwi_ros2/install/velodyne_laserscan/share/ament_index/resource_index/packages/velodyne_laserscan
[0.727s] -- Up-to-date: /home/4_fri/bwi_ros2/install/velodyne_laserscan/share/ament_index/resource_index/rclcpp_components/velodyne_laserscan
[0.727s] -- Up-to-date: /home/4_fri/bwi_ros2/install/velodyne_laserscan/share/velodyne_laserscan/cmake/velodyne_laserscanConfig.cmake
[0.728s] -- Up-to-date: /home/4_fri/bwi_ros2/install/velodyne_laserscan/share/velodyne_laserscan/cmake/velodyne_laserscanConfig-version.cmake
[0.728s] -- Up-to-date: /home/4_fri/bwi_ros2/install/velodyne_laserscan/share/velodyne_laserscan/package.xml
[0.822s] Invoked command in '/home/4_fri/bwi_ros2/build/velodyne_laserscan' returned '0': CMAKE_PREFIX_PATH=${CMAKE_PREFIX_PATH}:/home/4_fri/bwi_ros2/install/scan_prox_filter:/home/4_fri/bwi_ros2/install/scan_filter:/opt/ros/humble /usr/bin/cmake --install /home/4_fri/bwi_ros2/build/velodyne_laserscan
