[0.027s] Invoking command in '/home/4_fri/bwi_ros2/build/follower_robot': AMENT_PREFIX_PATH=/home/4_fri/bwi_ros2/install/apriltag_msgs:${AMENT_PREFIX_PATH} CMAKE_PREFIX_PATH=/home/4_fri/bwi_ros2/install/apriltag_msgs:/opt/ros/humble LD_LIBRARY_PATH=/home/4_fri/bwi_ros2/install/apriltag_msgs/lib:${LD_LIBRARY_PATH} PYTHONPATH=/home/4_fri/bwi_ros2/install/apriltag_msgs/local/lib/python3.10/dist-packages:${PYTHONPATH} /usr/bin/cmake --build /home/4_fri/bwi_ros2/build/follower_robot -- -j12 -l12
[0.111s] [35m[1mConsolidate compiler generated dependencies of target follower_robot[0m
[0.141s] [ 25%] [32mBuilding CXX object CMakeFiles/follower_robot.dir/src/FollowerRobotNode.cpp.o[0m
[0.153s] [ 50%] [32mBuilding CXX object CMakeFiles/follower_robot.dir/src/MoveToTarget.cpp.o[0m
[0.155s] [ 75%] [32mBuilding CXX object CMakeFiles/follower_robot.dir/src/follower_robot.cpp.o[0m
[2.126s] [01m[K/home/4_fri/bwi_ros2/src/fri_autonomous_template/follower_robot/src/MoveToTarget.cpp:[m[K In member function ‘[01m[Kvoid MoveToTarget::result_callback(const rclcpp_action::ClientGoalHandle<nav2_msgs::action::NavigateToPose>::WrappedResult&)[m[K’:
[2.126s] [01m[K/home/4_fri/bwi_ros2/src/fri_autonomous_template/follower_robot/src/MoveToTarget.cpp:44:13:[m[K [01;31m[Kerror: [m[K‘[01m[Kon_goal_reached_[m[K’ was not declared in this scope
[2.126s]    44 |         if ([01;31m[Kon_goal_reached_[m[K) {
[2.126s]       |             [01;31m[K^~~~~~~~~~~~~~~~[m[K
[2.126s] [01m[K/home/4_fri/bwi_ros2/src/fri_autonomous_template/follower_robot/src/MoveToTarget.cpp:40:94:[m[K [01;35m[Kwarning: [m[Kunused parameter ‘[01m[Kresult[m[K’ [[01;35m[K]8;;https://gcc.gnu.org/onlinedocs/gcc/Warning-Options.html#index-Wunused-parameter-Wunused-parameter]8;;[m[K]
[2.126s]    40 |     [01;35m[Kconst rclcpp_action::ClientGoalHandle<nav2_msgs::action::NavigateToPose>::WrappedResult &result[m[K) {
[2.126s]       |     [01;35m[K~~~~~~~~~~~~~~~~~~~~~~~~~~~~~~~~~~~~~~~~~~~~~~~~~~~~~~~~~~~~~~~~~~~~~~~~~~~~~~~~~~~~~~~~~^~~~~~[m[K
[2.691s] gmake[2]: *** [CMakeFiles/follower_robot.dir/build.make:90: CMakeFiles/follower_robot.dir/src/MoveToTarget.cpp.o] Error 1
[2.692s] gmake[2]: *** Waiting for unfinished jobs....
[3.451s] [01m[K/home/4_fri/bwi_ros2/src/fri_autonomous_template/follower_robot/src/FollowerRobotNode.cpp:[m[K In constructor ‘[01m[KFollowerRobotNode::FollowerRobotNode()[m[K’:
[3.451s] [01m[K/home/4_fri/bwi_ros2/src/fri_autonomous_template/follower_robot/src/FollowerRobotNode.cpp:21:21:[m[K [01;31m[Kerror: [m[K‘[01m[Kclass MoveToTarget[m[K’ has no member named ‘[01m[Kon_goal_reached_[m[K’
[3.451s]    21 |     move_to_target_.[01;31m[Kon_goal_reached_[m[K = std::bind(
[3.451s]       |                     [01;31m[K^~~~~~~~~~~~~~~~[m[K
[3.452s] [01m[K/home/4_fri/bwi_ros2/src/fri_autonomous_template/follower_robot/src/FollowerRobotNode.cpp:22:25:[m[K [01;31m[Kerror: [m[K‘[01m[KhandleGoalReached[m[K’ is not a member of ‘[01m[KFollowerRobotNode[m[K’
[3.452s]    22 |     &FollowerRobotNode::[01;31m[KhandleGoalReached[m[K, this);
[3.452s]       |                         [01;31m[K^~~~~~~~~~~~~~~~~[m[K
[3.461s] [01m[K/home/4_fri/bwi_ros2/src/fri_autonomous_template/follower_robot/src/FollowerRobotNode.cpp:24:5:[m[K [01;31m[Kerror: [m[K‘[01m[KstartDiningGoals[m[K’ was not declared in this scope
[3.461s]    24 |     [01;31m[KstartDiningGoals[m[K();
[3.461s]       |     [01;31m[K^~~~~~~~~~~~~~~~[m[K
[3.463s] [01m[K/home/4_fri/bwi_ros2/src/fri_autonomous_template/follower_robot/src/FollowerRobotNode.cpp:[m[K At global scope:
[3.463s] [01m[K/home/4_fri/bwi_ros2/src/fri_autonomous_template/follower_robot/src/FollowerRobotNode.cpp:40:6:[m[K [01;31m[Kerror: [m[Kno declaration matches ‘[01m[Kvoid FollowerRobotNode::startDiningGoals()[m[K’
[3.464s]    40 | void [01;31m[KFollowerRobotNode[m[K::startDiningGoals()
[3.464s]       |      [01;31m[K^~~~~~~~~~~~~~~~~[m[K
[3.464s] [01m[K/home/4_fri/bwi_ros2/src/fri_autonomous_template/follower_robot/src/FollowerRobotNode.cpp:40:6:[m[K [01;36m[Knote: [m[Kno functions named ‘[01m[Kvoid FollowerRobotNode::startDiningGoals()[m[K’
[3.464s] In file included from [01m[K/home/4_fri/bwi_ros2/src/fri_autonomous_template/follower_robot/src/FollowerRobotNode.cpp:1[m[K:
[3.464s] [01m[K/home/4_fri/bwi_ros2/src/fri_autonomous_template/follower_robot/include/follower_robot/FollowerRobotNode.h:19:7:[m[K [01;36m[Knote: [m[K‘[01m[Kclass FollowerRobotNode[m[K’ defined here
[3.464s]    19 | class [01;36m[KFollowerRobotNode[m[K : public rclcpp::Node {
[3.464s]       |       [01;36m[K^~~~~~~~~~~~~~~~~[m[K
[3.464s] [01m[K/home/4_fri/bwi_ros2/src/fri_autonomous_template/follower_robot/src/FollowerRobotNode.cpp:46:6:[m[K [01;31m[Kerror: [m[Kno declaration matches ‘[01m[Kvoid FollowerRobotNode::sendNextGoal()[m[K’
[3.464s]    46 | void [01;31m[KFollowerRobotNode[m[K::sendNextGoal()
[3.464s]       |      [01;31m[K^~~~~~~~~~~~~~~~~[m[K
[3.464s] [01m[K/home/4_fri/bwi_ros2/src/fri_autonomous_template/follower_robot/src/FollowerRobotNode.cpp:46:6:[m[K [01;36m[Knote: [m[Kno functions named ‘[01m[Kvoid FollowerRobotNode::sendNextGoal()[m[K’
[3.464s] In file included from [01m[K/home/4_fri/bwi_ros2/src/fri_autonomous_template/follower_robot/src/FollowerRobotNode.cpp:1[m[K:
[3.464s] [01m[K/home/4_fri/bwi_ros2/src/fri_autonomous_template/follower_robot/include/follower_robot/FollowerRobotNode.h:19:7:[m[K [01;36m[Knote: [m[K‘[01m[Kclass FollowerRobotNode[m[K’ defined here
[3.465s]    19 | class [01;36m[KFollowerRobotNode[m[K : public rclcpp::Node {
[3.465s]       |       [01;36m[K^~~~~~~~~~~~~~~~~[m[K
[3.465s] [01m[K/home/4_fri/bwi_ros2/src/fri_autonomous_template/follower_robot/src/FollowerRobotNode.cpp:57:6:[m[K [01;31m[Kerror: [m[Kno declaration matches ‘[01m[Kvoid FollowerRobotNode::handleGoalReached()[m[K’
[3.465s]    57 | void [01;31m[KFollowerRobotNode[m[K::handleGoalReached()
[3.465s]       |      [01;31m[K^~~~~~~~~~~~~~~~~[m[K
[3.465s] [01m[K/home/4_fri/bwi_ros2/src/fri_autonomous_template/follower_robot/src/FollowerRobotNode.cpp:57:6:[m[K [01;36m[Knote: [m[Kno functions named ‘[01m[Kvoid FollowerRobotNode::handleGoalReached()[m[K’
[3.465s] In file included from [01m[K/home/4_fri/bwi_ros2/src/fri_autonomous_template/follower_robot/src/FollowerRobotNode.cpp:1[m[K:
[3.465s] [01m[K/home/4_fri/bwi_ros2/src/fri_autonomous_template/follower_robot/include/follower_robot/FollowerRobotNode.h:19:7:[m[K [01;36m[Knote: [m[K‘[01m[Kclass FollowerRobotNode[m[K’ defined here
[3.465s]    19 | class [01;36m[KFollowerRobotNode[m[K : public rclcpp::Node {
[3.465s]       |       [01;36m[K^~~~~~~~~~~~~~~~~[m[K
[4.373s] gmake[2]: *** [CMakeFiles/follower_robot.dir/build.make:76: CMakeFiles/follower_robot.dir/src/FollowerRobotNode.cpp.o] Error 1
[4.373s] gmake[1]: *** [CMakeFiles/Makefile2:137: CMakeFiles/follower_robot.dir/all] Error 2
[4.373s] gmake: *** [Makefile:146: all] Error 2
[4.375s] Invoked command in '/home/4_fri/bwi_ros2/build/follower_robot' returned '2': AMENT_PREFIX_PATH=/home/4_fri/bwi_ros2/install/apriltag_msgs:${AMENT_PREFIX_PATH} CMAKE_PREFIX_PATH=/home/4_fri/bwi_ros2/install/apriltag_msgs:/opt/ros/humble LD_LIBRARY_PATH=/home/4_fri/bwi_ros2/install/apriltag_msgs/lib:${LD_LIBRARY_PATH} PYTHONPATH=/home/4_fri/bwi_ros2/install/apriltag_msgs/local/lib/python3.10/dist-packages:${PYTHONPATH} /usr/bin/cmake --build /home/4_fri/bwi_ros2/build/follower_robot -- -j12 -l12
