[0.136s] Invoking command in '/home/4_fri/bwi_ros2/build/spatial_transforms': CMAKE_PREFIX_PATH=/home/4_fri/bwi_ros2/install/spatial_utils:/home/4_fri/bwi_ros2/install/spatial_transforms:/home/4_fri/bwi_ros2/install/nav_goals:/home/4_fri/bwi_ros2/install/velodyne:/home/4_fri/bwi_ros2/install/velodyne_pointcloud:/home/4_fri/bwi_ros2/install/velodyne_driver:/home/4_fri/bwi_ros2/install/velodyne_msgs:/home/4_fri/bwi_ros2/install/velodyne_laserscan:/home/4_fri/bwi_ros2/install/urg_node2:/home/4_fri/bwi_ros2/install/segway_rmp_ros2:/home/4_fri/bwi_ros2/install/segbot_description:/home/4_fri/bwi_ros2/install/ros2_laser_scan_merger:/home/4_fri/bwi_ros2/install/nav2_bringup:/home/4_fri/bwi_ros2/install/libsegwayrmp:/home/4_fri/bwi_ros2/install/bwi_launch:/home/4_fri/bwi_ros2/install/azure_kinect_ros_driver:/home/4_fri/bwi_ros2/install/apriltag_ros:/home/4_fri/bwi_ros2/install/apriltag_msgs:/home/4_fri/bwi_ros2/install/scan_prox_filter:/home/4_fri/bwi_ros2/install/scan_filter:/opt/ros/humble /usr/bin/cmake --build /home/4_fri/bwi_ros2/build/spatial_transforms -- -j12 -l12
[0.257s] [ 50%] Built target spatial_transform_node
[0.258s] [100%] Built target tf_listener_node
[0.267s] Invoked command in '/home/4_fri/bwi_ros2/build/spatial_transforms' returned '0': CMAKE_PREFIX_PATH=/home/4_fri/bwi_ros2/install/spatial_utils:/home/4_fri/bwi_ros2/install/spatial_transforms:/home/4_fri/bwi_ros2/install/nav_goals:/home/4_fri/bwi_ros2/install/velodyne:/home/4_fri/bwi_ros2/install/velodyne_pointcloud:/home/4_fri/bwi_ros2/install/velodyne_driver:/home/4_fri/bwi_ros2/install/velodyne_msgs:/home/4_fri/bwi_ros2/install/velodyne_laserscan:/home/4_fri/bwi_ros2/install/urg_node2:/home/4_fri/bwi_ros2/install/segway_rmp_ros2:/home/4_fri/bwi_ros2/install/segbot_description:/home/4_fri/bwi_ros2/install/ros2_laser_scan_merger:/home/4_fri/bwi_ros2/install/nav2_bringup:/home/4_fri/bwi_ros2/install/libsegwayrmp:/home/4_fri/bwi_ros2/install/bwi_launch:/home/4_fri/bwi_ros2/install/azure_kinect_ros_driver:/home/4_fri/bwi_ros2/install/apriltag_ros:/home/4_fri/bwi_ros2/install/apriltag_msgs:/home/4_fri/bwi_ros2/install/scan_prox_filter:/home/4_fri/bwi_ros2/install/scan_filter:/opt/ros/humble /usr/bin/cmake --build /home/4_fri/bwi_ros2/build/spatial_transforms -- -j12 -l12
[0.272s] Invoking command in '/home/4_fri/bwi_ros2/build/spatial_transforms': CMAKE_PREFIX_PATH=/home/4_fri/bwi_ros2/install/spatial_utils:/home/4_fri/bwi_ros2/install/spatial_transforms:/home/4_fri/bwi_ros2/install/nav_goals:/home/4_fri/bwi_ros2/install/velodyne:/home/4_fri/bwi_ros2/install/velodyne_pointcloud:/home/4_fri/bwi_ros2/install/velodyne_driver:/home/4_fri/bwi_ros2/install/velodyne_msgs:/home/4_fri/bwi_ros2/install/velodyne_laserscan:/home/4_fri/bwi_ros2/install/urg_node2:/home/4_fri/bwi_ros2/install/segway_rmp_ros2:/home/4_fri/bwi_ros2/install/segbot_description:/home/4_fri/bwi_ros2/install/ros2_laser_scan_merger:/home/4_fri/bwi_ros2/install/nav2_bringup:/home/4_fri/bwi_ros2/install/libsegwayrmp:/home/4_fri/bwi_ros2/install/bwi_launch:/home/4_fri/bwi_ros2/install/azure_kinect_ros_driver:/home/4_fri/bwi_ros2/install/apriltag_ros:/home/4_fri/bwi_ros2/install/apriltag_msgs:/home/4_fri/bwi_ros2/install/scan_prox_filter:/home/4_fri/bwi_ros2/install/scan_filter:/opt/ros/humble /usr/bin/cmake --install /home/4_fri/bwi_ros2/build/spatial_transforms
[0.282s] -- Install configuration: ""
[0.283s] -- Up-to-date: /home/4_fri/bwi_ros2/install/spatial_transforms/lib/spatial_transforms/spatial_transform_node
[0.283s] -- Up-to-date: /home/4_fri/bwi_ros2/install/spatial_transforms/lib/spatial_transforms/tf_listener_node
[0.284s] -- Up-to-date: /home/4_fri/bwi_ros2/install/spatial_transforms/share/ament_index/resource_index/package_run_dependencies/spatial_transforms
[0.284s] -- Up-to-date: /home/4_fri/bwi_ros2/install/spatial_transforms/share/ament_index/resource_index/parent_prefix_path/spatial_transforms
[0.285s] -- Up-to-date: /home/4_fri/bwi_ros2/install/spatial_transforms/share/spatial_transforms/environment/ament_prefix_path.sh
[0.285s] -- Up-to-date: /home/4_fri/bwi_ros2/install/spatial_transforms/share/spatial_transforms/environment/ament_prefix_path.dsv
[0.291s] -- Up-to-date: /home/4_fri/bwi_ros2/install/spatial_transforms/share/spatial_transforms/environment/path.sh
[0.291s] -- Up-to-date: /home/4_fri/bwi_ros2/install/spatial_transforms/share/spatial_transforms/environment/path.dsv
[0.291s] -- Up-to-date: /home/4_fri/bwi_ros2/install/spatial_transforms/share/spatial_transforms/local_setup.bash
[0.291s] -- Up-to-date: /home/4_fri/bwi_ros2/install/spatial_transforms/share/spatial_transforms/local_setup.sh
[0.291s] -- Up-to-date: /home/4_fri/bwi_ros2/install/spatial_transforms/share/spatial_transforms/local_setup.zsh
[0.291s] -- Up-to-date: /home/4_fri/bwi_ros2/install/spatial_transforms/share/spatial_transforms/local_setup.dsv
[0.291s] -- Installing: /home/4_fri/bwi_ros2/install/spatial_transforms/share/spatial_transforms/package.dsv
[0.291s] -- Up-to-date: /home/4_fri/bwi_ros2/install/spatial_transforms/share/ament_index/resource_index/packages/spatial_transforms
[0.291s] -- Up-to-date: /home/4_fri/bwi_ros2/install/spatial_transforms/share/spatial_transforms/cmake/ament_cmake_export_dependencies-extras.cmake
[0.291s] -- Up-to-date: /home/4_fri/bwi_ros2/install/spatial_transforms/share/spatial_transforms/cmake/ament_cmake_export_include_directories-extras.cmake
[0.291s] -- Up-to-date: /home/4_fri/bwi_ros2/install/spatial_transforms/share/spatial_transforms/cmake/spatial_transformsConfig.cmake
[0.291s] -- Up-to-date: /home/4_fri/bwi_ros2/install/spatial_transforms/share/spatial_transforms/cmake/spatial_transformsConfig-version.cmake
[0.291s] -- Up-to-date: /home/4_fri/bwi_ros2/install/spatial_transforms/share/spatial_transforms/package.xml
[0.298s] Invoked command in '/home/4_fri/bwi_ros2/build/spatial_transforms' returned '0': CMAKE_PREFIX_PATH=/home/4_fri/bwi_ros2/install/spatial_utils:/home/4_fri/bwi_ros2/install/spatial_transforms:/home/4_fri/bwi_ros2/install/nav_goals:/home/4_fri/bwi_ros2/install/velodyne:/home/4_fri/bwi_ros2/install/velodyne_pointcloud:/home/4_fri/bwi_ros2/install/velodyne_driver:/home/4_fri/bwi_ros2/install/velodyne_msgs:/home/4_fri/bwi_ros2/install/velodyne_laserscan:/home/4_fri/bwi_ros2/install/urg_node2:/home/4_fri/bwi_ros2/install/segway_rmp_ros2:/home/4_fri/bwi_ros2/install/segbot_description:/home/4_fri/bwi_ros2/install/ros2_laser_scan_merger:/home/4_fri/bwi_ros2/install/nav2_bringup:/home/4_fri/bwi_ros2/install/libsegwayrmp:/home/4_fri/bwi_ros2/install/bwi_launch:/home/4_fri/bwi_ros2/install/azure_kinect_ros_driver:/home/4_fri/bwi_ros2/install/apriltag_ros:/home/4_fri/bwi_ros2/install/apriltag_msgs:/home/4_fri/bwi_ros2/install/scan_prox_filter:/home/4_fri/bwi_ros2/install/scan_filter:/opt/ros/humble /usr/bin/cmake --install /home/4_fri/bwi_ros2/build/spatial_transforms
