[0.035s] Invoking command in '/home/4_fri/bwi_ros2/build/azure_kinect_ros_driver': CMAKE_PREFIX_PATH=/opt/ros/humble /usr/bin/cmake /home/4_fri/bwi_ros2/src/Azure_Kinect_ROS_Driver -DCMAKE_INSTALL_PREFIX=/home/4_fri/bwi_ros2/install/azure_kinect_ros_driver
[0.950s] -- The C compiler identification is GNU 11.4.0
[0.950s] -- The CXX compiler identification is GNU 11.4.0
[0.950s] -- Detecting C compiler ABI info
[0.951s] -- Detecting C compiler ABI info - done
[0.951s] -- Check for working C compiler: /usr/bin/cc - skipped
[0.951s] -- Detecting C compile features
[0.951s] -- Detecting C compile features - done
[0.951s] -- Detecting CXX compiler ABI info
[0.951s] -- Detecting CXX compiler ABI info - done
[0.951s] -- Check for working CXX compiler: /usr/bin/c++ - skipped
[0.951s] -- Detecting CXX compile features
[0.951s] -- Detecting CXX compile features - done
[0.951s] -- Found ament_cmake: 1.3.12 (/opt/ros/humble/share/ament_cmake/cmake)
[0.951s] -- Found Python3: /usr/bin/python3 (found version "3.10.12") found components: Interpreter 
[0.951s] -- Found rclcpp: 16.0.14 (/opt/ros/humble/share/rclcpp/cmake)
[0.951s] -- Found rosidl_generator_c: 3.1.7 (/opt/ros/humble/share/rosidl_generator_c/cmake)
[0.952s] -- Found rosidl_adapter: 3.1.7 (/opt/ros/humble/share/rosidl_adapter/cmake)
[0.952s] -- Found rosidl_generator_cpp: 3.1.7 (/opt/ros/humble/share/rosidl_generator_cpp/cmake)
[0.952s] -- Using all available rosidl_typesupport_c: rosidl_typesupport_fastrtps_c;rosidl_typesupport_introspection_c
[0.952s] -- Using all available rosidl_typesupport_cpp: rosidl_typesupport_fastrtps_cpp;rosidl_typesupport_introspection_cpp
[0.970s] -- Found rmw_implementation_cmake: 6.1.2 (/opt/ros/humble/share/rmw_implementation_cmake/cmake)
[0.971s] -- Found rmw_fastrtps_cpp: 6.2.8 (/opt/ros/humble/share/rmw_fastrtps_cpp/cmake)
[1.129s] -- Found OpenSSL: /usr/lib/x86_64-linux-gnu/libcrypto.so (found version "3.0.2")  
[1.181s] -- Found FastRTPS: /opt/ros/humble/include  
[1.257s] -- Using RMW implementation 'rmw_fastrtps_cpp' as default
[1.279s] -- Looking for pthread.h
[1.440s] -- Looking for pthread.h - found
[1.440s] -- Performing Test CMAKE_HAVE_LIBC_PTHREAD
[1.590s] -- Performing Test CMAKE_HAVE_LIBC_PTHREAD - Success
[1.591s] -- Found Threads: TRUE  
[1.741s] -- Found sensor_msgs: 4.9.0 (/opt/ros/humble/share/sensor_msgs/cmake)
[1.823s] -- Found visualization_msgs: 4.9.0 (/opt/ros/humble/share/visualization_msgs/cmake)
[1.885s] -- Found image_transport: 3.1.12 (/opt/ros/humble/share/image_transport/cmake)
[1.988s] -- Found tf2: 0.25.16 (/opt/ros/humble/share/tf2/cmake)
[2.006s] -- Found tf2_ros: 0.25.16 (/opt/ros/humble/share/tf2_ros/cmake)
[2.206s] -- Found tf2_geometry_msgs: 0.25.16 (/opt/ros/humble/share/tf2_geometry_msgs/cmake)
[2.252s] -- Found eigen3_cmake_module: 0.1.1 (/opt/ros/humble/share/eigen3_cmake_module/cmake)
[2.252s] -- Found Eigen3: TRUE (found version "3.4.0") 
[2.252s] -- Ensuring Eigen3 include directory is part of orocos-kdl CMake target
[2.259s] -- Found cv_bridge: 3.2.1 (/opt/ros/humble/share/cv_bridge/cmake)
[2.284s] -- Found angles: 1.15.0 (/opt/ros/humble/share/angles/cmake)
[2.290s] [0mFinding K4A SDK binaries[0m
[2.313s] -- Body Tracking SDK found: compiling support for Body Tracking
[2.314s] [0mK4A Libs: k4a::k4a;k4a::k4arecord;k4abt::k4abt[0m
[2.314s] [0mK4A DLLs: /usr/lib/x86_64-linux-gnu/libk4a.so.1.4.1;/usr/lib/x86_64-linux-gnu/libk4arecord.so.1.4.1;/usr/lib/libk4abt.so.1.1.2[0m
[2.315s] [0mK4A Install Needed: FALSE[0m
[2.429s] -- Configuring done
[2.449s] -- Generating done
[2.454s] -- Build files have been written to: /home/4_fri/bwi_ros2/build/azure_kinect_ros_driver
[2.482s] Invoked command in '/home/4_fri/bwi_ros2/build/azure_kinect_ros_driver' returned '0': CMAKE_PREFIX_PATH=/opt/ros/humble /usr/bin/cmake /home/4_fri/bwi_ros2/src/Azure_Kinect_ROS_Driver -DCMAKE_INSTALL_PREFIX=/home/4_fri/bwi_ros2/install/azure_kinect_ros_driver
[2.485s] Invoking command in '/home/4_fri/bwi_ros2/build/azure_kinect_ros_driver': CMAKE_PREFIX_PATH=/opt/ros/humble /usr/bin/cmake --build /home/4_fri/bwi_ros2/build/azure_kinect_ros_driver -- -j12 -l12
[2.585s] [ 20%] [32mBuilding CXX object CMakeFiles/azure_kinect_ros_driver_node.dir/src/k4a_ros_bridge_node.cpp.o[0m
[2.595s] [ 40%] [32mBuilding CXX object CMakeFiles/azure_kinect_ros_driver_node.dir/src/k4a_ros_device.cpp.o[0m
[2.601s] [ 60%] [32mBuilding CXX object CMakeFiles/azure_kinect_ros_driver_node.dir/src/k4a_ros_device_params.cpp.o[0m
[2.603s] [ 80%] [32mBuilding CXX object CMakeFiles/azure_kinect_ros_driver_node.dir/src/k4a_calibration_transform_data.cpp.o[0m
[10.737s] [01m[K/home/4_fri/bwi_ros2/src/Azure_Kinect_ROS_Driver/src/k4a_ros_device.cpp:[m[K In member function ‘[01m[Kk4a_result_t K4AROSDevice::getBodyMarker(const k4abt_body_t&, std::shared_ptr<visualization_msgs::msg::Marker_<std::allocator<void> > >, int, rclcpp::Time)[m[K’:
[10.737s] [01m[K/home/4_fri/bwi_ros2/src/Azure_Kinect_ROS_Driver/src/k4a_ros_device.cpp:771:47:[m[K [01;31m[Kerror: [m[Kno matching function for call to ‘[01m[Krclcpp::Duration::Duration(double)[m[K’
[10.737s]   771 |   marker_msg->lifetime = rclcpp::Duration(0.25[01;31m[K)[m[K;
[10.738s]       |                                               [01;31m[K^[m[K
[10.738s] In file included from [01m[K/opt/ros/humble/include/rclcpp/rclcpp/qos.hpp:20[m[K,
[10.738s]                  from [01m[K/opt/ros/humble/include/rclcpp/rclcpp/node_interfaces/node_graph_interface.hpp:32[m[K,
[10.738s]                  from [01m[K/opt/ros/humble/include/rclcpp/rclcpp/client.hpp:42[m[K,
[10.738s]                  from [01m[K/opt/ros/humble/include/rclcpp/rclcpp/callback_group.hpp:24[m[K,
[10.738s]                  from [01m[K/opt/ros/humble/include/rclcpp/rclcpp/node.hpp:40[m[K,
[10.739s]                  from [01m[K/opt/ros/humble/include/image_transport/image_transport/image_transport.hpp:37[m[K,
[10.739s]                  from [01m[K/home/4_fri/bwi_ros2/src/Azure_Kinect_ROS_Driver/include/azure_kinect_ros_driver/k4a_ros_device.h:15[m[K,
[10.739s]                  from [01m[K/home/4_fri/bwi_ros2/src/Azure_Kinect_ROS_Driver/src/k4a_ros_device.cpp:6[m[K:
[10.740s] [01m[K/opt/ros/humble/include/rclcpp/rclcpp/duration.hpp:48:3:[m[K [01;36m[Knote: [m[Kcandidate: ‘[01m[Ktemplate<class Rep, class Period> rclcpp::Duration::Duration(const std::chrono::duration<_Rep1, _Period1>&)[m[K’
[10.740s]    48 |   [01;36m[KDuration[m[K(const std::chrono::duration<Rep, Period> & duration)  // NOLINT(runtime/explicit)
[10.740s]       |   [01;36m[K^~~~~~~~[m[K
[10.741s] [01m[K/opt/ros/humble/include/rclcpp/rclcpp/duration.hpp:48:3:[m[K [01;36m[Knote: [m[K  template argument deduction/substitution failed:
[10.741s] [01m[K/home/4_fri/bwi_ros2/src/Azure_Kinect_ROS_Driver/src/k4a_ros_device.cpp:771:47:[m[K [01;36m[Knote: [m[K  mismatched types ‘[01m[Kconst std::chrono::duration<_Rep1, _Period1>[m[K’ and ‘[01m[Kdouble[m[K’
[10.741s]   771 |   marker_msg->lifetime = rclcpp::Duration(0.25[01;36m[K)[m[K;
[10.741s]       |                                               [01;36m[K^[m[K
[10.745s] In file included from [01m[K/opt/ros/humble/include/rclcpp/rclcpp/qos.hpp:20[m[K,
[10.745s]                  from [01m[K/opt/ros/humble/include/rclcpp/rclcpp/node_interfaces/node_graph_interface.hpp:32[m[K,
[10.745s]                  from [01m[K/opt/ros/humble/include/rclcpp/rclcpp/client.hpp:42[m[K,
[10.745s]                  from [01m[K/opt/ros/humble/include/rclcpp/rclcpp/callback_group.hpp:24[m[K,
[10.745s]                  from [01m[K/opt/ros/humble/include/rclcpp/rclcpp/node.hpp:40[m[K,
[10.745s]                  from [01m[K/opt/ros/humble/include/image_transport/image_transport/image_transport.hpp:37[m[K,
[10.746s]                  from [01m[K/home/4_fri/bwi_ros2/src/Azure_Kinect_ROS_Driver/include/azure_kinect_ros_driver/k4a_ros_device.h:15[m[K,
[10.746s]                  from [01m[K/home/4_fri/bwi_ros2/src/Azure_Kinect_ROS_Driver/src/k4a_ros_device.cpp:6[m[K:
[10.746s] [01m[K/opt/ros/humble/include/rclcpp/rclcpp/duration.hpp:151:3:[m[K [01;36m[Knote: [m[Kcandidate: ‘[01m[Krclcpp::Duration::Duration()[m[K’
[10.746s]   151 |   [01;36m[KDuration[m[K() = default;
[10.746s]       |   [01;36m[K^~~~~~~~[m[K
[10.746s] [01m[K/opt/ros/humble/include/rclcpp/rclcpp/duration.hpp:151:3:[m[K [01;36m[Knote: [m[K  candidate expects 0 arguments, 1 provided
[10.746s] [01m[K/opt/ros/humble/include/rclcpp/rclcpp/duration.hpp:61:3:[m[K [01;36m[Knote: [m[Kcandidate: ‘[01m[Krclcpp::Duration::Duration(const rclcpp::Duration&)[m[K’
[10.746s]    61 |   [01;36m[KDuration[m[K(const Duration & rhs);
[10.746s]       |   [01;36m[K^~~~~~~~[m[K
[10.746s] [01m[K/opt/ros/humble/include/rclcpp/rclcpp/duration.hpp:61:29:[m[K [01;36m[Knote: [m[K  no known conversion for argument 1 from ‘[01m[Kdouble[m[K’ to ‘[01m[Kconst rclcpp::Duration&[m[K’
[10.746s]    61 |   Duration([01;36m[Kconst Duration & rhs[m[K);
[10.747s]       |            [01;36m[K~~~~~~~~~~~~~~~~~^~~[m[K
[10.747s] [01m[K/opt/ros/humble/include/rclcpp/rclcpp/duration.hpp:59:12:[m[K [01;36m[Knote: [m[Kcandidate: ‘[01m[Krclcpp::Duration::Duration(const rcl_duration_t&)[m[K’
[10.747s]    59 |   explicit [01;36m[KDuration[m[K(const rcl_duration_t & duration);
[10.747s]       |            [01;36m[K^~~~~~~~[m[K
[10.747s] [01m[K/opt/ros/humble/include/rclcpp/rclcpp/duration.hpp:59:44:[m[K [01;36m[Knote: [m[K  no known conversion for argument 1 from ‘[01m[Kdouble[m[K’ to ‘[01m[Kconst rcl_duration_t&[m[K’ {aka ‘[01m[Kconst rcl_duration_s&[m[K’}
[10.747s]    59 |   explicit Duration([01;36m[Kconst rcl_duration_t & duration[m[K);
[10.747s]       |                     [01;36m[K~~~~~~~~~~~~~~~~~~~~~~~^~~~~~~~[m[K
[10.747s] [01m[K/opt/ros/humble/include/rclcpp/rclcpp/duration.hpp:53:3:[m[K [01;36m[Knote: [m[Kcandidate: ‘[01m[Krclcpp::Duration::Duration(const Duration&)[m[K’
[10.747s]    53 |   [01;36m[KDuration[m[K(const builtin_interfaces::msg::Duration & duration_msg);  // NOLINT(runtime/explicit)
[10.747s]       |   [01;36m[K^~~~~~~~[m[K
[10.747s] [01m[K/opt/ros/humble/include/rclcpp/rclcpp/duration.hpp:53:54:[m[K [01;36m[Knote: [m[K  no known conversion for argument 1 from ‘[01m[Kdouble[m[K’ to ‘[01m[Kconst Duration&[m[K’ {aka ‘[01m[Kconst builtin_interfaces::msg::Duration_<std::allocator<void> >&[m[K’}
[10.747s]    53 |   Duration([01;36m[Kconst builtin_interfaces::msg::Duration & duration_msg[m[K);  // NOLINT(runtime/explicit)
[10.747s]       |            [01;36m[K~~~~~~~~~~~~~~~~~~~~~~~~~~~~~~~~~~~~~~~~~~^~~~~~~~~~~~[m[K
[10.748s] [01m[K/opt/ros/humble/include/rclcpp/rclcpp/duration.hpp:42:12:[m[K [01;36m[Knote: [m[Kcandidate: ‘[01m[Krclcpp::Duration::Duration(std::chrono::nanoseconds)[m[K’
[10.748s]    42 |   explicit [01;36m[KDuration[m[K(std::chrono::nanoseconds nanoseconds);
[10.748s]       |            [01;36m[K^~~~~~~~[m[K
[10.748s] [01m[K/opt/ros/humble/include/rclcpp/rclcpp/duration.hpp:42:46:[m[K [01;36m[Knote: [m[K  no known conversion for argument 1 from ‘[01m[Kdouble[m[K’ to ‘[01m[Kstd::chrono::nanoseconds[m[K’ {aka ‘[01m[Kstd::chrono::duration<long int, std::ratio<1, 1000000000> >[m[K’}
[10.757s]    42 |   explicit Duration([01;36m[Kstd::chrono::nanoseconds nanoseconds[m[K);
[10.757s]       |                     [01;36m[K~~~~~~~~~~~~~~~~~~~~~~~~~^~~~~~~~~~~[m[K
[10.757s] [01m[K/opt/ros/humble/include/rclcpp/rclcpp/duration.hpp:39:3:[m[K [01;36m[Knote: [m[Kcandidate: ‘[01m[Krclcpp::Duration::Duration(int32_t, uint32_t)[m[K’
[10.757s]    39 |   [01;36m[KDuration[m[K(int32_t seconds, uint32_t nanoseconds);
[10.757s]       |   [01;36m[K^~~~~~~~[m[K
[10.757s] [01m[K/opt/ros/humble/include/rclcpp/rclcpp/duration.hpp:39:3:[m[K [01;36m[Knote: [m[K  candidate expects 2 arguments, 1 provided
[14.664s] gmake[2]: *** [CMakeFiles/azure_kinect_ros_driver_node.dir/build.make:90: CMakeFiles/azure_kinect_ros_driver_node.dir/src/k4a_ros_device.cpp.o] Error 1
[14.665s] gmake[2]: *** Waiting for unfinished jobs....
[14.728s] gmake[1]: *** [CMakeFiles/Makefile2:137: CMakeFiles/azure_kinect_ros_driver_node.dir/all] Error 2
[14.728s] gmake: *** [Makefile:146: all] Error 2
[14.734s] Invoked command in '/home/4_fri/bwi_ros2/build/azure_kinect_ros_driver' returned '2': CMAKE_PREFIX_PATH=/opt/ros/humble /usr/bin/cmake --build /home/4_fri/bwi_ros2/build/azure_kinect_ros_driver -- -j12 -l12
