[0.034s] Invoking command in '/home/4_fri/bwi_ros2/build/bwi_launch': CMAKE_PREFIX_PATH=/opt/ros/humble /usr/bin/cmake /home/4_fri/bwi_ros2/src/bwi_ros2_common/bwi_launch -DCMAKE_INSTALL_PREFIX=/home/4_fri/bwi_ros2/install/bwi_launch
[0.949s] -- The C compiler identification is GNU 11.4.0
[0.949s] -- The CXX compiler identification is GNU 11.4.0
[0.949s] -- Detecting C compiler ABI info
[0.950s] -- Detecting C compiler ABI info - done
[0.950s] -- Check for working C compiler: /usr/bin/cc - skipped
[0.950s] -- Detecting C compile features
[0.950s] -- Detecting C compile features - done
[0.950s] -- Detecting CXX compiler ABI info
[0.950s] -- Detecting CXX compiler ABI info - done
[0.950s] -- Check for working CXX compiler: /usr/bin/c++ - skipped
[0.950s] -- Detecting CXX compile features
[0.950s] -- Detecting CXX compile features - done
[0.950s] -- Found ament_cmake: 1.3.12 (/opt/ros/humble/share/ament_cmake/cmake)
[0.950s] -- Found Python3: /usr/bin/python3 (found version "3.10.12") found components: Interpreter 
[0.952s] -- Found ament_lint_auto: 0.12.14 (/opt/ros/humble/share/ament_lint_auto/cmake)
[0.953s] -- Added test 'cppcheck' to perform static code analysis on C / C++ code
[0.953s] -- Configured cppcheck include dirs: 
[0.953s] -- Configured cppcheck exclude dirs and/or files: 
[0.953s] -- Added test 'flake8' to check Python code syntax and style conventions
[0.953s] -- Added test 'lint_cmake' to check CMake code style
[0.953s] -- Added test 'pep257' to check Python code against some of the docstring style conventions in PEP 257
[0.953s] -- Added test 'uncrustify' to check C / C++ code style
[0.953s] -- Configured uncrustify additional arguments: 
[0.953s] -- Added test 'xmllint' to check XML markup files
[0.953s] -- Configuring done
[0.953s] -- Generating done
[0.953s] -- Build files have been written to: /home/4_fri/bwi_ros2/build/bwi_launch
[0.968s] Invoked command in '/home/4_fri/bwi_ros2/build/bwi_launch' returned '0': CMAKE_PREFIX_PATH=/opt/ros/humble /usr/bin/cmake /home/4_fri/bwi_ros2/src/bwi_ros2_common/bwi_launch -DCMAKE_INSTALL_PREFIX=/home/4_fri/bwi_ros2/install/bwi_launch
[0.968s] Invoking command in '/home/4_fri/bwi_ros2/build/bwi_launch': CMAKE_PREFIX_PATH=/opt/ros/humble /usr/bin/cmake --build /home/4_fri/bwi_ros2/build/bwi_launch -- -j12 -l12
[1.040s] Invoked command in '/home/4_fri/bwi_ros2/build/bwi_launch' returned '0': CMAKE_PREFIX_PATH=/opt/ros/humble /usr/bin/cmake --build /home/4_fri/bwi_ros2/build/bwi_launch -- -j12 -l12
[1.052s] Invoking command in '/home/4_fri/bwi_ros2/build/bwi_launch': CMAKE_PREFIX_PATH=/opt/ros/humble /usr/bin/cmake --install /home/4_fri/bwi_ros2/build/bwi_launch
[2.134s] -- Install configuration: ""
[2.134s] -- Installing: /home/4_fri/bwi_ros2/install/bwi_launch/share/bwi_launch/launch
[2.135s] -- Installing: /home/4_fri/bwi_ros2/install/bwi_launch/share/bwi_launch/launch/.vscode
[2.135s] -- Installing: /home/4_fri/bwi_ros2/install/bwi_launch/share/bwi_launch/launch/.vscode/c_cpp_properties.json
[2.135s] -- Installing: /home/4_fri/bwi_ros2/install/bwi_launch/share/bwi_launch/launch/.vscode/settings.json
[2.135s] -- Installing: /home/4_fri/bwi_ros2/install/bwi_launch/share/bwi_launch/launch/segbot_v4.launch.py
[2.135s] -- Installing: /home/4_fri/bwi_ros2/install/bwi_launch/share/bwi_launch/launch/segbot_v2.launch.py
[2.135s] -- Installing: /home/4_fri/bwi_ros2/install/bwi_launch/share/bwi_launch/config
[2.135s] -- Installing: /home/4_fri/bwi_ros2/install/bwi_launch/share/bwi_launch/config/laser_filter_config.yaml
[2.135s] -- Installing: /home/4_fri/bwi_ros2/install/bwi_launch/share/bwi_launch/config/nav_with_arm.rviz
[2.142s] -- Installing: /home/4_fri/bwi_ros2/install/bwi_launch/share/bwi_launch/config/rviz_config.rviz
[2.143s] -- Installing: /home/4_fri/bwi_ros2/install/bwi_launch/share/ament_index/resource_index/package_run_dependencies/bwi_launch
[2.143s] -- Installing: /home/4_fri/bwi_ros2/install/bwi_launch/share/ament_index/resource_index/parent_prefix_path/bwi_launch
[2.143s] -- Installing: /home/4_fri/bwi_ros2/install/bwi_launch/share/bwi_launch/environment/ament_prefix_path.sh
[2.143s] -- Installing: /home/4_fri/bwi_ros2/install/bwi_launch/share/bwi_launch/environment/ament_prefix_path.dsv
[2.143s] -- Installing: /home/4_fri/bwi_ros2/install/bwi_launch/share/bwi_launch/environment/path.sh
[2.143s] -- Installing: /home/4_fri/bwi_ros2/install/bwi_launch/share/bwi_launch/environment/path.dsv
[2.143s] -- Installing: /home/4_fri/bwi_ros2/install/bwi_launch/share/bwi_launch/local_setup.bash
[2.143s] -- Installing: /home/4_fri/bwi_ros2/install/bwi_launch/share/bwi_launch/local_setup.sh
[2.145s] -- Installing: /home/4_fri/bwi_ros2/install/bwi_launch/share/bwi_launch/local_setup.zsh
[2.145s] -- Installing: /home/4_fri/bwi_ros2/install/bwi_launch/share/bwi_launch/local_setup.dsv
[2.145s] -- Installing: /home/4_fri/bwi_ros2/install/bwi_launch/share/bwi_launch/package.dsv
[2.145s] -- Installing: /home/4_fri/bwi_ros2/install/bwi_launch/share/ament_index/resource_index/packages/bwi_launch
[2.145s] -- Installing: /home/4_fri/bwi_ros2/install/bwi_launch/share/bwi_launch/cmake/bwi_launchConfig.cmake
[2.145s] -- Installing: /home/4_fri/bwi_ros2/install/bwi_launch/share/bwi_launch/cmake/bwi_launchConfig-version.cmake
[2.147s] -- Installing: /home/4_fri/bwi_ros2/install/bwi_launch/share/bwi_launch/package.xml
[2.194s] Invoked command in '/home/4_fri/bwi_ros2/build/bwi_launch' returned '0': CMAKE_PREFIX_PATH=/opt/ros/humble /usr/bin/cmake --install /home/4_fri/bwi_ros2/build/bwi_launch
