[35m[1mConsolidate compiler generated dependencies of target tag_detector[0m
[35m[1mConsolidate compiler generated dependencies of target AprilTagNode[0m
[ 50%] Built target tag_detector
[100%] Built target AprilTagNode
-- Install configuration: ""
-- Installing: /home/4_fri/bwi_ros2/install/apriltag_ros/share/apriltag_ros/environment/library_path.sh
-- Installing: /home/4_fri/bwi_ros2/install/apriltag_ros/share/apriltag_ros/environment/library_path.dsv
-- Installing: /home/4_fri/bwi_ros2/install/apriltag_ros/lib/libAprilTagNode.so
-- Set runtime path of "/home/4_fri/bwi_ros2/install/apriltag_ros/lib/libAprilTagNode.so" to ""
-- Installing: /home/4_fri/bwi_ros2/install/apriltag_ros/bin/tag_detector
-- Set runtime path of "/home/4_fri/bwi_ros2/install/apriltag_ros/bin/tag_detector" to ""
-- Installing: /home/4_fri/bwi_ros2/install/apriltag_ros/share/apriltag_ros/cfg
-- Installing: /home/4_fri/bwi_ros2/install/apriltag_ros/share/apriltag_ros/cfg/tags_36h11_all.yaml
-- Installing: /home/4_fri/bwi_ros2/install/apriltag_ros/share/apriltag_ros/cfg/tags_25h9_all.yaml
-- Installing: /home/4_fri/bwi_ros2/install/apriltag_ros/share/apriltag_ros/cfg/tags_36h11_filter.yaml
-- Installing: /home/4_fri/bwi_ros2/install/apriltag_ros/share/apriltag_ros/cfg/tags_16h5_filtered.yaml
-- Installing: /home/4_fri/bwi_ros2/install/apriltag_ros/share/apriltag_ros/cfg/tags_16h5_all.yaml
-- Installing: /home/4_fri/bwi_ros2/install/apriltag_ros/share/apriltag_ros/launch
-- Installing: /home/4_fri/bwi_ros2/install/apriltag_ros/share/apriltag_ros/launch/tag_kinect.launch.py
-- Installing: /home/4_fri/bwi_ros2/install/apriltag_ros/share/apriltag_ros/launch/tag_realsense.launch.py
-- Installing: /home/4_fri/bwi_ros2/install/apriltag_ros/share/apriltag_ros/launch/tag_gazebo.launch.py
-- Installing: /home/4_fri/bwi_ros2/install/apriltag_ros/share/ament_index/resource_index/package_run_dependencies/apriltag_ros
-- Installing: /home/4_fri/bwi_ros2/install/apriltag_ros/share/ament_index/resource_index/parent_prefix_path/apriltag_ros
-- Installing: /home/4_fri/bwi_ros2/install/apriltag_ros/share/apriltag_ros/environment/ament_prefix_path.sh
-- Installing: /home/4_fri/bwi_ros2/install/apriltag_ros/share/apriltag_ros/environment/ament_prefix_path.dsv
-- Installing: /home/4_fri/bwi_ros2/install/apriltag_ros/share/apriltag_ros/environment/path.sh
-- Installing: /home/4_fri/bwi_ros2/install/apriltag_ros/share/apriltag_ros/environment/path.dsv
-- Installing: /home/4_fri/bwi_ros2/install/apriltag_ros/share/apriltag_ros/local_setup.bash
-- Installing: /home/4_fri/bwi_ros2/install/apriltag_ros/share/apriltag_ros/local_setup.sh
-- Installing: /home/4_fri/bwi_ros2/install/apriltag_ros/share/apriltag_ros/local_setup.zsh
-- Installing: /home/4_fri/bwi_ros2/install/apriltag_ros/share/apriltag_ros/local_setup.dsv
-- Installing: /home/4_fri/bwi_ros2/install/apriltag_ros/share/apriltag_ros/package.dsv
-- Installing: /home/4_fri/bwi_ros2/install/apriltag_ros/share/ament_index/resource_index/packages/apriltag_ros
-- Installing: /home/4_fri/bwi_ros2/install/apriltag_ros/share/ament_index/resource_index/rclcpp_components/apriltag_ros
-- Installing: /home/4_fri/bwi_ros2/install/apriltag_ros/share/apriltag_ros/cmake/ament_cmake_export_dependencies-extras.cmake
-- Installing: /home/4_fri/bwi_ros2/install/apriltag_ros/share/apriltag_ros/cmake/apriltag_rosConfig.cmake
-- Installing: /home/4_fri/bwi_ros2/install/apriltag_ros/share/apriltag_ros/cmake/apriltag_rosConfig-version.cmake
-- Installing: /home/4_fri/bwi_ros2/install/apriltag_ros/share/apriltag_ros/package.xml
