[0.065s] Invoking command in '/home/4_fri/bwi_ros2/build/spatial_transforms': AMENT_PREFIX_PATH=/home/4_fri/bwi_ros2/install/spatial_utils:${AMENT_PREFIX_PATH} CMAKE_PREFIX_PATH=/home/4_fri/bwi_ros2/install/spatial_utils:/home/4_fri/bwi_ros2/install/velodyne:/home/4_fri/bwi_ros2/install/velodyne_pointcloud:/home/4_fri/bwi_ros2/install/velodyne_driver:/home/4_fri/bwi_ros2/install/velodyne_msgs:/home/4_fri/bwi_ros2/install/velodyne_laserscan:/home/4_fri/bwi_ros2/install/urg_node2:/home/4_fri/bwi_ros2/install/segway_rmp_ros2:/home/4_fri/bwi_ros2/install/segbot_description:/home/4_fri/bwi_ros2/install/ros2_laser_scan_merger:/home/4_fri/bwi_ros2/install/nav2_bringup:/home/4_fri/bwi_ros2/install/libsegwayrmp:/home/4_fri/bwi_ros2/install/bwi_launch:/home/4_fri/bwi_ros2/install/azure_kinect_ros_driver:/home/4_fri/bwi_ros2/install/apriltag_ros:/home/4_fri/bwi_ros2/install/apriltag_msgs:/home/4_fri/bwi_ros2/install/scan_prox_filter:/home/4_fri/bwi_ros2/install/scan_filter:/opt/ros/humble LD_LIBRARY_PATH=/home/4_fri/bwi_ros2/install/spatial_utils/lib:${LD_LIBRARY_PATH} /usr/bin/cmake /home/4_fri/bwi_ros2/src/fri_autonomous_template/spatial_transforms -DCMAKE_INSTALL_PREFIX=/home/4_fri/bwi_ros2/install/spatial_transforms
[0.159s] -- The C compiler identification is GNU 11.4.0
[0.256s] -- The CXX compiler identification is GNU 11.4.0
[0.269s] -- Detecting C compiler ABI info
[0.359s] -- Detecting C compiler ABI info - done
[0.371s] -- Check for working C compiler: /usr/bin/cc - skipped
[0.371s] -- Detecting C compile features
[0.371s] -- Detecting C compile features - done
[0.372s] -- Detecting CXX compiler ABI info
[0.454s] -- Detecting CXX compiler ABI info - done
[0.466s] -- Check for working CXX compiler: /usr/bin/c++ - skipped
[0.466s] -- Detecting CXX compile features
[0.467s] -- Detecting CXX compile features - done
[0.472s] -- Found ament_cmake: 1.3.12 (/opt/ros/humble/share/ament_cmake/cmake)
[0.619s] -- Found Python3: /usr/bin/python3 (found version "3.10.12") found components: Interpreter 
[0.717s] -- Found rclcpp: 16.0.14 (/opt/ros/humble/share/rclcpp/cmake)
[0.766s] -- Found rosidl_generator_c: 3.1.7 (/opt/ros/humble/share/rosidl_generator_c/cmake)
[0.773s] -- Found rosidl_adapter: 3.1.7 (/opt/ros/humble/share/rosidl_adapter/cmake)
[0.782s] -- Found rosidl_generator_cpp: 3.1.7 (/opt/ros/humble/share/rosidl_generator_cpp/cmake)
[0.796s] -- Using all available rosidl_typesupport_c: rosidl_typesupport_fastrtps_c;rosidl_typesupport_introspection_c
[0.815s] -- Using all available rosidl_typesupport_cpp: rosidl_typesupport_fastrtps_cpp;rosidl_typesupport_introspection_cpp
[0.863s] -- Found rmw_implementation_cmake: 6.1.2 (/opt/ros/humble/share/rmw_implementation_cmake/cmake)
[0.867s] -- Found rmw_fastrtps_cpp: 6.2.8 (/opt/ros/humble/share/rmw_fastrtps_cpp/cmake)
[0.942s] -- Found OpenSSL: /usr/lib/x86_64-linux-gnu/libcrypto.so (found version "3.0.2")  
[0.969s] -- Found FastRTPS: /opt/ros/humble/include  
[1.005s] -- Using RMW implementation 'rmw_fastrtps_cpp' as default
[1.014s] -- Looking for pthread.h
[1.072s] -- Looking for pthread.h - found
[1.073s] -- Performing Test CMAKE_HAVE_LIBC_PTHREAD
[1.130s] -- Performing Test CMAKE_HAVE_LIBC_PTHREAD - Success
[1.131s] -- Found Threads: TRUE  
[1.198s] -- Found tf2_ros: 0.25.16 (/opt/ros/humble/share/tf2_ros/cmake)
[1.328s] -- Found PkgConfig: /usr/bin/pkg-config (found version "0.29.2") 
[1.329s] -- Found spatial_utils: 0.0.0 (/home/4_fri/bwi_ros2/install/spatial_utils/share/spatial_utils/cmake)
[1.330s] -- Checking for module 'gtk+-3.0'
[1.354s] --   Found gtk+-3.0, version 3.24.33
[1.472s] -- Configuring done
[1.483s] -- Generating done
[1.488s] -- Build files have been written to: /home/4_fri/bwi_ros2/build/spatial_transforms
