[0.036s] Invoking command in '/home/4_fri/bwi_ros2/build/follower_robot': CMAKE_PREFIX_PATH=/home/4_fri/bwi_ros2/install/apriltag_msgs:/home/4_fri/bwi_ros2/install/velodyne:/home/4_fri/bwi_ros2/install/velodyne_pointcloud:/home/4_fri/bwi_ros2/install/velodyne_driver:/home/4_fri/bwi_ros2/install/velodyne_msgs:/home/4_fri/bwi_ros2/install/velodyne_laserscan:/home/4_fri/bwi_ros2/install/urg_node2:/home/4_fri/bwi_ros2/install/segway_rmp_ros2:/home/4_fri/bwi_ros2/install/segbot_description:/home/4_fri/bwi_ros2/install/ros2_laser_scan_merger:/home/4_fri/bwi_ros2/install/nav2_bringup:/home/4_fri/bwi_ros2/install/libsegwayrmp:/home/4_fri/bwi_ros2/install/bwi_launch:/home/4_fri/bwi_ros2/install/azure_kinect_ros_driver:/home/4_fri/bwi_ros2/install/apriltag_ros:/home/4_fri/bwi_ros2/install/scan_prox_filter:/home/4_fri/bwi_ros2/install/scan_filter:/opt/ros/humble LD_LIBRARY_PATH=/home/4_fri/bwi_ros2/install/apriltag_msgs/lib:/home/4_fri/bwi_ros2/install/velodyne_pointcloud/lib:/home/4_fri/bwi_ros2/install/velodyne_driver/lib:/home/4_fri/bwi_ros2/install/velodyne_msgs/lib:/home/4_fri/bwi_ros2/install/velodyne_laserscan/lib:/home/4_fri/bwi_ros2/install/urg_node2/lib:/home/4_fri/bwi_ros2/install/segway_rmp_ros2/lib:/home/4_fri/bwi_ros2/install/libsegwayrmp/lib:/home/4_fri/bwi_ros2/install/apriltag_ros/lib:/usr/lib/x86_64-linux-gnu/gazebo-11/plugins:/opt/ros/humble/opt/rviz_ogre_vendor/lib:/opt/ros/humble/lib/x86_64-linux-gnu:/opt/ros/humble/lib /usr/bin/cmake /home/4_fri/bwi_ros2/src/fri_autonomous_template/follower_robot -DCMAKE_INSTALL_PREFIX=/home/4_fri/bwi_ros2/install/follower_robot
[0.162s] -- The C compiler identification is GNU 11.4.0
[0.258s] -- The CXX compiler identification is GNU 11.4.0
[0.263s] -- Detecting C compiler ABI info
[0.353s] -- Detecting C compiler ABI info - done
[0.361s] -- Check for working C compiler: /usr/bin/cc - skipped
[0.362s] -- Detecting C compile features
[0.362s] -- Detecting C compile features - done
[0.366s] -- Detecting CXX compiler ABI info
[0.450s] -- Detecting CXX compiler ABI info - done
[0.457s] -- Check for working CXX compiler: /usr/bin/c++ - skipped
[0.457s] -- Detecting CXX compile features
[0.458s] -- Detecting CXX compile features - done
[0.461s] -- Found ament_cmake: 1.3.12 (/opt/ros/humble/share/ament_cmake/cmake)
[0.621s] -- Found Python3: /usr/bin/python3 (found version "3.10.12") found components: Interpreter 
[0.746s] -- Found apriltag_msgs: 0.0.0 (/home/4_fri/bwi_ros2/install/apriltag_msgs/share/apriltag_msgs/cmake)
[0.785s] -- Found rosidl_generator_c: 3.1.7 (/opt/ros/humble/share/rosidl_generator_c/cmake)
[0.791s] -- Found rosidl_adapter: 3.1.7 (/opt/ros/humble/share/rosidl_adapter/cmake)
[0.801s] -- Found rosidl_generator_cpp: 3.1.7 (/opt/ros/humble/share/rosidl_generator_cpp/cmake)
[0.814s] -- Using all available rosidl_typesupport_c: rosidl_typesupport_fastrtps_c;rosidl_typesupport_introspection_c
[0.832s] -- Using all available rosidl_typesupport_cpp: rosidl_typesupport_fastrtps_cpp;rosidl_typesupport_introspection_cpp
[0.890s] -- Found cv_bridge: 3.2.1 (/opt/ros/humble/share/cv_bridge/cmake)
[0.925s] -- Found nav2_msgs: 1.1.18 (/opt/ros/humble/share/nav2_msgs/cmake)
[1.009s] -- Found rclcpp: 16.0.14 (/opt/ros/humble/share/rclcpp/cmake)
[1.053s] -- Found rmw_implementation_cmake: 6.1.2 (/opt/ros/humble/share/rmw_implementation_cmake/cmake)
[1.057s] -- Found rmw_fastrtps_cpp: 6.2.8 (/opt/ros/humble/share/rmw_fastrtps_cpp/cmake)
[1.141s] -- Found OpenSSL: /usr/lib/x86_64-linux-gnu/libcrypto.so (found version "3.0.2")  
[1.171s] -- Found FastRTPS: /opt/ros/humble/include  
[1.209s] -- Using RMW implementation 'rmw_fastrtps_cpp' as default
[1.220s] -- Looking for pthread.h
[1.285s] -- Looking for pthread.h - found
[1.286s] -- Performing Test CMAKE_HAVE_LIBC_PTHREAD
[1.344s] -- Performing Test CMAKE_HAVE_LIBC_PTHREAD - Success
[1.344s] -- Found Threads: TRUE  
[1.390s] [31mCMake Error at CMakeLists.txt:17 (find_package):
[1.390s]   By not providing "Findspatial_utils.cmake" in CMAKE_MODULE_PATH this
[1.390s]   project has asked CMake to find a package configuration file provided by
[1.390s]   "spatial_utils", but CMake did not find one.
[1.391s] 
[1.391s]   Could not find a package configuration file provided by "spatial_utils"
[1.391s]   with any of the following names:
[1.391s] 
[1.391s]     spatial_utilsConfig.cmake
[1.391s]     spatial_utils-config.cmake
[1.391s] 
[1.391s]   Add the installation prefix of "spatial_utils" to CMAKE_PREFIX_PATH or set
[1.391s]   "spatial_utils_DIR" to a directory containing one of the above files.  If
[1.391s]   "spatial_utils" provides a separate development package or SDK, be sure it
[1.391s]   has been installed.
[1.391s] 
[1.391s] [0m
[1.391s] -- Configuring incomplete, errors occurred!
[1.391s] See also "/home/4_fri/bwi_ros2/build/follower_robot/CMakeFiles/CMakeOutput.log".
[1.399s] Invoked command in '/home/4_fri/bwi_ros2/build/follower_robot' returned '1': CMAKE_PREFIX_PATH=/home/4_fri/bwi_ros2/install/apriltag_msgs:/home/4_fri/bwi_ros2/install/velodyne:/home/4_fri/bwi_ros2/install/velodyne_pointcloud:/home/4_fri/bwi_ros2/install/velodyne_driver:/home/4_fri/bwi_ros2/install/velodyne_msgs:/home/4_fri/bwi_ros2/install/velodyne_laserscan:/home/4_fri/bwi_ros2/install/urg_node2:/home/4_fri/bwi_ros2/install/segway_rmp_ros2:/home/4_fri/bwi_ros2/install/segbot_description:/home/4_fri/bwi_ros2/install/ros2_laser_scan_merger:/home/4_fri/bwi_ros2/install/nav2_bringup:/home/4_fri/bwi_ros2/install/libsegwayrmp:/home/4_fri/bwi_ros2/install/bwi_launch:/home/4_fri/bwi_ros2/install/azure_kinect_ros_driver:/home/4_fri/bwi_ros2/install/apriltag_ros:/home/4_fri/bwi_ros2/install/scan_prox_filter:/home/4_fri/bwi_ros2/install/scan_filter:/opt/ros/humble LD_LIBRARY_PATH=/home/4_fri/bwi_ros2/install/apriltag_msgs/lib:/home/4_fri/bwi_ros2/install/velodyne_pointcloud/lib:/home/4_fri/bwi_ros2/install/velodyne_driver/lib:/home/4_fri/bwi_ros2/install/velodyne_msgs/lib:/home/4_fri/bwi_ros2/install/velodyne_laserscan/lib:/home/4_fri/bwi_ros2/install/urg_node2/lib:/home/4_fri/bwi_ros2/install/segway_rmp_ros2/lib:/home/4_fri/bwi_ros2/install/libsegwayrmp/lib:/home/4_fri/bwi_ros2/install/apriltag_ros/lib:/usr/lib/x86_64-linux-gnu/gazebo-11/plugins:/opt/ros/humble/opt/rviz_ogre_vendor/lib:/opt/ros/humble/lib/x86_64-linux-gnu:/opt/ros/humble/lib /usr/bin/cmake /home/4_fri/bwi_ros2/src/fri_autonomous_template/follower_robot -DCMAKE_INSTALL_PREFIX=/home/4_fri/bwi_ros2/install/follower_robot
