[0.043s] Invoking command in '/home/4_fri/bwi_ros2/build/azure_kinect_ros_driver': CMAKE_PREFIX_PATH=${CMAKE_PREFIX_PATH}:/home/4_fri/bwi_ros2/install/scan_prox_filter:/home/4_fri/bwi_ros2/install/scan_filter:/opt/ros/humble /usr/bin/cmake --build /home/4_fri/bwi_ros2/build/azure_kinect_ros_driver -- -j12 -l12
[0.807s] [35m[1mConsolidate compiler generated dependencies of target azure_kinect_ros_driver_node[0m
[0.807s] [100%] Built target azure_kinect_ros_driver_node
[0.814s] Invoked command in '/home/4_fri/bwi_ros2/build/azure_kinect_ros_driver' returned '0': CMAKE_PREFIX_PATH=${CMAKE_PREFIX_PATH}:/home/4_fri/bwi_ros2/install/scan_prox_filter:/home/4_fri/bwi_ros2/install/scan_filter:/opt/ros/humble /usr/bin/cmake --build /home/4_fri/bwi_ros2/build/azure_kinect_ros_driver -- -j12 -l12
[0.816s] Invoking command in '/home/4_fri/bwi_ros2/build/azure_kinect_ros_driver': CMAKE_PREFIX_PATH=${CMAKE_PREFIX_PATH}:/home/4_fri/bwi_ros2/install/scan_prox_filter:/home/4_fri/bwi_ros2/install/scan_filter:/opt/ros/humble /usr/bin/cmake --install /home/4_fri/bwi_ros2/build/azure_kinect_ros_driver
[0.849s] -- Install configuration: ""
[0.849s] -- Up-to-date: /home/4_fri/bwi_ros2/install/azure_kinect_ros_driver/lib/azure_kinect_ros_driver/node
[0.849s] -- Up-to-date: /home/4_fri/bwi_ros2/install/azure_kinect_ros_driver/share/azure_kinect_ros_driver//launch
[0.849s] -- Up-to-date: /home/4_fri/bwi_ros2/install/azure_kinect_ros_driver/share/azure_kinect_ros_driver//launch/rectify_test.launch
[0.850s] -- Up-to-date: /home/4_fri/bwi_ros2/install/azure_kinect_ros_driver/share/azure_kinect_ros_driver//launch/driver.launch.py
[0.850s] -- Up-to-date: /home/4_fri/bwi_ros2/install/azure_kinect_ros_driver/share/azure_kinect_ros_driver//launch/slam_rtabmap.launch
[0.850s] -- Up-to-date: /home/4_fri/bwi_ros2/install/azure_kinect_ros_driver/share/azure_kinect_ros_driver//urdf
[0.850s] -- Up-to-date: /home/4_fri/bwi_ros2/install/azure_kinect_ros_driver/share/azure_kinect_ros_driver//urdf/azure_kinect.urdf.xacro
[0.850s] -- Up-to-date: /home/4_fri/bwi_ros2/install/azure_kinect_ros_driver/share/ament_index/resource_index/package_run_dependencies/azure_kinect_ros_driver
[0.850s] -- Up-to-date: /home/4_fri/bwi_ros2/install/azure_kinect_ros_driver/share/ament_index/resource_index/parent_prefix_path/azure_kinect_ros_driver
[0.850s] -- Up-to-date: /home/4_fri/bwi_ros2/install/azure_kinect_ros_driver/share/azure_kinect_ros_driver/environment/ament_prefix_path.sh
[0.850s] -- Up-to-date: /home/4_fri/bwi_ros2/install/azure_kinect_ros_driver/share/azure_kinect_ros_driver/environment/ament_prefix_path.dsv
[0.850s] -- Up-to-date: /home/4_fri/bwi_ros2/install/azure_kinect_ros_driver/share/azure_kinect_ros_driver/environment/path.sh
[0.850s] -- Up-to-date: /home/4_fri/bwi_ros2/install/azure_kinect_ros_driver/share/azure_kinect_ros_driver/environment/path.dsv
[0.850s] -- Up-to-date: /home/4_fri/bwi_ros2/install/azure_kinect_ros_driver/share/azure_kinect_ros_driver/local_setup.bash
[0.850s] -- Up-to-date: /home/4_fri/bwi_ros2/install/azure_kinect_ros_driver/share/azure_kinect_ros_driver/local_setup.sh
[0.850s] -- Up-to-date: /home/4_fri/bwi_ros2/install/azure_kinect_ros_driver/share/azure_kinect_ros_driver/local_setup.zsh
[0.850s] -- Up-to-date: /home/4_fri/bwi_ros2/install/azure_kinect_ros_driver/share/azure_kinect_ros_driver/local_setup.dsv
[0.850s] -- Installing: /home/4_fri/bwi_ros2/install/azure_kinect_ros_driver/share/azure_kinect_ros_driver/package.dsv
[0.851s] -- Up-to-date: /home/4_fri/bwi_ros2/install/azure_kinect_ros_driver/share/ament_index/resource_index/packages/azure_kinect_ros_driver
[0.851s] -- Up-to-date: /home/4_fri/bwi_ros2/install/azure_kinect_ros_driver/share/azure_kinect_ros_driver/cmake/azure_kinect_ros_driverConfig.cmake
[0.851s] -- Up-to-date: /home/4_fri/bwi_ros2/install/azure_kinect_ros_driver/share/azure_kinect_ros_driver/cmake/azure_kinect_ros_driverConfig-version.cmake
[0.851s] -- Up-to-date: /home/4_fri/bwi_ros2/install/azure_kinect_ros_driver/share/azure_kinect_ros_driver/package.xml
[0.931s] Invoked command in '/home/4_fri/bwi_ros2/build/azure_kinect_ros_driver' returned '0': CMAKE_PREFIX_PATH=${CMAKE_PREFIX_PATH}:/home/4_fri/bwi_ros2/install/scan_prox_filter:/home/4_fri/bwi_ros2/install/scan_filter:/opt/ros/humble /usr/bin/cmake --install /home/4_fri/bwi_ros2/build/azure_kinect_ros_driver
