[35m[1mConsolidate compiler generated dependencies of target send_goal[0m
[100%] Built target send_goal
-- Install configuration: ""
-- Installing: /home/4_fri/bwi_ros2/install/nav_goals/lib/nav_goals/send_goal
-- Set runtime path of "/home/4_fri/bwi_ros2/install/nav_goals/lib/nav_goals/send_goal" to ""
-- Installing: /home/4_fri/bwi_ros2/install/nav_goals/share/ament_index/resource_index/package_run_dependencies/nav_goals
-- Installing: /home/4_fri/bwi_ros2/install/nav_goals/share/ament_index/resource_index/parent_prefix_path/nav_goals
-- Installing: /home/4_fri/bwi_ros2/install/nav_goals/share/nav_goals/environment/ament_prefix_path.sh
-- Installing: /home/4_fri/bwi_ros2/install/nav_goals/share/nav_goals/environment/ament_prefix_path.dsv
-- Installing: /home/4_fri/bwi_ros2/install/nav_goals/share/nav_goals/environment/path.sh
-- Installing: /home/4_fri/bwi_ros2/install/nav_goals/share/nav_goals/environment/path.dsv
-- Installing: /home/4_fri/bwi_ros2/install/nav_goals/share/nav_goals/local_setup.bash
-- Installing: /home/4_fri/bwi_ros2/install/nav_goals/share/nav_goals/local_setup.sh
-- Installing: /home/4_fri/bwi_ros2/install/nav_goals/share/nav_goals/local_setup.zsh
-- Installing: /home/4_fri/bwi_ros2/install/nav_goals/share/nav_goals/local_setup.dsv
-- Installing: /home/4_fri/bwi_ros2/install/nav_goals/share/nav_goals/package.dsv
-- Installing: /home/4_fri/bwi_ros2/install/nav_goals/share/ament_index/resource_index/packages/nav_goals
-- Installing: /home/4_fri/bwi_ros2/install/nav_goals/share/nav_goals/cmake/nav_goalsConfig.cmake
-- Installing: /home/4_fri/bwi_ros2/install/nav_goals/share/nav_goals/cmake/nav_goalsConfig-version.cmake
-- Installing: /home/4_fri/bwi_ros2/install/nav_goals/share/nav_goals/package.xml
