[0.047s] Invoking command in '/home/4_fri/bwi_ros2/build/bwi_launch': CMAKE_PREFIX_PATH=${CMAKE_PREFIX_PATH}:/home/4_fri/bwi_ros2/install/scan_prox_filter:/home/4_fri/bwi_ros2/install/scan_filter:/opt/ros/humble /usr/bin/cmake --build /home/4_fri/bwi_ros2/build/bwi_launch -- -j12 -l12
[0.733s] Invoked command in '/home/4_fri/bwi_ros2/build/bwi_launch' returned '0': CMAKE_PREFIX_PATH=${CMAKE_PREFIX_PATH}:/home/4_fri/bwi_ros2/install/scan_prox_filter:/home/4_fri/bwi_ros2/install/scan_filter:/opt/ros/humble /usr/bin/cmake --build /home/4_fri/bwi_ros2/build/bwi_launch -- -j12 -l12
[0.734s] Invoking command in '/home/4_fri/bwi_ros2/build/bwi_launch': CMAKE_PREFIX_PATH=${CMAKE_PREFIX_PATH}:/home/4_fri/bwi_ros2/install/scan_prox_filter:/home/4_fri/bwi_ros2/install/scan_filter:/opt/ros/humble /usr/bin/cmake --install /home/4_fri/bwi_ros2/build/bwi_launch
[0.764s] -- Install configuration: ""
[0.764s] -- Up-to-date: /home/4_fri/bwi_ros2/install/bwi_launch/share/bwi_launch/launch
[0.765s] -- Up-to-date: /home/4_fri/bwi_ros2/install/bwi_launch/share/bwi_launch/launch/.vscode
[0.765s] -- Up-to-date: /home/4_fri/bwi_ros2/install/bwi_launch/share/bwi_launch/launch/.vscode/c_cpp_properties.json
[0.765s] -- Up-to-date: /home/4_fri/bwi_ros2/install/bwi_launch/share/bwi_launch/launch/.vscode/settings.json
[0.765s] -- Up-to-date: /home/4_fri/bwi_ros2/install/bwi_launch/share/bwi_launch/launch/segbot_v4.launch.py
[0.765s] -- Up-to-date: /home/4_fri/bwi_ros2/install/bwi_launch/share/bwi_launch/launch/segbot_v2.launch.py
[0.765s] -- Up-to-date: /home/4_fri/bwi_ros2/install/bwi_launch/share/bwi_launch/config
[0.766s] -- Up-to-date: /home/4_fri/bwi_ros2/install/bwi_launch/share/bwi_launch/config/laser_filter_config.yaml
[0.766s] -- Up-to-date: /home/4_fri/bwi_ros2/install/bwi_launch/share/bwi_launch/config/nav_with_arm.rviz
[0.767s] -- Up-to-date: /home/4_fri/bwi_ros2/install/bwi_launch/share/bwi_launch/config/rviz_config.rviz
[0.767s] -- Up-to-date: /home/4_fri/bwi_ros2/install/bwi_launch/share/ament_index/resource_index/package_run_dependencies/bwi_launch
[0.767s] -- Up-to-date: /home/4_fri/bwi_ros2/install/bwi_launch/share/ament_index/resource_index/parent_prefix_path/bwi_launch
[0.767s] -- Up-to-date: /home/4_fri/bwi_ros2/install/bwi_launch/share/bwi_launch/environment/ament_prefix_path.sh
[0.767s] -- Up-to-date: /home/4_fri/bwi_ros2/install/bwi_launch/share/bwi_launch/environment/ament_prefix_path.dsv
[0.767s] -- Up-to-date: /home/4_fri/bwi_ros2/install/bwi_launch/share/bwi_launch/environment/path.sh
[0.767s] -- Up-to-date: /home/4_fri/bwi_ros2/install/bwi_launch/share/bwi_launch/environment/path.dsv
[0.768s] -- Up-to-date: /home/4_fri/bwi_ros2/install/bwi_launch/share/bwi_launch/local_setup.bash
[0.768s] -- Up-to-date: /home/4_fri/bwi_ros2/install/bwi_launch/share/bwi_launch/local_setup.sh
[0.768s] -- Up-to-date: /home/4_fri/bwi_ros2/install/bwi_launch/share/bwi_launch/local_setup.zsh
[0.768s] -- Up-to-date: /home/4_fri/bwi_ros2/install/bwi_launch/share/bwi_launch/local_setup.dsv
[0.768s] -- Installing: /home/4_fri/bwi_ros2/install/bwi_launch/share/bwi_launch/package.dsv
[0.768s] -- Up-to-date: /home/4_fri/bwi_ros2/install/bwi_launch/share/ament_index/resource_index/packages/bwi_launch
[0.768s] -- Up-to-date: /home/4_fri/bwi_ros2/install/bwi_launch/share/bwi_launch/cmake/bwi_launchConfig.cmake
[0.768s] -- Up-to-date: /home/4_fri/bwi_ros2/install/bwi_launch/share/bwi_launch/cmake/bwi_launchConfig-version.cmake
[0.768s] -- Up-to-date: /home/4_fri/bwi_ros2/install/bwi_launch/share/bwi_launch/package.xml
[0.818s] Invoked command in '/home/4_fri/bwi_ros2/build/bwi_launch' returned '0': CMAKE_PREFIX_PATH=${CMAKE_PREFIX_PATH}:/home/4_fri/bwi_ros2/install/scan_prox_filter:/home/4_fri/bwi_ros2/install/scan_filter:/opt/ros/humble /usr/bin/cmake --install /home/4_fri/bwi_ros2/build/bwi_launch
