[0.080s] Invoking command in '/home/4_fri/bwi_ros2/build/urg_node2': CMAKE_PREFIX_PATH=${CMAKE_PREFIX_PATH}:/home/4_fri/bwi_ros2/install/scan_prox_filter:/home/4_fri/bwi_ros2/install/scan_filter:/opt/ros/humble /usr/bin/cmake --build /home/4_fri/bwi_ros2/build/urg_node2 -- -j12 -l12
[0.176s] [ 45%] Built target urg_c
[0.197s] [ 55%] Built target gtest_main
[0.204s] [ 65%] Built target gtest
[0.208s] [ 75%] Built target urg_node2_node
[0.222s] [ 85%] Built target urg_node2
[0.281s] [100%] Built target urg_node2_test
[0.321s] Invoked command in '/home/4_fri/bwi_ros2/build/urg_node2' returned '0': CMAKE_PREFIX_PATH=${CMAKE_PREFIX_PATH}:/home/4_fri/bwi_ros2/install/scan_prox_filter:/home/4_fri/bwi_ros2/install/scan_filter:/opt/ros/humble /usr/bin/cmake --build /home/4_fri/bwi_ros2/build/urg_node2 -- -j12 -l12
[0.321s] Invoking command in '/home/4_fri/bwi_ros2/build/urg_node2': CMAKE_PREFIX_PATH=${CMAKE_PREFIX_PATH}:/home/4_fri/bwi_ros2/install/scan_prox_filter:/home/4_fri/bwi_ros2/install/scan_filter:/opt/ros/humble /usr/bin/cmake --install /home/4_fri/bwi_ros2/build/urg_node2
[0.338s] -- Install configuration: ""
[0.342s] -- Up-to-date: /home/4_fri/bwi_ros2/install/urg_node2/lib/urg_node2/urg_node2_node
[0.343s] -- Up-to-date: /home/4_fri/bwi_ros2/install/urg_node2/lib/liburg_node2.so
[0.343s] -- Up-to-date: /home/4_fri/bwi_ros2/install/urg_node2/lib/liburg_c.so
[0.343s] -- Up-to-date: /home/4_fri/bwi_ros2/install/urg_node2/share/urg_node2/launch
[0.343s] -- Up-to-date: /home/4_fri/bwi_ros2/install/urg_node2/share/urg_node2/launch/urg_node2_2lidar.launch.py
[0.343s] -- Up-to-date: /home/4_fri/bwi_ros2/install/urg_node2/share/urg_node2/launch/urg_node2.launch.py
[0.343s] -- Up-to-date: /home/4_fri/bwi_ros2/install/urg_node2/share/urg_node2/launch/urg_node2_component.launch.py
[0.343s] -- Up-to-date: /home/4_fri/bwi_ros2/install/urg_node2/share/urg_node2/config
[0.343s] -- Up-to-date: /home/4_fri/bwi_ros2/install/urg_node2/share/urg_node2/config/params_serial.yaml
[0.344s] -- Up-to-date: /home/4_fri/bwi_ros2/install/urg_node2/share/urg_node2/config/params_ether.yaml
[0.344s] -- Up-to-date: /home/4_fri/bwi_ros2/install/urg_node2/share/urg_node2/config/params_ether_2nd.yaml
[0.344s] -- Up-to-date: /home/4_fri/bwi_ros2/install/urg_node2/share/ament_index/resource_index/package_run_dependencies/urg_node2
[0.344s] -- Up-to-date: /home/4_fri/bwi_ros2/install/urg_node2/share/ament_index/resource_index/parent_prefix_path/urg_node2
[0.344s] -- Up-to-date: /home/4_fri/bwi_ros2/install/urg_node2/share/urg_node2/environment/ament_prefix_path.sh
[0.344s] -- Up-to-date: /home/4_fri/bwi_ros2/install/urg_node2/share/urg_node2/environment/ament_prefix_path.dsv
[0.344s] -- Up-to-date: /home/4_fri/bwi_ros2/install/urg_node2/share/urg_node2/environment/path.sh
[0.344s] -- Up-to-date: /home/4_fri/bwi_ros2/install/urg_node2/share/urg_node2/environment/path.dsv
[0.344s] -- Up-to-date: /home/4_fri/bwi_ros2/install/urg_node2/share/urg_node2/local_setup.bash
[0.344s] -- Up-to-date: /home/4_fri/bwi_ros2/install/urg_node2/share/urg_node2/local_setup.sh
[0.344s] -- Up-to-date: /home/4_fri/bwi_ros2/install/urg_node2/share/urg_node2/local_setup.zsh
[0.351s] -- Up-to-date: /home/4_fri/bwi_ros2/install/urg_node2/share/urg_node2/local_setup.dsv
[0.351s] -- Installing: /home/4_fri/bwi_ros2/install/urg_node2/share/urg_node2/package.dsv
[0.351s] -- Up-to-date: /home/4_fri/bwi_ros2/install/urg_node2/share/ament_index/resource_index/packages/urg_node2
[0.351s] -- Up-to-date: /home/4_fri/bwi_ros2/install/urg_node2/share/ament_index/resource_index/rclcpp_components/urg_node2
[0.358s] -- Up-to-date: /home/4_fri/bwi_ros2/install/urg_node2/share/urg_node2/cmake/urg_node2Config.cmake
[0.360s] -- Up-to-date: /home/4_fri/bwi_ros2/install/urg_node2/share/urg_node2/cmake/urg_node2Config-version.cmake
[0.361s] -- Up-to-date: /home/4_fri/bwi_ros2/install/urg_node2/share/urg_node2/package.xml
[0.393s] Invoked command in '/home/4_fri/bwi_ros2/build/urg_node2' returned '0': CMAKE_PREFIX_PATH=${CMAKE_PREFIX_PATH}:/home/4_fri/bwi_ros2/install/scan_prox_filter:/home/4_fri/bwi_ros2/install/scan_filter:/opt/ros/humble /usr/bin/cmake --install /home/4_fri/bwi_ros2/build/urg_node2
