[0.066s] Invoking command in '/home/4_fri/bwi_ros2/build/libsegwayrmp': CMAKE_PREFIX_PATH=${CMAKE_PREFIX_PATH}:/home/4_fri/bwi_ros2/install/scan_prox_filter:/home/4_fri/bwi_ros2/install/scan_filter:/opt/ros/humble /usr/bin/cmake --build /home/4_fri/bwi_ros2/build/libsegwayrmp -- -j12 -l12
[0.705s] [100%] Built target libsegwayrmp
[0.715s] Invoked command in '/home/4_fri/bwi_ros2/build/libsegwayrmp' returned '0': CMAKE_PREFIX_PATH=${CMAKE_PREFIX_PATH}:/home/4_fri/bwi_ros2/install/scan_prox_filter:/home/4_fri/bwi_ros2/install/scan_filter:/opt/ros/humble /usr/bin/cmake --build /home/4_fri/bwi_ros2/build/libsegwayrmp -- -j12 -l12
[0.716s] Invoking command in '/home/4_fri/bwi_ros2/build/libsegwayrmp': CMAKE_PREFIX_PATH=${CMAKE_PREFIX_PATH}:/home/4_fri/bwi_ros2/install/scan_prox_filter:/home/4_fri/bwi_ros2/install/scan_filter:/opt/ros/humble /usr/bin/cmake --install /home/4_fri/bwi_ros2/build/libsegwayrmp
[0.744s] -- Install configuration: "RELWITHDEBINFO"
[0.744s] -- Up-to-date: /home/4_fri/bwi_ros2/install/libsegwayrmp/lib/liblibsegwayrmp.so
[0.744s] -- Up-to-date: /home/4_fri/bwi_ros2/install/libsegwayrmp/include/libsegwayrmp/segwayrmp.h
[0.745s] -- Up-to-date: /home/4_fri/bwi_ros2/install/libsegwayrmp/share/libsegwayrmp/libsegwayrmpConfig.cmake
[0.745s] -- Up-to-date: /home/4_fri/bwi_ros2/install/libsegwayrmp/share/libsegwayrmp/package.xml
[0.745s] -- Up-to-date: /home/4_fri/bwi_ros2/install/libsegwayrmp/lib/libftd2xx.a
[0.745s] -- Up-to-date: /home/4_fri/bwi_ros2/install/libsegwayrmp/lib/pkgconfig/libsegwayrmp.pc
[0.745s] -- Up-to-date: /home/4_fri/bwi_ros2/install/libsegwayrmp/lib/liblibsegwayrmp.so
[0.745s] -- Up-to-date: /home/4_fri/bwi_ros2/install/libsegwayrmp/include
[0.745s] -- Up-to-date: /home/4_fri/bwi_ros2/install/libsegwayrmp/include/libsegwayrmp
[0.745s] -- Up-to-date: /home/4_fri/bwi_ros2/install/libsegwayrmp/include/libsegwayrmp/segwayrmp.h
[0.745s] -- Up-to-date: /home/4_fri/bwi_ros2/install/libsegwayrmp/include/libsegwayrmp/impl
[0.745s] -- Up-to-date: /home/4_fri/bwi_ros2/install/libsegwayrmp/include/libsegwayrmp/impl/rmp_serial.h
[0.746s] -- Up-to-date: /home/4_fri/bwi_ros2/install/libsegwayrmp/include/libsegwayrmp/impl/rmp_ftd2xx.h
[0.746s] -- Up-to-date: /home/4_fri/bwi_ros2/install/libsegwayrmp/include/libsegwayrmp/impl/rmp_io.h
[0.746s] -- Up-to-date: /home/4_fri/bwi_ros2/install/libsegwayrmp/include/libsegwayrmp/gui
[0.746s] -- Up-to-date: /home/4_fri/bwi_ros2/install/libsegwayrmp/include/libsegwayrmp/gui/segwayrmp_gui.ui
[0.746s] -- Up-to-date: /home/4_fri/bwi_ros2/install/libsegwayrmp/include/libsegwayrmp/gui/segwayrmp_gui.h
[0.746s] -- Up-to-date: /home/4_fri/bwi_ros2/install/libsegwayrmp/lib/cmake/libsegwayrmp/libsegwayrmpTargets.cmake
[0.746s] -- Up-to-date: /home/4_fri/bwi_ros2/install/libsegwayrmp/lib/cmake/libsegwayrmp/libsegwayrmpTargets-relwithdebinfo.cmake
[0.746s] -- Up-to-date: /home/4_fri/bwi_ros2/install/libsegwayrmp/share/ament_index/resource_index/package_run_dependencies/libsegwayrmp
[0.746s] -- Up-to-date: /home/4_fri/bwi_ros2/install/libsegwayrmp/share/ament_index/resource_index/parent_prefix_path/libsegwayrmp
[0.746s] -- Up-to-date: /home/4_fri/bwi_ros2/install/libsegwayrmp/share/libsegwayrmp/environment/ament_prefix_path.sh
[0.746s] -- Up-to-date: /home/4_fri/bwi_ros2/install/libsegwayrmp/share/libsegwayrmp/environment/ament_prefix_path.dsv
[0.747s] -- Up-to-date: /home/4_fri/bwi_ros2/install/libsegwayrmp/share/libsegwayrmp/environment/path.sh
[0.747s] -- Up-to-date: /home/4_fri/bwi_ros2/install/libsegwayrmp/share/libsegwayrmp/environment/path.dsv
[0.747s] -- Up-to-date: /home/4_fri/bwi_ros2/install/libsegwayrmp/share/libsegwayrmp/local_setup.bash
[0.747s] -- Up-to-date: /home/4_fri/bwi_ros2/install/libsegwayrmp/share/libsegwayrmp/local_setup.sh
[0.747s] -- Up-to-date: /home/4_fri/bwi_ros2/install/libsegwayrmp/share/libsegwayrmp/local_setup.zsh
[0.747s] -- Up-to-date: /home/4_fri/bwi_ros2/install/libsegwayrmp/share/libsegwayrmp/local_setup.dsv
[0.747s] -- Installing: /home/4_fri/bwi_ros2/install/libsegwayrmp/share/libsegwayrmp/package.dsv
[0.747s] -- Up-to-date: /home/4_fri/bwi_ros2/install/libsegwayrmp/share/ament_index/resource_index/packages/libsegwayrmp
[0.748s] -- Up-to-date: /home/4_fri/bwi_ros2/install/libsegwayrmp/share/libsegwayrmp/cmake/ament_cmake_export_dependencies-extras.cmake
[0.748s] -- Up-to-date: /home/4_fri/bwi_ros2/install/libsegwayrmp/share/libsegwayrmp/cmake/libsegwayrmpConfig.cmake
[0.748s] -- Up-to-date: /home/4_fri/bwi_ros2/install/libsegwayrmp/share/libsegwayrmp/cmake/libsegwayrmpConfig-version.cmake
[0.748s] -- Up-to-date: /home/4_fri/bwi_ros2/install/libsegwayrmp/share/libsegwayrmp/package.xml
[0.805s] Invoked command in '/home/4_fri/bwi_ros2/build/libsegwayrmp' returned '0': CMAKE_PREFIX_PATH=${CMAKE_PREFIX_PATH}:/home/4_fri/bwi_ros2/install/scan_prox_filter:/home/4_fri/bwi_ros2/install/scan_filter:/opt/ros/humble /usr/bin/cmake --install /home/4_fri/bwi_ros2/build/libsegwayrmp
