[0.035s] Invoking command in '/home/4_fri/bwi_ros2/build/nav2_bringup': CMAKE_PREFIX_PATH=/opt/ros/humble /usr/bin/cmake --build /home/4_fri/bwi_ros2/build/nav2_bringup -- -j12 -l12
[0.610s] Invoked command in '/home/4_fri/bwi_ros2/build/nav2_bringup' returned '0': CMAKE_PREFIX_PATH=/opt/ros/humble /usr/bin/cmake --build /home/4_fri/bwi_ros2/build/nav2_bringup -- -j12 -l12
[0.618s] Invoking command in '/home/4_fri/bwi_ros2/build/nav2_bringup': CMAKE_PREFIX_PATH=/opt/ros/humble /usr/bin/cmake --install /home/4_fri/bwi_ros2/build/nav2_bringup
[0.635s] -- Install configuration: "Release"
[0.636s] -- Up-to-date: /home/4_fri/bwi_ros2/install/nav2_bringup/share/nav2_bringup/launch
[0.636s] -- Up-to-date: /home/4_fri/bwi_ros2/install/nav2_bringup/share/nav2_bringup/launch/cloned_multi_tb3_simulation_launch.py
[0.637s] -- Up-to-date: /home/4_fri/bwi_ros2/install/nav2_bringup/share/nav2_bringup/launch/rviz_launch.py
[0.637s] -- Up-to-date: /home/4_fri/bwi_ros2/install/nav2_bringup/share/nav2_bringup/launch/slam_launch.py
[0.637s] -- Up-to-date: /home/4_fri/bwi_ros2/install/nav2_bringup/share/nav2_bringup/launch/navigation_launch.py
[0.637s] -- Up-to-date: /home/4_fri/bwi_ros2/install/nav2_bringup/share/nav2_bringup/launch/augmented_map.py
[0.637s] -- Up-to-date: /home/4_fri/bwi_ros2/install/nav2_bringup/share/nav2_bringup/launch/unique_multi_tb3_simulation_launch.py
[0.638s] -- Up-to-date: /home/4_fri/bwi_ros2/install/nav2_bringup/share/nav2_bringup/launch/localization_launch.py
[0.638s] -- Up-to-date: /home/4_fri/bwi_ros2/install/nav2_bringup/share/nav2_bringup/launch/bringup_launch.py
[0.638s] -- Up-to-date: /home/4_fri/bwi_ros2/install/nav2_bringup/share/nav2_bringup/launch/tb3_simulation_launch.py
[0.638s] -- Up-to-date: /home/4_fri/bwi_ros2/install/nav2_bringup/share/nav2_bringup/maps
[0.638s] -- Up-to-date: /home/4_fri/bwi_ros2/install/nav2_bringup/share/nav2_bringup/maps/turtlebot3_world.pgm
[0.638s] -- Up-to-date: /home/4_fri/bwi_ros2/install/nav2_bringup/share/nav2_bringup/maps/2
[0.638s] -- Up-to-date: /home/4_fri/bwi_ros2/install/nav2_bringup/share/nav2_bringup/maps/2/occ
[0.638s] -- Up-to-date: /home/4_fri/bwi_ros2/install/nav2_bringup/share/nav2_bringup/maps/2/occ/ahg_full_closed.pgm
[0.638s] -- Up-to-date: /home/4_fri/bwi_ros2/install/nav2_bringup/share/nav2_bringup/maps/2/occ/ahg_full_new.pgm
[0.638s] -- Up-to-date: /home/4_fri/bwi_ros2/install/nav2_bringup/share/nav2_bringup/maps/2/occ/doors_map.yaml
[0.638s] -- Up-to-date: /home/4_fri/bwi_ros2/install/nav2_bringup/share/nav2_bringup/maps/2/occ/ahg_full.yaml
[0.638s] -- Up-to-date: /home/4_fri/bwi_ros2/install/nav2_bringup/share/nav2_bringup/maps/2/occ/new_ahg_full.pgm
[0.638s] -- Up-to-date: /home/4_fri/bwi_ros2/install/nav2_bringup/share/nav2_bringup/maps/2/occ/doors_map.pgm
[0.638s] -- Up-to-date: /home/4_fri/bwi_ros2/install/nav2_bringup/share/nav2_bringup/maps/2/occ/ahg_full_new.yaml
[0.638s] -- Up-to-date: /home/4_fri/bwi_ros2/install/nav2_bringup/share/nav2_bringup/maps/2/occ/ahg_full.pgm
[0.638s] -- Up-to-date: /home/4_fri/bwi_ros2/install/nav2_bringup/share/nav2_bringup/maps/2/occ/ahg_full_open.pgm
[0.638s] -- Up-to-date: /home/4_fri/bwi_ros2/install/nav2_bringup/share/nav2_bringup/maps/2/occ/ahg_full_closed.yaml
[0.638s] -- Up-to-date: /home/4_fri/bwi_ros2/install/nav2_bringup/share/nav2_bringup/maps/2/occ/objects.yaml
[0.638s] -- Up-to-date: /home/4_fri/bwi_ros2/install/nav2_bringup/share/nav2_bringup/maps/2/occ/ahg_full_noelevator.pgm
[0.638s] -- Up-to-date: /home/4_fri/bwi_ros2/install/nav2_bringup/share/nav2_bringup/maps/2/occ/doors.yaml
[0.638s] -- Up-to-date: /home/4_fri/bwi_ros2/install/nav2_bringup/share/nav2_bringup/maps/2/occ/connectivity.yaml
[0.639s] -- Up-to-date: /home/4_fri/bwi_ros2/install/nav2_bringup/share/nav2_bringup/maps/2/occ/ahg.xcf
[0.639s] -- Up-to-date: /home/4_fri/bwi_ros2/install/nav2_bringup/share/nav2_bringup/maps/2/occ/ahg_full_open.yaml
[0.639s] -- Up-to-date: /home/4_fri/bwi_ros2/install/nav2_bringup/share/nav2_bringup/maps/2/occ/locations.pgm
[0.639s] -- Up-to-date: /home/4_fri/bwi_ros2/install/nav2_bringup/share/nav2_bringup/maps/2/occ/new_ahg_full.yaml
[0.639s] -- Up-to-date: /home/4_fri/bwi_ros2/install/nav2_bringup/share/nav2_bringup/maps/2/occ/locations.yaml
[0.639s] -- Up-to-date: /home/4_fri/bwi_ros2/install/nav2_bringup/share/nav2_bringup/maps/2/occ/rooms
[0.639s] -- Up-to-date: /home/4_fri/bwi_ros2/install/nav2_bringup/share/nav2_bringup/maps/2/occ/rooms/ahg_202.yaml
[0.639s] -- Up-to-date: /home/4_fri/bwi_ros2/install/nav2_bringup/share/nav2_bringup/maps/2/occ/rooms/ahg_0.yaml
[0.639s] -- Up-to-date: /home/4_fri/bwi_ros2/install/nav2_bringup/share/nav2_bringup/maps/2/occ/rooms/ahg_202.pgm
[0.640s] -- Up-to-date: /home/4_fri/bwi_ros2/install/nav2_bringup/share/nav2_bringup/maps/2/occ/rooms/ahg_0.pgm
[0.640s] -- Up-to-date: /home/4_fri/bwi_ros2/install/nav2_bringup/share/nav2_bringup/maps/2/occ/rooms/ahg_304.pgm
[0.640s] -- Up-to-date: /home/4_fri/bwi_ros2/install/nav2_bringup/share/nav2_bringup/maps/2/occ/rooms/ahg_304.yaml
[0.640s] -- Up-to-date: /home/4_fri/bwi_ros2/install/nav2_bringup/share/nav2_bringup/maps/turtlebot3_world.yaml
[0.640s] -- Up-to-date: /home/4_fri/bwi_ros2/install/nav2_bringup/share/nav2_bringup/maps/1
[0.640s] -- Up-to-date: /home/4_fri/bwi_ros2/install/nav2_bringup/share/nav2_bringup/maps/1/occ
[0.640s] -- Up-to-date: /home/4_fri/bwi_ros2/install/nav2_bringup/share/nav2_bringup/maps/1/occ/cropped.pgm
[0.640s] -- Up-to-date: /home/4_fri/bwi_ros2/install/nav2_bringup/share/nav2_bringup/maps/1/occ/ahg_1_full.pgm
[0.640s] -- Up-to-date: /home/4_fri/bwi_ros2/install/nav2_bringup/share/nav2_bringup/maps/1/occ/ahg_1_full.xcf
[0.640s] -- Up-to-date: /home/4_fri/bwi_ros2/install/nav2_bringup/share/nav2_bringup/maps/1/occ/ahg_1_full.yaml
[0.640s] -- Up-to-date: /home/4_fri/bwi_ros2/install/nav2_bringup/share/nav2_bringup/maps/1/occ/doors_map.yaml
[0.641s] -- Up-to-date: /home/4_fri/bwi_ros2/install/nav2_bringup/share/nav2_bringup/maps/1/occ/ahg_1.xcf
[0.641s] -- Up-to-date: /home/4_fri/bwi_ros2/install/nav2_bringup/share/nav2_bringup/maps/1/occ/doors_map.pgm
[0.641s] -- Up-to-date: /home/4_fri/bwi_ros2/install/nav2_bringup/share/nav2_bringup/maps/1/occ/ahg_1_closed.pgm
[0.641s] -- Up-to-date: /home/4_fri/bwi_ros2/install/nav2_bringup/share/nav2_bringup/maps/1/occ/objects.yaml
[0.641s] -- Up-to-date: /home/4_fri/bwi_ros2/install/nav2_bringup/share/nav2_bringup/maps/1/occ/doors.yaml
[0.641s] -- Up-to-date: /home/4_fri/bwi_ros2/install/nav2_bringup/share/nav2_bringup/maps/1/occ/connectivity.yaml
[0.641s] -- Up-to-date: /home/4_fri/bwi_ros2/install/nav2_bringup/share/nav2_bringup/maps/1/occ/cropped.yaml
[0.641s] -- Up-to-date: /home/4_fri/bwi_ros2/install/nav2_bringup/share/nav2_bringup/maps/1/occ/locations.pgm
[0.641s] -- Up-to-date: /home/4_fri/bwi_ros2/install/nav2_bringup/share/nav2_bringup/maps/1/occ/locations.yaml
[0.642s] -- Up-to-date: /home/4_fri/bwi_ros2/install/nav2_bringup/share/nav2_bringup/maps/1/occ/ahg_1_closed.yaml
[0.642s] -- Up-to-date: /home/4_fri/bwi_ros2/install/nav2_bringup/share/nav2_bringup/maps/1/occ/rooms
[0.642s] -- Up-to-date: /home/4_fri/bwi_ros2/install/nav2_bringup/share/nav2_bringup/maps/1/occ/rooms/ahg_1_0.pgm
[0.642s] -- Up-to-date: /home/4_fri/bwi_ros2/install/nav2_bringup/share/nav2_bringup/maps/1/occ/rooms/ahg_1_220.yaml
[0.642s] -- Up-to-date: /home/4_fri/bwi_ros2/install/nav2_bringup/share/nav2_bringup/maps/1/occ/rooms/ahg_1_220.pgm
[0.642s] -- Up-to-date: /home/4_fri/bwi_ros2/install/nav2_bringup/share/nav2_bringup/maps/1/occ/rooms/ahg_1_0.yaml
[0.642s] -- Up-to-date: /home/4_fri/bwi_ros2/install/nav2_bringup/share/nav2_bringup/rviz
[0.642s] -- Up-to-date: /home/4_fri/bwi_ros2/install/nav2_bringup/share/nav2_bringup/rviz/nav2_namespaced_view.rviz
[0.642s] -- Up-to-date: /home/4_fri/bwi_ros2/install/nav2_bringup/share/nav2_bringup/rviz/nav2_default_view.rviz
[0.642s] -- Up-to-date: /home/4_fri/bwi_ros2/install/nav2_bringup/share/nav2_bringup/worlds
[0.642s] -- Up-to-date: /home/4_fri/bwi_ros2/install/nav2_bringup/share/nav2_bringup/worlds/waffle.model
[0.642s] -- Up-to-date: /home/4_fri/bwi_ros2/install/nav2_bringup/share/nav2_bringup/worlds/world_only.model
[0.642s] -- Up-to-date: /home/4_fri/bwi_ros2/install/nav2_bringup/share/nav2_bringup/params
[0.642s] -- Up-to-date: /home/4_fri/bwi_ros2/install/nav2_bringup/share/nav2_bringup/params/old.yaml
[0.642s] -- Up-to-date: /home/4_fri/bwi_ros2/install/nav2_bringup/share/nav2_bringup/params/working_localization.yaml
[0.642s] -- Up-to-date: /home/4_fri/bwi_ros2/install/nav2_bringup/share/nav2_bringup/params/nav2_multirobot_params_1.yaml
[0.642s] -- Up-to-date: /home/4_fri/bwi_ros2/install/nav2_bringup/share/nav2_bringup/params/nav2_multirobot_params_2.yaml
[0.643s] -- Up-to-date: /home/4_fri/bwi_ros2/install/nav2_bringup/share/nav2_bringup/params/nav2_params.yaml
[0.643s] -- Up-to-date: /home/4_fri/bwi_ros2/install/nav2_bringup/share/nav2_bringup/params/nav2_multirobot_params_all.yaml
[0.643s] -- Up-to-date: /home/4_fri/bwi_ros2/install/nav2_bringup/share/nav2_bringup/urdf
[0.643s] -- Up-to-date: /home/4_fri/bwi_ros2/install/nav2_bringup/share/nav2_bringup/urdf/turtlebot3_waffle.urdf
[0.643s] -- Up-to-date: /home/4_fri/bwi_ros2/install/nav2_bringup/share/ament_index/resource_index/package_run_dependencies/nav2_bringup
[0.643s] -- Up-to-date: /home/4_fri/bwi_ros2/install/nav2_bringup/share/ament_index/resource_index/parent_prefix_path/nav2_bringup
[0.643s] -- Up-to-date: /home/4_fri/bwi_ros2/install/nav2_bringup/share/nav2_bringup/environment/ament_prefix_path.sh
[0.643s] -- Up-to-date: /home/4_fri/bwi_ros2/install/nav2_bringup/share/nav2_bringup/environment/ament_prefix_path.dsv
[0.643s] -- Up-to-date: /home/4_fri/bwi_ros2/install/nav2_bringup/share/nav2_bringup/environment/path.sh
[0.643s] -- Up-to-date: /home/4_fri/bwi_ros2/install/nav2_bringup/share/nav2_bringup/environment/path.dsv
[0.643s] -- Up-to-date: /home/4_fri/bwi_ros2/install/nav2_bringup/share/nav2_bringup/local_setup.bash
[0.643s] -- Up-to-date: /home/4_fri/bwi_ros2/install/nav2_bringup/share/nav2_bringup/local_setup.sh
[0.643s] -- Up-to-date: /home/4_fri/bwi_ros2/install/nav2_bringup/share/nav2_bringup/local_setup.zsh
[0.643s] -- Up-to-date: /home/4_fri/bwi_ros2/install/nav2_bringup/share/nav2_bringup/local_setup.dsv
[0.644s] -- Installing: /home/4_fri/bwi_ros2/install/nav2_bringup/share/nav2_bringup/package.dsv
[0.644s] -- Up-to-date: /home/4_fri/bwi_ros2/install/nav2_bringup/share/ament_index/resource_index/packages/nav2_bringup
[0.644s] -- Up-to-date: /home/4_fri/bwi_ros2/install/nav2_bringup/share/nav2_bringup/cmake/nav2_bringupConfig.cmake
[0.644s] -- Up-to-date: /home/4_fri/bwi_ros2/install/nav2_bringup/share/nav2_bringup/cmake/nav2_bringupConfig-version.cmake
[0.644s] -- Up-to-date: /home/4_fri/bwi_ros2/install/nav2_bringup/share/nav2_bringup/package.xml
[0.667s] Invoked command in '/home/4_fri/bwi_ros2/build/nav2_bringup' returned '0': CMAKE_PREFIX_PATH=/opt/ros/humble /usr/bin/cmake --install /home/4_fri/bwi_ros2/build/nav2_bringup
