[0.023s] Invoking command in '/home/4_fri/bwi_ros2/build/segway_rmp_ros2': AMENT_PREFIX_PATH=/home/4_fri/bwi_ros2/install/libsegwayrmp:${AMENT_PREFIX_PATH} CMAKE_PREFIX_PATH=/home/4_fri/bwi_ros2/install/libsegwayrmp:/opt/ros/humble LD_LIBRARY_PATH=/home/4_fri/bwi_ros2/install/libsegwayrmp/lib:${LD_LIBRARY_PATH} PKG_CONFIG_PATH=/home/4_fri/bwi_ros2/install/libsegwayrmp/lib/pkgconfig /usr/bin/cmake /home/4_fri/bwi_ros2/src/segway_rmp_ros2 -DCMAKE_INSTALL_PREFIX=/home/4_fri/bwi_ros2/install/segway_rmp_ros2
[0.169s] -- The C compiler identification is GNU 11.4.0
[0.279s] -- The CXX compiler identification is GNU 11.4.0
[0.302s] -- Detecting C compiler ABI info
[0.457s] -- Detecting C compiler ABI info - done
[0.480s] -- Check for working C compiler: /usr/bin/cc - skipped
[0.480s] -- Detecting C compile features
[0.482s] -- Detecting C compile features - done
[0.493s] -- Detecting CXX compiler ABI info
[0.672s] -- Detecting CXX compiler ABI info - done
[0.702s] -- Check for working CXX compiler: /usr/bin/c++ - skipped
[0.703s] -- Detecting CXX compile features
[0.704s] -- Detecting CXX compile features - done
[0.709s] -- Found ament_cmake: 1.3.12 (/opt/ros/humble/share/ament_cmake/cmake)
[1.000s] -- Found Python3: /usr/bin/python3 (found version "3.10.12") found components: Interpreter 
[1.222s] -- Found rclcpp: 16.0.14 (/opt/ros/humble/share/rclcpp/cmake)
[1.350s] -- Found rosidl_generator_c: 3.1.7 (/opt/ros/humble/share/rosidl_generator_c/cmake)
[1.363s] -- Found rosidl_adapter: 3.1.7 (/opt/ros/humble/share/rosidl_adapter/cmake)
[1.390s] -- Found rosidl_generator_cpp: 3.1.7 (/opt/ros/humble/share/rosidl_generator_cpp/cmake)
[1.427s] -- Using all available rosidl_typesupport_c: rosidl_typesupport_fastrtps_c;rosidl_typesupport_introspection_c
[1.478s] -- Using all available rosidl_typesupport_cpp: rosidl_typesupport_fastrtps_cpp;rosidl_typesupport_introspection_cpp
[1.591s] -- Found rmw_implementation_cmake: 6.1.2 (/opt/ros/humble/share/rmw_implementation_cmake/cmake)
[1.597s] -- Found rmw_fastrtps_cpp: 6.2.8 (/opt/ros/humble/share/rmw_fastrtps_cpp/cmake)
[1.784s] -- Found OpenSSL: /usr/lib/x86_64-linux-gnu/libcrypto.so (found version "3.0.2")  
[1.834s] -- Found FastRTPS: /opt/ros/humble/include  
[1.929s] -- Using RMW implementation 'rmw_fastrtps_cpp' as default
[1.953s] -- Looking for pthread.h
[2.186s] -- Looking for pthread.h - found
[2.186s] -- Performing Test CMAKE_HAVE_LIBC_PTHREAD
[2.318s] -- Performing Test CMAKE_HAVE_LIBC_PTHREAD - Success
[2.318s] -- Found Threads: TRUE  
[2.548s] -- Found geometry_msgs: 4.9.0 (/opt/ros/humble/share/geometry_msgs/cmake)
[2.616s] -- Found nav_msgs: 4.9.0 (/opt/ros/humble/share/nav_msgs/cmake)
[2.678s] -- Found tf2_ros: 0.25.16 (/opt/ros/humble/share/tf2_ros/cmake)
[3.086s] -- Found Boost: /usr/lib/x86_64-linux-gnu/cmake/Boost-1.74.0/BoostConfig.cmake (found version "1.74.0") found components: thread 
[3.091s] -- Found tf2_geometry_msgs: 0.25.16 (/opt/ros/humble/share/tf2_geometry_msgs/cmake)
[3.137s] -- Found eigen3_cmake_module: 0.1.1 (/opt/ros/humble/share/eigen3_cmake_module/cmake)
[3.143s] -- Found Eigen3: TRUE (found version "3.4.0") 
[3.143s] -- Ensuring Eigen3 include directory is part of orocos-kdl CMake target
[3.149s] [33mCMake Warning (dev) at /home/4_fri/bwi_ros2/install/libsegwayrmp/share/libsegwayrmp/libsegwayrmpConfig.cmake:47 (set):
[3.149s]   Cannot set "libsegwayrmp_INCLUDE_DIRS": current scope has no parent.
[3.149s] Call Stack (most recent call first):
[3.149s]   CMakeLists.txt:19 (find_package)
[3.149s] This warning is for project developers.  Use -Wno-dev to suppress it.
[3.150s] [0m
[3.150s] [33mCMake Warning (dev) at /home/4_fri/bwi_ros2/install/libsegwayrmp/share/libsegwayrmp/libsegwayrmpConfig.cmake:48 (set):
[3.150s]   Cannot set "libsegwayrmp_LIBRARIES": current scope has no parent.
[3.150s] Call Stack (most recent call first):
[3.150s]   CMakeLists.txt:19 (find_package)
[3.150s] This warning is for project developers.  Use -Wno-dev to suppress it.
[3.150s] [0m
[3.156s] -- Found rosidl_default_generators: 1.2.0 (/opt/ros/humble/share/rosidl_default_generators/cmake)
[4.027s] -- Found ament_cmake_ros: 0.10.0 (/opt/ros/humble/share/ament_cmake_ros/cmake)
[4.955s] -- Using all available rosidl_typesupport_c: rosidl_typesupport_fastrtps_c;rosidl_typesupport_introspection_c
[5.278s] -- Using all available rosidl_typesupport_cpp: rosidl_typesupport_fastrtps_cpp;rosidl_typesupport_introspection_cpp
[5.351s] -- Found PythonInterp: /usr/bin/python3 (found suitable version "3.10.12", minimum required is "3.6") 
[5.359s] -- Found python_cmake_module: 0.10.0 (/opt/ros/humble/share/python_cmake_module/cmake)
[5.443s] -- Found PythonLibs: /usr/lib/x86_64-linux-gnu/libpython3.10.so (found suitable version "3.10.12", minimum required is "3.5") 
[5.443s] -- Using PYTHON_EXECUTABLE: /usr/bin/python3
[5.443s] -- Using PYTHON_INCLUDE_DIRS: /usr/include/python3.10
[5.443s] -- Using PYTHON_LIBRARIES: /usr/lib/x86_64-linux-gnu/libpython3.10.so
[5.519s] -- Found PythonExtra: .so  
[5.674s] -- Found ament_lint_auto: 0.12.14 (/opt/ros/humble/share/ament_lint_auto/cmake)
[5.727s] [0mCMake Deprecation Warning at /opt/ros/humble/share/rosidl_cmake/cmake/rosidl_target_interfaces.cmake:32 (message):
[5.727s]   Use rosidl_get_typesupport_target() and target_link_libraries() instead of
[5.727s]   rosidl_target_interfaces()
[5.727s] Call Stack (most recent call first):
[5.727s]   CMakeLists.txt:64 (rosidl_target_interfaces)
[5.727s] 
[5.727s] [0m
[5.742s] -- Added test 'cppcheck' to perform static code analysis on C / C++ code
[5.742s] -- Configured cppcheck include dirs: /home/4_fri/bwi_ros2/src/segway_rmp_ros2/include
[5.742s] -- Configured cppcheck exclude dirs and/or files: 
[5.744s] -- Added test 'flake8' to check Python code syntax and style conventions
[5.750s] -- Added test 'lint_cmake' to check CMake code style
[5.750s] -- Added test 'pep257' to check Python code against some of the docstring style conventions in PEP 257
[5.756s] -- Added test 'uncrustify' to check C / C++ code style
[5.756s] -- Configured uncrustify additional arguments: 
[5.757s] -- Added test 'xmllint' to check XML markup files
[5.770s] -- Configuring done
[5.895s] [0mWARNING: Target "segway_rmp_node_ros2" requests linking to directory "/home/4_fri/bwi_ros2/install/libsegwayrmp/include".  Targets may link only to libraries.  CMake is dropping the item.[0m
[5.912s] -- Generating done
[5.947s] -- Build files have been written to: /home/4_fri/bwi_ros2/build/segway_rmp_ros2
