[0.014s] Invoking command in '/home/4_fri/bwi_ros2/build/velodyne': AMENT_PREFIX_PATH=/home/4_fri/bwi_ros2/install/velodyne_pointcloud:/home/4_fri/bwi_ros2/install/velodyne_driver:/home/4_fri/bwi_ros2/install/velodyne_msgs:/home/4_fri/bwi_ros2/install/velodyne_laserscan:${AMENT_PREFIX_PATH} CMAKE_PREFIX_PATH=/home/4_fri/bwi_ros2/install/velodyne_pointcloud:/home/4_fri/bwi_ros2/install/velodyne_driver:/home/4_fri/bwi_ros2/install/velodyne_msgs:/home/4_fri/bwi_ros2/install/velodyne_laserscan:/opt/ros/humble LD_LIBRARY_PATH=/home/4_fri/bwi_ros2/install/velodyne_pointcloud/lib:/home/4_fri/bwi_ros2/install/velodyne_driver/lib:/home/4_fri/bwi_ros2/install/velodyne_msgs/lib:/home/4_fri/bwi_ros2/install/velodyne_laserscan/lib:${LD_LIBRARY_PATH} PYTHONPATH=/home/4_fri/bwi_ros2/install/velodyne_msgs/local/lib/python3.10/dist-packages:${PYTHONPATH} /usr/bin/cmake --build /home/4_fri/bwi_ros2/build/velodyne -- -j12 -l12
[0.066s] Invoked command in '/home/4_fri/bwi_ros2/build/velodyne' returned '0': AMENT_PREFIX_PATH=/home/4_fri/bwi_ros2/install/velodyne_pointcloud:/home/4_fri/bwi_ros2/install/velodyne_driver:/home/4_fri/bwi_ros2/install/velodyne_msgs:/home/4_fri/bwi_ros2/install/velodyne_laserscan:${AMENT_PREFIX_PATH} CMAKE_PREFIX_PATH=/home/4_fri/bwi_ros2/install/velodyne_pointcloud:/home/4_fri/bwi_ros2/install/velodyne_driver:/home/4_fri/bwi_ros2/install/velodyne_msgs:/home/4_fri/bwi_ros2/install/velodyne_laserscan:/opt/ros/humble LD_LIBRARY_PATH=/home/4_fri/bwi_ros2/install/velodyne_pointcloud/lib:/home/4_fri/bwi_ros2/install/velodyne_driver/lib:/home/4_fri/bwi_ros2/install/velodyne_msgs/lib:/home/4_fri/bwi_ros2/install/velodyne_laserscan/lib:${LD_LIBRARY_PATH} PYTHONPATH=/home/4_fri/bwi_ros2/install/velodyne_msgs/local/lib/python3.10/dist-packages:${PYTHONPATH} /usr/bin/cmake --build /home/4_fri/bwi_ros2/build/velodyne -- -j12 -l12
[0.067s] Invoking command in '/home/4_fri/bwi_ros2/build/velodyne': AMENT_PREFIX_PATH=/home/4_fri/bwi_ros2/install/velodyne_pointcloud:/home/4_fri/bwi_ros2/install/velodyne_driver:/home/4_fri/bwi_ros2/install/velodyne_msgs:/home/4_fri/bwi_ros2/install/velodyne_laserscan:${AMENT_PREFIX_PATH} CMAKE_PREFIX_PATH=/home/4_fri/bwi_ros2/install/velodyne_pointcloud:/home/4_fri/bwi_ros2/install/velodyne_driver:/home/4_fri/bwi_ros2/install/velodyne_msgs:/home/4_fri/bwi_ros2/install/velodyne_laserscan:/opt/ros/humble LD_LIBRARY_PATH=/home/4_fri/bwi_ros2/install/velodyne_pointcloud/lib:/home/4_fri/bwi_ros2/install/velodyne_driver/lib:/home/4_fri/bwi_ros2/install/velodyne_msgs/lib:/home/4_fri/bwi_ros2/install/velodyne_laserscan/lib:${LD_LIBRARY_PATH} PYTHONPATH=/home/4_fri/bwi_ros2/install/velodyne_msgs/local/lib/python3.10/dist-packages:${PYTHONPATH} /usr/bin/cmake --install /home/4_fri/bwi_ros2/build/velodyne
[0.075s] -- Install configuration: ""
[0.075s] -- Up-to-date: /home/4_fri/bwi_ros2/install/velodyne/share/velodyne/launch
[0.075s] -- Up-to-date: /home/4_fri/bwi_ros2/install/velodyne/share/velodyne/launch/velodyne-all-nodes-VLS128-launch.py
[0.075s] -- Up-to-date: /home/4_fri/bwi_ros2/install/velodyne/share/velodyne/launch/velodyne-all-nodes-VLP16-composed-launch.py
[0.075s] -- Up-to-date: /home/4_fri/bwi_ros2/install/velodyne/share/velodyne/launch/velodyne-all-nodes-VLP32C-launch.py
[0.075s] -- Up-to-date: /home/4_fri/bwi_ros2/install/velodyne/share/velodyne/launch/velodyne-all-nodes-VLS128-composed-launch.py
[0.075s] -- Up-to-date: /home/4_fri/bwi_ros2/install/velodyne/share/velodyne/launch/velodyne-all-nodes-VLP16-launch.py
[0.075s] -- Up-to-date: /home/4_fri/bwi_ros2/install/velodyne/share/velodyne/launch/velodyne-all-nodes-VLP32C-composed-launch.py
[0.075s] -- Up-to-date: /home/4_fri/bwi_ros2/install/velodyne/share/ament_index/resource_index/package_run_dependencies/velodyne
[0.076s] -- Up-to-date: /home/4_fri/bwi_ros2/install/velodyne/share/ament_index/resource_index/parent_prefix_path/velodyne
[0.076s] -- Up-to-date: /home/4_fri/bwi_ros2/install/velodyne/share/velodyne/environment/ament_prefix_path.sh
[0.076s] -- Up-to-date: /home/4_fri/bwi_ros2/install/velodyne/share/velodyne/environment/ament_prefix_path.dsv
[0.076s] -- Up-to-date: /home/4_fri/bwi_ros2/install/velodyne/share/velodyne/environment/path.sh
[0.076s] -- Up-to-date: /home/4_fri/bwi_ros2/install/velodyne/share/velodyne/environment/path.dsv
[0.076s] -- Up-to-date: /home/4_fri/bwi_ros2/install/velodyne/share/velodyne/local_setup.bash
[0.076s] -- Up-to-date: /home/4_fri/bwi_ros2/install/velodyne/share/velodyne/local_setup.sh
[0.076s] -- Up-to-date: /home/4_fri/bwi_ros2/install/velodyne/share/velodyne/local_setup.zsh
[0.076s] -- Up-to-date: /home/4_fri/bwi_ros2/install/velodyne/share/velodyne/local_setup.dsv
[0.076s] -- Installing: /home/4_fri/bwi_ros2/install/velodyne/share/velodyne/package.dsv
[0.076s] -- Up-to-date: /home/4_fri/bwi_ros2/install/velodyne/share/ament_index/resource_index/packages/velodyne
[0.077s] -- Up-to-date: /home/4_fri/bwi_ros2/install/velodyne/share/velodyne/cmake/velodyneConfig.cmake
[0.077s] -- Up-to-date: /home/4_fri/bwi_ros2/install/velodyne/share/velodyne/cmake/velodyneConfig-version.cmake
[0.077s] -- Up-to-date: /home/4_fri/bwi_ros2/install/velodyne/share/velodyne/package.xml
[0.078s] Invoked command in '/home/4_fri/bwi_ros2/build/velodyne' returned '0': AMENT_PREFIX_PATH=/home/4_fri/bwi_ros2/install/velodyne_pointcloud:/home/4_fri/bwi_ros2/install/velodyne_driver:/home/4_fri/bwi_ros2/install/velodyne_msgs:/home/4_fri/bwi_ros2/install/velodyne_laserscan:${AMENT_PREFIX_PATH} CMAKE_PREFIX_PATH=/home/4_fri/bwi_ros2/install/velodyne_pointcloud:/home/4_fri/bwi_ros2/install/velodyne_driver:/home/4_fri/bwi_ros2/install/velodyne_msgs:/home/4_fri/bwi_ros2/install/velodyne_laserscan:/opt/ros/humble LD_LIBRARY_PATH=/home/4_fri/bwi_ros2/install/velodyne_pointcloud/lib:/home/4_fri/bwi_ros2/install/velodyne_driver/lib:/home/4_fri/bwi_ros2/install/velodyne_msgs/lib:/home/4_fri/bwi_ros2/install/velodyne_laserscan/lib:${LD_LIBRARY_PATH} PYTHONPATH=/home/4_fri/bwi_ros2/install/velodyne_msgs/local/lib/python3.10/dist-packages:${PYTHONPATH} /usr/bin/cmake --install /home/4_fri/bwi_ros2/build/velodyne
