[0.024s] Invoking command in '/home/4_fri/bwi_ros2/build/follower_robot': AMENT_PREFIX_PATH=/home/4_fri/bwi_ros2/install/apriltag_msgs:${AMENT_PREFIX_PATH} CMAKE_PREFIX_PATH=/home/4_fri/bwi_ros2/install/apriltag_msgs:/opt/ros/humble LD_LIBRARY_PATH=/home/4_fri/bwi_ros2/install/apriltag_msgs/lib:${LD_LIBRARY_PATH} PYTHONPATH=/home/4_fri/bwi_ros2/install/apriltag_msgs/local/lib/python3.10/dist-packages:${PYTHONPATH} /usr/bin/cmake --build /home/4_fri/bwi_ros2/build/follower_robot -- -j12 -l12
[0.096s] [35m[1mConsolidate compiler generated dependencies of target follower_robot[0m
[0.134s] [ 25%] [32mBuilding CXX object CMakeFiles/follower_robot.dir/src/FollowerRobotNode.cpp.o[0m
[0.144s] [ 50%] [32mBuilding CXX object CMakeFiles/follower_robot.dir/src/follower_robot.cpp.o[0m
[4.465s] [ 75%] [32m[1mLinking CXX executable follower_robot[0m
[4.735s] [100%] Built target follower_robot
[4.744s] Invoked command in '/home/4_fri/bwi_ros2/build/follower_robot' returned '0': AMENT_PREFIX_PATH=/home/4_fri/bwi_ros2/install/apriltag_msgs:${AMENT_PREFIX_PATH} CMAKE_PREFIX_PATH=/home/4_fri/bwi_ros2/install/apriltag_msgs:/opt/ros/humble LD_LIBRARY_PATH=/home/4_fri/bwi_ros2/install/apriltag_msgs/lib:${LD_LIBRARY_PATH} PYTHONPATH=/home/4_fri/bwi_ros2/install/apriltag_msgs/local/lib/python3.10/dist-packages:${PYTHONPATH} /usr/bin/cmake --build /home/4_fri/bwi_ros2/build/follower_robot -- -j12 -l12
[4.745s] Invoking command in '/home/4_fri/bwi_ros2/build/follower_robot': AMENT_PREFIX_PATH=/home/4_fri/bwi_ros2/install/apriltag_msgs:${AMENT_PREFIX_PATH} CMAKE_PREFIX_PATH=/home/4_fri/bwi_ros2/install/apriltag_msgs:/opt/ros/humble LD_LIBRARY_PATH=/home/4_fri/bwi_ros2/install/apriltag_msgs/lib:${LD_LIBRARY_PATH} PYTHONPATH=/home/4_fri/bwi_ros2/install/apriltag_msgs/local/lib/python3.10/dist-packages:${PYTHONPATH} /usr/bin/cmake --install /home/4_fri/bwi_ros2/build/follower_robot
[4.750s] -- Install configuration: ""
[4.750s] -- Installing: /home/4_fri/bwi_ros2/install/follower_robot/lib/follower_robot/follower_robot
[4.752s] -- Set runtime path of "/home/4_fri/bwi_ros2/install/follower_robot/lib/follower_robot/follower_robot" to ""
[4.752s] -- Up-to-date: /home/4_fri/bwi_ros2/install/follower_robot/share/ament_index/resource_index/package_run_dependencies/follower_robot
[4.752s] -- Up-to-date: /home/4_fri/bwi_ros2/install/follower_robot/share/ament_index/resource_index/parent_prefix_path/follower_robot
[4.752s] -- Up-to-date: /home/4_fri/bwi_ros2/install/follower_robot/share/follower_robot/environment/ament_prefix_path.sh
[4.752s] -- Up-to-date: /home/4_fri/bwi_ros2/install/follower_robot/share/follower_robot/environment/ament_prefix_path.dsv
[4.752s] -- Up-to-date: /home/4_fri/bwi_ros2/install/follower_robot/share/follower_robot/environment/path.sh
[4.752s] -- Up-to-date: /home/4_fri/bwi_ros2/install/follower_robot/share/follower_robot/environment/path.dsv
[4.752s] -- Up-to-date: /home/4_fri/bwi_ros2/install/follower_robot/share/follower_robot/local_setup.bash
[4.752s] -- Up-to-date: /home/4_fri/bwi_ros2/install/follower_robot/share/follower_robot/local_setup.sh
[4.752s] -- Up-to-date: /home/4_fri/bwi_ros2/install/follower_robot/share/follower_robot/local_setup.zsh
[4.752s] -- Up-to-date: /home/4_fri/bwi_ros2/install/follower_robot/share/follower_robot/local_setup.dsv
[4.753s] -- Installing: /home/4_fri/bwi_ros2/install/follower_robot/share/follower_robot/package.dsv
[4.753s] -- Up-to-date: /home/4_fri/bwi_ros2/install/follower_robot/share/ament_index/resource_index/packages/follower_robot
[4.753s] -- Up-to-date: /home/4_fri/bwi_ros2/install/follower_robot/share/follower_robot/cmake/follower_robotConfig.cmake
[4.753s] -- Up-to-date: /home/4_fri/bwi_ros2/install/follower_robot/share/follower_robot/cmake/follower_robotConfig-version.cmake
[4.753s] -- Up-to-date: /home/4_fri/bwi_ros2/install/follower_robot/share/follower_robot/package.xml
[4.754s] Invoked command in '/home/4_fri/bwi_ros2/build/follower_robot' returned '0': AMENT_PREFIX_PATH=/home/4_fri/bwi_ros2/install/apriltag_msgs:${AMENT_PREFIX_PATH} CMAKE_PREFIX_PATH=/home/4_fri/bwi_ros2/install/apriltag_msgs:/opt/ros/humble LD_LIBRARY_PATH=/home/4_fri/bwi_ros2/install/apriltag_msgs/lib:${LD_LIBRARY_PATH} PYTHONPATH=/home/4_fri/bwi_ros2/install/apriltag_msgs/local/lib/python3.10/dist-packages:${PYTHONPATH} /usr/bin/cmake --install /home/4_fri/bwi_ros2/build/follower_robot
