[35m[1mConsolidate compiler generated dependencies of target velodyne_input[0m
[35m[1mConsolidate compiler generated dependencies of target gtest_main[0m
[35m[1mConsolidate compiler generated dependencies of target gtest[0m
[ 16%] Built target gtest_main
[ 33%] Built target velodyne_input
[ 50%] Built target gtest
[35m[1mConsolidate compiler generated dependencies of target time_test[0m
[35m[1mConsolidate compiler generated dependencies of target velodyne_driver[0m
[ 66%] Built target time_test
[ 83%] Built target velodyne_driver
[35m[1mConsolidate compiler generated dependencies of target velodyne_driver_node[0m
[100%] Built target velodyne_driver_node
-- Install configuration: ""
-- Installing: /home/4_fri/bwi_ros2/install/velodyne_driver/lib/libvelodyne_driver.so
-- Set runtime path of "/home/4_fri/bwi_ros2/install/velodyne_driver/lib/libvelodyne_driver.so" to ""
-- Installing: /home/4_fri/bwi_ros2/install/velodyne_driver/lib/velodyne_driver/velodyne_driver_node
-- Set runtime path of "/home/4_fri/bwi_ros2/install/velodyne_driver/lib/velodyne_driver/velodyne_driver_node" to ""
-- Installing: /home/4_fri/bwi_ros2/install/velodyne_driver/include/velodyne_driver
-- Installing: /home/4_fri/bwi_ros2/install/velodyne_driver/include/velodyne_driver/input.hpp
-- Installing: /home/4_fri/bwi_ros2/install/velodyne_driver/include/velodyne_driver/time_conversion.hpp
-- Installing: /home/4_fri/bwi_ros2/install/velodyne_driver/include/velodyne_driver/driver.hpp
-- Installing: /home/4_fri/bwi_ros2/install/velodyne_driver/share/velodyne_driver/config
-- Installing: /home/4_fri/bwi_ros2/install/velodyne_driver/share/velodyne_driver/config/VLP16-velodyne_driver_node-params.yaml
-- Installing: /home/4_fri/bwi_ros2/install/velodyne_driver/share/velodyne_driver/config/VLP32C-velodyne_driver_node-params.yaml
-- Installing: /home/4_fri/bwi_ros2/install/velodyne_driver/share/velodyne_driver/config/VLS128-velodyne_driver_node-params.yaml
-- Installing: /home/4_fri/bwi_ros2/install/velodyne_driver/share/velodyne_driver/launch
-- Installing: /home/4_fri/bwi_ros2/install/velodyne_driver/share/velodyne_driver/launch/velodyne_driver_node-VLP16-launch.py
-- Installing: /home/4_fri/bwi_ros2/install/velodyne_driver/share/velodyne_driver/launch/velodyne_driver_node-VLP32C-composed-launch.py
-- Installing: /home/4_fri/bwi_ros2/install/velodyne_driver/share/velodyne_driver/launch/velodyne_driver_node-VLS128-composed-launch.py
-- Installing: /home/4_fri/bwi_ros2/install/velodyne_driver/share/velodyne_driver/launch/velodyne_driver_node-VLS128-launch.py
-- Installing: /home/4_fri/bwi_ros2/install/velodyne_driver/share/velodyne_driver/launch/velodyne_driver_node-VLP16-composed-launch.py
-- Installing: /home/4_fri/bwi_ros2/install/velodyne_driver/share/velodyne_driver/launch/velodyne_driver_node-VLP32C-launch.py
-- Installing: /home/4_fri/bwi_ros2/install/velodyne_driver/lib/velodyne_driver/vdump
-- Installing: /home/4_fri/bwi_ros2/install/velodyne_driver/share/ament_index/resource_index/package_run_dependencies/velodyne_driver
-- Installing: /home/4_fri/bwi_ros2/install/velodyne_driver/share/ament_index/resource_index/parent_prefix_path/velodyne_driver
-- Installing: /home/4_fri/bwi_ros2/install/velodyne_driver/share/velodyne_driver/environment/ament_prefix_path.sh
-- Installing: /home/4_fri/bwi_ros2/install/velodyne_driver/share/velodyne_driver/environment/ament_prefix_path.dsv
-- Installing: /home/4_fri/bwi_ros2/install/velodyne_driver/share/velodyne_driver/environment/path.sh
-- Installing: /home/4_fri/bwi_ros2/install/velodyne_driver/share/velodyne_driver/environment/path.dsv
-- Installing: /home/4_fri/bwi_ros2/install/velodyne_driver/share/velodyne_driver/local_setup.bash
-- Installing: /home/4_fri/bwi_ros2/install/velodyne_driver/share/velodyne_driver/local_setup.sh
-- Installing: /home/4_fri/bwi_ros2/install/velodyne_driver/share/velodyne_driver/local_setup.zsh
-- Installing: /home/4_fri/bwi_ros2/install/velodyne_driver/share/velodyne_driver/local_setup.dsv
-- Installing: /home/4_fri/bwi_ros2/install/velodyne_driver/share/velodyne_driver/package.dsv
-- Installing: /home/4_fri/bwi_ros2/install/velodyne_driver/share/ament_index/resource_index/packages/velodyne_driver
-- Installing: /home/4_fri/bwi_ros2/install/velodyne_driver/share/ament_index/resource_index/rclcpp_components/velodyne_driver
-- Installing: /home/4_fri/bwi_ros2/install/velodyne_driver/share/velodyne_driver/cmake/velodyne_driverConfig.cmake
-- Installing: /home/4_fri/bwi_ros2/install/velodyne_driver/share/velodyne_driver/cmake/velodyne_driverConfig-version.cmake
-- Installing: /home/4_fri/bwi_ros2/install/velodyne_driver/share/velodyne_driver/package.xml
-- Installing: /home/4_fri/bwi_ros2/install/velodyne_driver/lib/libvelodyne_input.so
-- Set runtime path of "/home/4_fri/bwi_ros2/install/velodyne_driver/lib/libvelodyne_input.so" to ""
