[0.036s] Invoking command in '/home/4_fri/bwi_ros2/build/velodyne_driver': AMENT_PREFIX_PATH=/home/4_fri/bwi_ros2/install/velodyne_msgs:${AMENT_PREFIX_PATH} CMAKE_PREFIX_PATH=/home/4_fri/bwi_ros2/install/velodyne_msgs:/opt/ros/humble LD_LIBRARY_PATH=/home/4_fri/bwi_ros2/install/velodyne_msgs/lib:${LD_LIBRARY_PATH} PYTHONPATH=/home/4_fri/bwi_ros2/install/velodyne_msgs/local/lib/python3.10/dist-packages:${PYTHONPATH} /usr/bin/cmake --build /home/4_fri/bwi_ros2/build/velodyne_driver -- -j12 -l12
[0.077s] [35m[1mConsolidate compiler generated dependencies of target velodyne_input[0m
[0.079s] [35m[1mConsolidate compiler generated dependencies of target gtest_main[0m
[0.079s] [35m[1mConsolidate compiler generated dependencies of target gtest[0m
[0.098s] [ 16%] Built target gtest_main
[0.101s] [ 33%] Built target velodyne_input
[0.107s] [ 50%] Built target gtest
[0.122s] [35m[1mConsolidate compiler generated dependencies of target time_test[0m
[0.126s] [35m[1mConsolidate compiler generated dependencies of target velodyne_driver[0m
[0.144s] [ 66%] Built target time_test
[0.147s] [ 83%] Built target velodyne_driver
[0.171s] [35m[1mConsolidate compiler generated dependencies of target velodyne_driver_node[0m
[0.194s] [100%] Built target velodyne_driver_node
[0.217s] Invoked command in '/home/4_fri/bwi_ros2/build/velodyne_driver' returned '0': AMENT_PREFIX_PATH=/home/4_fri/bwi_ros2/install/velodyne_msgs:${AMENT_PREFIX_PATH} CMAKE_PREFIX_PATH=/home/4_fri/bwi_ros2/install/velodyne_msgs:/opt/ros/humble LD_LIBRARY_PATH=/home/4_fri/bwi_ros2/install/velodyne_msgs/lib:${LD_LIBRARY_PATH} PYTHONPATH=/home/4_fri/bwi_ros2/install/velodyne_msgs/local/lib/python3.10/dist-packages:${PYTHONPATH} /usr/bin/cmake --build /home/4_fri/bwi_ros2/build/velodyne_driver -- -j12 -l12
[0.219s] Invoking command in '/home/4_fri/bwi_ros2/build/velodyne_driver': AMENT_PREFIX_PATH=/home/4_fri/bwi_ros2/install/velodyne_msgs:${AMENT_PREFIX_PATH} CMAKE_PREFIX_PATH=/home/4_fri/bwi_ros2/install/velodyne_msgs:/opt/ros/humble LD_LIBRARY_PATH=/home/4_fri/bwi_ros2/install/velodyne_msgs/lib:${LD_LIBRARY_PATH} PYTHONPATH=/home/4_fri/bwi_ros2/install/velodyne_msgs/local/lib/python3.10/dist-packages:${PYTHONPATH} /usr/bin/cmake --install /home/4_fri/bwi_ros2/build/velodyne_driver
[0.227s] -- Install configuration: ""
[0.227s] -- Installing: /home/4_fri/bwi_ros2/install/velodyne_driver/lib/libvelodyne_driver.so
[0.230s] -- Set runtime path of "/home/4_fri/bwi_ros2/install/velodyne_driver/lib/libvelodyne_driver.so" to ""
[0.230s] -- Installing: /home/4_fri/bwi_ros2/install/velodyne_driver/lib/velodyne_driver/velodyne_driver_node
[0.230s] -- Set runtime path of "/home/4_fri/bwi_ros2/install/velodyne_driver/lib/velodyne_driver/velodyne_driver_node" to ""
[0.230s] -- Installing: /home/4_fri/bwi_ros2/install/velodyne_driver/include/velodyne_driver
[0.230s] -- Installing: /home/4_fri/bwi_ros2/install/velodyne_driver/include/velodyne_driver/input.hpp
[0.231s] -- Installing: /home/4_fri/bwi_ros2/install/velodyne_driver/include/velodyne_driver/time_conversion.hpp
[0.231s] -- Installing: /home/4_fri/bwi_ros2/install/velodyne_driver/include/velodyne_driver/driver.hpp
[0.231s] -- Installing: /home/4_fri/bwi_ros2/install/velodyne_driver/share/velodyne_driver/config
[0.231s] -- Installing: /home/4_fri/bwi_ros2/install/velodyne_driver/share/velodyne_driver/config/VLP16-velodyne_driver_node-params.yaml
[0.231s] -- Installing: /home/4_fri/bwi_ros2/install/velodyne_driver/share/velodyne_driver/config/VLP32C-velodyne_driver_node-params.yaml
[0.231s] -- Installing: /home/4_fri/bwi_ros2/install/velodyne_driver/share/velodyne_driver/config/VLS128-velodyne_driver_node-params.yaml
[0.231s] -- Installing: /home/4_fri/bwi_ros2/install/velodyne_driver/share/velodyne_driver/launch
[0.231s] -- Installing: /home/4_fri/bwi_ros2/install/velodyne_driver/share/velodyne_driver/launch/velodyne_driver_node-VLP16-launch.py
[0.231s] -- Installing: /home/4_fri/bwi_ros2/install/velodyne_driver/share/velodyne_driver/launch/velodyne_driver_node-VLP32C-composed-launch.py
[0.231s] -- Installing: /home/4_fri/bwi_ros2/install/velodyne_driver/share/velodyne_driver/launch/velodyne_driver_node-VLS128-composed-launch.py
[0.232s] -- Installing: /home/4_fri/bwi_ros2/install/velodyne_driver/share/velodyne_driver/launch/velodyne_driver_node-VLS128-launch.py
[0.232s] -- Installing: /home/4_fri/bwi_ros2/install/velodyne_driver/share/velodyne_driver/launch/velodyne_driver_node-VLP16-composed-launch.py
[0.232s] -- Installing: /home/4_fri/bwi_ros2/install/velodyne_driver/share/velodyne_driver/launch/velodyne_driver_node-VLP32C-launch.py
[0.232s] -- Installing: /home/4_fri/bwi_ros2/install/velodyne_driver/lib/velodyne_driver/vdump
[0.232s] -- Installing: /home/4_fri/bwi_ros2/install/velodyne_driver/share/ament_index/resource_index/package_run_dependencies/velodyne_driver
[0.233s] -- Installing: /home/4_fri/bwi_ros2/install/velodyne_driver/share/ament_index/resource_index/parent_prefix_path/velodyne_driver
[0.233s] -- Installing: /home/4_fri/bwi_ros2/install/velodyne_driver/share/velodyne_driver/environment/ament_prefix_path.sh
[0.233s] -- Installing: /home/4_fri/bwi_ros2/install/velodyne_driver/share/velodyne_driver/environment/ament_prefix_path.dsv
[0.233s] -- Installing: /home/4_fri/bwi_ros2/install/velodyne_driver/share/velodyne_driver/environment/path.sh
[0.233s] -- Installing: /home/4_fri/bwi_ros2/install/velodyne_driver/share/velodyne_driver/environment/path.dsv
[0.233s] -- Installing: /home/4_fri/bwi_ros2/install/velodyne_driver/share/velodyne_driver/local_setup.bash
[0.233s] -- Installing: /home/4_fri/bwi_ros2/install/velodyne_driver/share/velodyne_driver/local_setup.sh
[0.233s] -- Installing: /home/4_fri/bwi_ros2/install/velodyne_driver/share/velodyne_driver/local_setup.zsh
[0.233s] -- Installing: /home/4_fri/bwi_ros2/install/velodyne_driver/share/velodyne_driver/local_setup.dsv
[0.233s] -- Installing: /home/4_fri/bwi_ros2/install/velodyne_driver/share/velodyne_driver/package.dsv
[0.234s] -- Installing: /home/4_fri/bwi_ros2/install/velodyne_driver/share/ament_index/resource_index/packages/velodyne_driver
[0.234s] -- Installing: /home/4_fri/bwi_ros2/install/velodyne_driver/share/ament_index/resource_index/rclcpp_components/velodyne_driver
[0.234s] -- Installing: /home/4_fri/bwi_ros2/install/velodyne_driver/share/velodyne_driver/cmake/velodyne_driverConfig.cmake
[0.234s] -- Installing: /home/4_fri/bwi_ros2/install/velodyne_driver/share/velodyne_driver/cmake/velodyne_driverConfig-version.cmake
[0.234s] -- Installing: /home/4_fri/bwi_ros2/install/velodyne_driver/share/velodyne_driver/package.xml
[0.234s] -- Installing: /home/4_fri/bwi_ros2/install/velodyne_driver/lib/libvelodyne_input.so
[0.235s] -- Set runtime path of "/home/4_fri/bwi_ros2/install/velodyne_driver/lib/libvelodyne_input.so" to ""
[0.237s] Invoked command in '/home/4_fri/bwi_ros2/build/velodyne_driver' returned '0': AMENT_PREFIX_PATH=/home/4_fri/bwi_ros2/install/velodyne_msgs:${AMENT_PREFIX_PATH} CMAKE_PREFIX_PATH=/home/4_fri/bwi_ros2/install/velodyne_msgs:/opt/ros/humble LD_LIBRARY_PATH=/home/4_fri/bwi_ros2/install/velodyne_msgs/lib:${LD_LIBRARY_PATH} PYTHONPATH=/home/4_fri/bwi_ros2/install/velodyne_msgs/local/lib/python3.10/dist-packages:${PYTHONPATH} /usr/bin/cmake --install /home/4_fri/bwi_ros2/build/velodyne_driver
