[35m[1mConsolidate compiler generated dependencies of target ros2_laser_scan_merger[0m
[100%] Built target ros2_laser_scan_merger
-- Install configuration: ""
-- Installing: /home/4_fri/bwi_ros2/install/ros2_laser_scan_merger/share/ros2_laser_scan_merger/launch
-- Installing: /home/4_fri/bwi_ros2/install/ros2_laser_scan_merger/share/ros2_laser_scan_merger/launch/visualize_merge_2_scan.launch.py
-- Installing: /home/4_fri/bwi_ros2/install/ros2_laser_scan_merger/share/ros2_laser_scan_merger/launch/merge_2_scan.launch.py
-- Installing: /home/4_fri/bwi_ros2/install/ros2_laser_scan_merger/share/ros2_laser_scan_merger/config
-- Installing: /home/4_fri/bwi_ros2/install/ros2_laser_scan_merger/share/ros2_laser_scan_merger/config/params.yaml
-- Installing: /home/4_fri/bwi_ros2/install/ros2_laser_scan_merger/share/ros2_laser_scan_merger/rviz
-- Installing: /home/4_fri/bwi_ros2/install/ros2_laser_scan_merger/share/ros2_laser_scan_merger/rviz/ros2_laser_scan_merge.rviz
-- Installing: /home/4_fri/bwi_ros2/install/ros2_laser_scan_merger/lib/ros2_laser_scan_merger/ros2_laser_scan_merger
-- Set runtime path of "/home/4_fri/bwi_ros2/install/ros2_laser_scan_merger/lib/ros2_laser_scan_merger/ros2_laser_scan_merger" to ""
-- Installing: /home/4_fri/bwi_ros2/install/ros2_laser_scan_merger/share/ament_index/resource_index/package_run_dependencies/ros2_laser_scan_merger
-- Installing: /home/4_fri/bwi_ros2/install/ros2_laser_scan_merger/share/ament_index/resource_index/parent_prefix_path/ros2_laser_scan_merger
-- Installing: /home/4_fri/bwi_ros2/install/ros2_laser_scan_merger/share/ros2_laser_scan_merger/environment/ament_prefix_path.sh
-- Installing: /home/4_fri/bwi_ros2/install/ros2_laser_scan_merger/share/ros2_laser_scan_merger/environment/ament_prefix_path.dsv
-- Installing: /home/4_fri/bwi_ros2/install/ros2_laser_scan_merger/share/ros2_laser_scan_merger/environment/path.sh
-- Installing: /home/4_fri/bwi_ros2/install/ros2_laser_scan_merger/share/ros2_laser_scan_merger/environment/path.dsv
-- Installing: /home/4_fri/bwi_ros2/install/ros2_laser_scan_merger/share/ros2_laser_scan_merger/local_setup.bash
-- Installing: /home/4_fri/bwi_ros2/install/ros2_laser_scan_merger/share/ros2_laser_scan_merger/local_setup.sh
-- Installing: /home/4_fri/bwi_ros2/install/ros2_laser_scan_merger/share/ros2_laser_scan_merger/local_setup.zsh
-- Installing: /home/4_fri/bwi_ros2/install/ros2_laser_scan_merger/share/ros2_laser_scan_merger/local_setup.dsv
-- Installing: /home/4_fri/bwi_ros2/install/ros2_laser_scan_merger/share/ros2_laser_scan_merger/package.dsv
-- Installing: /home/4_fri/bwi_ros2/install/ros2_laser_scan_merger/share/ament_index/resource_index/packages/ros2_laser_scan_merger
-- Installing: /home/4_fri/bwi_ros2/install/ros2_laser_scan_merger/share/ros2_laser_scan_merger/cmake/ros2_laser_scan_mergerConfig.cmake
-- Installing: /home/4_fri/bwi_ros2/install/ros2_laser_scan_merger/share/ros2_laser_scan_merger/cmake/ros2_laser_scan_mergerConfig-version.cmake
-- Installing: /home/4_fri/bwi_ros2/install/ros2_laser_scan_merger/share/ros2_laser_scan_merger/package.xml
