[0.036s] Invoking command in '/home/4_fri/bwi_ros2/build/ros2_laser_scan_merger': CMAKE_PREFIX_PATH=/opt/ros/humble /usr/bin/cmake --build /home/4_fri/bwi_ros2/build/ros2_laser_scan_merger -- -j12 -l12
[0.756s] [35m[1mConsolidate compiler generated dependencies of target ros2_laser_scan_merger[0m
[0.757s] [100%] Built target ros2_laser_scan_merger
[0.774s] Invoked command in '/home/4_fri/bwi_ros2/build/ros2_laser_scan_merger' returned '0': CMAKE_PREFIX_PATH=/opt/ros/humble /usr/bin/cmake --build /home/4_fri/bwi_ros2/build/ros2_laser_scan_merger -- -j12 -l12
[0.776s] Invoking command in '/home/4_fri/bwi_ros2/build/ros2_laser_scan_merger': CMAKE_PREFIX_PATH=/opt/ros/humble /usr/bin/cmake --install /home/4_fri/bwi_ros2/build/ros2_laser_scan_merger
[0.809s] -- Install configuration: ""
[0.809s] -- Installing: /home/4_fri/bwi_ros2/install/ros2_laser_scan_merger/share/ros2_laser_scan_merger/launch
[0.809s] -- Installing: /home/4_fri/bwi_ros2/install/ros2_laser_scan_merger/share/ros2_laser_scan_merger/launch/visualize_merge_2_scan.launch.py
[0.809s] -- Installing: /home/4_fri/bwi_ros2/install/ros2_laser_scan_merger/share/ros2_laser_scan_merger/launch/merge_2_scan.launch.py
[0.809s] -- Installing: /home/4_fri/bwi_ros2/install/ros2_laser_scan_merger/share/ros2_laser_scan_merger/config
[0.809s] -- Installing: /home/4_fri/bwi_ros2/install/ros2_laser_scan_merger/share/ros2_laser_scan_merger/config/params.yaml
[0.809s] -- Installing: /home/4_fri/bwi_ros2/install/ros2_laser_scan_merger/share/ros2_laser_scan_merger/rviz
[0.809s] -- Installing: /home/4_fri/bwi_ros2/install/ros2_laser_scan_merger/share/ros2_laser_scan_merger/rviz/ros2_laser_scan_merge.rviz
[0.809s] -- Installing: /home/4_fri/bwi_ros2/install/ros2_laser_scan_merger/lib/ros2_laser_scan_merger/ros2_laser_scan_merger
[0.809s] -- Set runtime path of "/home/4_fri/bwi_ros2/install/ros2_laser_scan_merger/lib/ros2_laser_scan_merger/ros2_laser_scan_merger" to ""
[0.809s] -- Installing: /home/4_fri/bwi_ros2/install/ros2_laser_scan_merger/share/ament_index/resource_index/package_run_dependencies/ros2_laser_scan_merger
[0.809s] -- Installing: /home/4_fri/bwi_ros2/install/ros2_laser_scan_merger/share/ament_index/resource_index/parent_prefix_path/ros2_laser_scan_merger
[0.810s] -- Installing: /home/4_fri/bwi_ros2/install/ros2_laser_scan_merger/share/ros2_laser_scan_merger/environment/ament_prefix_path.sh
[0.810s] -- Installing: /home/4_fri/bwi_ros2/install/ros2_laser_scan_merger/share/ros2_laser_scan_merger/environment/ament_prefix_path.dsv
[0.811s] -- Installing: /home/4_fri/bwi_ros2/install/ros2_laser_scan_merger/share/ros2_laser_scan_merger/environment/path.sh
[0.811s] -- Installing: /home/4_fri/bwi_ros2/install/ros2_laser_scan_merger/share/ros2_laser_scan_merger/environment/path.dsv
[0.811s] -- Installing: /home/4_fri/bwi_ros2/install/ros2_laser_scan_merger/share/ros2_laser_scan_merger/local_setup.bash
[0.811s] -- Installing: /home/4_fri/bwi_ros2/install/ros2_laser_scan_merger/share/ros2_laser_scan_merger/local_setup.sh
[0.811s] -- Installing: /home/4_fri/bwi_ros2/install/ros2_laser_scan_merger/share/ros2_laser_scan_merger/local_setup.zsh
[0.811s] -- Installing: /home/4_fri/bwi_ros2/install/ros2_laser_scan_merger/share/ros2_laser_scan_merger/local_setup.dsv
[0.811s] -- Installing: /home/4_fri/bwi_ros2/install/ros2_laser_scan_merger/share/ros2_laser_scan_merger/package.dsv
[0.811s] -- Installing: /home/4_fri/bwi_ros2/install/ros2_laser_scan_merger/share/ament_index/resource_index/packages/ros2_laser_scan_merger
[0.811s] -- Installing: /home/4_fri/bwi_ros2/install/ros2_laser_scan_merger/share/ros2_laser_scan_merger/cmake/ros2_laser_scan_mergerConfig.cmake
[0.812s] -- Installing: /home/4_fri/bwi_ros2/install/ros2_laser_scan_merger/share/ros2_laser_scan_merger/cmake/ros2_laser_scan_mergerConfig-version.cmake
[0.812s] -- Installing: /home/4_fri/bwi_ros2/install/ros2_laser_scan_merger/share/ros2_laser_scan_merger/package.xml
[0.921s] Invoked command in '/home/4_fri/bwi_ros2/build/ros2_laser_scan_merger' returned '0': CMAKE_PREFIX_PATH=/opt/ros/humble /usr/bin/cmake --install /home/4_fri/bwi_ros2/build/ros2_laser_scan_merger
