[0.023s] Invoking command in '/home/4_fri/bwi_ros2/build/velodyne_pointcloud': AMENT_PREFIX_PATH=/home/4_fri/bwi_ros2/install/velodyne_msgs:${AMENT_PREFIX_PATH} CMAKE_PREFIX_PATH=/home/4_fri/bwi_ros2/install/velodyne_msgs:/opt/ros/humble LD_LIBRARY_PATH=/home/4_fri/bwi_ros2/install/velodyne_msgs/lib:${LD_LIBRARY_PATH} PYTHONPATH=/home/4_fri/bwi_ros2/install/velodyne_msgs/local/lib/python3.10/dist-packages:${PYTHONPATH} /usr/bin/cmake /home/4_fri/bwi_ros2/src/lidar/velodyne/velodyne_pointcloud -DCMAKE_INSTALL_PREFIX=/home/4_fri/bwi_ros2/install/velodyne_pointcloud
[0.177s] -- The C compiler identification is GNU 11.4.0
[0.312s] -- The CXX compiler identification is GNU 11.4.0
[0.321s] -- Detecting C compiler ABI info
[0.423s] -- Detecting C compiler ABI info - done
[0.443s] -- Check for working C compiler: /usr/bin/cc - skipped
[0.443s] -- Detecting C compile features
[0.446s] -- Detecting C compile features - done
[0.448s] -- Detecting CXX compiler ABI info
[0.631s] -- Detecting CXX compiler ABI info - done
[0.661s] -- Check for working CXX compiler: /usr/bin/c++ - skipped
[0.662s] -- Detecting CXX compile features
[0.662s] -- Detecting CXX compile features - done
[0.669s] -- Found ament_cmake: 1.3.12 (/opt/ros/humble/share/ament_cmake/cmake)
[1.016s] -- Found Python3: /usr/bin/python3 (found version "3.10.12") found components: Interpreter 
[1.297s] -- Found angles: 1.15.0 (/opt/ros/humble/share/angles/cmake)
[1.305s] -- Found diagnostic_updater: 4.0.6 (/opt/ros/humble/share/diagnostic_updater/cmake)
[1.373s] -- Found rosidl_generator_c: 3.1.7 (/opt/ros/humble/share/rosidl_generator_c/cmake)
[1.383s] -- Found rosidl_adapter: 3.1.7 (/opt/ros/humble/share/rosidl_adapter/cmake)
[1.392s] -- Found rosidl_generator_cpp: 3.1.7 (/opt/ros/humble/share/rosidl_generator_cpp/cmake)
[1.411s] -- Using all available rosidl_typesupport_c: rosidl_typesupport_fastrtps_c;rosidl_typesupport_introspection_c
[1.433s] -- Using all available rosidl_typesupport_cpp: rosidl_typesupport_fastrtps_cpp;rosidl_typesupport_introspection_cpp
[1.561s] -- Found rmw_implementation_cmake: 6.1.2 (/opt/ros/humble/share/rmw_implementation_cmake/cmake)
[1.564s] -- Found rmw_fastrtps_cpp: 6.2.8 (/opt/ros/humble/share/rmw_fastrtps_cpp/cmake)
[1.747s] -- Found OpenSSL: /usr/lib/x86_64-linux-gnu/libcrypto.so (found version "3.0.2")  
[1.826s] -- Found FastRTPS: /opt/ros/humble/include  
[1.877s] -- Using RMW implementation 'rmw_fastrtps_cpp' as default
[1.903s] -- Looking for pthread.h
[2.084s] -- Looking for pthread.h - found
[2.085s] -- Performing Test CMAKE_HAVE_LIBC_PTHREAD
[2.248s] -- Performing Test CMAKE_HAVE_LIBC_PTHREAD - Success
[2.250s] -- Found Threads: TRUE  
[2.377s] -- Found geometry_msgs: 4.9.0 (/opt/ros/humble/share/geometry_msgs/cmake)
[2.420s] -- Found message_filters: 4.3.8 (/opt/ros/humble/share/message_filters/cmake)
[2.447s] -- Checking for module 'eigen3'
[2.477s] --   Found eigen3, version 3.4.0
[2.557s] -- Found Eigen: /usr/include/eigen3 (Required is at least version "3.1") 
[2.557s] -- Eigen found (include: /usr/include/eigen3, version: 3.4.0)
[2.581s] -- Found Boost: /usr/lib/x86_64-linux-gnu/cmake/Boost-1.74.0/BoostConfig.cmake (found suitable version "1.74.0", minimum required is "1.65.0") found components: system filesystem date_time iostreams serialization 
[2.584s] -- looking for PCL_COMMON
[2.586s] -- Found PCL_COMMON: /usr/lib/x86_64-linux-gnu/libpcl_common.so  
[2.587s] -- Found PCL: pcl_common;Boost::system;Boost::filesystem;Boost::date_time;Boost::iostreams;Boost::serialization  
[2.591s] -- Found rclcpp_components: 16.0.14 (/opt/ros/humble/share/rclcpp_components/cmake)
[2.634s] -- Found sensor_msgs: 4.9.0 (/opt/ros/humble/share/sensor_msgs/cmake)
[2.664s] -- Found tf2: 0.25.16 (/opt/ros/humble/share/tf2/cmake)
[2.671s] -- Found tf2_ros: 0.25.16 (/opt/ros/humble/share/tf2_ros/cmake)
[2.782s] -- Found velodyne_msgs: 2.4.0 (/home/4_fri/bwi_ros2/install/velodyne_msgs/share/velodyne_msgs/cmake)
[2.815s] -- Found PkgConfig: /usr/bin/pkg-config (found version "0.29.2") 
[2.816s] -- Checking for module 'yaml-cpp'
[2.849s] --   Found yaml-cpp, version 0.7.0
[2.974s] -- Found ament_lint_auto: 0.12.14 (/opt/ros/humble/share/ament_lint_auto/cmake)
[3.131s] -- Found gtest sources under '/opt/ros/humble/src/gtest_vendor': C++ tests using 'Google Test' will be built
[3.149s] -- Added test 'copyright' to check source files copyright and LICENSE
[3.153s] -- Added test 'cppcheck' to perform static code analysis on C / C++ code
[3.154s] -- Configured cppcheck include dirs: /home/4_fri/bwi_ros2/src/lidar/velodyne/velodyne_pointcloud/include
[3.154s] -- Configured cppcheck exclude dirs and/or files: 
[3.158s] -- Added test 'cpplint' to check C / C++ code against the Google style
[3.159s] -- Configured cpplint exclude dirs and/or files: 
[3.160s] -- Added test 'flake8' to check Python code syntax and style conventions
[3.162s] -- Added test 'lint_cmake' to check CMake code style
[3.164s] -- Added test 'pep257' to check Python code against some of the docstring style conventions in PEP 257
[3.168s] -- Added test 'uncrustify' to check C / C++ code style
[3.168s] -- Configured uncrustify additional arguments: 
[3.170s] -- Configuring done
[3.313s] -- Generating done
[3.367s] -- Build files have been written to: /home/4_fri/bwi_ros2/build/velodyne_pointcloud
[3.421s] Invoked command in '/home/4_fri/bwi_ros2/build/velodyne_pointcloud' returned '0': AMENT_PREFIX_PATH=/home/4_fri/bwi_ros2/install/velodyne_msgs:${AMENT_PREFIX_PATH} CMAKE_PREFIX_PATH=/home/4_fri/bwi_ros2/install/velodyne_msgs:/opt/ros/humble LD_LIBRARY_PATH=/home/4_fri/bwi_ros2/install/velodyne_msgs/lib:${LD_LIBRARY_PATH} PYTHONPATH=/home/4_fri/bwi_ros2/install/velodyne_msgs/local/lib/python3.10/dist-packages:${PYTHONPATH} /usr/bin/cmake /home/4_fri/bwi_ros2/src/lidar/velodyne/velodyne_pointcloud -DCMAKE_INSTALL_PREFIX=/home/4_fri/bwi_ros2/install/velodyne_pointcloud
[3.423s] Invoking command in '/home/4_fri/bwi_ros2/build/velodyne_pointcloud': AMENT_PREFIX_PATH=/home/4_fri/bwi_ros2/install/velodyne_msgs:${AMENT_PREFIX_PATH} CMAKE_PREFIX_PATH=/home/4_fri/bwi_ros2/install/velodyne_msgs:/opt/ros/humble LD_LIBRARY_PATH=/home/4_fri/bwi_ros2/install/velodyne_msgs/lib:${LD_LIBRARY_PATH} PYTHONPATH=/home/4_fri/bwi_ros2/install/velodyne_msgs/local/lib/python3.10/dist-packages:${PYTHONPATH} /usr/bin/cmake --build /home/4_fri/bwi_ros2/build/velodyne_pointcloud -- -j12 -l12
[3.549s] [  5%] [32mBuilding CXX object src/lib/CMakeFiles/velodyne_cloud_types.dir/organized_cloudXYZIRT.cpp.o[0m
[3.549s] [ 11%] [32mBuilding CXX object src/lib/CMakeFiles/velodyne_cloud_types.dir/pointcloudXYZIRT.cpp.o[0m
[3.558s] [ 16%] [32mBuilding CXX object gtest/CMakeFiles/gtest_main.dir/src/gtest_main.cc.o[0m
[3.562s] [ 22%] [32mBuilding CXX object src/lib/CMakeFiles/velodyne_rawdata.dir/rawdata.cpp.o[0m
[3.571s] [ 27%] [32mBuilding CXX object src/lib/CMakeFiles/velodyne_rawdata.dir/calibration.cpp.o[0m
[3.571s] [ 33%] [32mBuilding CXX object gtest/CMakeFiles/gtest.dir/src/gtest-all.cc.o[0m
[5.430s] [ 38%] [32m[1mLinking CXX static library libgtest_main.a[0m
[5.631s] [ 38%] Built target gtest_main
[10.334s] [ 44%] [32m[1mLinking CXX static library libgtest.a[0m
[10.462s] [ 44%] Built target gtest
[10.506s] [ 50%] [32mBuilding CXX object tests/CMakeFiles/test_row_step.dir/test_row_step.cpp.o[0m
[13.817s] [ 55%] [32m[1mLinking CXX shared library libvelodyne_rawdata.so[0m
[14.292s] [ 55%] Built target velodyne_rawdata
[14.322s] [ 61%] [32mBuilding CXX object tests/CMakeFiles/test_calibration.dir/test_calibration.cpp.o[0m
[15.780s] [ 66%] [32m[1mLinking CXX shared library libvelodyne_cloud_types.so[0m
[16.017s] [ 66%] Built target velodyne_cloud_types
[16.047s] [ 72%] [32mBuilding CXX object CMakeFiles/transform.dir/src/conversions/transform.cpp.o[0m
[16.303s] [ 77%] [32m[1mLinking CXX executable test_calibration[0m
[16.707s] [ 77%] Built target test_calibration
[19.864s] [ 83%] [32m[1mLinking CXX executable test_row_step[0m
[20.097s] [ 83%] Built target test_row_step
[28.872s] [ 88%] [32m[1mLinking CXX shared library libtransform.so[0m
[29.425s] [ 88%] Built target transform
[29.441s] [ 94%] [32mBuilding CXX object CMakeFiles/velodyne_transform_node.dir/src/conversions/transform_node.cpp.o[0m
[34.379s] [100%] [32m[1mLinking CXX executable velodyne_transform_node[0m
[34.685s] [100%] Built target velodyne_transform_node
