[0.045s] Invoking command in '/home/4_fri/bwi_ros2/build/spatial_utils': CMAKE_PREFIX_PATH=${CMAKE_PREFIX_PATH}:/home/4_fri/bwi_ros2/install/scan_prox_filter:/home/4_fri/bwi_ros2/install/scan_filter:/opt/ros/humble /usr/bin/cmake /home/4_fri/bwi_ros2/src/fri_autonomous_template/spatial_utils -DCMAKE_INSTALL_PREFIX=/home/4_fri/bwi_ros2/install/spatial_utils
[0.812s] -- The C compiler identification is GNU 11.4.0
[0.812s] -- The CXX compiler identification is GNU 11.4.0
[0.812s] -- Detecting C compiler ABI info
[0.812s] -- Detecting C compiler ABI info - done
[0.812s] -- Check for working C compiler: /usr/bin/cc - skipped
[0.812s] -- Detecting C compile features
[0.812s] -- Detecting C compile features - done
[0.812s] -- Detecting CXX compiler ABI info
[0.812s] -- Detecting CXX compiler ABI info - done
[0.812s] -- Check for working CXX compiler: /usr/bin/c++ - skipped
[0.812s] -- Detecting CXX compile features
[0.813s] -- Detecting CXX compile features - done
[0.813s] -- Found ament_cmake: 1.3.12 (/opt/ros/humble/share/ament_cmake/cmake)
[0.813s] -- Found Python3: /usr/bin/python3 (found version "3.10.12") found components: Interpreter 
[0.813s] -- Found rclcpp: 16.0.14 (/opt/ros/humble/share/rclcpp/cmake)
[0.813s] -- Found rosidl_generator_c: 3.1.7 (/opt/ros/humble/share/rosidl_generator_c/cmake)
[0.813s] -- Found rosidl_adapter: 3.1.7 (/opt/ros/humble/share/rosidl_adapter/cmake)
[0.813s] -- Found rosidl_generator_cpp: 3.1.7 (/opt/ros/humble/share/rosidl_generator_cpp/cmake)
[0.813s] -- Using all available rosidl_typesupport_c: rosidl_typesupport_fastrtps_c;rosidl_typesupport_introspection_c
[0.813s] -- Using all available rosidl_typesupport_cpp: rosidl_typesupport_fastrtps_cpp;rosidl_typesupport_introspection_cpp
[0.813s] -- Found rmw_implementation_cmake: 6.1.2 (/opt/ros/humble/share/rmw_implementation_cmake/cmake)
[0.813s] -- Found rmw_fastrtps_cpp: 6.2.8 (/opt/ros/humble/share/rmw_fastrtps_cpp/cmake)
[0.903s] -- Found OpenSSL: /usr/lib/x86_64-linux-gnu/libcrypto.so (found version "3.0.2")  
[0.936s] -- Found FastRTPS: /opt/ros/humble/include  
[0.988s] -- Using RMW implementation 'rmw_fastrtps_cpp' as default
[1.004s] -- Looking for pthread.h
[1.099s] -- Looking for pthread.h - found
[1.099s] -- Performing Test CMAKE_HAVE_LIBC_PTHREAD
[1.245s] -- Performing Test CMAKE_HAVE_LIBC_PTHREAD - Success
[1.245s] -- Found Threads: TRUE  
[1.331s] -- Found tf2_ros: 0.25.16 (/opt/ros/humble/share/tf2_ros/cmake)
[1.526s] -- Found ament_lint_auto: 0.12.14 (/opt/ros/humble/share/ament_lint_auto/cmake)
[1.620s] -- Added test 'cppcheck' to perform static code analysis on C / C++ code
[1.620s] -- Configured cppcheck include dirs: /home/4_fri/bwi_ros2/src/fri_autonomous_template/spatial_utils/include;$<BUILD_INTERFACE:/home/4_fri/bwi_ros2/src/fri_autonomous_template/spatial_utils/include>
[1.620s] -- Configured cppcheck exclude dirs and/or files: 
[1.621s] -- Added test 'lint_cmake' to check CMake code style
[1.623s] -- Added test 'uncrustify' to check C / C++ code style
[1.623s] -- Configured uncrustify additional arguments: 
[1.624s] -- Added test 'xmllint' to check XML markup files
[1.629s] -- Configuring done
[1.639s] -- Generating done
[1.644s] -- Build files have been written to: /home/4_fri/bwi_ros2/build/spatial_utils
[1.658s] Invoked command in '/home/4_fri/bwi_ros2/build/spatial_utils' returned '0': CMAKE_PREFIX_PATH=${CMAKE_PREFIX_PATH}:/home/4_fri/bwi_ros2/install/scan_prox_filter:/home/4_fri/bwi_ros2/install/scan_filter:/opt/ros/humble /usr/bin/cmake /home/4_fri/bwi_ros2/src/fri_autonomous_template/spatial_utils -DCMAKE_INSTALL_PREFIX=/home/4_fri/bwi_ros2/install/spatial_utils
[1.660s] Invoking command in '/home/4_fri/bwi_ros2/build/spatial_utils': CMAKE_PREFIX_PATH=${CMAKE_PREFIX_PATH}:/home/4_fri/bwi_ros2/install/scan_prox_filter:/home/4_fri/bwi_ros2/install/scan_filter:/opt/ros/humble /usr/bin/cmake --build /home/4_fri/bwi_ros2/build/spatial_utils -- -j12 -l12
[1.702s] [ 50%] [32mBuilding CXX object CMakeFiles/spatial_utils.dir/src/transform_util.cpp.o[0m
[4.782s] [100%] [32m[1mLinking CXX static library libspatial_utils.a[0m
[4.838s] [100%] Built target spatial_utils
