[35m[1mConsolidate compiler generated dependencies of target gtest[0m
[35m[1mConsolidate compiler generated dependencies of target urg_node2_node[0m
[35m[1mConsolidate compiler generated dependencies of target gtest_main[0m
[35m[1mConsolidate compiler generated dependencies of target urg_c[0m
[ 10%] Built target gtest
[ 20%] Built target gtest_main
[ 35%] Built target urg_node2_node
[ 75%] Built target urg_c
[35m[1mConsolidate compiler generated dependencies of target urg_node2[0m
[35m[1mConsolidate compiler generated dependencies of target urg_node2_test[0m
[ 85%] Built target urg_node2
[100%] Built target urg_node2_test
-- Install configuration: ""
-- Installing: /home/4_fri/bwi_ros2/install/urg_node2/lib/urg_node2/urg_node2_node
-- Set runtime path of "/home/4_fri/bwi_ros2/install/urg_node2/lib/urg_node2/urg_node2_node" to ""
-- Installing: /home/4_fri/bwi_ros2/install/urg_node2/lib/liburg_node2.so
-- Set runtime path of "/home/4_fri/bwi_ros2/install/urg_node2/lib/liburg_node2.so" to ""
-- Installing: /home/4_fri/bwi_ros2/install/urg_node2/lib/liburg_c.so
-- Installing: /home/4_fri/bwi_ros2/install/urg_node2/share/urg_node2/launch
-- Installing: /home/4_fri/bwi_ros2/install/urg_node2/share/urg_node2/launch/urg_node2_2lidar.launch.py
-- Installing: /home/4_fri/bwi_ros2/install/urg_node2/share/urg_node2/launch/urg_node2.launch.py
-- Installing: /home/4_fri/bwi_ros2/install/urg_node2/share/urg_node2/launch/urg_node2_component.launch.py
-- Installing: /home/4_fri/bwi_ros2/install/urg_node2/share/urg_node2/config
-- Installing: /home/4_fri/bwi_ros2/install/urg_node2/share/urg_node2/config/params_serial.yaml
-- Installing: /home/4_fri/bwi_ros2/install/urg_node2/share/urg_node2/config/params_ether.yaml
-- Installing: /home/4_fri/bwi_ros2/install/urg_node2/share/urg_node2/config/params_ether_2nd.yaml
-- Installing: /home/4_fri/bwi_ros2/install/urg_node2/share/ament_index/resource_index/package_run_dependencies/urg_node2
-- Installing: /home/4_fri/bwi_ros2/install/urg_node2/share/ament_index/resource_index/parent_prefix_path/urg_node2
-- Installing: /home/4_fri/bwi_ros2/install/urg_node2/share/urg_node2/environment/ament_prefix_path.sh
-- Installing: /home/4_fri/bwi_ros2/install/urg_node2/share/urg_node2/environment/ament_prefix_path.dsv
-- Installing: /home/4_fri/bwi_ros2/install/urg_node2/share/urg_node2/environment/path.sh
-- Installing: /home/4_fri/bwi_ros2/install/urg_node2/share/urg_node2/environment/path.dsv
-- Installing: /home/4_fri/bwi_ros2/install/urg_node2/share/urg_node2/local_setup.bash
-- Installing: /home/4_fri/bwi_ros2/install/urg_node2/share/urg_node2/local_setup.sh
-- Installing: /home/4_fri/bwi_ros2/install/urg_node2/share/urg_node2/local_setup.zsh
-- Installing: /home/4_fri/bwi_ros2/install/urg_node2/share/urg_node2/local_setup.dsv
-- Installing: /home/4_fri/bwi_ros2/install/urg_node2/share/urg_node2/package.dsv
-- Installing: /home/4_fri/bwi_ros2/install/urg_node2/share/ament_index/resource_index/packages/urg_node2
-- Installing: /home/4_fri/bwi_ros2/install/urg_node2/share/ament_index/resource_index/rclcpp_components/urg_node2
-- Installing: /home/4_fri/bwi_ros2/install/urg_node2/share/urg_node2/cmake/urg_node2Config.cmake
-- Installing: /home/4_fri/bwi_ros2/install/urg_node2/share/urg_node2/cmake/urg_node2Config-version.cmake
-- Installing: /home/4_fri/bwi_ros2/install/urg_node2/share/urg_node2/package.xml
