[0.732s] Invoking command in '/home/4_fri/bwi_ros2/build/urg_node2': CMAKE_PREFIX_PATH=/opt/ros/humble /usr/bin/cmake --build /home/4_fri/bwi_ros2/build/urg_node2 -- -j12 -l12
[0.768s] [35m[1mConsolidate compiler generated dependencies of target gtest[0m
[0.768s] [35m[1mConsolidate compiler generated dependencies of target urg_node2_node[0m
[0.769s] [35m[1mConsolidate compiler generated dependencies of target gtest_main[0m
[0.769s] [35m[1mConsolidate compiler generated dependencies of target urg_c[0m
[0.813s] [ 10%] Built target gtest
[0.813s] [ 20%] Built target gtest_main
[0.813s] [ 35%] Built target urg_node2_node
[0.813s] [ 75%] Built target urg_c
[0.813s] [35m[1mConsolidate compiler generated dependencies of target urg_node2[0m
[0.813s] [35m[1mConsolidate compiler generated dependencies of target urg_node2_test[0m
[0.813s] [ 85%] Built target urg_node2
[0.820s] [100%] Built target urg_node2_test
[0.937s] Invoked command in '/home/4_fri/bwi_ros2/build/urg_node2' returned '0': CMAKE_PREFIX_PATH=/opt/ros/humble /usr/bin/cmake --build /home/4_fri/bwi_ros2/build/urg_node2 -- -j12 -l12
[0.939s] Invoking command in '/home/4_fri/bwi_ros2/build/urg_node2': CMAKE_PREFIX_PATH=/opt/ros/humble /usr/bin/cmake --install /home/4_fri/bwi_ros2/build/urg_node2
[0.985s] -- Install configuration: ""
[0.986s] -- Installing: /home/4_fri/bwi_ros2/install/urg_node2/lib/urg_node2/urg_node2_node
[0.986s] -- Set runtime path of "/home/4_fri/bwi_ros2/install/urg_node2/lib/urg_node2/urg_node2_node" to ""
[0.986s] -- Installing: /home/4_fri/bwi_ros2/install/urg_node2/lib/liburg_node2.so
[0.986s] -- Set runtime path of "/home/4_fri/bwi_ros2/install/urg_node2/lib/liburg_node2.so" to ""
[0.986s] -- Installing: /home/4_fri/bwi_ros2/install/urg_node2/lib/liburg_c.so
[0.986s] -- Installing: /home/4_fri/bwi_ros2/install/urg_node2/share/urg_node2/launch
[0.986s] -- Installing: /home/4_fri/bwi_ros2/install/urg_node2/share/urg_node2/launch/urg_node2_2lidar.launch.py
[0.987s] -- Installing: /home/4_fri/bwi_ros2/install/urg_node2/share/urg_node2/launch/urg_node2.launch.py
[0.987s] -- Installing: /home/4_fri/bwi_ros2/install/urg_node2/share/urg_node2/launch/urg_node2_component.launch.py
[0.987s] -- Installing: /home/4_fri/bwi_ros2/install/urg_node2/share/urg_node2/config
[0.987s] -- Installing: /home/4_fri/bwi_ros2/install/urg_node2/share/urg_node2/config/params_serial.yaml
[0.987s] -- Installing: /home/4_fri/bwi_ros2/install/urg_node2/share/urg_node2/config/params_ether.yaml
[0.987s] -- Installing: /home/4_fri/bwi_ros2/install/urg_node2/share/urg_node2/config/params_ether_2nd.yaml
[0.988s] -- Installing: /home/4_fri/bwi_ros2/install/urg_node2/share/ament_index/resource_index/package_run_dependencies/urg_node2
[0.988s] -- Installing: /home/4_fri/bwi_ros2/install/urg_node2/share/ament_index/resource_index/parent_prefix_path/urg_node2
[0.989s] -- Installing: /home/4_fri/bwi_ros2/install/urg_node2/share/urg_node2/environment/ament_prefix_path.sh
[0.989s] -- Installing: /home/4_fri/bwi_ros2/install/urg_node2/share/urg_node2/environment/ament_prefix_path.dsv
[0.989s] -- Installing: /home/4_fri/bwi_ros2/install/urg_node2/share/urg_node2/environment/path.sh
[0.990s] -- Installing: /home/4_fri/bwi_ros2/install/urg_node2/share/urg_node2/environment/path.dsv
[0.990s] -- Installing: /home/4_fri/bwi_ros2/install/urg_node2/share/urg_node2/local_setup.bash
[0.990s] -- Installing: /home/4_fri/bwi_ros2/install/urg_node2/share/urg_node2/local_setup.sh
[0.990s] -- Installing: /home/4_fri/bwi_ros2/install/urg_node2/share/urg_node2/local_setup.zsh
[0.990s] -- Installing: /home/4_fri/bwi_ros2/install/urg_node2/share/urg_node2/local_setup.dsv
[0.991s] -- Installing: /home/4_fri/bwi_ros2/install/urg_node2/share/urg_node2/package.dsv
[0.991s] -- Installing: /home/4_fri/bwi_ros2/install/urg_node2/share/ament_index/resource_index/packages/urg_node2
[0.991s] -- Installing: /home/4_fri/bwi_ros2/install/urg_node2/share/ament_index/resource_index/rclcpp_components/urg_node2
[0.991s] -- Installing: /home/4_fri/bwi_ros2/install/urg_node2/share/urg_node2/cmake/urg_node2Config.cmake
[0.991s] -- Installing: /home/4_fri/bwi_ros2/install/urg_node2/share/urg_node2/cmake/urg_node2Config-version.cmake
[0.991s] -- Installing: /home/4_fri/bwi_ros2/install/urg_node2/share/urg_node2/package.xml
[0.992s] Invoked command in '/home/4_fri/bwi_ros2/build/urg_node2' returned '0': CMAKE_PREFIX_PATH=/opt/ros/humble /usr/bin/cmake --install /home/4_fri/bwi_ros2/build/urg_node2
