[0.128s] Invoking command in '/home/4_fri/bwi_ros2/build/segbot_description': CMAKE_PREFIX_PATH=${CMAKE_PREFIX_PATH}:/home/4_fri/bwi_ros2/install/scan_prox_filter:/home/4_fri/bwi_ros2/install/scan_filter:/opt/ros/humble /usr/bin/cmake --build /home/4_fri/bwi_ros2/build/segbot_description -- -j12 -l12
[0.183s] Invoked command in '/home/4_fri/bwi_ros2/build/segbot_description' returned '0': CMAKE_PREFIX_PATH=${CMAKE_PREFIX_PATH}:/home/4_fri/bwi_ros2/install/scan_prox_filter:/home/4_fri/bwi_ros2/install/scan_filter:/opt/ros/humble /usr/bin/cmake --build /home/4_fri/bwi_ros2/build/segbot_description -- -j12 -l12
[0.187s] Invoking command in '/home/4_fri/bwi_ros2/build/segbot_description': CMAKE_PREFIX_PATH=${CMAKE_PREFIX_PATH}:/home/4_fri/bwi_ros2/install/scan_prox_filter:/home/4_fri/bwi_ros2/install/scan_filter:/opt/ros/humble /usr/bin/cmake --install /home/4_fri/bwi_ros2/build/segbot_description
[0.288s] -- Install configuration: ""
[0.289s] -- Up-to-date: /home/4_fri/bwi_ros2/install/segbot_description/share/segbot_description/urdf
[0.289s] -- Up-to-date: /home/4_fri/bwi_ros2/install/segbot_description/share/segbot_description/urdf/v2
[0.289s] -- Up-to-date: /home/4_fri/bwi_ros2/install/segbot_description/share/segbot_description/urdf/v2/segbot_chassis.urdf.xacro
[0.290s] -- Up-to-date: /home/4_fri/bwi_ros2/install/segbot_description/share/segbot_description/urdf/v2/segbot_chassis.urdf.arm.xacro
[0.290s] -- Up-to-date: /home/4_fri/bwi_ros2/install/segbot_description/share/segbot_description/urdf/v2/common.urdf.xacro
[0.290s] -- Up-to-date: /home/4_fri/bwi_ros2/install/segbot_description/share/segbot_description/urdf/segbot_wheel.urdf.xacro
[0.290s] -- Up-to-date: /home/4_fri/bwi_ros2/install/segbot_description/share/segbot_description/urdf/components
[0.290s] -- Up-to-date: /home/4_fri/bwi_ros2/install/segbot_description/share/segbot_description/urdf/components/aluminium_sheet.urdf.xacro
[0.290s] -- Up-to-date: /home/4_fri/bwi_ros2/install/segbot_description/share/segbot_description/urdf/components/standoff.urdf.xacro
[0.290s] -- Up-to-date: /home/4_fri/bwi_ros2/install/segbot_description/share/segbot_description/urdf/components/laptop.urdf.xacro
[0.290s] -- Up-to-date: /home/4_fri/bwi_ros2/install/segbot_description/share/segbot_description/urdf/components/alienware_alpha.urdf.xacro
[0.290s] -- Up-to-date: /home/4_fri/bwi_ros2/install/segbot_description/share/segbot_description/urdf/components/beam_8020.urdf.xacro
[0.290s] -- Up-to-date: /home/4_fri/bwi_ros2/install/segbot_description/share/segbot_description/urdf/components/box_laptop.urdf.xacro
[0.291s] -- Up-to-date: /home/4_fri/bwi_ros2/install/segbot_description/share/segbot_description/urdf/components/battery_box.urdf.xacro
[0.291s] -- Up-to-date: /home/4_fri/bwi_ros2/install/segbot_description/share/segbot_description/urdf/v1
[0.291s] -- Up-to-date: /home/4_fri/bwi_ros2/install/segbot_description/share/segbot_description/urdf/v1/segbot_chassis.urdf.xacro
[0.292s] -- Up-to-date: /home/4_fri/bwi_ros2/install/segbot_description/share/segbot_description/urdf/v1/common.urdf.xacro
[0.292s] -- Up-to-date: /home/4_fri/bwi_ros2/install/segbot_description/share/segbot_description/urdf/mounts
[0.293s] -- Up-to-date: /home/4_fri/bwi_ros2/install/segbot_description/share/segbot_description/urdf/mounts/sensor_mount.urdf.xacro
[0.293s] -- Up-to-date: /home/4_fri/bwi_ros2/install/segbot_description/share/segbot_description/urdf/mounts/hokuyo_mount.urdf.xacro
[0.293s] -- Up-to-date: /home/4_fri/bwi_ros2/install/segbot_description/share/segbot_description/urdf/mounts/sensor_plate_mount.urdf.xacro
[0.293s] -- Up-to-date: /home/4_fri/bwi_ros2/install/segbot_description/share/segbot_description/urdf/mounts/velodyne_mount.urdf.xacro
[0.293s] -- Up-to-date: /home/4_fri/bwi_ros2/install/segbot_description/share/segbot_description/urdf/mounts/kinect_mount.urdf.xacro
[0.293s] -- Up-to-date: /home/4_fri/bwi_ros2/install/segbot_description/share/segbot_description/urdf/sensors
[0.293s] -- Up-to-date: /home/4_fri/bwi_ros2/install/segbot_description/share/segbot_description/urdf/sensors/xtion_camera.gazebo.xacro
[0.294s] -- Up-to-date: /home/4_fri/bwi_ros2/install/segbot_description/share/segbot_description/urdf/sensors/kinect_camera.urdf.xacro
[0.296s] -- Up-to-date: /home/4_fri/bwi_ros2/install/segbot_description/share/segbot_description/urdf/sensors/hokuyo_laser.gazebo.xacro
[0.297s] -- Up-to-date: /home/4_fri/bwi_ros2/install/segbot_description/share/segbot_description/urdf/sensors/VLP-16.urdf.xacro
[0.297s] -- Up-to-date: /home/4_fri/bwi_ros2/install/segbot_description/share/segbot_description/urdf/sensors/hokuyo_laser.urdf.xacro
[0.297s] -- Up-to-date: /home/4_fri/bwi_ros2/install/segbot_description/share/segbot_description/urdf/sensors/xtion_camera.urdf.xacro
[0.297s] -- Up-to-date: /home/4_fri/bwi_ros2/install/segbot_description/share/segbot_description/urdf/sensors/kinect_camera.gazebo.xacro
[0.297s] -- Up-to-date: /home/4_fri/bwi_ros2/install/segbot_description/share/segbot_description/urdf/v3
[0.297s] -- Up-to-date: /home/4_fri/bwi_ros2/install/segbot_description/share/segbot_description/urdf/v3/segbot_chassis.urdf.xacro
[0.298s] -- Up-to-date: /home/4_fri/bwi_ros2/install/segbot_description/share/segbot_description/urdf/v3/common.urdf.xacro
[0.298s] -- Up-to-date: /home/4_fri/bwi_ros2/install/segbot_description/share/segbot_description/urdf/segbot_base.arm.urdf.xacro
[0.298s] -- Up-to-date: /home/4_fri/bwi_ros2/install/segbot_description/share/segbot_description/urdf/segbot_base.urdf.xacro
[0.298s] -- Up-to-date: /home/4_fri/bwi_ros2/install/segbot_description/share/segbot_description/urdf/segway_110_base.urdf.xacro
[0.298s] -- Up-to-date: /home/4_fri/bwi_ros2/install/segbot_description/share/segbot_description/gazebo
[0.298s] -- Up-to-date: /home/4_fri/bwi_ros2/install/segbot_description/share/segbot_description/gazebo/segbot.gazebo.xacro
[0.298s] -- Up-to-date: /home/4_fri/bwi_ros2/install/segbot_description/share/segbot_description/meshes
[0.298s] -- Up-to-date: /home/4_fri/bwi_ros2/install/segbot_description/share/segbot_description/meshes/rmp50-left-wheel.dae
[0.298s] -- Up-to-date: /home/4_fri/bwi_ros2/install/segbot_description/share/segbot_description/meshes/hokuyo.png
[0.298s] -- Up-to-date: /home/4_fri/bwi_ros2/install/segbot_description/share/segbot_description/meshes/rmp50-castor-link.dae
[0.298s] -- Up-to-date: /home/4_fri/bwi_ros2/install/segbot_description/share/segbot_description/meshes/hokuyo.dae
[0.299s] -- Up-to-date: /home/4_fri/bwi_ros2/install/segbot_description/share/segbot_description/meshes/kinect.dae
[0.299s] -- Up-to-date: /home/4_fri/bwi_ros2/install/segbot_description/share/segbot_description/meshes/rmp50-right-wheel.dae
[0.304s] -- Up-to-date: /home/4_fri/bwi_ros2/install/segbot_description/share/segbot_description/meshes/xtion
[0.304s] -- Up-to-date: /home/4_fri/bwi_ros2/install/segbot_description/share/segbot_description/meshes/xtion/xtion_mount_base_link.STL
[0.304s] -- Up-to-date: /home/4_fri/bwi_ros2/install/segbot_description/share/segbot_description/meshes/xtion/xtion_pivot_link.STL
[0.304s] -- Up-to-date: /home/4_fri/bwi_ros2/install/segbot_description/share/segbot_description/meshes/rmp50-base-link.dae
[0.305s] -- Up-to-date: /home/4_fri/bwi_ros2/install/segbot_description/share/segbot_description/meshes/rmp50-castor-wheel.dae
[0.305s] -- Up-to-date: /home/4_fri/bwi_ros2/install/segbot_description/share/segbot_description/robots
[0.305s] -- Up-to-date: /home/4_fri/bwi_ros2/install/segbot_description/share/segbot_description/robots/segbot_v2.arm.urdf.xacro
[0.305s] -- Up-to-date: /home/4_fri/bwi_ros2/install/segbot_description/share/segbot_description/robots/segbot_v1.hokuyo_only.urdf.xacro
[0.305s] -- Up-to-date: /home/4_fri/bwi_ros2/install/segbot_description/share/segbot_description/robots/segbot_v1.no_sensors.urdf.xacro
[0.305s] -- Up-to-date: /home/4_fri/bwi_ros2/install/segbot_description/share/segbot_description/robots/segbot_v1.urdf.xacro
[0.305s] -- Up-to-date: /home/4_fri/bwi_ros2/install/segbot_description/share/segbot_description/robots/segbot_v2.urdf.xacro
[0.305s] -- Up-to-date: /home/4_fri/bwi_ros2/install/segbot_description/share/segbot_description/robots/segbot_v4.urdf.xacro
[0.305s] -- Up-to-date: /home/4_fri/bwi_ros2/install/segbot_description/share/segbot_description/robots/segbot_v3.urdf.xacro
[0.305s] -- Up-to-date: /home/4_fri/bwi_ros2/install/segbot_description/share/segbot_description/urdf
[0.305s] -- Up-to-date: /home/4_fri/bwi_ros2/install/segbot_description/share/segbot_description/urdf/v2
[0.305s] -- Up-to-date: /home/4_fri/bwi_ros2/install/segbot_description/share/segbot_description/urdf/v2/segbot_chassis.urdf.xacro
[0.305s] -- Up-to-date: /home/4_fri/bwi_ros2/install/segbot_description/share/segbot_description/urdf/v2/segbot_chassis.urdf.arm.xacro
[0.306s] -- Up-to-date: /home/4_fri/bwi_ros2/install/segbot_description/share/segbot_description/urdf/v2/common.urdf.xacro
[0.306s] -- Up-to-date: /home/4_fri/bwi_ros2/install/segbot_description/share/segbot_description/urdf/segbot_wheel.urdf.xacro
[0.309s] -- Up-to-date: /home/4_fri/bwi_ros2/install/segbot_description/share/segbot_description/urdf/components
[0.309s] -- Up-to-date: /home/4_fri/bwi_ros2/install/segbot_description/share/segbot_description/urdf/components/aluminium_sheet.urdf.xacro
[0.309s] -- Up-to-date: /home/4_fri/bwi_ros2/install/segbot_description/share/segbot_description/urdf/components/standoff.urdf.xacro
[0.309s] -- Up-to-date: /home/4_fri/bwi_ros2/install/segbot_description/share/segbot_description/urdf/components/laptop.urdf.xacro
[0.309s] -- Up-to-date: /home/4_fri/bwi_ros2/install/segbot_description/share/segbot_description/urdf/components/alienware_alpha.urdf.xacro
[0.310s] -- Up-to-date: /home/4_fri/bwi_ros2/install/segbot_description/share/segbot_description/urdf/components/beam_8020.urdf.xacro
[0.310s] -- Up-to-date: /home/4_fri/bwi_ros2/install/segbot_description/share/segbot_description/urdf/components/box_laptop.urdf.xacro
[0.310s] -- Up-to-date: /home/4_fri/bwi_ros2/install/segbot_description/share/segbot_description/urdf/components/battery_box.urdf.xacro
[0.310s] -- Up-to-date: /home/4_fri/bwi_ros2/install/segbot_description/share/segbot_description/urdf/v1
[0.310s] -- Up-to-date: /home/4_fri/bwi_ros2/install/segbot_description/share/segbot_description/urdf/v1/segbot_chassis.urdf.xacro
[0.310s] -- Up-to-date: /home/4_fri/bwi_ros2/install/segbot_description/share/segbot_description/urdf/v1/common.urdf.xacro
[0.310s] -- Up-to-date: /home/4_fri/bwi_ros2/install/segbot_description/share/segbot_description/urdf/mounts
[0.310s] -- Up-to-date: /home/4_fri/bwi_ros2/install/segbot_description/share/segbot_description/urdf/mounts/sensor_mount.urdf.xacro
[0.311s] -- Up-to-date: /home/4_fri/bwi_ros2/install/segbot_description/share/segbot_description/urdf/mounts/hokuyo_mount.urdf.xacro
[0.311s] -- Up-to-date: /home/4_fri/bwi_ros2/install/segbot_description/share/segbot_description/urdf/mounts/sensor_plate_mount.urdf.xacro
[0.311s] -- Up-to-date: /home/4_fri/bwi_ros2/install/segbot_description/share/segbot_description/urdf/mounts/velodyne_mount.urdf.xacro
[0.311s] -- Up-to-date: /home/4_fri/bwi_ros2/install/segbot_description/share/segbot_description/urdf/mounts/kinect_mount.urdf.xacro
[0.311s] -- Up-to-date: /home/4_fri/bwi_ros2/install/segbot_description/share/segbot_description/urdf/sensors
[0.311s] -- Up-to-date: /home/4_fri/bwi_ros2/install/segbot_description/share/segbot_description/urdf/sensors/xtion_camera.gazebo.xacro
[0.311s] -- Up-to-date: /home/4_fri/bwi_ros2/install/segbot_description/share/segbot_description/urdf/sensors/kinect_camera.urdf.xacro
[0.311s] -- Up-to-date: /home/4_fri/bwi_ros2/install/segbot_description/share/segbot_description/urdf/sensors/hokuyo_laser.gazebo.xacro
[0.311s] -- Up-to-date: /home/4_fri/bwi_ros2/install/segbot_description/share/segbot_description/urdf/sensors/VLP-16.urdf.xacro
[0.311s] -- Up-to-date: /home/4_fri/bwi_ros2/install/segbot_description/share/segbot_description/urdf/sensors/hokuyo_laser.urdf.xacro
[0.311s] -- Up-to-date: /home/4_fri/bwi_ros2/install/segbot_description/share/segbot_description/urdf/sensors/xtion_camera.urdf.xacro
[0.311s] -- Up-to-date: /home/4_fri/bwi_ros2/install/segbot_description/share/segbot_description/urdf/sensors/kinect_camera.gazebo.xacro
[0.311s] -- Up-to-date: /home/4_fri/bwi_ros2/install/segbot_description/share/segbot_description/urdf/v3
[0.312s] -- Up-to-date: /home/4_fri/bwi_ros2/install/segbot_description/share/segbot_description/urdf/v3/segbot_chassis.urdf.xacro
[0.312s] -- Up-to-date: /home/4_fri/bwi_ros2/install/segbot_description/share/segbot_description/urdf/v3/common.urdf.xacro
[0.312s] -- Up-to-date: /home/4_fri/bwi_ros2/install/segbot_description/share/segbot_description/urdf/segbot_base.arm.urdf.xacro
[0.312s] -- Up-to-date: /home/4_fri/bwi_ros2/install/segbot_description/share/segbot_description/urdf/segbot_base.urdf.xacro
[0.312s] -- Up-to-date: /home/4_fri/bwi_ros2/install/segbot_description/share/segbot_description/urdf/segway_110_base.urdf.xacro
[0.312s] -- Up-to-date: /home/4_fri/bwi_ros2/install/segbot_description/share/ament_index/resource_index/package_run_dependencies/segbot_description
[0.312s] -- Up-to-date: /home/4_fri/bwi_ros2/install/segbot_description/share/ament_index/resource_index/parent_prefix_path/segbot_description
[0.312s] -- Up-to-date: /home/4_fri/bwi_ros2/install/segbot_description/share/segbot_description/environment/ament_prefix_path.sh
[0.312s] -- Up-to-date: /home/4_fri/bwi_ros2/install/segbot_description/share/segbot_description/environment/ament_prefix_path.dsv
[0.312s] -- Up-to-date: /home/4_fri/bwi_ros2/install/segbot_description/share/segbot_description/environment/path.sh
[0.312s] -- Up-to-date: /home/4_fri/bwi_ros2/install/segbot_description/share/segbot_description/environment/path.dsv
[0.313s] -- Up-to-date: /home/4_fri/bwi_ros2/install/segbot_description/share/segbot_description/local_setup.bash
[0.313s] -- Up-to-date: /home/4_fri/bwi_ros2/install/segbot_description/share/segbot_description/local_setup.sh
[0.313s] -- Up-to-date: /home/4_fri/bwi_ros2/install/segbot_description/share/segbot_description/local_setup.zsh
[0.313s] -- Up-to-date: /home/4_fri/bwi_ros2/install/segbot_description/share/segbot_description/local_setup.dsv
[0.313s] -- Installing: /home/4_fri/bwi_ros2/install/segbot_description/share/segbot_description/package.dsv
[0.313s] -- Up-to-date: /home/4_fri/bwi_ros2/install/segbot_description/share/ament_index/resource_index/packages/segbot_description
[0.313s] -- Up-to-date: /home/4_fri/bwi_ros2/install/segbot_description/share/segbot_description/cmake/segbot_descriptionConfig.cmake
[0.313s] -- Up-to-date: /home/4_fri/bwi_ros2/install/segbot_description/share/segbot_description/cmake/segbot_descriptionConfig-version.cmake
[0.313s] -- Up-to-date: /home/4_fri/bwi_ros2/install/segbot_description/share/segbot_description/package.xml
[0.328s] Invoked command in '/home/4_fri/bwi_ros2/build/segbot_description' returned '0': CMAKE_PREFIX_PATH=${CMAKE_PREFIX_PATH}:/home/4_fri/bwi_ros2/install/scan_prox_filter:/home/4_fri/bwi_ros2/install/scan_filter:/opt/ros/humble /usr/bin/cmake --install /home/4_fri/bwi_ros2/build/segbot_description
