[0.027s] Invoking command in '/home/4_fri/bwi_ros2/build/apriltag_ros': AMENT_PREFIX_PATH=/home/4_fri/bwi_ros2/install/apriltag_msgs:${AMENT_PREFIX_PATH} CMAKE_PREFIX_PATH=/home/4_fri/bwi_ros2/install/apriltag_msgs:/opt/ros/humble LD_LIBRARY_PATH=/home/4_fri/bwi_ros2/install/apriltag_msgs/lib:${LD_LIBRARY_PATH} PYTHONPATH=/home/4_fri/bwi_ros2/install/apriltag_msgs/local/lib/python3.10/dist-packages:${PYTHONPATH} /usr/bin/cmake --build /home/4_fri/bwi_ros2/build/apriltag_ros -- -j12 -l12
[0.125s] [ 50%] Built target AprilTagNode
[0.128s] [100%] Built target tag_detector
[0.156s] Invoked command in '/home/4_fri/bwi_ros2/build/apriltag_ros' returned '0': AMENT_PREFIX_PATH=/home/4_fri/bwi_ros2/install/apriltag_msgs:${AMENT_PREFIX_PATH} CMAKE_PREFIX_PATH=/home/4_fri/bwi_ros2/install/apriltag_msgs:/opt/ros/humble LD_LIBRARY_PATH=/home/4_fri/bwi_ros2/install/apriltag_msgs/lib:${LD_LIBRARY_PATH} PYTHONPATH=/home/4_fri/bwi_ros2/install/apriltag_msgs/local/lib/python3.10/dist-packages:${PYTHONPATH} /usr/bin/cmake --build /home/4_fri/bwi_ros2/build/apriltag_ros -- -j12 -l12
[0.159s] Invoking command in '/home/4_fri/bwi_ros2/build/apriltag_ros': AMENT_PREFIX_PATH=/home/4_fri/bwi_ros2/install/apriltag_msgs:${AMENT_PREFIX_PATH} CMAKE_PREFIX_PATH=/home/4_fri/bwi_ros2/install/apriltag_msgs:/opt/ros/humble LD_LIBRARY_PATH=/home/4_fri/bwi_ros2/install/apriltag_msgs/lib:${LD_LIBRARY_PATH} PYTHONPATH=/home/4_fri/bwi_ros2/install/apriltag_msgs/local/lib/python3.10/dist-packages:${PYTHONPATH} /usr/bin/cmake --install /home/4_fri/bwi_ros2/build/apriltag_ros
[0.166s] -- Install configuration: ""
[0.166s] -- Up-to-date: /home/4_fri/bwi_ros2/install/apriltag_ros/share/apriltag_ros/environment/library_path.sh
[0.166s] -- Up-to-date: /home/4_fri/bwi_ros2/install/apriltag_ros/share/apriltag_ros/environment/library_path.dsv
[0.170s] -- Up-to-date: /home/4_fri/bwi_ros2/install/apriltag_ros/lib/libAprilTagNode.so
[0.170s] -- Up-to-date: /home/4_fri/bwi_ros2/install/apriltag_ros/bin/tag_detector
[0.170s] -- Up-to-date: /home/4_fri/bwi_ros2/install/apriltag_ros/share/apriltag_ros/cfg
[0.170s] -- Up-to-date: /home/4_fri/bwi_ros2/install/apriltag_ros/share/apriltag_ros/cfg/tags_36h11_all.yaml
[0.171s] -- Up-to-date: /home/4_fri/bwi_ros2/install/apriltag_ros/share/apriltag_ros/cfg/tags_25h9_all.yaml
[0.171s] -- Up-to-date: /home/4_fri/bwi_ros2/install/apriltag_ros/share/apriltag_ros/cfg/tags_36h11_filter.yaml
[0.171s] -- Up-to-date: /home/4_fri/bwi_ros2/install/apriltag_ros/share/apriltag_ros/cfg/tags_16h5_filtered.yaml
[0.171s] -- Up-to-date: /home/4_fri/bwi_ros2/install/apriltag_ros/share/apriltag_ros/cfg/tags_16h5_all.yaml
[0.171s] -- Up-to-date: /home/4_fri/bwi_ros2/install/apriltag_ros/share/apriltag_ros/launch
[0.171s] -- Up-to-date: /home/4_fri/bwi_ros2/install/apriltag_ros/share/apriltag_ros/launch/tag_kinect.launch.py
[0.171s] -- Up-to-date: /home/4_fri/bwi_ros2/install/apriltag_ros/share/apriltag_ros/launch/tag_realsense.launch.py
[0.171s] -- Up-to-date: /home/4_fri/bwi_ros2/install/apriltag_ros/share/apriltag_ros/launch/tag_gazebo.launch.py
[0.171s] -- Up-to-date: /home/4_fri/bwi_ros2/install/apriltag_ros/share/ament_index/resource_index/package_run_dependencies/apriltag_ros
[0.171s] -- Up-to-date: /home/4_fri/bwi_ros2/install/apriltag_ros/share/ament_index/resource_index/parent_prefix_path/apriltag_ros
[0.172s] -- Up-to-date: /home/4_fri/bwi_ros2/install/apriltag_ros/share/apriltag_ros/environment/ament_prefix_path.sh
[0.172s] -- Up-to-date: /home/4_fri/bwi_ros2/install/apriltag_ros/share/apriltag_ros/environment/ament_prefix_path.dsv
[0.172s] -- Up-to-date: /home/4_fri/bwi_ros2/install/apriltag_ros/share/apriltag_ros/environment/path.sh
[0.172s] -- Up-to-date: /home/4_fri/bwi_ros2/install/apriltag_ros/share/apriltag_ros/environment/path.dsv
[0.172s] -- Up-to-date: /home/4_fri/bwi_ros2/install/apriltag_ros/share/apriltag_ros/local_setup.bash
[0.172s] -- Up-to-date: /home/4_fri/bwi_ros2/install/apriltag_ros/share/apriltag_ros/local_setup.sh
[0.175s] -- Up-to-date: /home/4_fri/bwi_ros2/install/apriltag_ros/share/apriltag_ros/local_setup.zsh
[0.175s] -- Up-to-date: /home/4_fri/bwi_ros2/install/apriltag_ros/share/apriltag_ros/local_setup.dsv
[0.176s] -- Installing: /home/4_fri/bwi_ros2/install/apriltag_ros/share/apriltag_ros/package.dsv
[0.176s] -- Up-to-date: /home/4_fri/bwi_ros2/install/apriltag_ros/share/ament_index/resource_index/packages/apriltag_ros
[0.176s] -- Up-to-date: /home/4_fri/bwi_ros2/install/apriltag_ros/share/ament_index/resource_index/rclcpp_components/apriltag_ros
[0.176s] -- Up-to-date: /home/4_fri/bwi_ros2/install/apriltag_ros/share/apriltag_ros/cmake/ament_cmake_export_dependencies-extras.cmake
[0.176s] -- Up-to-date: /home/4_fri/bwi_ros2/install/apriltag_ros/share/apriltag_ros/cmake/apriltag_rosConfig.cmake
[0.176s] -- Up-to-date: /home/4_fri/bwi_ros2/install/apriltag_ros/share/apriltag_ros/cmake/apriltag_rosConfig-version.cmake
[0.176s] -- Up-to-date: /home/4_fri/bwi_ros2/install/apriltag_ros/share/apriltag_ros/package.xml
[0.193s] Invoked command in '/home/4_fri/bwi_ros2/build/apriltag_ros' returned '0': AMENT_PREFIX_PATH=/home/4_fri/bwi_ros2/install/apriltag_msgs:${AMENT_PREFIX_PATH} CMAKE_PREFIX_PATH=/home/4_fri/bwi_ros2/install/apriltag_msgs:/opt/ros/humble LD_LIBRARY_PATH=/home/4_fri/bwi_ros2/install/apriltag_msgs/lib:${LD_LIBRARY_PATH} PYTHONPATH=/home/4_fri/bwi_ros2/install/apriltag_msgs/local/lib/python3.10/dist-packages:${PYTHONPATH} /usr/bin/cmake --install /home/4_fri/bwi_ros2/build/apriltag_ros
