-- Found ament_cmake: 1.3.12 (/opt/ros/humble/share/ament_cmake/cmake)
-- Found apriltag_msgs: 0.0.0 (/home/4_fri/bwi_ros2/install/apriltag_msgs/share/apriltag_msgs/cmake)
-- Found rosidl_generator_c: 3.1.7 (/opt/ros/humble/share/rosidl_generator_c/cmake)
-- Found rosidl_adapter: 3.1.7 (/opt/ros/humble/share/rosidl_adapter/cmake)
-- Found rosidl_generator_cpp: 3.1.7 (/opt/ros/humble/share/rosidl_generator_cpp/cmake)
-- Using all available rosidl_typesupport_c: rosidl_typesupport_fastrtps_c;rosidl_typesupport_introspection_c
-- Using all available rosidl_typesupport_cpp: rosidl_typesupport_fastrtps_cpp;rosidl_typesupport_introspection_cpp
-- Found cv_bridge: 3.2.1 (/opt/ros/humble/share/cv_bridge/cmake)
-- Found nav2_msgs: 1.1.18 (/opt/ros/humble/share/nav2_msgs/cmake)
-- Found rclcpp: 16.0.14 (/opt/ros/humble/share/rclcpp/cmake)
-- Found rmw_implementation_cmake: 6.1.2 (/opt/ros/humble/share/rmw_implementation_cmake/cmake)
-- Found rmw_fastrtps_cpp: 6.2.8 (/opt/ros/humble/share/rmw_fastrtps_cpp/cmake)
-- Using RMW implementation 'rmw_fastrtps_cpp' as default
-- Found spatial_utils: 0.0.0 (/home/4_fri/bwi_ros2/install/spatial_utils/share/spatial_utils/cmake)
-- Found tf2_ros: 0.25.16 (/opt/ros/humble/share/tf2_ros/cmake)
-- Found OpenCV: /usr (found version "4.5.4") 
-- Found ament_lint_auto: 0.12.14 (/opt/ros/humble/share/ament_lint_auto/cmake)
-- Added test 'cppcheck' to perform static code analysis on C / C++ code
-- Configured cppcheck include dirs: /home/4_fri/bwi_ros2/src/fri_autonomous_template/follower_robot/include
-- Configured cppcheck exclude dirs and/or files: 
-- Added test 'lint_cmake' to check CMake code style
-- Added test 'uncrustify' to check C / C++ code style
-- Configured uncrustify additional arguments: 
-- Added test 'xmllint' to check XML markup files
-- Configuring done
-- Generating done
-- Build files have been written to: /home/4_fri/bwi_ros2/build/follower_robot
[ 50%] [32mBuilding CXX object CMakeFiles/follower_robot.dir/src/MoveToTarget.cpp.o[0m
[ 50%] [32mBuilding CXX object CMakeFiles/follower_robot.dir/src/follower_robot.cpp.o[0m
[ 75%] [32mBuilding CXX object CMakeFiles/follower_robot.dir/src/FollowerRobotNode.cpp.o[0m
[01m[K/home/4_fri/bwi_ros2/src/fri_autonomous_template/follower_robot/src/MoveToTarget.cpp:[m[K In member function ‘[01m[Kvoid MoveToTarget::result_callback(const rclcpp_action::ClientGoalHandle<nav2_msgs::action::NavigateToPose>::WrappedResult&)[m[K’:
[01m[K/home/4_fri/bwi_ros2/src/fri_autonomous_template/follower_robot/src/MoveToTarget.cpp:40:94:[m[K [01;35m[Kwarning: [m[Kunused parameter ‘[01m[Kresult[m[K’ [[01;35m[K]8;;https://gcc.gnu.org/onlinedocs/gcc/Warning-Options.html#index-Wunused-parameter-Wunused-parameter]8;;[m[K]
   40 |     [01;35m[Kconst rclcpp_action::ClientGoalHandle<nav2_msgs::action::NavigateToPose>::WrappedResult &result[m[K) {
      |     [01;35m[K~~~~~~~~~~~~~~~~~~~~~~~~~~~~~~~~~~~~~~~~~~~~~~~~~~~~~~~~~~~~~~~~~~~~~~~~~~~~~~~~~~~~~~~~~^~~~~~[m[K
[01m[K/home/4_fri/bwi_ros2/src/fri_autonomous_template/follower_robot/src/FollowerRobotNode.cpp:[m[K In constructor ‘[01m[KFollowerRobotNode::FollowerRobotNode(double, double)[m[K’:
[01m[K/home/4_fri/bwi_ros2/src/fri_autonomous_template/follower_robot/src/FollowerRobotNode.cpp:31:5:[m[K [01;31m[Kerror: [m[K‘[01m[KgoToFixedGoal[m[K’ was not declared in this scope
   31 |     [01;31m[KgoToFixedGoal[m[K(2.0, 3.0, 0.0);
      |     [01;31m[K^~~~~~~~~~~~~[m[K
[01m[K/home/4_fri/bwi_ros2/src/fri_autonomous_template/follower_robot/src/FollowerRobotNode.cpp:[m[K At global scope:
[01m[K/home/4_fri/bwi_ros2/src/fri_autonomous_template/follower_robot/src/FollowerRobotNode.cpp:36:6:[m[K [01;31m[Kerror: [m[Kno declaration matches ‘[01m[Kvoid FollowerRobotNode::goToFixedGoal(double, double, double)[m[K’
   36 | void [01;31m[KFollowerRobotNode[m[K::goToFixedGoal(double x, double y, double yaw)
      |      [01;31m[K^~~~~~~~~~~~~~~~~[m[K
[01m[K/home/4_fri/bwi_ros2/src/fri_autonomous_template/follower_robot/src/FollowerRobotNode.cpp:36:6:[m[K [01;36m[Knote: [m[Kno functions named ‘[01m[Kvoid FollowerRobotNode::goToFixedGoal(double, double, double)[m[K’
In file included from [01m[K/home/4_fri/bwi_ros2/src/fri_autonomous_template/follower_robot/src/FollowerRobotNode.cpp:1[m[K:
[01m[K/home/4_fri/bwi_ros2/src/fri_autonomous_template/follower_robot/include/follower_robot/FollowerRobotNode.h:19:7:[m[K [01;36m[Knote: [m[K‘[01m[Kclass FollowerRobotNode[m[K’ defined here
   19 | class [01;36m[KFollowerRobotNode[m[K : public rclcpp::Node {
      |       [01;36m[K^~~~~~~~~~~~~~~~~[m[K
gmake[2]: *** [CMakeFiles/follower_robot.dir/build.make:76: CMakeFiles/follower_robot.dir/src/FollowerRobotNode.cpp.o] Error 1
gmake[1]: *** [CMakeFiles/Makefile2:137: CMakeFiles/follower_robot.dir/all] Error 2
gmake: *** [Makefile:146: all] Error 2
