[0.034s] Invoking command in '/home/4_fri/bwi_ros2/build/follower_robot': CMAKE_PREFIX_PATH=/home/4_fri/bwi_ros2/install/apriltag_msgs:/home/4_fri/bwi_ros2/install/spatial_transforms:/home/4_fri/bwi_ros2/install/spatial_utils:/home/4_fri/bwi_ros2/install/nav_goals:/home/4_fri/bwi_ros2/install/velodyne:/home/4_fri/bwi_ros2/install/velodyne_pointcloud:/home/4_fri/bwi_ros2/install/velodyne_driver:/home/4_fri/bwi_ros2/install/velodyne_msgs:/home/4_fri/bwi_ros2/install/velodyne_laserscan:/home/4_fri/bwi_ros2/install/urg_node2:/home/4_fri/bwi_ros2/install/segway_rmp_ros2:/home/4_fri/bwi_ros2/install/segbot_description:/home/4_fri/bwi_ros2/install/ros2_laser_scan_merger:/home/4_fri/bwi_ros2/install/nav2_bringup:/home/4_fri/bwi_ros2/install/libsegwayrmp:/home/4_fri/bwi_ros2/install/bwi_launch:/home/4_fri/bwi_ros2/install/azure_kinect_ros_driver:/home/4_fri/bwi_ros2/install/apriltag_ros:/home/4_fri/bwi_ros2/install/scan_prox_filter:/home/4_fri/bwi_ros2/install/scan_filter:/opt/ros/humble LD_LIBRARY_PATH=/home/4_fri/bwi_ros2/install/apriltag_msgs/lib:/home/4_fri/bwi_ros2/install/spatial_utils/lib:/home/4_fri/bwi_ros2/install/velodyne_pointcloud/lib:/home/4_fri/bwi_ros2/install/velodyne_driver/lib:/home/4_fri/bwi_ros2/install/velodyne_msgs/lib:/home/4_fri/bwi_ros2/install/velodyne_laserscan/lib:/home/4_fri/bwi_ros2/install/urg_node2/lib:/home/4_fri/bwi_ros2/install/segway_rmp_ros2/lib:/home/4_fri/bwi_ros2/install/libsegwayrmp/lib:/home/4_fri/bwi_ros2/install/apriltag_ros/lib:/usr/lib/x86_64-linux-gnu/gazebo-11/plugins:/opt/ros/humble/opt/rviz_ogre_vendor/lib:/opt/ros/humble/lib/x86_64-linux-gnu:/opt/ros/humble/lib /usr/bin/cmake /home/4_fri/bwi_ros2/src/fri_autonomous_template/follower_robot -DCMAKE_INSTALL_PREFIX=/home/4_fri/bwi_ros2/install/follower_robot
[0.045s] -- Found ament_cmake: 1.3.12 (/opt/ros/humble/share/ament_cmake/cmake)
[0.273s] -- Found apriltag_msgs: 0.0.0 (/home/4_fri/bwi_ros2/install/apriltag_msgs/share/apriltag_msgs/cmake)
[0.312s] -- Found rosidl_generator_c: 3.1.7 (/opt/ros/humble/share/rosidl_generator_c/cmake)
[0.312s] -- Found rosidl_adapter: 3.1.7 (/opt/ros/humble/share/rosidl_adapter/cmake)
[0.315s] -- Found rosidl_generator_cpp: 3.1.7 (/opt/ros/humble/share/rosidl_generator_cpp/cmake)
[0.324s] -- Using all available rosidl_typesupport_c: rosidl_typesupport_fastrtps_c;rosidl_typesupport_introspection_c
[0.341s] -- Using all available rosidl_typesupport_cpp: rosidl_typesupport_fastrtps_cpp;rosidl_typesupport_introspection_cpp
[0.391s] -- Found cv_bridge: 3.2.1 (/opt/ros/humble/share/cv_bridge/cmake)
[0.415s] -- Found nav2_msgs: 1.1.18 (/opt/ros/humble/share/nav2_msgs/cmake)
[0.472s] -- Found rclcpp: 16.0.14 (/opt/ros/humble/share/rclcpp/cmake)
[0.494s] -- Found rmw_implementation_cmake: 6.1.2 (/opt/ros/humble/share/rmw_implementation_cmake/cmake)
[0.495s] -- Found rmw_fastrtps_cpp: 6.2.8 (/opt/ros/humble/share/rmw_fastrtps_cpp/cmake)
[0.587s] -- Using RMW implementation 'rmw_fastrtps_cpp' as default
[0.623s] -- Found spatial_utils: 0.0.0 (/home/4_fri/bwi_ros2/install/spatial_utils/share/spatial_utils/cmake)
[0.627s] -- Found tf2_ros: 0.25.16 (/opt/ros/humble/share/tf2_ros/cmake)
[0.709s] -- Found OpenCV: /usr (found version "4.5.4") 
[0.717s] -- Found ament_lint_auto: 0.12.14 (/opt/ros/humble/share/ament_lint_auto/cmake)
[0.794s] -- Added test 'cppcheck' to perform static code analysis on C / C++ code
[0.794s] -- Configured cppcheck include dirs: /home/4_fri/bwi_ros2/src/fri_autonomous_template/follower_robot/include
[0.794s] -- Configured cppcheck exclude dirs and/or files: 
[0.795s] -- Added test 'lint_cmake' to check CMake code style
[0.796s] -- Added test 'uncrustify' to check C / C++ code style
[0.796s] -- Configured uncrustify additional arguments: 
[0.797s] -- Added test 'xmllint' to check XML markup files
[0.798s] -- Configuring done
[0.812s] -- Generating done
[0.816s] -- Build files have been written to: /home/4_fri/bwi_ros2/build/follower_robot
[0.824s] Invoked command in '/home/4_fri/bwi_ros2/build/follower_robot' returned '0': CMAKE_PREFIX_PATH=/home/4_fri/bwi_ros2/install/apriltag_msgs:/home/4_fri/bwi_ros2/install/spatial_transforms:/home/4_fri/bwi_ros2/install/spatial_utils:/home/4_fri/bwi_ros2/install/nav_goals:/home/4_fri/bwi_ros2/install/velodyne:/home/4_fri/bwi_ros2/install/velodyne_pointcloud:/home/4_fri/bwi_ros2/install/velodyne_driver:/home/4_fri/bwi_ros2/install/velodyne_msgs:/home/4_fri/bwi_ros2/install/velodyne_laserscan:/home/4_fri/bwi_ros2/install/urg_node2:/home/4_fri/bwi_ros2/install/segway_rmp_ros2:/home/4_fri/bwi_ros2/install/segbot_description:/home/4_fri/bwi_ros2/install/ros2_laser_scan_merger:/home/4_fri/bwi_ros2/install/nav2_bringup:/home/4_fri/bwi_ros2/install/libsegwayrmp:/home/4_fri/bwi_ros2/install/bwi_launch:/home/4_fri/bwi_ros2/install/azure_kinect_ros_driver:/home/4_fri/bwi_ros2/install/apriltag_ros:/home/4_fri/bwi_ros2/install/scan_prox_filter:/home/4_fri/bwi_ros2/install/scan_filter:/opt/ros/humble LD_LIBRARY_PATH=/home/4_fri/bwi_ros2/install/apriltag_msgs/lib:/home/4_fri/bwi_ros2/install/spatial_utils/lib:/home/4_fri/bwi_ros2/install/velodyne_pointcloud/lib:/home/4_fri/bwi_ros2/install/velodyne_driver/lib:/home/4_fri/bwi_ros2/install/velodyne_msgs/lib:/home/4_fri/bwi_ros2/install/velodyne_laserscan/lib:/home/4_fri/bwi_ros2/install/urg_node2/lib:/home/4_fri/bwi_ros2/install/segway_rmp_ros2/lib:/home/4_fri/bwi_ros2/install/libsegwayrmp/lib:/home/4_fri/bwi_ros2/install/apriltag_ros/lib:/usr/lib/x86_64-linux-gnu/gazebo-11/plugins:/opt/ros/humble/opt/rviz_ogre_vendor/lib:/opt/ros/humble/lib/x86_64-linux-gnu:/opt/ros/humble/lib /usr/bin/cmake /home/4_fri/bwi_ros2/src/fri_autonomous_template/follower_robot -DCMAKE_INSTALL_PREFIX=/home/4_fri/bwi_ros2/install/follower_robot
[0.825s] Invoking command in '/home/4_fri/bwi_ros2/build/follower_robot': CMAKE_PREFIX_PATH=/home/4_fri/bwi_ros2/install/apriltag_msgs:/home/4_fri/bwi_ros2/install/spatial_transforms:/home/4_fri/bwi_ros2/install/spatial_utils:/home/4_fri/bwi_ros2/install/nav_goals:/home/4_fri/bwi_ros2/install/velodyne:/home/4_fri/bwi_ros2/install/velodyne_pointcloud:/home/4_fri/bwi_ros2/install/velodyne_driver:/home/4_fri/bwi_ros2/install/velodyne_msgs:/home/4_fri/bwi_ros2/install/velodyne_laserscan:/home/4_fri/bwi_ros2/install/urg_node2:/home/4_fri/bwi_ros2/install/segway_rmp_ros2:/home/4_fri/bwi_ros2/install/segbot_description:/home/4_fri/bwi_ros2/install/ros2_laser_scan_merger:/home/4_fri/bwi_ros2/install/nav2_bringup:/home/4_fri/bwi_ros2/install/libsegwayrmp:/home/4_fri/bwi_ros2/install/bwi_launch:/home/4_fri/bwi_ros2/install/azure_kinect_ros_driver:/home/4_fri/bwi_ros2/install/apriltag_ros:/home/4_fri/bwi_ros2/install/scan_prox_filter:/home/4_fri/bwi_ros2/install/scan_filter:/opt/ros/humble LD_LIBRARY_PATH=/home/4_fri/bwi_ros2/install/apriltag_msgs/lib:/home/4_fri/bwi_ros2/install/spatial_utils/lib:/home/4_fri/bwi_ros2/install/velodyne_pointcloud/lib:/home/4_fri/bwi_ros2/install/velodyne_driver/lib:/home/4_fri/bwi_ros2/install/velodyne_msgs/lib:/home/4_fri/bwi_ros2/install/velodyne_laserscan/lib:/home/4_fri/bwi_ros2/install/urg_node2/lib:/home/4_fri/bwi_ros2/install/segway_rmp_ros2/lib:/home/4_fri/bwi_ros2/install/libsegwayrmp/lib:/home/4_fri/bwi_ros2/install/apriltag_ros/lib:/usr/lib/x86_64-linux-gnu/gazebo-11/plugins:/opt/ros/humble/opt/rviz_ogre_vendor/lib:/opt/ros/humble/lib/x86_64-linux-gnu:/opt/ros/humble/lib /usr/bin/cmake --build /home/4_fri/bwi_ros2/build/follower_robot -- -j12 -l12
[0.868s] [ 50%] [32mBuilding CXX object CMakeFiles/follower_robot.dir/src/MoveToTarget.cpp.o[0m
[0.869s] [ 50%] [32mBuilding CXX object CMakeFiles/follower_robot.dir/src/follower_robot.cpp.o[0m
[0.869s] [ 75%] [32mBuilding CXX object CMakeFiles/follower_robot.dir/src/FollowerRobotNode.cpp.o[0m
[2.804s] [01m[K/home/4_fri/bwi_ros2/src/fri_autonomous_template/follower_robot/src/MoveToTarget.cpp:[m[K In member function ‘[01m[Kvoid MoveToTarget::result_callback(const rclcpp_action::ClientGoalHandle<nav2_msgs::action::NavigateToPose>::WrappedResult&)[m[K’:
[2.804s] [01m[K/home/4_fri/bwi_ros2/src/fri_autonomous_template/follower_robot/src/MoveToTarget.cpp:40:94:[m[K [01;35m[Kwarning: [m[Kunused parameter ‘[01m[Kresult[m[K’ [[01;35m[K]8;;https://gcc.gnu.org/onlinedocs/gcc/Warning-Options.html#index-Wunused-parameter-Wunused-parameter]8;;[m[K]
[2.804s]    40 |     [01;35m[Kconst rclcpp_action::ClientGoalHandle<nav2_msgs::action::NavigateToPose>::WrappedResult &result[m[K) {
[2.804s]       |     [01;35m[K~~~~~~~~~~~~~~~~~~~~~~~~~~~~~~~~~~~~~~~~~~~~~~~~~~~~~~~~~~~~~~~~~~~~~~~~~~~~~~~~~~~~~~~~~^~~~~~[m[K
[3.964s] [01m[K/home/4_fri/bwi_ros2/src/fri_autonomous_template/follower_robot/src/FollowerRobotNode.cpp:[m[K In constructor ‘[01m[KFollowerRobotNode::FollowerRobotNode(double, double)[m[K’:
[3.964s] [01m[K/home/4_fri/bwi_ros2/src/fri_autonomous_template/follower_robot/src/FollowerRobotNode.cpp:31:5:[m[K [01;31m[Kerror: [m[K‘[01m[KgoToFixedGoal[m[K’ was not declared in this scope
[3.964s]    31 |     [01;31m[KgoToFixedGoal[m[K(2.0, 3.0, 0.0);
[3.964s]       |     [01;31m[K^~~~~~~~~~~~~[m[K
[3.965s] [01m[K/home/4_fri/bwi_ros2/src/fri_autonomous_template/follower_robot/src/FollowerRobotNode.cpp:[m[K At global scope:
[3.965s] [01m[K/home/4_fri/bwi_ros2/src/fri_autonomous_template/follower_robot/src/FollowerRobotNode.cpp:36:6:[m[K [01;31m[Kerror: [m[Kno declaration matches ‘[01m[Kvoid FollowerRobotNode::goToFixedGoal(double, double, double)[m[K’
[3.965s]    36 | void [01;31m[KFollowerRobotNode[m[K::goToFixedGoal(double x, double y, double yaw)
[3.965s]       |      [01;31m[K^~~~~~~~~~~~~~~~~[m[K
[3.965s] [01m[K/home/4_fri/bwi_ros2/src/fri_autonomous_template/follower_robot/src/FollowerRobotNode.cpp:36:6:[m[K [01;36m[Knote: [m[Kno functions named ‘[01m[Kvoid FollowerRobotNode::goToFixedGoal(double, double, double)[m[K’
[3.965s] In file included from [01m[K/home/4_fri/bwi_ros2/src/fri_autonomous_template/follower_robot/src/FollowerRobotNode.cpp:1[m[K:
[3.965s] [01m[K/home/4_fri/bwi_ros2/src/fri_autonomous_template/follower_robot/include/follower_robot/FollowerRobotNode.h:19:7:[m[K [01;36m[Knote: [m[K‘[01m[Kclass FollowerRobotNode[m[K’ defined here
[3.965s]    19 | class [01;36m[KFollowerRobotNode[m[K : public rclcpp::Node {
[3.965s]       |       [01;36m[K^~~~~~~~~~~~~~~~~[m[K
[4.665s] gmake[2]: *** [CMakeFiles/follower_robot.dir/build.make:76: CMakeFiles/follower_robot.dir/src/FollowerRobotNode.cpp.o] Error 1
[4.665s] gmake[1]: *** [CMakeFiles/Makefile2:137: CMakeFiles/follower_robot.dir/all] Error 2
[4.665s] gmake: *** [Makefile:146: all] Error 2
[4.668s] Invoked command in '/home/4_fri/bwi_ros2/build/follower_robot' returned '2': CMAKE_PREFIX_PATH=/home/4_fri/bwi_ros2/install/apriltag_msgs:/home/4_fri/bwi_ros2/install/spatial_transforms:/home/4_fri/bwi_ros2/install/spatial_utils:/home/4_fri/bwi_ros2/install/nav_goals:/home/4_fri/bwi_ros2/install/velodyne:/home/4_fri/bwi_ros2/install/velodyne_pointcloud:/home/4_fri/bwi_ros2/install/velodyne_driver:/home/4_fri/bwi_ros2/install/velodyne_msgs:/home/4_fri/bwi_ros2/install/velodyne_laserscan:/home/4_fri/bwi_ros2/install/urg_node2:/home/4_fri/bwi_ros2/install/segway_rmp_ros2:/home/4_fri/bwi_ros2/install/segbot_description:/home/4_fri/bwi_ros2/install/ros2_laser_scan_merger:/home/4_fri/bwi_ros2/install/nav2_bringup:/home/4_fri/bwi_ros2/install/libsegwayrmp:/home/4_fri/bwi_ros2/install/bwi_launch:/home/4_fri/bwi_ros2/install/azure_kinect_ros_driver:/home/4_fri/bwi_ros2/install/apriltag_ros:/home/4_fri/bwi_ros2/install/scan_prox_filter:/home/4_fri/bwi_ros2/install/scan_filter:/opt/ros/humble LD_LIBRARY_PATH=/home/4_fri/bwi_ros2/install/apriltag_msgs/lib:/home/4_fri/bwi_ros2/install/spatial_utils/lib:/home/4_fri/bwi_ros2/install/velodyne_pointcloud/lib:/home/4_fri/bwi_ros2/install/velodyne_driver/lib:/home/4_fri/bwi_ros2/install/velodyne_msgs/lib:/home/4_fri/bwi_ros2/install/velodyne_laserscan/lib:/home/4_fri/bwi_ros2/install/urg_node2/lib:/home/4_fri/bwi_ros2/install/segway_rmp_ros2/lib:/home/4_fri/bwi_ros2/install/libsegwayrmp/lib:/home/4_fri/bwi_ros2/install/apriltag_ros/lib:/usr/lib/x86_64-linux-gnu/gazebo-11/plugins:/opt/ros/humble/opt/rviz_ogre_vendor/lib:/opt/ros/humble/lib/x86_64-linux-gnu:/opt/ros/humble/lib /usr/bin/cmake --build /home/4_fri/bwi_ros2/build/follower_robot -- -j12 -l12
