[0.036s] Invoking command in '/home/4_fri/bwi_ros2/build/ros2_laser_scan_merger': CMAKE_PREFIX_PATH=/opt/ros/humble /usr/bin/cmake /home/4_fri/bwi_ros2/src/lidar/ros2_laser_scan_merger -DCMAKE_INSTALL_PREFIX=/home/4_fri/bwi_ros2/install/ros2_laser_scan_merger
[0.952s] -- The C compiler identification is GNU 11.4.0
[0.952s] -- The CXX compiler identification is GNU 11.4.0
[0.952s] -- Detecting C compiler ABI info
[0.952s] -- Detecting C compiler ABI info - done
[0.952s] -- Check for working C compiler: /usr/bin/cc - skipped
[0.953s] -- Detecting C compile features
[0.953s] -- Detecting C compile features - done
[0.953s] -- Detecting CXX compiler ABI info
[0.953s] -- Detecting CXX compiler ABI info - done
[0.953s] -- Check for working CXX compiler: /usr/bin/c++ - skipped
[0.953s] -- Detecting CXX compile features
[0.953s] -- Detecting CXX compile features - done
[0.953s] -- Found ament_cmake: 1.3.12 (/opt/ros/humble/share/ament_cmake/cmake)
[0.953s] -- Found Python3: /usr/bin/python3 (found version "3.10.12") found components: Interpreter 
[0.953s] -- Found rclcpp: 16.0.14 (/opt/ros/humble/share/rclcpp/cmake)
[0.953s] -- Found rosidl_generator_c: 3.1.7 (/opt/ros/humble/share/rosidl_generator_c/cmake)
[0.956s] -- Found rosidl_adapter: 3.1.7 (/opt/ros/humble/share/rosidl_adapter/cmake)
[0.956s] -- Found rosidl_generator_cpp: 3.1.7 (/opt/ros/humble/share/rosidl_generator_cpp/cmake)
[0.956s] -- Using all available rosidl_typesupport_c: rosidl_typesupport_fastrtps_c;rosidl_typesupport_introspection_c
[0.957s] -- Using all available rosidl_typesupport_cpp: rosidl_typesupport_fastrtps_cpp;rosidl_typesupport_introspection_cpp
[0.957s] -- Found rmw_implementation_cmake: 6.1.2 (/opt/ros/humble/share/rmw_implementation_cmake/cmake)
[0.963s] -- Found rmw_fastrtps_cpp: 6.2.8 (/opt/ros/humble/share/rmw_fastrtps_cpp/cmake)
[1.133s] -- Found OpenSSL: /usr/lib/x86_64-linux-gnu/libcrypto.so (found version "3.0.2")  
[1.173s] -- Found FastRTPS: /opt/ros/humble/include  
[1.251s] -- Using RMW implementation 'rmw_fastrtps_cpp' as default
[1.272s] -- Looking for pthread.h
[1.438s] -- Looking for pthread.h - found
[1.439s] -- Performing Test CMAKE_HAVE_LIBC_PTHREAD
[1.601s] -- Performing Test CMAKE_HAVE_LIBC_PTHREAD - Success
[1.602s] -- Found Threads: TRUE  
[1.734s] -- Found sensor_msgs: 4.9.0 (/opt/ros/humble/share/sensor_msgs/cmake)
[1.844s] -- Found pcl_conversions: 2.4.5 (/opt/ros/humble/share/pcl_conversions/cmake)
[1.965s] -- Checking for module 'eigen3'
[2.006s] --   Found eigen3, version 3.4.0
[2.067s] -- Found Eigen: /usr/include/eigen3 (Required is at least version "3.1") 
[2.067s] -- Eigen found (include: /usr/include/eigen3, version: 3.4.0)
[2.197s] -- Checking for module 'flann'
[2.198s] --   Found flann, version 1.9.1
[2.268s] -- Found FLANN: /usr/lib/x86_64-linux-gnu/libflann_cpp.so  
[2.269s] -- FLANN found (include: /usr/include, lib: /usr/lib/x86_64-linux-gnu/libflann_cpp.so)
[5.040s] -- Checking for module 'libusb-1.0'
[5.075s] --   Found libusb-1.0, version 1.0.25
[5.192s] -- Found libusb: /usr/lib/x86_64-linux-gnu/libusb-1.0.so  
[5.195s] -- OpenNI found (version: 1.5.4.0, include: /usr/include/ni, lib: /usr/lib/libOpenNI.so;libusb::libusb)
[5.407s] -- OpenNI2 found (version: 2.2.0.33, include: /usr/include/openni2, lib: /usr/lib/x86_64-linux-gnu/libOpenNI2.so;libusb::libusb)
[5.897s] -- Eigen found (include: /usr/include/eigen3, version: 3.4.0)
[5.912s] -- OpenNI found (version: 1.5.4.0, include: /usr/include/ni, lib: /usr/lib/libOpenNI.so;libusb::libusb)
[5.925s] -- OpenNI2 found (version: 2.2.0.33, include: /usr/include/openni2, lib: /usr/lib/x86_64-linux-gnu/libOpenNI2.so;libusb::libusb)
[6.610s] -- Found Qhull version 8.0.2
[6.958s] -- OpenNI found (version: 1.5.4.0, include: /usr/include/ni, lib: /usr/lib/libOpenNI.so;libusb::libusb)
[7.347s] -- Found PCL_COMMON: /usr/lib/x86_64-linux-gnu/libpcl_common.so  
[7.350s] -- Found PCL_KDTREE: /usr/lib/x86_64-linux-gnu/libpcl_kdtree.so  
[7.359s] -- Found PCL_OCTREE: /usr/lib/x86_64-linux-gnu/libpcl_octree.so  
[7.366s] -- Found PCL_SEARCH: /usr/lib/x86_64-linux-gnu/libpcl_search.so  
[7.371s] -- Found PCL_SAMPLE_CONSENSUS: /usr/lib/x86_64-linux-gnu/libpcl_sample_consensus.so  
[7.381s] -- Found PCL_FILTERS: /usr/lib/x86_64-linux-gnu/libpcl_filters.so  
[7.387s] -- Found PCL_2D: /usr/include/pcl-1.12  
[7.387s] -- Found PCL_GEOMETRY: /usr/include/pcl-1.12  
[7.395s] -- Found PCL_IO: /usr/lib/x86_64-linux-gnu/libpcl_io.so  
[7.401s] -- Found PCL_FEATURES: /usr/lib/x86_64-linux-gnu/libpcl_features.so  
[7.403s] -- Found PCL_ML: /usr/lib/x86_64-linux-gnu/libpcl_ml.so  
[7.408s] -- Found PCL_SEGMENTATION: /usr/lib/x86_64-linux-gnu/libpcl_segmentation.so  
[7.408s] -- Found PCL_VISUALIZATION: /usr/lib/x86_64-linux-gnu/libpcl_visualization.so  
[7.411s] -- Found PCL_SURFACE: /usr/lib/x86_64-linux-gnu/libpcl_surface.so  
[7.414s] -- Found PCL_REGISTRATION: /usr/lib/x86_64-linux-gnu/libpcl_registration.so  
[7.425s] -- Found PCL_KEYPOINTS: /usr/lib/x86_64-linux-gnu/libpcl_keypoints.so  
[7.434s] -- Found PCL_TRACKING: /usr/lib/x86_64-linux-gnu/libpcl_tracking.so  
[7.435s] -- Found PCL_RECOGNITION: /usr/lib/x86_64-linux-gnu/libpcl_recognition.so  
[7.439s] -- Found PCL_STEREO: /usr/lib/x86_64-linux-gnu/libpcl_stereo.so  
[7.446s] -- Found PCL_APPS: /usr/lib/x86_64-linux-gnu/libpcl_apps.so  
[7.446s] -- Found PCL_IN_HAND_SCANNER: /usr/include/pcl-1.12  
[7.446s] -- Found PCL_MODELER: /usr/include/pcl-1.12  
[7.446s] -- Found PCL_POINT_CLOUD_EDITOR: /usr/include/pcl-1.12  
[7.448s] -- Found PCL_OUTOFCORE: /usr/lib/x86_64-linux-gnu/libpcl_outofcore.so  
[7.459s] -- Found PCL_PEOPLE: /usr/lib/x86_64-linux-gnu/libpcl_people.so  
[7.468s] -- Found tf2_geometry_msgs: 0.25.16 (/opt/ros/humble/share/tf2_geometry_msgs/cmake)
[7.524s] -- Found eigen3_cmake_module: 0.1.1 (/opt/ros/humble/share/eigen3_cmake_module/cmake)
[7.529s] -- Found Eigen3: TRUE (found version "3.4.0") 
[7.532s] -- Ensuring Eigen3 include directory is part of orocos-kdl CMake target
[7.770s] -- Found Boost: /usr/lib/x86_64-linux-gnu/cmake/Boost-1.74.0/BoostConfig.cmake (found version "1.74.0") found components: system 
[7.772s] [33mCMake Warning (dev) at CMakeLists.txt:31 (find_package):
[7.773s]   Policy CMP0074 is not set: find_package uses <PackageName>_ROOT variables.
[7.773s]   Run "cmake --help-policy CMP0074" for policy details.  Use the cmake_policy
[7.773s]   command to set the policy and suppress this warning.
[7.773s] 
[7.773s]   CMake variable PCL_ROOT is set to:
[7.773s] 
[7.773s]     /usr
[7.773s] 
[7.773s]   For compatibility, CMake is ignoring the variable.
[7.773s] This warning is for project developers.  Use -Wno-dev to suppress it.
[7.773s] [0m
[7.792s] -- Found pcl_ros: 2.4.5 (/opt/ros/humble/share/pcl_ros/cmake)
[7.861s] -- Found ament_lint_auto: 0.12.14 (/opt/ros/humble/share/ament_lint_auto/cmake)
[8.054s] -- Added test 'copyright' to check source files copyright and LICENSE
[8.056s] -- Added test 'cppcheck' to perform static code analysis on C / C++ code
[8.057s] -- Configured cppcheck include dirs: /home/4_fri/bwi_ros2/src/lidar/ros2_laser_scan_merger/include
[8.058s] -- Configured cppcheck exclude dirs and/or files: 
[8.059s] -- Added test 'cpplint' to check C / C++ code against the Google style
[8.059s] -- Configured cpplint exclude dirs and/or files: 
[8.061s] -- Added test 'flake8' to check Python code syntax and style conventions
[8.062s] -- Added test 'lint_cmake' to check CMake code style
[8.063s] -- Added test 'pep257' to check Python code against some of the docstring style conventions in PEP 257
[8.065s] -- Added test 'uncrustify' to check C / C++ code style
[8.065s] -- Configured uncrustify additional arguments: 
[8.067s] -- Added test 'xmllint' to check XML markup files
[8.068s] -- Configuring done
[8.156s] -- Generating done
[8.193s] -- Build files have been written to: /home/4_fri/bwi_ros2/build/ros2_laser_scan_merger
[8.255s] Invoked command in '/home/4_fri/bwi_ros2/build/ros2_laser_scan_merger' returned '0': CMAKE_PREFIX_PATH=/opt/ros/humble /usr/bin/cmake /home/4_fri/bwi_ros2/src/lidar/ros2_laser_scan_merger -DCMAKE_INSTALL_PREFIX=/home/4_fri/bwi_ros2/install/ros2_laser_scan_merger
[8.257s] Invoking command in '/home/4_fri/bwi_ros2/build/ros2_laser_scan_merger': CMAKE_PREFIX_PATH=/opt/ros/humble /usr/bin/cmake --build /home/4_fri/bwi_ros2/build/ros2_laser_scan_merger -- -j12 -l12
[8.346s] [ 50%] [32mBuilding CXX object CMakeFiles/ros2_laser_scan_merger.dir/src/main.cpp.o[0m
[22.207s] [01m[K/home/4_fri/bwi_ros2/src/lidar/ros2_laser_scan_merger/src/main.cpp:[m[K In member function ‘[01m[Kvoid scanMerger::update_point_cloud_rgb()[m[K’:
[22.208s] [01m[K/home/4_fri/bwi_ros2/src/lidar/ros2_laser_scan_merger/src/main.cpp:105:57:[m[K [01;35m[Kwarning: [m[Kcomparison of integer expressions of different signedness: ‘[01m[Kint[m[K’ and ‘[01m[Kstd::vector<float>::size_type[m[K’ {aka ‘[01m[Klong unsigned int[m[K’} [[01;35m[K]8;;https://gcc.gnu.org/onlinedocs/gcc/Warning-Options.html#index-Wsign-compare-Wsign-compare]8;;[m[K]
[22.208s]   105 |       for (float i = temp_min_; i <= temp_max_ && [01;35m[Kcount < laser1_->ranges.size()[m[K; i += laser1_->angle_increment)
[22.208s]       |                                                   [01;35m[K~~~~~~^~~~~~~~~~~~~~~~~~~~~~~~[m[K
[22.210s] [01m[K/home/4_fri/bwi_ros2/src/lidar/ros2_laser_scan_merger/src/main.cpp:205:57:[m[K [01;35m[Kwarning: [m[Kcomparison of integer expressions of different signedness: ‘[01m[Kint[m[K’ and ‘[01m[Kstd::vector<float>::size_type[m[K’ {aka ‘[01m[Klong unsigned int[m[K’} [[01;35m[K]8;;https://gcc.gnu.org/onlinedocs/gcc/Warning-Options.html#index-Wsign-compare-Wsign-compare]8;;[m[K]
[22.210s]   205 |       for (float i = temp_min_; i <= temp_max_ && [01;35m[Kcount < laser2_->ranges.size()[m[K; i += laser2_->angle_increment)
[22.210s]       |                                                   [01;35m[K~~~~~~^~~~~~~~~~~~~~~~~~~~~~~~[m[K
[33.539s] [100%] [32m[1mLinking CXX executable ros2_laser_scan_merger[0m
[34.642s] [100%] Built target ros2_laser_scan_merger
