[0.037s] Invoking command in '/home/4_fri/bwi_ros2/build/apriltag_msgs': CMAKE_PREFIX_PATH=/opt/ros/humble /usr/bin/cmake --build /home/4_fri/bwi_ros2/build/apriltag_msgs -- -j12 -l12
[0.615s] [  2%] Built target apriltag_msgs__cpp
[0.615s] [ 12%] Built target apriltag_msgs__rosidl_generator_c
[0.615s] [ 12%] Built target ament_cmake_python_copy_apriltag_msgs
[0.615s] [ 23%] Built target apriltag_msgs__rosidl_typesupport_cpp
[0.616s] [ 33%] Built target apriltag_msgs__rosidl_typesupport_fastrtps_cpp
[0.616s] [ 43%] Built target apriltag_msgs__rosidl_typesupport_introspection_cpp
[0.616s] [ 53%] Built target apriltag_msgs__rosidl_typesupport_c
[0.616s] [ 64%] Built target apriltag_msgs__rosidl_typesupport_introspection_c
[0.616s] [ 74%] Built target apriltag_msgs__rosidl_typesupport_fastrtps_c
[0.617s] [ 74%] Built target apriltag_msgs
[0.617s] [ 76%] Built target apriltag_msgs__py
[0.617s] [ 84%] Built target apriltag_msgs__rosidl_generator_py
[0.617s] [ 89%] Built target apriltag_msgs__rosidl_typesupport_fastrtps_c__pyext
[0.617s] [ 94%] Built target apriltag_msgs__rosidl_typesupport_c__pyext
[0.617s] [100%] Built target apriltag_msgs__rosidl_typesupport_introspection_c__pyext
[0.617s] running egg_info
[0.617s] writing apriltag_msgs.egg-info/PKG-INFO
[0.617s] writing dependency_links to apriltag_msgs.egg-info/dependency_links.txt
[0.617s] writing top-level names to apriltag_msgs.egg-info/top_level.txt
[0.617s] reading manifest file 'apriltag_msgs.egg-info/SOURCES.txt'
[0.618s] writing manifest file 'apriltag_msgs.egg-info/SOURCES.txt'
[0.618s] [100%] Built target ament_cmake_python_build_apriltag_msgs_egg
[0.642s] Invoked command in '/home/4_fri/bwi_ros2/build/apriltag_msgs' returned '0': CMAKE_PREFIX_PATH=/opt/ros/humble /usr/bin/cmake --build /home/4_fri/bwi_ros2/build/apriltag_msgs -- -j12 -l12
[0.643s] Invoking command in '/home/4_fri/bwi_ros2/build/apriltag_msgs': CMAKE_PREFIX_PATH=/opt/ros/humble /usr/bin/cmake --install /home/4_fri/bwi_ros2/build/apriltag_msgs
[0.671s] -- Install configuration: ""
[0.673s] -- Up-to-date: /home/4_fri/bwi_ros2/install/apriltag_msgs/share/ament_index/resource_index/rosidl_interfaces/apriltag_msgs
[0.673s] -- Up-to-date: /home/4_fri/bwi_ros2/install/apriltag_msgs/include/apriltag_msgs/apriltag_msgs
[0.673s] -- Up-to-date: /home/4_fri/bwi_ros2/install/apriltag_msgs/include/apriltag_msgs/apriltag_msgs/msg
[0.673s] -- Up-to-date: /home/4_fri/bwi_ros2/install/apriltag_msgs/include/apriltag_msgs/apriltag_msgs/msg/april_tag_detection_array.h
[0.674s] -- Up-to-date: /home/4_fri/bwi_ros2/install/apriltag_msgs/include/apriltag_msgs/apriltag_msgs/msg/april_tag_detection.h
[0.674s] -- Up-to-date: /home/4_fri/bwi_ros2/install/apriltag_msgs/include/apriltag_msgs/apriltag_msgs/msg/detail
[0.674s] -- Up-to-date: /home/4_fri/bwi_ros2/install/apriltag_msgs/include/apriltag_msgs/apriltag_msgs/msg/detail/april_tag_detection__struct.h
[0.674s] -- Up-to-date: /home/4_fri/bwi_ros2/install/apriltag_msgs/include/apriltag_msgs/apriltag_msgs/msg/detail/april_tag_detection_array__type_support.h
[0.674s] -- Up-to-date: /home/4_fri/bwi_ros2/install/apriltag_msgs/include/apriltag_msgs/apriltag_msgs/msg/detail/april_tag_detection_array__struct.h
[0.674s] -- Up-to-date: /home/4_fri/bwi_ros2/install/apriltag_msgs/include/apriltag_msgs/apriltag_msgs/msg/detail/april_tag_detection_array__functions.h
[0.674s] -- Up-to-date: /home/4_fri/bwi_ros2/install/apriltag_msgs/include/apriltag_msgs/apriltag_msgs/msg/detail/april_tag_detection__type_support.h
[0.674s] -- Up-to-date: /home/4_fri/bwi_ros2/install/apriltag_msgs/include/apriltag_msgs/apriltag_msgs/msg/detail/april_tag_detection__functions.c
[0.674s] -- Up-to-date: /home/4_fri/bwi_ros2/install/apriltag_msgs/include/apriltag_msgs/apriltag_msgs/msg/detail/april_tag_detection_array__functions.c
[0.675s] -- Up-to-date: /home/4_fri/bwi_ros2/install/apriltag_msgs/include/apriltag_msgs/apriltag_msgs/msg/detail/april_tag_detection__functions.h
[0.675s] -- Up-to-date: /home/4_fri/bwi_ros2/install/apriltag_msgs/include/apriltag_msgs/apriltag_msgs/msg/rosidl_generator_c__visibility_control.h
[0.675s] -- Up-to-date: /home/4_fri/bwi_ros2/install/apriltag_msgs/share/apriltag_msgs/environment/library_path.sh
[0.675s] -- Up-to-date: /home/4_fri/bwi_ros2/install/apriltag_msgs/share/apriltag_msgs/environment/library_path.dsv
[0.675s] -- Up-to-date: /home/4_fri/bwi_ros2/install/apriltag_msgs/lib/libapriltag_msgs__rosidl_generator_c.so
[0.675s] -- Up-to-date: /home/4_fri/bwi_ros2/install/apriltag_msgs/include/apriltag_msgs/apriltag_msgs
[0.675s] -- Up-to-date: /home/4_fri/bwi_ros2/install/apriltag_msgs/include/apriltag_msgs/apriltag_msgs/msg
[0.675s] -- Up-to-date: /home/4_fri/bwi_ros2/install/apriltag_msgs/include/apriltag_msgs/apriltag_msgs/msg/detail
[0.675s] -- Up-to-date: /home/4_fri/bwi_ros2/install/apriltag_msgs/include/apriltag_msgs/apriltag_msgs/msg/detail/april_tag_detection_array__rosidl_typesupport_fastrtps_c.h
[0.675s] -- Up-to-date: /home/4_fri/bwi_ros2/install/apriltag_msgs/include/apriltag_msgs/apriltag_msgs/msg/detail/april_tag_detection__rosidl_typesupport_fastrtps_c.h
[0.675s] -- Up-to-date: /home/4_fri/bwi_ros2/install/apriltag_msgs/include/apriltag_msgs/apriltag_msgs/msg/rosidl_typesupport_fastrtps_c__visibility_control.h
[0.675s] -- Up-to-date: /home/4_fri/bwi_ros2/install/apriltag_msgs/lib/libapriltag_msgs__rosidl_typesupport_fastrtps_c.so
[0.675s] -- Up-to-date: /home/4_fri/bwi_ros2/install/apriltag_msgs/include/apriltag_msgs/apriltag_msgs
[0.676s] -- Up-to-date: /home/4_fri/bwi_ros2/install/apriltag_msgs/include/apriltag_msgs/apriltag_msgs/msg
[0.676s] -- Up-to-date: /home/4_fri/bwi_ros2/install/apriltag_msgs/include/apriltag_msgs/apriltag_msgs/msg/rosidl_generator_cpp__visibility_control.hpp
[0.676s] -- Up-to-date: /home/4_fri/bwi_ros2/install/apriltag_msgs/include/apriltag_msgs/apriltag_msgs/msg/april_tag_detection_array.hpp
[0.676s] -- Up-to-date: /home/4_fri/bwi_ros2/install/apriltag_msgs/include/apriltag_msgs/apriltag_msgs/msg/april_tag_detection.hpp
[0.676s] -- Up-to-date: /home/4_fri/bwi_ros2/install/apriltag_msgs/include/apriltag_msgs/apriltag_msgs/msg/detail
[0.676s] -- Up-to-date: /home/4_fri/bwi_ros2/install/apriltag_msgs/include/apriltag_msgs/apriltag_msgs/msg/detail/april_tag_detection_array__builder.hpp
[0.676s] -- Up-to-date: /home/4_fri/bwi_ros2/install/apriltag_msgs/include/apriltag_msgs/apriltag_msgs/msg/detail/april_tag_detection__traits.hpp
[0.676s] -- Up-to-date: /home/4_fri/bwi_ros2/install/apriltag_msgs/include/apriltag_msgs/apriltag_msgs/msg/detail/april_tag_detection__struct.hpp
[0.676s] -- Up-to-date: /home/4_fri/bwi_ros2/install/apriltag_msgs/include/apriltag_msgs/apriltag_msgs/msg/detail/april_tag_detection_array__type_support.hpp
[0.676s] -- Up-to-date: /home/4_fri/bwi_ros2/install/apriltag_msgs/include/apriltag_msgs/apriltag_msgs/msg/detail/april_tag_detection_array__struct.hpp
[0.676s] -- Up-to-date: /home/4_fri/bwi_ros2/install/apriltag_msgs/include/apriltag_msgs/apriltag_msgs/msg/detail/april_tag_detection__builder.hpp
[0.676s] -- Up-to-date: /home/4_fri/bwi_ros2/install/apriltag_msgs/include/apriltag_msgs/apriltag_msgs/msg/detail/april_tag_detection__type_support.hpp
[0.676s] -- Up-to-date: /home/4_fri/bwi_ros2/install/apriltag_msgs/include/apriltag_msgs/apriltag_msgs/msg/detail/april_tag_detection_array__traits.hpp
[0.676s] -- Up-to-date: /home/4_fri/bwi_ros2/install/apriltag_msgs/include/apriltag_msgs/apriltag_msgs
[0.676s] -- Up-to-date: /home/4_fri/bwi_ros2/install/apriltag_msgs/include/apriltag_msgs/apriltag_msgs/msg
[0.677s] -- Up-to-date: /home/4_fri/bwi_ros2/install/apriltag_msgs/include/apriltag_msgs/apriltag_msgs/msg/detail
[0.677s] -- Up-to-date: /home/4_fri/bwi_ros2/install/apriltag_msgs/include/apriltag_msgs/apriltag_msgs/msg/detail/april_tag_detection_array__rosidl_typesupport_fastrtps_cpp.hpp
[0.677s] -- Up-to-date: /home/4_fri/bwi_ros2/install/apriltag_msgs/include/apriltag_msgs/apriltag_msgs/msg/detail/april_tag_detection__rosidl_typesupport_fastrtps_cpp.hpp
[0.677s] -- Up-to-date: /home/4_fri/bwi_ros2/install/apriltag_msgs/include/apriltag_msgs/apriltag_msgs/msg/detail/dds_fastrtps
[0.677s] -- Up-to-date: /home/4_fri/bwi_ros2/install/apriltag_msgs/include/apriltag_msgs/apriltag_msgs/msg/rosidl_typesupport_fastrtps_cpp__visibility_control.h
[0.677s] -- Up-to-date: /home/4_fri/bwi_ros2/install/apriltag_msgs/lib/libapriltag_msgs__rosidl_typesupport_fastrtps_cpp.so
[0.677s] -- Up-to-date: /home/4_fri/bwi_ros2/install/apriltag_msgs/include/apriltag_msgs/apriltag_msgs
[0.677s] -- Up-to-date: /home/4_fri/bwi_ros2/install/apriltag_msgs/include/apriltag_msgs/apriltag_msgs/msg
[0.677s] -- Up-to-date: /home/4_fri/bwi_ros2/install/apriltag_msgs/include/apriltag_msgs/apriltag_msgs/msg/rosidl_typesupport_introspection_c__visibility_control.h
[0.677s] -- Up-to-date: /home/4_fri/bwi_ros2/install/apriltag_msgs/include/apriltag_msgs/apriltag_msgs/msg/detail
[0.677s] -- Up-to-date: /home/4_fri/bwi_ros2/install/apriltag_msgs/include/apriltag_msgs/apriltag_msgs/msg/detail/april_tag_detection__rosidl_typesupport_introspection_c.h
[0.677s] -- Up-to-date: /home/4_fri/bwi_ros2/install/apriltag_msgs/include/apriltag_msgs/apriltag_msgs/msg/detail/april_tag_detection__type_support.c
[0.677s] -- Up-to-date: /home/4_fri/bwi_ros2/install/apriltag_msgs/include/apriltag_msgs/apriltag_msgs/msg/detail/april_tag_detection_array__type_support.c
[0.677s] -- Up-to-date: /home/4_fri/bwi_ros2/install/apriltag_msgs/include/apriltag_msgs/apriltag_msgs/msg/detail/april_tag_detection_array__rosidl_typesupport_introspection_c.h
[0.678s] -- Up-to-date: /home/4_fri/bwi_ros2/install/apriltag_msgs/lib/libapriltag_msgs__rosidl_typesupport_introspection_c.so
[0.678s] -- Up-to-date: /home/4_fri/bwi_ros2/install/apriltag_msgs/lib/libapriltag_msgs__rosidl_typesupport_c.so
[0.678s] -- Up-to-date: /home/4_fri/bwi_ros2/install/apriltag_msgs/include/apriltag_msgs/apriltag_msgs
[0.678s] -- Up-to-date: /home/4_fri/bwi_ros2/install/apriltag_msgs/include/apriltag_msgs/apriltag_msgs/msg
[0.678s] -- Up-to-date: /home/4_fri/bwi_ros2/install/apriltag_msgs/include/apriltag_msgs/apriltag_msgs/msg/detail
[0.678s] -- Up-to-date: /home/4_fri/bwi_ros2/install/apriltag_msgs/include/apriltag_msgs/apriltag_msgs/msg/detail/april_tag_detection_array__type_support.cpp
[0.678s] -- Up-to-date: /home/4_fri/bwi_ros2/install/apriltag_msgs/include/apriltag_msgs/apriltag_msgs/msg/detail/april_tag_detection__type_support.cpp
[0.678s] -- Up-to-date: /home/4_fri/bwi_ros2/install/apriltag_msgs/include/apriltag_msgs/apriltag_msgs/msg/detail/april_tag_detection__rosidl_typesupport_introspection_cpp.hpp
[0.678s] -- Up-to-date: /home/4_fri/bwi_ros2/install/apriltag_msgs/include/apriltag_msgs/apriltag_msgs/msg/detail/april_tag_detection_array__rosidl_typesupport_introspection_cpp.hpp
[0.678s] -- Up-to-date: /home/4_fri/bwi_ros2/install/apriltag_msgs/lib/libapriltag_msgs__rosidl_typesupport_introspection_cpp.so
[0.678s] -- Up-to-date: /home/4_fri/bwi_ros2/install/apriltag_msgs/lib/libapriltag_msgs__rosidl_typesupport_cpp.so
[0.678s] -- Up-to-date: /home/4_fri/bwi_ros2/install/apriltag_msgs/share/apriltag_msgs/environment/pythonpath.sh
[0.678s] -- Up-to-date: /home/4_fri/bwi_ros2/install/apriltag_msgs/share/apriltag_msgs/environment/pythonpath.dsv
[0.678s] -- Up-to-date: /home/4_fri/bwi_ros2/install/apriltag_msgs/local/lib/python3.10/dist-packages/apriltag_msgs-0.0.0-py3.10.egg-info
[0.678s] -- Installing: /home/4_fri/bwi_ros2/install/apriltag_msgs/local/lib/python3.10/dist-packages/apriltag_msgs-0.0.0-py3.10.egg-info/SOURCES.txt
[0.678s] -- Installing: /home/4_fri/bwi_ros2/install/apriltag_msgs/local/lib/python3.10/dist-packages/apriltag_msgs-0.0.0-py3.10.egg-info/top_level.txt
[0.679s] -- Installing: /home/4_fri/bwi_ros2/install/apriltag_msgs/local/lib/python3.10/dist-packages/apriltag_msgs-0.0.0-py3.10.egg-info/PKG-INFO
[0.679s] -- Installing: /home/4_fri/bwi_ros2/install/apriltag_msgs/local/lib/python3.10/dist-packages/apriltag_msgs-0.0.0-py3.10.egg-info/dependency_links.txt
[0.680s] -- Up-to-date: /home/4_fri/bwi_ros2/install/apriltag_msgs/local/lib/python3.10/dist-packages/apriltag_msgs
[0.680s] -- Up-to-date: /home/4_fri/bwi_ros2/install/apriltag_msgs/local/lib/python3.10/dist-packages/apriltag_msgs/msg
[0.680s] -- Up-to-date: /home/4_fri/bwi_ros2/install/apriltag_msgs/local/lib/python3.10/dist-packages/apriltag_msgs/msg/_april_tag_detection.py
[0.680s] -- Up-to-date: /home/4_fri/bwi_ros2/install/apriltag_msgs/local/lib/python3.10/dist-packages/apriltag_msgs/msg/_april_tag_detection_s.c
[0.680s] -- Up-to-date: /home/4_fri/bwi_ros2/install/apriltag_msgs/local/lib/python3.10/dist-packages/apriltag_msgs/msg/__init__.py
[0.680s] -- Up-to-date: /home/4_fri/bwi_ros2/install/apriltag_msgs/local/lib/python3.10/dist-packages/apriltag_msgs/msg/_april_tag_detection_array.py
[0.680s] -- Up-to-date: /home/4_fri/bwi_ros2/install/apriltag_msgs/local/lib/python3.10/dist-packages/apriltag_msgs/msg/_april_tag_detection_array_s.c
[0.680s] -- Up-to-date: /home/4_fri/bwi_ros2/install/apriltag_msgs/local/lib/python3.10/dist-packages/apriltag_msgs/_apriltag_msgs_s.ep.rosidl_typesupport_c.c
[0.680s] -- Up-to-date: /home/4_fri/bwi_ros2/install/apriltag_msgs/local/lib/python3.10/dist-packages/apriltag_msgs/apriltag_msgs_s__rosidl_typesupport_introspection_c.cpython-310-x86_64-linux-gnu.so
[0.680s] -- Up-to-date: /home/4_fri/bwi_ros2/install/apriltag_msgs/local/lib/python3.10/dist-packages/apriltag_msgs/__init__.py
[0.680s] -- Up-to-date: /home/4_fri/bwi_ros2/install/apriltag_msgs/local/lib/python3.10/dist-packages/apriltag_msgs/_apriltag_msgs_s.ep.rosidl_typesupport_fastrtps_c.c
[0.680s] -- Up-to-date: /home/4_fri/bwi_ros2/install/apriltag_msgs/local/lib/python3.10/dist-packages/apriltag_msgs/libapriltag_msgs__rosidl_generator_py.so
[0.680s] -- Up-to-date: /home/4_fri/bwi_ros2/install/apriltag_msgs/local/lib/python3.10/dist-packages/apriltag_msgs/_apriltag_msgs_s.ep.rosidl_typesupport_introspection_c.c
[0.681s] -- Up-to-date: /home/4_fri/bwi_ros2/install/apriltag_msgs/local/lib/python3.10/dist-packages/apriltag_msgs/apriltag_msgs_s__rosidl_typesupport_fastrtps_c.cpython-310-x86_64-linux-gnu.so
[0.681s] -- Up-to-date: /home/4_fri/bwi_ros2/install/apriltag_msgs/local/lib/python3.10/dist-packages/apriltag_msgs/apriltag_msgs_s__rosidl_typesupport_c.cpython-310-x86_64-linux-gnu.so
[0.685s] Listing '/home/4_fri/bwi_ros2/install/apriltag_msgs/local/lib/python3.10/dist-packages/apriltag_msgs'...
[0.685s] Listing '/home/4_fri/bwi_ros2/install/apriltag_msgs/local/lib/python3.10/dist-packages/apriltag_msgs/msg'...
[0.685s] -- Up-to-date: /home/4_fri/bwi_ros2/install/apriltag_msgs/local/lib/python3.10/dist-packages/apriltag_msgs/apriltag_msgs_s__rosidl_typesupport_fastrtps_c.cpython-310-x86_64-linux-gnu.so
[0.685s] -- Up-to-date: /home/4_fri/bwi_ros2/install/apriltag_msgs/local/lib/python3.10/dist-packages/apriltag_msgs/apriltag_msgs_s__rosidl_typesupport_introspection_c.cpython-310-x86_64-linux-gnu.so
[0.685s] -- Up-to-date: /home/4_fri/bwi_ros2/install/apriltag_msgs/local/lib/python3.10/dist-packages/apriltag_msgs/apriltag_msgs_s__rosidl_typesupport_c.cpython-310-x86_64-linux-gnu.so
[0.685s] -- Up-to-date: /home/4_fri/bwi_ros2/install/apriltag_msgs/lib/libapriltag_msgs__rosidl_generator_py.so
[0.685s] -- Up-to-date: /home/4_fri/bwi_ros2/install/apriltag_msgs/share/apriltag_msgs/msg/AprilTagDetectionArray.idl
[0.685s] -- Up-to-date: /home/4_fri/bwi_ros2/install/apriltag_msgs/share/apriltag_msgs/msg/AprilTagDetection.idl
[0.685s] -- Up-to-date: /home/4_fri/bwi_ros2/install/apriltag_msgs/share/apriltag_msgs/msg/AprilTagDetectionArray.msg
[0.685s] -- Up-to-date: /home/4_fri/bwi_ros2/install/apriltag_msgs/share/apriltag_msgs/msg/AprilTagDetection.msg
[0.686s] -- Up-to-date: /home/4_fri/bwi_ros2/install/apriltag_msgs/share/ament_index/resource_index/package_run_dependencies/apriltag_msgs
[0.686s] -- Up-to-date: /home/4_fri/bwi_ros2/install/apriltag_msgs/share/ament_index/resource_index/parent_prefix_path/apriltag_msgs
[0.686s] -- Up-to-date: /home/4_fri/bwi_ros2/install/apriltag_msgs/share/apriltag_msgs/environment/ament_prefix_path.sh
[0.686s] -- Up-to-date: /home/4_fri/bwi_ros2/install/apriltag_msgs/share/apriltag_msgs/environment/ament_prefix_path.dsv
[0.686s] -- Up-to-date: /home/4_fri/bwi_ros2/install/apriltag_msgs/share/apriltag_msgs/environment/path.sh
[0.686s] -- Up-to-date: /home/4_fri/bwi_ros2/install/apriltag_msgs/share/apriltag_msgs/environment/path.dsv
[0.686s] -- Up-to-date: /home/4_fri/bwi_ros2/install/apriltag_msgs/share/apriltag_msgs/local_setup.bash
[0.686s] -- Up-to-date: /home/4_fri/bwi_ros2/install/apriltag_msgs/share/apriltag_msgs/local_setup.sh
[0.686s] -- Up-to-date: /home/4_fri/bwi_ros2/install/apriltag_msgs/share/apriltag_msgs/local_setup.zsh
[0.686s] -- Up-to-date: /home/4_fri/bwi_ros2/install/apriltag_msgs/share/apriltag_msgs/local_setup.dsv
[0.686s] -- Installing: /home/4_fri/bwi_ros2/install/apriltag_msgs/share/apriltag_msgs/package.dsv
[0.686s] -- Up-to-date: /home/4_fri/bwi_ros2/install/apriltag_msgs/share/ament_index/resource_index/packages/apriltag_msgs
[0.686s] -- Up-to-date: /home/4_fri/bwi_ros2/install/apriltag_msgs/share/apriltag_msgs/cmake/export_apriltag_msgs__rosidl_generator_cExport.cmake
[0.687s] -- Up-to-date: /home/4_fri/bwi_ros2/install/apriltag_msgs/share/apriltag_msgs/cmake/export_apriltag_msgs__rosidl_generator_cExport-noconfig.cmake
[0.687s] -- Up-to-date: /home/4_fri/bwi_ros2/install/apriltag_msgs/share/apriltag_msgs/cmake/export_apriltag_msgs__rosidl_typesupport_fastrtps_cExport.cmake
[0.687s] -- Up-to-date: /home/4_fri/bwi_ros2/install/apriltag_msgs/share/apriltag_msgs/cmake/export_apriltag_msgs__rosidl_typesupport_fastrtps_cExport-noconfig.cmake
[0.687s] -- Up-to-date: /home/4_fri/bwi_ros2/install/apriltag_msgs/share/apriltag_msgs/cmake/export_apriltag_msgs__rosidl_generator_cppExport.cmake
[0.687s] -- Up-to-date: /home/4_fri/bwi_ros2/install/apriltag_msgs/share/apriltag_msgs/cmake/export_apriltag_msgs__rosidl_typesupport_fastrtps_cppExport.cmake
[0.687s] -- Up-to-date: /home/4_fri/bwi_ros2/install/apriltag_msgs/share/apriltag_msgs/cmake/export_apriltag_msgs__rosidl_typesupport_fastrtps_cppExport-noconfig.cmake
[0.688s] -- Up-to-date: /home/4_fri/bwi_ros2/install/apriltag_msgs/share/apriltag_msgs/cmake/apriltag_msgs__rosidl_typesupport_introspection_cExport.cmake
[0.688s] -- Up-to-date: /home/4_fri/bwi_ros2/install/apriltag_msgs/share/apriltag_msgs/cmake/apriltag_msgs__rosidl_typesupport_introspection_cExport-noconfig.cmake
[0.688s] -- Up-to-date: /home/4_fri/bwi_ros2/install/apriltag_msgs/share/apriltag_msgs/cmake/apriltag_msgs__rosidl_typesupport_cExport.cmake
[0.688s] -- Up-to-date: /home/4_fri/bwi_ros2/install/apriltag_msgs/share/apriltag_msgs/cmake/apriltag_msgs__rosidl_typesupport_cExport-noconfig.cmake
[0.688s] -- Up-to-date: /home/4_fri/bwi_ros2/install/apriltag_msgs/share/apriltag_msgs/cmake/apriltag_msgs__rosidl_typesupport_introspection_cppExport.cmake
[0.688s] -- Up-to-date: /home/4_fri/bwi_ros2/install/apriltag_msgs/share/apriltag_msgs/cmake/apriltag_msgs__rosidl_typesupport_introspection_cppExport-noconfig.cmake
[0.688s] -- Up-to-date: /home/4_fri/bwi_ros2/install/apriltag_msgs/share/apriltag_msgs/cmake/apriltag_msgs__rosidl_typesupport_cppExport.cmake
[0.689s] -- Up-to-date: /home/4_fri/bwi_ros2/install/apriltag_msgs/share/apriltag_msgs/cmake/apriltag_msgs__rosidl_typesupport_cppExport-noconfig.cmake
[0.689s] -- Up-to-date: /home/4_fri/bwi_ros2/install/apriltag_msgs/share/apriltag_msgs/cmake/export_apriltag_msgs__rosidl_generator_pyExport.cmake
[0.689s] -- Up-to-date: /home/4_fri/bwi_ros2/install/apriltag_msgs/share/apriltag_msgs/cmake/export_apriltag_msgs__rosidl_generator_pyExport-noconfig.cmake
[0.689s] -- Up-to-date: /home/4_fri/bwi_ros2/install/apriltag_msgs/share/apriltag_msgs/cmake/rosidl_cmake-extras.cmake
[0.689s] -- Up-to-date: /home/4_fri/bwi_ros2/install/apriltag_msgs/share/apriltag_msgs/cmake/ament_cmake_export_dependencies-extras.cmake
[0.689s] -- Up-to-date: /home/4_fri/bwi_ros2/install/apriltag_msgs/share/apriltag_msgs/cmake/ament_cmake_export_include_directories-extras.cmake
[0.689s] -- Up-to-date: /home/4_fri/bwi_ros2/install/apriltag_msgs/share/apriltag_msgs/cmake/ament_cmake_export_libraries-extras.cmake
[0.689s] -- Up-to-date: /home/4_fri/bwi_ros2/install/apriltag_msgs/share/apriltag_msgs/cmake/ament_cmake_export_targets-extras.cmake
[0.689s] -- Up-to-date: /home/4_fri/bwi_ros2/install/apriltag_msgs/share/apriltag_msgs/cmake/rosidl_cmake_export_typesupport_targets-extras.cmake
[0.689s] -- Up-to-date: /home/4_fri/bwi_ros2/install/apriltag_msgs/share/apriltag_msgs/cmake/rosidl_cmake_export_typesupport_libraries-extras.cmake
[0.689s] -- Up-to-date: /home/4_fri/bwi_ros2/install/apriltag_msgs/share/apriltag_msgs/cmake/apriltag_msgsConfig.cmake
[0.689s] -- Up-to-date: /home/4_fri/bwi_ros2/install/apriltag_msgs/share/apriltag_msgs/cmake/apriltag_msgsConfig-version.cmake
[0.689s] -- Up-to-date: /home/4_fri/bwi_ros2/install/apriltag_msgs/share/apriltag_msgs/package.xml
[0.798s] Invoked command in '/home/4_fri/bwi_ros2/build/apriltag_msgs' returned '0': CMAKE_PREFIX_PATH=/opt/ros/humble /usr/bin/cmake --install /home/4_fri/bwi_ros2/build/apriltag_msgs
