[0.037s] Invoking command in '/home/4_fri/bwi_ros2/build/velodyne_driver': CMAKE_PREFIX_PATH=/home/4_fri/bwi_ros2/install/velodyne_msgs:/home/4_fri/bwi_ros2/install/velodyne:/home/4_fri/bwi_ros2/install/velodyne_pointcloud:/home/4_fri/bwi_ros2/install/velodyne_driver:/home/4_fri/bwi_ros2/install/velodyne_laserscan:/home/4_fri/bwi_ros2/install/urg_node2:/home/4_fri/bwi_ros2/install/segway_rmp_ros2:/home/4_fri/bwi_ros2/install/segbot_description:/home/4_fri/bwi_ros2/install/ros2_laser_scan_merger:/home/4_fri/bwi_ros2/install/nav2_bringup:/home/4_fri/bwi_ros2/install/libsegwayrmp:/home/4_fri/bwi_ros2/install/bwi_launch:/home/4_fri/bwi_ros2/install/azure_kinect_ros_driver:/home/4_fri/bwi_ros2/install/apriltag_ros:/home/4_fri/bwi_ros2/install/apriltag_msgs:/home/4_fri/bwi_ros2/install/scan_prox_filter:/home/4_fri/bwi_ros2/install/scan_filter:/opt/ros/humble LD_LIBRARY_PATH=/home/4_fri/bwi_ros2/install/velodyne_msgs/lib:/home/4_fri/bwi_ros2/install/velodyne_pointcloud/lib:/home/4_fri/bwi_ros2/install/velodyne_driver/lib:/home/4_fri/bwi_ros2/install/velodyne_laserscan/lib:/home/4_fri/bwi_ros2/install/urg_node2/lib:/home/4_fri/bwi_ros2/install/segway_rmp_ros2/lib:/home/4_fri/bwi_ros2/install/libsegwayrmp/lib:/home/4_fri/bwi_ros2/install/apriltag_ros/lib:/home/4_fri/bwi_ros2/install/apriltag_msgs/lib:/usr/lib/x86_64-linux-gnu/gazebo-11/plugins:/opt/ros/humble/opt/rviz_ogre_vendor/lib:/opt/ros/humble/lib/x86_64-linux-gnu:/opt/ros/humble/lib /usr/bin/cmake --build /home/4_fri/bwi_ros2/build/velodyne_driver -- -j12 -l12
[0.133s] [ 16%] Built target velodyne_input
[0.133s] [ 33%] Built target gtest
[0.151s] [ 50%] Built target gtest_main
[0.181s] [ 66%] Built target velodyne_driver
[0.226s] [ 83%] Built target time_test
[0.232s] [100%] Built target velodyne_driver_node
[0.283s] Invoked command in '/home/4_fri/bwi_ros2/build/velodyne_driver' returned '0': CMAKE_PREFIX_PATH=/home/4_fri/bwi_ros2/install/velodyne_msgs:/home/4_fri/bwi_ros2/install/velodyne:/home/4_fri/bwi_ros2/install/velodyne_pointcloud:/home/4_fri/bwi_ros2/install/velodyne_driver:/home/4_fri/bwi_ros2/install/velodyne_laserscan:/home/4_fri/bwi_ros2/install/urg_node2:/home/4_fri/bwi_ros2/install/segway_rmp_ros2:/home/4_fri/bwi_ros2/install/segbot_description:/home/4_fri/bwi_ros2/install/ros2_laser_scan_merger:/home/4_fri/bwi_ros2/install/nav2_bringup:/home/4_fri/bwi_ros2/install/libsegwayrmp:/home/4_fri/bwi_ros2/install/bwi_launch:/home/4_fri/bwi_ros2/install/azure_kinect_ros_driver:/home/4_fri/bwi_ros2/install/apriltag_ros:/home/4_fri/bwi_ros2/install/apriltag_msgs:/home/4_fri/bwi_ros2/install/scan_prox_filter:/home/4_fri/bwi_ros2/install/scan_filter:/opt/ros/humble LD_LIBRARY_PATH=/home/4_fri/bwi_ros2/install/velodyne_msgs/lib:/home/4_fri/bwi_ros2/install/velodyne_pointcloud/lib:/home/4_fri/bwi_ros2/install/velodyne_driver/lib:/home/4_fri/bwi_ros2/install/velodyne_laserscan/lib:/home/4_fri/bwi_ros2/install/urg_node2/lib:/home/4_fri/bwi_ros2/install/segway_rmp_ros2/lib:/home/4_fri/bwi_ros2/install/libsegwayrmp/lib:/home/4_fri/bwi_ros2/install/apriltag_ros/lib:/home/4_fri/bwi_ros2/install/apriltag_msgs/lib:/usr/lib/x86_64-linux-gnu/gazebo-11/plugins:/opt/ros/humble/opt/rviz_ogre_vendor/lib:/opt/ros/humble/lib/x86_64-linux-gnu:/opt/ros/humble/lib /usr/bin/cmake --build /home/4_fri/bwi_ros2/build/velodyne_driver -- -j12 -l12
[0.285s] Invoking command in '/home/4_fri/bwi_ros2/build/velodyne_driver': CMAKE_PREFIX_PATH=/home/4_fri/bwi_ros2/install/velodyne_msgs:/home/4_fri/bwi_ros2/install/velodyne:/home/4_fri/bwi_ros2/install/velodyne_pointcloud:/home/4_fri/bwi_ros2/install/velodyne_driver:/home/4_fri/bwi_ros2/install/velodyne_laserscan:/home/4_fri/bwi_ros2/install/urg_node2:/home/4_fri/bwi_ros2/install/segway_rmp_ros2:/home/4_fri/bwi_ros2/install/segbot_description:/home/4_fri/bwi_ros2/install/ros2_laser_scan_merger:/home/4_fri/bwi_ros2/install/nav2_bringup:/home/4_fri/bwi_ros2/install/libsegwayrmp:/home/4_fri/bwi_ros2/install/bwi_launch:/home/4_fri/bwi_ros2/install/azure_kinect_ros_driver:/home/4_fri/bwi_ros2/install/apriltag_ros:/home/4_fri/bwi_ros2/install/apriltag_msgs:/home/4_fri/bwi_ros2/install/scan_prox_filter:/home/4_fri/bwi_ros2/install/scan_filter:/opt/ros/humble LD_LIBRARY_PATH=/home/4_fri/bwi_ros2/install/velodyne_msgs/lib:/home/4_fri/bwi_ros2/install/velodyne_pointcloud/lib:/home/4_fri/bwi_ros2/install/velodyne_driver/lib:/home/4_fri/bwi_ros2/install/velodyne_laserscan/lib:/home/4_fri/bwi_ros2/install/urg_node2/lib:/home/4_fri/bwi_ros2/install/segway_rmp_ros2/lib:/home/4_fri/bwi_ros2/install/libsegwayrmp/lib:/home/4_fri/bwi_ros2/install/apriltag_ros/lib:/home/4_fri/bwi_ros2/install/apriltag_msgs/lib:/usr/lib/x86_64-linux-gnu/gazebo-11/plugins:/opt/ros/humble/opt/rviz_ogre_vendor/lib:/opt/ros/humble/lib/x86_64-linux-gnu:/opt/ros/humble/lib /usr/bin/cmake --install /home/4_fri/bwi_ros2/build/velodyne_driver
[0.296s] -- Install configuration: ""
[0.298s] -- Up-to-date: /home/4_fri/bwi_ros2/install/velodyne_driver/lib/libvelodyne_driver.so
[0.298s] -- Up-to-date: /home/4_fri/bwi_ros2/install/velodyne_driver/lib/velodyne_driver/velodyne_driver_node
[0.298s] -- Up-to-date: /home/4_fri/bwi_ros2/install/velodyne_driver/include/velodyne_driver
[0.298s] -- Up-to-date: /home/4_fri/bwi_ros2/install/velodyne_driver/include/velodyne_driver/input.hpp
[0.302s] -- Up-to-date: /home/4_fri/bwi_ros2/install/velodyne_driver/include/velodyne_driver/time_conversion.hpp
[0.302s] -- Up-to-date: /home/4_fri/bwi_ros2/install/velodyne_driver/include/velodyne_driver/driver.hpp
[0.302s] -- Up-to-date: /home/4_fri/bwi_ros2/install/velodyne_driver/share/velodyne_driver/config
[0.302s] -- Up-to-date: /home/4_fri/bwi_ros2/install/velodyne_driver/share/velodyne_driver/config/VLP16-velodyne_driver_node-params.yaml
[0.302s] -- Up-to-date: /home/4_fri/bwi_ros2/install/velodyne_driver/share/velodyne_driver/config/VLP32C-velodyne_driver_node-params.yaml
[0.302s] -- Up-to-date: /home/4_fri/bwi_ros2/install/velodyne_driver/share/velodyne_driver/config/VLS128-velodyne_driver_node-params.yaml
[0.302s] -- Up-to-date: /home/4_fri/bwi_ros2/install/velodyne_driver/share/velodyne_driver/launch
[0.302s] -- Up-to-date: /home/4_fri/bwi_ros2/install/velodyne_driver/share/velodyne_driver/launch/velodyne_driver_node-VLP16-launch.py
[0.302s] -- Up-to-date: /home/4_fri/bwi_ros2/install/velodyne_driver/share/velodyne_driver/launch/velodyne_driver_node-VLP32C-composed-launch.py
[0.303s] -- Up-to-date: /home/4_fri/bwi_ros2/install/velodyne_driver/share/velodyne_driver/launch/velodyne_driver_node-VLS128-composed-launch.py
[0.303s] -- Up-to-date: /home/4_fri/bwi_ros2/install/velodyne_driver/share/velodyne_driver/launch/velodyne_driver_node-VLS128-launch.py
[0.303s] -- Up-to-date: /home/4_fri/bwi_ros2/install/velodyne_driver/share/velodyne_driver/launch/velodyne_driver_node-VLP16-composed-launch.py
[0.303s] -- Up-to-date: /home/4_fri/bwi_ros2/install/velodyne_driver/share/velodyne_driver/launch/velodyne_driver_node-VLP32C-launch.py
[0.303s] -- Up-to-date: /home/4_fri/bwi_ros2/install/velodyne_driver/lib/velodyne_driver/vdump
[0.303s] -- Up-to-date: /home/4_fri/bwi_ros2/install/velodyne_driver/share/ament_index/resource_index/package_run_dependencies/velodyne_driver
[0.303s] -- Up-to-date: /home/4_fri/bwi_ros2/install/velodyne_driver/share/ament_index/resource_index/parent_prefix_path/velodyne_driver
[0.303s] -- Up-to-date: /home/4_fri/bwi_ros2/install/velodyne_driver/share/velodyne_driver/environment/ament_prefix_path.sh
[0.303s] -- Up-to-date: /home/4_fri/bwi_ros2/install/velodyne_driver/share/velodyne_driver/environment/ament_prefix_path.dsv
[0.303s] -- Up-to-date: /home/4_fri/bwi_ros2/install/velodyne_driver/share/velodyne_driver/environment/path.sh
[0.303s] -- Up-to-date: /home/4_fri/bwi_ros2/install/velodyne_driver/share/velodyne_driver/environment/path.dsv
[0.303s] -- Up-to-date: /home/4_fri/bwi_ros2/install/velodyne_driver/share/velodyne_driver/local_setup.bash
[0.304s] -- Up-to-date: /home/4_fri/bwi_ros2/install/velodyne_driver/share/velodyne_driver/local_setup.sh
[0.304s] -- Up-to-date: /home/4_fri/bwi_ros2/install/velodyne_driver/share/velodyne_driver/local_setup.zsh
[0.304s] -- Up-to-date: /home/4_fri/bwi_ros2/install/velodyne_driver/share/velodyne_driver/local_setup.dsv
[0.304s] -- Installing: /home/4_fri/bwi_ros2/install/velodyne_driver/share/velodyne_driver/package.dsv
[0.304s] -- Up-to-date: /home/4_fri/bwi_ros2/install/velodyne_driver/share/ament_index/resource_index/packages/velodyne_driver
[0.304s] -- Up-to-date: /home/4_fri/bwi_ros2/install/velodyne_driver/share/ament_index/resource_index/rclcpp_components/velodyne_driver
[0.304s] -- Up-to-date: /home/4_fri/bwi_ros2/install/velodyne_driver/share/velodyne_driver/cmake/velodyne_driverConfig.cmake
[0.304s] -- Up-to-date: /home/4_fri/bwi_ros2/install/velodyne_driver/share/velodyne_driver/cmake/velodyne_driverConfig-version.cmake
[0.304s] -- Up-to-date: /home/4_fri/bwi_ros2/install/velodyne_driver/share/velodyne_driver/package.xml
[0.304s] -- Up-to-date: /home/4_fri/bwi_ros2/install/velodyne_driver/lib/libvelodyne_input.so
[0.339s] Invoked command in '/home/4_fri/bwi_ros2/build/velodyne_driver' returned '0': CMAKE_PREFIX_PATH=/home/4_fri/bwi_ros2/install/velodyne_msgs:/home/4_fri/bwi_ros2/install/velodyne:/home/4_fri/bwi_ros2/install/velodyne_pointcloud:/home/4_fri/bwi_ros2/install/velodyne_driver:/home/4_fri/bwi_ros2/install/velodyne_laserscan:/home/4_fri/bwi_ros2/install/urg_node2:/home/4_fri/bwi_ros2/install/segway_rmp_ros2:/home/4_fri/bwi_ros2/install/segbot_description:/home/4_fri/bwi_ros2/install/ros2_laser_scan_merger:/home/4_fri/bwi_ros2/install/nav2_bringup:/home/4_fri/bwi_ros2/install/libsegwayrmp:/home/4_fri/bwi_ros2/install/bwi_launch:/home/4_fri/bwi_ros2/install/azure_kinect_ros_driver:/home/4_fri/bwi_ros2/install/apriltag_ros:/home/4_fri/bwi_ros2/install/apriltag_msgs:/home/4_fri/bwi_ros2/install/scan_prox_filter:/home/4_fri/bwi_ros2/install/scan_filter:/opt/ros/humble LD_LIBRARY_PATH=/home/4_fri/bwi_ros2/install/velodyne_msgs/lib:/home/4_fri/bwi_ros2/install/velodyne_pointcloud/lib:/home/4_fri/bwi_ros2/install/velodyne_driver/lib:/home/4_fri/bwi_ros2/install/velodyne_laserscan/lib:/home/4_fri/bwi_ros2/install/urg_node2/lib:/home/4_fri/bwi_ros2/install/segway_rmp_ros2/lib:/home/4_fri/bwi_ros2/install/libsegwayrmp/lib:/home/4_fri/bwi_ros2/install/apriltag_ros/lib:/home/4_fri/bwi_ros2/install/apriltag_msgs/lib:/usr/lib/x86_64-linux-gnu/gazebo-11/plugins:/opt/ros/humble/opt/rviz_ogre_vendor/lib:/opt/ros/humble/lib/x86_64-linux-gnu:/opt/ros/humble/lib /usr/bin/cmake --install /home/4_fri/bwi_ros2/build/velodyne_driver
