[0.032s] Invoking command in '/home/4_fri/bwi_ros2/build/velodyne_pointcloud': CMAKE_PREFIX_PATH=/home/4_fri/bwi_ros2/install/velodyne_msgs:/home/4_fri/bwi_ros2/install/spatial_transforms:/home/4_fri/bwi_ros2/install/spatial_utils:/home/4_fri/bwi_ros2/install/nav_goals:/home/4_fri/bwi_ros2/install/velodyne:/home/4_fri/bwi_ros2/install/velodyne_pointcloud:/home/4_fri/bwi_ros2/install/velodyne_driver:/home/4_fri/bwi_ros2/install/velodyne_laserscan:/home/4_fri/bwi_ros2/install/urg_node2:/home/4_fri/bwi_ros2/install/segway_rmp_ros2:/home/4_fri/bwi_ros2/install/segbot_description:/home/4_fri/bwi_ros2/install/ros2_laser_scan_merger:/home/4_fri/bwi_ros2/install/nav2_bringup:/home/4_fri/bwi_ros2/install/libsegwayrmp:/home/4_fri/bwi_ros2/install/bwi_launch:/home/4_fri/bwi_ros2/install/azure_kinect_ros_driver:/home/4_fri/bwi_ros2/install/apriltag_ros:/home/4_fri/bwi_ros2/install/apriltag_msgs:/home/4_fri/bwi_ros2/install/scan_prox_filter:/home/4_fri/bwi_ros2/install/scan_filter:/opt/ros/humble LD_LIBRARY_PATH=/home/4_fri/bwi_ros2/install/velodyne_msgs/lib:/home/4_fri/bwi_ros2/install/spatial_utils/lib:/home/4_fri/bwi_ros2/install/velodyne_pointcloud/lib:/home/4_fri/bwi_ros2/install/velodyne_driver/lib:/home/4_fri/bwi_ros2/install/velodyne_laserscan/lib:/home/4_fri/bwi_ros2/install/urg_node2/lib:/home/4_fri/bwi_ros2/install/segway_rmp_ros2/lib:/home/4_fri/bwi_ros2/install/libsegwayrmp/lib:/home/4_fri/bwi_ros2/install/apriltag_ros/lib:/home/4_fri/bwi_ros2/install/apriltag_msgs/lib:/usr/lib/x86_64-linux-gnu/gazebo-11/plugins:/opt/ros/humble/opt/rviz_ogre_vendor/lib:/opt/ros/humble/lib/x86_64-linux-gnu:/opt/ros/humble/lib /usr/bin/cmake --build /home/4_fri/bwi_ros2/build/velodyne_pointcloud -- -j12 -l12
[0.164s] [ 11%] Built target gtest_main
[0.171s] [ 22%] Built target gtest
[0.184s] [ 38%] Built target velodyne_cloud_types
[0.184s] [ 55%] Built target velodyne_rawdata
[0.222s] [ 66%] Built target test_calibration
[0.223s] [ 77%] Built target transform
[0.225s] [ 88%] Built target test_row_step
[0.263s] [100%] Built target velodyne_transform_node
[0.279s] Invoked command in '/home/4_fri/bwi_ros2/build/velodyne_pointcloud' returned '0': CMAKE_PREFIX_PATH=/home/4_fri/bwi_ros2/install/velodyne_msgs:/home/4_fri/bwi_ros2/install/spatial_transforms:/home/4_fri/bwi_ros2/install/spatial_utils:/home/4_fri/bwi_ros2/install/nav_goals:/home/4_fri/bwi_ros2/install/velodyne:/home/4_fri/bwi_ros2/install/velodyne_pointcloud:/home/4_fri/bwi_ros2/install/velodyne_driver:/home/4_fri/bwi_ros2/install/velodyne_laserscan:/home/4_fri/bwi_ros2/install/urg_node2:/home/4_fri/bwi_ros2/install/segway_rmp_ros2:/home/4_fri/bwi_ros2/install/segbot_description:/home/4_fri/bwi_ros2/install/ros2_laser_scan_merger:/home/4_fri/bwi_ros2/install/nav2_bringup:/home/4_fri/bwi_ros2/install/libsegwayrmp:/home/4_fri/bwi_ros2/install/bwi_launch:/home/4_fri/bwi_ros2/install/azure_kinect_ros_driver:/home/4_fri/bwi_ros2/install/apriltag_ros:/home/4_fri/bwi_ros2/install/apriltag_msgs:/home/4_fri/bwi_ros2/install/scan_prox_filter:/home/4_fri/bwi_ros2/install/scan_filter:/opt/ros/humble LD_LIBRARY_PATH=/home/4_fri/bwi_ros2/install/velodyne_msgs/lib:/home/4_fri/bwi_ros2/install/spatial_utils/lib:/home/4_fri/bwi_ros2/install/velodyne_pointcloud/lib:/home/4_fri/bwi_ros2/install/velodyne_driver/lib:/home/4_fri/bwi_ros2/install/velodyne_laserscan/lib:/home/4_fri/bwi_ros2/install/urg_node2/lib:/home/4_fri/bwi_ros2/install/segway_rmp_ros2/lib:/home/4_fri/bwi_ros2/install/libsegwayrmp/lib:/home/4_fri/bwi_ros2/install/apriltag_ros/lib:/home/4_fri/bwi_ros2/install/apriltag_msgs/lib:/usr/lib/x86_64-linux-gnu/gazebo-11/plugins:/opt/ros/humble/opt/rviz_ogre_vendor/lib:/opt/ros/humble/lib/x86_64-linux-gnu:/opt/ros/humble/lib /usr/bin/cmake --build /home/4_fri/bwi_ros2/build/velodyne_pointcloud -- -j12 -l12
[0.280s] Invoking command in '/home/4_fri/bwi_ros2/build/velodyne_pointcloud': CMAKE_PREFIX_PATH=/home/4_fri/bwi_ros2/install/velodyne_msgs:/home/4_fri/bwi_ros2/install/spatial_transforms:/home/4_fri/bwi_ros2/install/spatial_utils:/home/4_fri/bwi_ros2/install/nav_goals:/home/4_fri/bwi_ros2/install/velodyne:/home/4_fri/bwi_ros2/install/velodyne_pointcloud:/home/4_fri/bwi_ros2/install/velodyne_driver:/home/4_fri/bwi_ros2/install/velodyne_laserscan:/home/4_fri/bwi_ros2/install/urg_node2:/home/4_fri/bwi_ros2/install/segway_rmp_ros2:/home/4_fri/bwi_ros2/install/segbot_description:/home/4_fri/bwi_ros2/install/ros2_laser_scan_merger:/home/4_fri/bwi_ros2/install/nav2_bringup:/home/4_fri/bwi_ros2/install/libsegwayrmp:/home/4_fri/bwi_ros2/install/bwi_launch:/home/4_fri/bwi_ros2/install/azure_kinect_ros_driver:/home/4_fri/bwi_ros2/install/apriltag_ros:/home/4_fri/bwi_ros2/install/apriltag_msgs:/home/4_fri/bwi_ros2/install/scan_prox_filter:/home/4_fri/bwi_ros2/install/scan_filter:/opt/ros/humble LD_LIBRARY_PATH=/home/4_fri/bwi_ros2/install/velodyne_msgs/lib:/home/4_fri/bwi_ros2/install/spatial_utils/lib:/home/4_fri/bwi_ros2/install/velodyne_pointcloud/lib:/home/4_fri/bwi_ros2/install/velodyne_driver/lib:/home/4_fri/bwi_ros2/install/velodyne_laserscan/lib:/home/4_fri/bwi_ros2/install/urg_node2/lib:/home/4_fri/bwi_ros2/install/segway_rmp_ros2/lib:/home/4_fri/bwi_ros2/install/libsegwayrmp/lib:/home/4_fri/bwi_ros2/install/apriltag_ros/lib:/home/4_fri/bwi_ros2/install/apriltag_msgs/lib:/usr/lib/x86_64-linux-gnu/gazebo-11/plugins:/opt/ros/humble/opt/rviz_ogre_vendor/lib:/opt/ros/humble/lib/x86_64-linux-gnu:/opt/ros/humble/lib /usr/bin/cmake --install /home/4_fri/bwi_ros2/build/velodyne_pointcloud
[0.292s] -- Install configuration: ""
[0.292s] -- Up-to-date: /home/4_fri/bwi_ros2/install/velodyne_pointcloud/lib/libtransform.so
[0.292s] -- Up-to-date: /home/4_fri/bwi_ros2/install/velodyne_pointcloud/lib/velodyne_pointcloud/velodyne_transform_node
[0.293s] -- Up-to-date: /home/4_fri/bwi_ros2/install/velodyne_pointcloud/include/velodyne_pointcloud
[0.293s] -- Up-to-date: /home/4_fri/bwi_ros2/install/velodyne_pointcloud/include/velodyne_pointcloud/rawdata.hpp
[0.293s] -- Up-to-date: /home/4_fri/bwi_ros2/install/velodyne_pointcloud/include/velodyne_pointcloud/pointcloudXYZIRT.hpp
[0.293s] -- Up-to-date: /home/4_fri/bwi_ros2/install/velodyne_pointcloud/include/velodyne_pointcloud/calibration.hpp
[0.293s] -- Up-to-date: /home/4_fri/bwi_ros2/install/velodyne_pointcloud/include/velodyne_pointcloud/transform.hpp
[0.293s] -- Up-to-date: /home/4_fri/bwi_ros2/install/velodyne_pointcloud/include/velodyne_pointcloud/organized_cloudXYZIRT.hpp
[0.293s] -- Up-to-date: /home/4_fri/bwi_ros2/install/velodyne_pointcloud/include/velodyne_pointcloud/datacontainerbase.hpp
[0.293s] -- Up-to-date: /home/4_fri/bwi_ros2/install/velodyne_pointcloud/share/velodyne_pointcloud/config
[0.293s] -- Up-to-date: /home/4_fri/bwi_ros2/install/velodyne_pointcloud/share/velodyne_pointcloud/config/VLS128-velodyne_transform_node-params.yaml
[0.293s] -- Up-to-date: /home/4_fri/bwi_ros2/install/velodyne_pointcloud/share/velodyne_pointcloud/config/VLP16-velodyne_transform_node-params.yaml
[0.293s] -- Up-to-date: /home/4_fri/bwi_ros2/install/velodyne_pointcloud/share/velodyne_pointcloud/config/VLP32C-velodyne_transform_node-params.yaml
[0.293s] -- Up-to-date: /home/4_fri/bwi_ros2/install/velodyne_pointcloud/share/velodyne_pointcloud/launch
[0.294s] -- Up-to-date: /home/4_fri/bwi_ros2/install/velodyne_pointcloud/share/velodyne_pointcloud/launch/velodyne_transform_node-VLS128-composed-launch.py
[0.294s] -- Up-to-date: /home/4_fri/bwi_ros2/install/velodyne_pointcloud/share/velodyne_pointcloud/launch/velodyne_transform_node-VLP16-composed-launch.py
[0.294s] -- Up-to-date: /home/4_fri/bwi_ros2/install/velodyne_pointcloud/share/velodyne_pointcloud/launch/velodyne_transform_node-VLP32C-launch.py
[0.294s] -- Up-to-date: /home/4_fri/bwi_ros2/install/velodyne_pointcloud/share/velodyne_pointcloud/launch/velodyne_transform_node-VLS128-launch.py
[0.294s] -- Up-to-date: /home/4_fri/bwi_ros2/install/velodyne_pointcloud/share/velodyne_pointcloud/launch/velodyne_transform_node-VLP16-launch.py
[0.294s] -- Up-to-date: /home/4_fri/bwi_ros2/install/velodyne_pointcloud/share/velodyne_pointcloud/launch/velodyne_transform_node-VLP32C-composed-launch.py
[0.294s] -- Up-to-date: /home/4_fri/bwi_ros2/install/velodyne_pointcloud/share/velodyne_pointcloud/params
[0.294s] -- Up-to-date: /home/4_fri/bwi_ros2/install/velodyne_pointcloud/share/velodyne_pointcloud/params/VeloView-VLP-32C.yaml
[0.294s] -- Up-to-date: /home/4_fri/bwi_ros2/install/velodyne_pointcloud/share/velodyne_pointcloud/params/VLP16db.yaml
[0.294s] -- Up-to-date: /home/4_fri/bwi_ros2/install/velodyne_pointcloud/share/velodyne_pointcloud/params/64e_s2.1-sztaki.yaml
[0.294s] -- Up-to-date: /home/4_fri/bwi_ros2/install/velodyne_pointcloud/share/velodyne_pointcloud/params/64e_s3-xiesc.yaml
[0.294s] -- Up-to-date: /home/4_fri/bwi_ros2/install/velodyne_pointcloud/share/velodyne_pointcloud/params/issue_84_float_intensities.yaml
[0.294s] -- Up-to-date: /home/4_fri/bwi_ros2/install/velodyne_pointcloud/share/velodyne_pointcloud/params/VLP16_hires_db.yaml
[0.294s] -- Up-to-date: /home/4_fri/bwi_ros2/install/velodyne_pointcloud/share/velodyne_pointcloud/params/rviz_points.vcg
[0.294s] -- Up-to-date: /home/4_fri/bwi_ros2/install/velodyne_pointcloud/share/velodyne_pointcloud/params/VLS128.yaml
[0.295s] -- Up-to-date: /home/4_fri/bwi_ros2/install/velodyne_pointcloud/share/velodyne_pointcloud/params/64e_utexas.yaml
[0.295s] -- Up-to-date: /home/4_fri/bwi_ros2/install/velodyne_pointcloud/share/velodyne_pointcloud/params/32db.yaml
[0.295s] -- Up-to-date: /home/4_fri/bwi_ros2/install/velodyne_pointcloud/share/ament_index/resource_index/package_run_dependencies/velodyne_pointcloud
[0.295s] -- Up-to-date: /home/4_fri/bwi_ros2/install/velodyne_pointcloud/share/ament_index/resource_index/parent_prefix_path/velodyne_pointcloud
[0.295s] -- Up-to-date: /home/4_fri/bwi_ros2/install/velodyne_pointcloud/share/velodyne_pointcloud/environment/ament_prefix_path.sh
[0.295s] -- Up-to-date: /home/4_fri/bwi_ros2/install/velodyne_pointcloud/share/velodyne_pointcloud/environment/ament_prefix_path.dsv
[0.295s] -- Up-to-date: /home/4_fri/bwi_ros2/install/velodyne_pointcloud/share/velodyne_pointcloud/environment/path.sh
[0.295s] -- Up-to-date: /home/4_fri/bwi_ros2/install/velodyne_pointcloud/share/velodyne_pointcloud/environment/path.dsv
[0.295s] -- Up-to-date: /home/4_fri/bwi_ros2/install/velodyne_pointcloud/share/velodyne_pointcloud/local_setup.bash
[0.295s] -- Up-to-date: /home/4_fri/bwi_ros2/install/velodyne_pointcloud/share/velodyne_pointcloud/local_setup.sh
[0.295s] -- Up-to-date: /home/4_fri/bwi_ros2/install/velodyne_pointcloud/share/velodyne_pointcloud/local_setup.zsh
[0.295s] -- Up-to-date: /home/4_fri/bwi_ros2/install/velodyne_pointcloud/share/velodyne_pointcloud/local_setup.dsv
[0.295s] -- Installing: /home/4_fri/bwi_ros2/install/velodyne_pointcloud/share/velodyne_pointcloud/package.dsv
[0.296s] -- Up-to-date: /home/4_fri/bwi_ros2/install/velodyne_pointcloud/share/ament_index/resource_index/packages/velodyne_pointcloud
[0.296s] -- Up-to-date: /home/4_fri/bwi_ros2/install/velodyne_pointcloud/share/ament_index/resource_index/rclcpp_components/velodyne_pointcloud
[0.296s] -- Up-to-date: /home/4_fri/bwi_ros2/install/velodyne_pointcloud/share/velodyne_pointcloud/cmake/velodyne_pointcloudConfig.cmake
[0.296s] -- Up-to-date: /home/4_fri/bwi_ros2/install/velodyne_pointcloud/share/velodyne_pointcloud/cmake/velodyne_pointcloudConfig-version.cmake
[0.296s] -- Up-to-date: /home/4_fri/bwi_ros2/install/velodyne_pointcloud/share/velodyne_pointcloud/package.xml
[0.296s] -- Up-to-date: /home/4_fri/bwi_ros2/install/velodyne_pointcloud/lib/libvelodyne_cloud_types.so
[0.296s] -- Up-to-date: /home/4_fri/bwi_ros2/install/velodyne_pointcloud/lib/libvelodyne_rawdata.so
[0.334s] Invoked command in '/home/4_fri/bwi_ros2/build/velodyne_pointcloud' returned '0': CMAKE_PREFIX_PATH=/home/4_fri/bwi_ros2/install/velodyne_msgs:/home/4_fri/bwi_ros2/install/spatial_transforms:/home/4_fri/bwi_ros2/install/spatial_utils:/home/4_fri/bwi_ros2/install/nav_goals:/home/4_fri/bwi_ros2/install/velodyne:/home/4_fri/bwi_ros2/install/velodyne_pointcloud:/home/4_fri/bwi_ros2/install/velodyne_driver:/home/4_fri/bwi_ros2/install/velodyne_laserscan:/home/4_fri/bwi_ros2/install/urg_node2:/home/4_fri/bwi_ros2/install/segway_rmp_ros2:/home/4_fri/bwi_ros2/install/segbot_description:/home/4_fri/bwi_ros2/install/ros2_laser_scan_merger:/home/4_fri/bwi_ros2/install/nav2_bringup:/home/4_fri/bwi_ros2/install/libsegwayrmp:/home/4_fri/bwi_ros2/install/bwi_launch:/home/4_fri/bwi_ros2/install/azure_kinect_ros_driver:/home/4_fri/bwi_ros2/install/apriltag_ros:/home/4_fri/bwi_ros2/install/apriltag_msgs:/home/4_fri/bwi_ros2/install/scan_prox_filter:/home/4_fri/bwi_ros2/install/scan_filter:/opt/ros/humble LD_LIBRARY_PATH=/home/4_fri/bwi_ros2/install/velodyne_msgs/lib:/home/4_fri/bwi_ros2/install/spatial_utils/lib:/home/4_fri/bwi_ros2/install/velodyne_pointcloud/lib:/home/4_fri/bwi_ros2/install/velodyne_driver/lib:/home/4_fri/bwi_ros2/install/velodyne_laserscan/lib:/home/4_fri/bwi_ros2/install/urg_node2/lib:/home/4_fri/bwi_ros2/install/segway_rmp_ros2/lib:/home/4_fri/bwi_ros2/install/libsegwayrmp/lib:/home/4_fri/bwi_ros2/install/apriltag_ros/lib:/home/4_fri/bwi_ros2/install/apriltag_msgs/lib:/usr/lib/x86_64-linux-gnu/gazebo-11/plugins:/opt/ros/humble/opt/rviz_ogre_vendor/lib:/opt/ros/humble/lib/x86_64-linux-gnu:/opt/ros/humble/lib /usr/bin/cmake --install /home/4_fri/bwi_ros2/build/velodyne_pointcloud
