[0.035s] Invoking command in '/home/4_fri/bwi_ros2/build/azure_kinect_ros_driver': CMAKE_PREFIX_PATH=/opt/ros/humble /usr/bin/cmake --build /home/4_fri/bwi_ros2/build/azure_kinect_ros_driver -- -j12 -l12
[0.764s] [35m[1mConsolidate compiler generated dependencies of target azure_kinect_ros_driver_node[0m
[0.764s] [ 20%] [32mBuilding CXX object CMakeFiles/azure_kinect_ros_driver_node.dir/src/k4a_ros_device.cpp.o[0m
[7.678s] [ 40%] [32m[1mLinking CXX executable node[0m
[8.254s] [100%] Built target azure_kinect_ros_driver_node
[8.264s] Invoked command in '/home/4_fri/bwi_ros2/build/azure_kinect_ros_driver' returned '0': CMAKE_PREFIX_PATH=/opt/ros/humble /usr/bin/cmake --build /home/4_fri/bwi_ros2/build/azure_kinect_ros_driver -- -j12 -l12
[8.265s] Invoking command in '/home/4_fri/bwi_ros2/build/azure_kinect_ros_driver': CMAKE_PREFIX_PATH=/opt/ros/humble /usr/bin/cmake --install /home/4_fri/bwi_ros2/build/azure_kinect_ros_driver
[8.271s] -- Install configuration: ""
[8.271s] -- Installing: /home/4_fri/bwi_ros2/install/azure_kinect_ros_driver/lib/azure_kinect_ros_driver/node
[8.272s] -- Set runtime path of "/home/4_fri/bwi_ros2/install/azure_kinect_ros_driver/lib/azure_kinect_ros_driver/node" to ""
[8.273s] -- Installing: /home/4_fri/bwi_ros2/install/azure_kinect_ros_driver/share/azure_kinect_ros_driver//launch
[8.273s] -- Installing: /home/4_fri/bwi_ros2/install/azure_kinect_ros_driver/share/azure_kinect_ros_driver//launch/rectify_test.launch
[8.273s] -- Installing: /home/4_fri/bwi_ros2/install/azure_kinect_ros_driver/share/azure_kinect_ros_driver//launch/driver.launch.py
[8.273s] -- Installing: /home/4_fri/bwi_ros2/install/azure_kinect_ros_driver/share/azure_kinect_ros_driver//launch/slam_rtabmap.launch
[8.273s] -- Installing: /home/4_fri/bwi_ros2/install/azure_kinect_ros_driver/share/azure_kinect_ros_driver//urdf
[8.273s] -- Installing: /home/4_fri/bwi_ros2/install/azure_kinect_ros_driver/share/azure_kinect_ros_driver//urdf/azure_kinect.urdf.xacro
[8.273s] -- Installing: /home/4_fri/bwi_ros2/install/azure_kinect_ros_driver/share/ament_index/resource_index/package_run_dependencies/azure_kinect_ros_driver
[8.273s] -- Installing: /home/4_fri/bwi_ros2/install/azure_kinect_ros_driver/share/ament_index/resource_index/parent_prefix_path/azure_kinect_ros_driver
[8.273s] -- Installing: /home/4_fri/bwi_ros2/install/azure_kinect_ros_driver/share/azure_kinect_ros_driver/environment/ament_prefix_path.sh
[8.273s] -- Installing: /home/4_fri/bwi_ros2/install/azure_kinect_ros_driver/share/azure_kinect_ros_driver/environment/ament_prefix_path.dsv
[8.274s] -- Installing: /home/4_fri/bwi_ros2/install/azure_kinect_ros_driver/share/azure_kinect_ros_driver/environment/path.sh
[8.274s] -- Installing: /home/4_fri/bwi_ros2/install/azure_kinect_ros_driver/share/azure_kinect_ros_driver/environment/path.dsv
[8.274s] -- Installing: /home/4_fri/bwi_ros2/install/azure_kinect_ros_driver/share/azure_kinect_ros_driver/local_setup.bash
[8.274s] -- Installing: /home/4_fri/bwi_ros2/install/azure_kinect_ros_driver/share/azure_kinect_ros_driver/local_setup.sh
[8.274s] -- Installing: /home/4_fri/bwi_ros2/install/azure_kinect_ros_driver/share/azure_kinect_ros_driver/local_setup.zsh
[8.274s] -- Installing: /home/4_fri/bwi_ros2/install/azure_kinect_ros_driver/share/azure_kinect_ros_driver/local_setup.dsv
[8.274s] -- Installing: /home/4_fri/bwi_ros2/install/azure_kinect_ros_driver/share/azure_kinect_ros_driver/package.dsv
[8.274s] -- Installing: /home/4_fri/bwi_ros2/install/azure_kinect_ros_driver/share/ament_index/resource_index/packages/azure_kinect_ros_driver
[8.274s] -- Installing: /home/4_fri/bwi_ros2/install/azure_kinect_ros_driver/share/azure_kinect_ros_driver/cmake/azure_kinect_ros_driverConfig.cmake
[8.274s] -- Installing: /home/4_fri/bwi_ros2/install/azure_kinect_ros_driver/share/azure_kinect_ros_driver/cmake/azure_kinect_ros_driverConfig-version.cmake
[8.274s] -- Installing: /home/4_fri/bwi_ros2/install/azure_kinect_ros_driver/share/azure_kinect_ros_driver/package.xml
[8.276s] Invoked command in '/home/4_fri/bwi_ros2/build/azure_kinect_ros_driver' returned '0': CMAKE_PREFIX_PATH=/opt/ros/humble /usr/bin/cmake --install /home/4_fri/bwi_ros2/build/azure_kinect_ros_driver
